[2024-10-27T23:11:29.250+0000] {processor.py:186} INFO - Started process (PID=79) to work on /home/airflow/.local/lib/python3.12/site-packages/airflow/example_dags/example_xcomargs.py
[2024-10-27T23:11:29.251+0000] {processor.py:914} INFO - Processing file /home/airflow/.local/lib/python3.12/site-packages/airflow/example_dags/example_xcomargs.py for tasks to queue
[2024-10-27T23:11:29.252+0000] {logging_mixin.py:190} INFO - [2024-10-27T23:11:29.252+0000] {dagbag.py:588} INFO - Filling up the DagBag from /home/airflow/.local/lib/python3.12/site-packages/airflow/example_dags/example_xcomargs.py
[2024-10-27T23:11:29.257+0000] {processor.py:925} INFO - DAG(s) 'example_xcom_args_with_operators', 'example_xcom_args' retrieved from /home/airflow/.local/lib/python3.12/site-packages/airflow/example_dags/example_xcomargs.py
[2024-10-27T23:11:29.279+0000] {logging_mixin.py:190} INFO - [2024-10-27T23:11:29.279+0000] {dag.py:3239} INFO - Sync 2 DAGs
[2024-10-27T23:11:29.286+0000] {logging_mixin.py:190} INFO - [2024-10-27T23:11:29.286+0000] {dag.py:4180} INFO - Setting next_dagrun for example_xcom_args to None, run_after=None
[2024-10-27T23:11:29.288+0000] {logging_mixin.py:190} INFO - [2024-10-27T23:11:29.287+0000] {dag.py:4180} INFO - Setting next_dagrun for example_xcom_args_with_operators to None, run_after=None
[2024-10-27T23:11:29.294+0000] {processor.py:208} INFO - Processing /home/airflow/.local/lib/python3.12/site-packages/airflow/example_dags/example_xcomargs.py took 0.046 seconds
[2024-10-27T23:12:00.339+0000] {processor.py:186} INFO - Started process (PID=142) to work on /home/airflow/.local/lib/python3.12/site-packages/airflow/example_dags/example_xcomargs.py
[2024-10-27T23:12:00.339+0000] {processor.py:914} INFO - Processing file /home/airflow/.local/lib/python3.12/site-packages/airflow/example_dags/example_xcomargs.py for tasks to queue
[2024-10-27T23:12:00.341+0000] {logging_mixin.py:190} INFO - [2024-10-27T23:12:00.341+0000] {dagbag.py:588} INFO - Filling up the DagBag from /home/airflow/.local/lib/python3.12/site-packages/airflow/example_dags/example_xcomargs.py
[2024-10-27T23:12:00.346+0000] {processor.py:925} INFO - DAG(s) 'example_xcom_args_with_operators', 'example_xcom_args' retrieved from /home/airflow/.local/lib/python3.12/site-packages/airflow/example_dags/example_xcomargs.py
[2024-10-27T23:12:00.357+0000] {logging_mixin.py:190} INFO - [2024-10-27T23:12:00.357+0000] {dag.py:3239} INFO - Sync 2 DAGs
[2024-10-27T23:12:00.365+0000] {logging_mixin.py:190} INFO - [2024-10-27T23:12:00.364+0000] {dag.py:4180} INFO - Setting next_dagrun for example_xcom_args to None, run_after=None
[2024-10-27T23:12:00.367+0000] {logging_mixin.py:190} INFO - [2024-10-27T23:12:00.367+0000] {dag.py:4180} INFO - Setting next_dagrun for example_xcom_args_with_operators to None, run_after=None
[2024-10-27T23:12:00.374+0000] {processor.py:208} INFO - Processing /home/airflow/.local/lib/python3.12/site-packages/airflow/example_dags/example_xcomargs.py took 0.038 seconds
[2024-10-27T23:12:31.192+0000] {processor.py:186} INFO - Started process (PID=211) to work on /home/airflow/.local/lib/python3.12/site-packages/airflow/example_dags/example_xcomargs.py
[2024-10-27T23:12:31.193+0000] {processor.py:914} INFO - Processing file /home/airflow/.local/lib/python3.12/site-packages/airflow/example_dags/example_xcomargs.py for tasks to queue
[2024-10-27T23:12:31.196+0000] {logging_mixin.py:190} INFO - [2024-10-27T23:12:31.196+0000] {dagbag.py:588} INFO - Filling up the DagBag from /home/airflow/.local/lib/python3.12/site-packages/airflow/example_dags/example_xcomargs.py
[2024-10-27T23:12:31.201+0000] {processor.py:925} INFO - DAG(s) 'example_xcom_args', 'example_xcom_args_with_operators' retrieved from /home/airflow/.local/lib/python3.12/site-packages/airflow/example_dags/example_xcomargs.py
[2024-10-27T23:12:31.213+0000] {logging_mixin.py:190} INFO - [2024-10-27T23:12:31.213+0000] {dag.py:3239} INFO - Sync 2 DAGs
[2024-10-27T23:12:31.222+0000] {logging_mixin.py:190} INFO - [2024-10-27T23:12:31.222+0000] {dag.py:4180} INFO - Setting next_dagrun for example_xcom_args to None, run_after=None
[2024-10-27T23:12:31.224+0000] {logging_mixin.py:190} INFO - [2024-10-27T23:12:31.224+0000] {dag.py:4180} INFO - Setting next_dagrun for example_xcom_args_with_operators to None, run_after=None
[2024-10-27T23:12:31.230+0000] {processor.py:208} INFO - Processing /home/airflow/.local/lib/python3.12/site-packages/airflow/example_dags/example_xcomargs.py took 0.040 seconds
[2024-10-27T23:13:02.159+0000] {processor.py:186} INFO - Started process (PID=274) to work on /home/airflow/.local/lib/python3.12/site-packages/airflow/example_dags/example_xcomargs.py
[2024-10-27T23:13:02.160+0000] {processor.py:914} INFO - Processing file /home/airflow/.local/lib/python3.12/site-packages/airflow/example_dags/example_xcomargs.py for tasks to queue
[2024-10-27T23:13:02.161+0000] {logging_mixin.py:190} INFO - [2024-10-27T23:13:02.160+0000] {dagbag.py:588} INFO - Filling up the DagBag from /home/airflow/.local/lib/python3.12/site-packages/airflow/example_dags/example_xcomargs.py
[2024-10-27T23:13:02.166+0000] {processor.py:925} INFO - DAG(s) 'example_xcom_args', 'example_xcom_args_with_operators' retrieved from /home/airflow/.local/lib/python3.12/site-packages/airflow/example_dags/example_xcomargs.py
[2024-10-27T23:13:02.180+0000] {logging_mixin.py:190} INFO - [2024-10-27T23:13:02.179+0000] {dag.py:3239} INFO - Sync 2 DAGs
[2024-10-27T23:13:02.185+0000] {logging_mixin.py:190} INFO - [2024-10-27T23:13:02.185+0000] {dag.py:4180} INFO - Setting next_dagrun for example_xcom_args to None, run_after=None
[2024-10-27T23:13:02.187+0000] {logging_mixin.py:190} INFO - [2024-10-27T23:13:02.187+0000] {dag.py:4180} INFO - Setting next_dagrun for example_xcom_args_with_operators to None, run_after=None
[2024-10-27T23:13:02.192+0000] {processor.py:208} INFO - Processing /home/airflow/.local/lib/python3.12/site-packages/airflow/example_dags/example_xcomargs.py took 0.035 seconds
[2024-10-27T23:13:33.012+0000] {processor.py:186} INFO - Started process (PID=337) to work on /home/airflow/.local/lib/python3.12/site-packages/airflow/example_dags/example_xcomargs.py
[2024-10-27T23:13:33.013+0000] {processor.py:914} INFO - Processing file /home/airflow/.local/lib/python3.12/site-packages/airflow/example_dags/example_xcomargs.py for tasks to queue
[2024-10-27T23:13:33.014+0000] {logging_mixin.py:190} INFO - [2024-10-27T23:13:33.014+0000] {dagbag.py:588} INFO - Filling up the DagBag from /home/airflow/.local/lib/python3.12/site-packages/airflow/example_dags/example_xcomargs.py
[2024-10-27T23:13:33.019+0000] {processor.py:925} INFO - DAG(s) 'example_xcom_args', 'example_xcom_args_with_operators' retrieved from /home/airflow/.local/lib/python3.12/site-packages/airflow/example_dags/example_xcomargs.py
[2024-10-27T23:13:33.030+0000] {logging_mixin.py:190} INFO - [2024-10-27T23:13:33.029+0000] {dag.py:3239} INFO - Sync 2 DAGs
[2024-10-27T23:13:33.036+0000] {logging_mixin.py:190} INFO - [2024-10-27T23:13:33.036+0000] {dag.py:4180} INFO - Setting next_dagrun for example_xcom_args to None, run_after=None
[2024-10-27T23:13:33.040+0000] {logging_mixin.py:190} INFO - [2024-10-27T23:13:33.039+0000] {dag.py:4180} INFO - Setting next_dagrun for example_xcom_args_with_operators to None, run_after=None
[2024-10-27T23:13:33.048+0000] {processor.py:208} INFO - Processing /home/airflow/.local/lib/python3.12/site-packages/airflow/example_dags/example_xcomargs.py took 0.039 seconds
[2024-10-27T23:14:03.790+0000] {processor.py:186} INFO - Started process (PID=400) to work on /home/airflow/.local/lib/python3.12/site-packages/airflow/example_dags/example_xcomargs.py
[2024-10-27T23:14:03.790+0000] {processor.py:914} INFO - Processing file /home/airflow/.local/lib/python3.12/site-packages/airflow/example_dags/example_xcomargs.py for tasks to queue
[2024-10-27T23:14:03.792+0000] {logging_mixin.py:190} INFO - [2024-10-27T23:14:03.792+0000] {dagbag.py:588} INFO - Filling up the DagBag from /home/airflow/.local/lib/python3.12/site-packages/airflow/example_dags/example_xcomargs.py
[2024-10-27T23:14:03.798+0000] {processor.py:925} INFO - DAG(s) 'example_xcom_args_with_operators', 'example_xcom_args' retrieved from /home/airflow/.local/lib/python3.12/site-packages/airflow/example_dags/example_xcomargs.py
[2024-10-27T23:14:03.807+0000] {logging_mixin.py:190} INFO - [2024-10-27T23:14:03.807+0000] {dag.py:3239} INFO - Sync 2 DAGs
[2024-10-27T23:14:03.813+0000] {logging_mixin.py:190} INFO - [2024-10-27T23:14:03.813+0000] {dag.py:4180} INFO - Setting next_dagrun for example_xcom_args to None, run_after=None
[2024-10-27T23:14:03.817+0000] {logging_mixin.py:190} INFO - [2024-10-27T23:14:03.817+0000] {dag.py:4180} INFO - Setting next_dagrun for example_xcom_args_with_operators to None, run_after=None
[2024-10-27T23:14:03.828+0000] {processor.py:208} INFO - Processing /home/airflow/.local/lib/python3.12/site-packages/airflow/example_dags/example_xcomargs.py took 0.042 seconds
[2024-10-27T23:14:34.602+0000] {processor.py:186} INFO - Started process (PID=463) to work on /home/airflow/.local/lib/python3.12/site-packages/airflow/example_dags/example_xcomargs.py
[2024-10-27T23:14:34.603+0000] {processor.py:914} INFO - Processing file /home/airflow/.local/lib/python3.12/site-packages/airflow/example_dags/example_xcomargs.py for tasks to queue
[2024-10-27T23:14:34.605+0000] {logging_mixin.py:190} INFO - [2024-10-27T23:14:34.605+0000] {dagbag.py:588} INFO - Filling up the DagBag from /home/airflow/.local/lib/python3.12/site-packages/airflow/example_dags/example_xcomargs.py
[2024-10-27T23:14:34.611+0000] {processor.py:925} INFO - DAG(s) 'example_xcom_args', 'example_xcom_args_with_operators' retrieved from /home/airflow/.local/lib/python3.12/site-packages/airflow/example_dags/example_xcomargs.py
[2024-10-27T23:14:34.623+0000] {logging_mixin.py:190} INFO - [2024-10-27T23:14:34.623+0000] {dag.py:3239} INFO - Sync 2 DAGs
[2024-10-27T23:14:34.629+0000] {logging_mixin.py:190} INFO - [2024-10-27T23:14:34.629+0000] {dag.py:4180} INFO - Setting next_dagrun for example_xcom_args to None, run_after=None
[2024-10-27T23:14:34.631+0000] {logging_mixin.py:190} INFO - [2024-10-27T23:14:34.630+0000] {dag.py:4180} INFO - Setting next_dagrun for example_xcom_args_with_operators to None, run_after=None
[2024-10-27T23:14:34.636+0000] {processor.py:208} INFO - Processing /home/airflow/.local/lib/python3.12/site-packages/airflow/example_dags/example_xcomargs.py took 0.037 seconds
[2024-10-27T23:15:35.897+0000] {processor.py:186} INFO - Started process (PID=80) to work on /home/airflow/.local/lib/python3.12/site-packages/airflow/example_dags/example_xcomargs.py
[2024-10-27T23:15:35.900+0000] {processor.py:914} INFO - Processing file /home/airflow/.local/lib/python3.12/site-packages/airflow/example_dags/example_xcomargs.py for tasks to queue
[2024-10-27T23:15:35.901+0000] {logging_mixin.py:190} INFO - [2024-10-27T23:15:35.901+0000] {dagbag.py:588} INFO - Filling up the DagBag from /home/airflow/.local/lib/python3.12/site-packages/airflow/example_dags/example_xcomargs.py
[2024-10-27T23:15:35.906+0000] {processor.py:925} INFO - DAG(s) 'example_xcom_args_with_operators', 'example_xcom_args' retrieved from /home/airflow/.local/lib/python3.12/site-packages/airflow/example_dags/example_xcomargs.py
[2024-10-27T23:15:35.918+0000] {logging_mixin.py:190} INFO - [2024-10-27T23:15:35.918+0000] {dag.py:3239} INFO - Sync 2 DAGs
[2024-10-27T23:15:35.924+0000] {logging_mixin.py:190} INFO - [2024-10-27T23:15:35.924+0000] {dag.py:4180} INFO - Setting next_dagrun for example_xcom_args to None, run_after=None
[2024-10-27T23:15:35.926+0000] {logging_mixin.py:190} INFO - [2024-10-27T23:15:35.926+0000] {dag.py:4180} INFO - Setting next_dagrun for example_xcom_args_with_operators to None, run_after=None
[2024-10-27T23:15:35.932+0000] {processor.py:208} INFO - Processing /home/airflow/.local/lib/python3.12/site-packages/airflow/example_dags/example_xcomargs.py took 0.037 seconds
[2024-10-27T23:16:06.953+0000] {processor.py:186} INFO - Started process (PID=143) to work on /home/airflow/.local/lib/python3.12/site-packages/airflow/example_dags/example_xcomargs.py
[2024-10-27T23:16:06.954+0000] {processor.py:914} INFO - Processing file /home/airflow/.local/lib/python3.12/site-packages/airflow/example_dags/example_xcomargs.py for tasks to queue
[2024-10-27T23:16:06.955+0000] {logging_mixin.py:190} INFO - [2024-10-27T23:16:06.955+0000] {dagbag.py:588} INFO - Filling up the DagBag from /home/airflow/.local/lib/python3.12/site-packages/airflow/example_dags/example_xcomargs.py
[2024-10-27T23:16:06.959+0000] {processor.py:925} INFO - DAG(s) 'example_xcom_args_with_operators', 'example_xcom_args' retrieved from /home/airflow/.local/lib/python3.12/site-packages/airflow/example_dags/example_xcomargs.py
[2024-10-27T23:16:06.968+0000] {logging_mixin.py:190} INFO - [2024-10-27T23:16:06.967+0000] {dag.py:3239} INFO - Sync 2 DAGs
[2024-10-27T23:16:06.973+0000] {logging_mixin.py:190} INFO - [2024-10-27T23:16:06.973+0000] {dag.py:4180} INFO - Setting next_dagrun for example_xcom_args to None, run_after=None
[2024-10-27T23:16:06.974+0000] {logging_mixin.py:190} INFO - [2024-10-27T23:16:06.974+0000] {dag.py:4180} INFO - Setting next_dagrun for example_xcom_args_with_operators to None, run_after=None
[2024-10-27T23:16:06.979+0000] {processor.py:208} INFO - Processing /home/airflow/.local/lib/python3.12/site-packages/airflow/example_dags/example_xcomargs.py took 0.028 seconds
[2024-10-27T23:16:37.745+0000] {processor.py:186} INFO - Started process (PID=206) to work on /home/airflow/.local/lib/python3.12/site-packages/airflow/example_dags/example_xcomargs.py
[2024-10-27T23:16:37.745+0000] {processor.py:914} INFO - Processing file /home/airflow/.local/lib/python3.12/site-packages/airflow/example_dags/example_xcomargs.py for tasks to queue
[2024-10-27T23:16:37.746+0000] {logging_mixin.py:190} INFO - [2024-10-27T23:16:37.746+0000] {dagbag.py:588} INFO - Filling up the DagBag from /home/airflow/.local/lib/python3.12/site-packages/airflow/example_dags/example_xcomargs.py
[2024-10-27T23:16:37.751+0000] {processor.py:925} INFO - DAG(s) 'example_xcom_args_with_operators', 'example_xcom_args' retrieved from /home/airflow/.local/lib/python3.12/site-packages/airflow/example_dags/example_xcomargs.py
[2024-10-27T23:16:37.759+0000] {logging_mixin.py:190} INFO - [2024-10-27T23:16:37.759+0000] {dag.py:3239} INFO - Sync 2 DAGs
[2024-10-27T23:16:37.765+0000] {logging_mixin.py:190} INFO - [2024-10-27T23:16:37.765+0000] {dag.py:4180} INFO - Setting next_dagrun for example_xcom_args to None, run_after=None
[2024-10-27T23:16:37.769+0000] {logging_mixin.py:190} INFO - [2024-10-27T23:16:37.769+0000] {dag.py:4180} INFO - Setting next_dagrun for example_xcom_args_with_operators to None, run_after=None
[2024-10-27T23:16:37.780+0000] {processor.py:208} INFO - Processing /home/airflow/.local/lib/python3.12/site-packages/airflow/example_dags/example_xcomargs.py took 0.038 seconds
[2024-10-27T23:17:08.429+0000] {processor.py:186} INFO - Started process (PID=269) to work on /home/airflow/.local/lib/python3.12/site-packages/airflow/example_dags/example_xcomargs.py
[2024-10-27T23:17:08.430+0000] {processor.py:914} INFO - Processing file /home/airflow/.local/lib/python3.12/site-packages/airflow/example_dags/example_xcomargs.py for tasks to queue
[2024-10-27T23:17:08.432+0000] {logging_mixin.py:190} INFO - [2024-10-27T23:17:08.431+0000] {dagbag.py:588} INFO - Filling up the DagBag from /home/airflow/.local/lib/python3.12/site-packages/airflow/example_dags/example_xcomargs.py
[2024-10-27T23:17:08.438+0000] {processor.py:925} INFO - DAG(s) 'example_xcom_args', 'example_xcom_args_with_operators' retrieved from /home/airflow/.local/lib/python3.12/site-packages/airflow/example_dags/example_xcomargs.py
[2024-10-27T23:17:08.448+0000] {logging_mixin.py:190} INFO - [2024-10-27T23:17:08.448+0000] {dag.py:3239} INFO - Sync 2 DAGs
[2024-10-27T23:17:08.453+0000] {logging_mixin.py:190} INFO - [2024-10-27T23:17:08.453+0000] {dag.py:4180} INFO - Setting next_dagrun for example_xcom_args to None, run_after=None
[2024-10-27T23:17:08.456+0000] {logging_mixin.py:190} INFO - [2024-10-27T23:17:08.455+0000] {dag.py:4180} INFO - Setting next_dagrun for example_xcom_args_with_operators to None, run_after=None
[2024-10-27T23:17:08.462+0000] {processor.py:208} INFO - Processing /home/airflow/.local/lib/python3.12/site-packages/airflow/example_dags/example_xcomargs.py took 0.036 seconds
[2024-10-27T23:17:39.262+0000] {processor.py:186} INFO - Started process (PID=338) to work on /home/airflow/.local/lib/python3.12/site-packages/airflow/example_dags/example_xcomargs.py
[2024-10-27T23:17:39.266+0000] {processor.py:914} INFO - Processing file /home/airflow/.local/lib/python3.12/site-packages/airflow/example_dags/example_xcomargs.py for tasks to queue
[2024-10-27T23:17:39.267+0000] {logging_mixin.py:190} INFO - [2024-10-27T23:17:39.267+0000] {dagbag.py:588} INFO - Filling up the DagBag from /home/airflow/.local/lib/python3.12/site-packages/airflow/example_dags/example_xcomargs.py
[2024-10-27T23:17:39.271+0000] {processor.py:925} INFO - DAG(s) 'example_xcom_args_with_operators', 'example_xcom_args' retrieved from /home/airflow/.local/lib/python3.12/site-packages/airflow/example_dags/example_xcomargs.py
[2024-10-27T23:17:39.282+0000] {logging_mixin.py:190} INFO - [2024-10-27T23:17:39.282+0000] {dag.py:3239} INFO - Sync 2 DAGs
[2024-10-27T23:17:39.288+0000] {logging_mixin.py:190} INFO - [2024-10-27T23:17:39.288+0000] {dag.py:4180} INFO - Setting next_dagrun for example_xcom_args to None, run_after=None
[2024-10-27T23:17:39.290+0000] {logging_mixin.py:190} INFO - [2024-10-27T23:17:39.290+0000] {dag.py:4180} INFO - Setting next_dagrun for example_xcom_args_with_operators to None, run_after=None
[2024-10-27T23:17:39.295+0000] {processor.py:208} INFO - Processing /home/airflow/.local/lib/python3.12/site-packages/airflow/example_dags/example_xcomargs.py took 0.035 seconds
[2024-10-27T23:18:09.998+0000] {processor.py:186} INFO - Started process (PID=401) to work on /home/airflow/.local/lib/python3.12/site-packages/airflow/example_dags/example_xcomargs.py
[2024-10-27T23:18:09.999+0000] {processor.py:914} INFO - Processing file /home/airflow/.local/lib/python3.12/site-packages/airflow/example_dags/example_xcomargs.py for tasks to queue
[2024-10-27T23:18:10.000+0000] {logging_mixin.py:190} INFO - [2024-10-27T23:18:09.999+0000] {dagbag.py:588} INFO - Filling up the DagBag from /home/airflow/.local/lib/python3.12/site-packages/airflow/example_dags/example_xcomargs.py
[2024-10-27T23:18:10.004+0000] {processor.py:925} INFO - DAG(s) 'example_xcom_args', 'example_xcom_args_with_operators' retrieved from /home/airflow/.local/lib/python3.12/site-packages/airflow/example_dags/example_xcomargs.py
[2024-10-27T23:18:10.013+0000] {logging_mixin.py:190} INFO - [2024-10-27T23:18:10.012+0000] {dag.py:3239} INFO - Sync 2 DAGs
[2024-10-27T23:18:10.018+0000] {logging_mixin.py:190} INFO - [2024-10-27T23:18:10.018+0000] {dag.py:4180} INFO - Setting next_dagrun for example_xcom_args to None, run_after=None
[2024-10-27T23:18:10.023+0000] {logging_mixin.py:190} INFO - [2024-10-27T23:18:10.023+0000] {dag.py:4180} INFO - Setting next_dagrun for example_xcom_args_with_operators to None, run_after=None
[2024-10-27T23:18:10.030+0000] {processor.py:208} INFO - Processing /home/airflow/.local/lib/python3.12/site-packages/airflow/example_dags/example_xcomargs.py took 0.034 seconds
[2024-10-27T23:18:40.813+0000] {processor.py:186} INFO - Started process (PID=464) to work on /home/airflow/.local/lib/python3.12/site-packages/airflow/example_dags/example_xcomargs.py
[2024-10-27T23:18:40.814+0000] {processor.py:914} INFO - Processing file /home/airflow/.local/lib/python3.12/site-packages/airflow/example_dags/example_xcomargs.py for tasks to queue
[2024-10-27T23:18:40.815+0000] {logging_mixin.py:190} INFO - [2024-10-27T23:18:40.815+0000] {dagbag.py:588} INFO - Filling up the DagBag from /home/airflow/.local/lib/python3.12/site-packages/airflow/example_dags/example_xcomargs.py
[2024-10-27T23:18:40.820+0000] {processor.py:925} INFO - DAG(s) 'example_xcom_args_with_operators', 'example_xcom_args' retrieved from /home/airflow/.local/lib/python3.12/site-packages/airflow/example_dags/example_xcomargs.py
[2024-10-27T23:18:40.830+0000] {logging_mixin.py:190} INFO - [2024-10-27T23:18:40.830+0000] {dag.py:3239} INFO - Sync 2 DAGs
[2024-10-27T23:18:40.836+0000] {logging_mixin.py:190} INFO - [2024-10-27T23:18:40.836+0000] {dag.py:4180} INFO - Setting next_dagrun for example_xcom_args to None, run_after=None
[2024-10-27T23:18:40.840+0000] {logging_mixin.py:190} INFO - [2024-10-27T23:18:40.840+0000] {dag.py:4180} INFO - Setting next_dagrun for example_xcom_args_with_operators to None, run_after=None
[2024-10-27T23:18:40.849+0000] {processor.py:208} INFO - Processing /home/airflow/.local/lib/python3.12/site-packages/airflow/example_dags/example_xcomargs.py took 0.039 seconds
[2024-10-27T23:19:10.979+0000] {processor.py:186} INFO - Started process (PID=527) to work on /home/airflow/.local/lib/python3.12/site-packages/airflow/example_dags/example_xcomargs.py
[2024-10-27T23:19:10.980+0000] {processor.py:914} INFO - Processing file /home/airflow/.local/lib/python3.12/site-packages/airflow/example_dags/example_xcomargs.py for tasks to queue
[2024-10-27T23:19:10.981+0000] {logging_mixin.py:190} INFO - [2024-10-27T23:19:10.981+0000] {dagbag.py:588} INFO - Filling up the DagBag from /home/airflow/.local/lib/python3.12/site-packages/airflow/example_dags/example_xcomargs.py
[2024-10-27T23:19:10.986+0000] {processor.py:925} INFO - DAG(s) 'example_xcom_args_with_operators', 'example_xcom_args' retrieved from /home/airflow/.local/lib/python3.12/site-packages/airflow/example_dags/example_xcomargs.py
[2024-10-27T23:19:10.995+0000] {logging_mixin.py:190} INFO - [2024-10-27T23:19:10.995+0000] {dag.py:3239} INFO - Sync 2 DAGs
[2024-10-27T23:19:11.000+0000] {logging_mixin.py:190} INFO - [2024-10-27T23:19:11.000+0000] {dag.py:4180} INFO - Setting next_dagrun for example_xcom_args to None, run_after=None
[2024-10-27T23:19:11.005+0000] {logging_mixin.py:190} INFO - [2024-10-27T23:19:11.005+0000] {dag.py:4180} INFO - Setting next_dagrun for example_xcom_args_with_operators to None, run_after=None
[2024-10-27T23:19:11.012+0000] {processor.py:208} INFO - Processing /home/airflow/.local/lib/python3.12/site-packages/airflow/example_dags/example_xcomargs.py took 0.036 seconds
