[2024-10-27T23:11:28.325+0000] {processor.py:186} INFO - Started process (PID=59) to work on /home/airflow/.local/lib/python3.12/site-packages/airflow/example_dags/example_params_trigger_ui.py
[2024-10-27T23:11:28.327+0000] {processor.py:914} INFO - Processing file /home/airflow/.local/lib/python3.12/site-packages/airflow/example_dags/example_params_trigger_ui.py for tasks to queue
[2024-10-27T23:11:28.328+0000] {logging_mixin.py:190} INFO - [2024-10-27T23:11:28.328+0000] {dagbag.py:588} INFO - Filling up the DagBag from /home/airflow/.local/lib/python3.12/site-packages/airflow/example_dags/example_params_trigger_ui.py
[2024-10-27T23:11:28.336+0000] {processor.py:925} INFO - DAG(s) 'example_params_trigger_ui' retrieved from /home/airflow/.local/lib/python3.12/site-packages/airflow/example_dags/example_params_trigger_ui.py
[2024-10-27T23:11:28.369+0000] {logging_mixin.py:190} INFO - [2024-10-27T23:11:28.368+0000] {dag.py:3239} INFO - Sync 1 DAGs
[2024-10-27T23:11:28.376+0000] {logging_mixin.py:190} INFO - [2024-10-27T23:11:28.376+0000] {dag.py:4180} INFO - Setting next_dagrun for example_params_trigger_ui to None, run_after=None
[2024-10-27T23:11:28.397+0000] {processor.py:208} INFO - Processing /home/airflow/.local/lib/python3.12/site-packages/airflow/example_dags/example_params_trigger_ui.py took 0.075 seconds
[2024-10-27T23:11:58.777+0000] {processor.py:186} INFO - Started process (PID=122) to work on /home/airflow/.local/lib/python3.12/site-packages/airflow/example_dags/example_params_trigger_ui.py
[2024-10-27T23:11:58.779+0000] {processor.py:914} INFO - Processing file /home/airflow/.local/lib/python3.12/site-packages/airflow/example_dags/example_params_trigger_ui.py for tasks to queue
[2024-10-27T23:11:58.780+0000] {logging_mixin.py:190} INFO - [2024-10-27T23:11:58.780+0000] {dagbag.py:588} INFO - Filling up the DagBag from /home/airflow/.local/lib/python3.12/site-packages/airflow/example_dags/example_params_trigger_ui.py
[2024-10-27T23:11:58.784+0000] {processor.py:925} INFO - DAG(s) 'example_params_trigger_ui' retrieved from /home/airflow/.local/lib/python3.12/site-packages/airflow/example_dags/example_params_trigger_ui.py
[2024-10-27T23:11:58.800+0000] {logging_mixin.py:190} INFO - [2024-10-27T23:11:58.800+0000] {dag.py:3239} INFO - Sync 1 DAGs
[2024-10-27T23:11:58.806+0000] {logging_mixin.py:190} INFO - [2024-10-27T23:11:58.805+0000] {dag.py:4180} INFO - Setting next_dagrun for example_params_trigger_ui to None, run_after=None
[2024-10-27T23:11:58.811+0000] {processor.py:208} INFO - Processing /home/airflow/.local/lib/python3.12/site-packages/airflow/example_dags/example_params_trigger_ui.py took 0.036 seconds
[2024-10-27T23:12:29.678+0000] {processor.py:186} INFO - Started process (PID=185) to work on /home/airflow/.local/lib/python3.12/site-packages/airflow/example_dags/example_params_trigger_ui.py
[2024-10-27T23:12:29.678+0000] {processor.py:914} INFO - Processing file /home/airflow/.local/lib/python3.12/site-packages/airflow/example_dags/example_params_trigger_ui.py for tasks to queue
[2024-10-27T23:12:29.679+0000] {logging_mixin.py:190} INFO - [2024-10-27T23:12:29.679+0000] {dagbag.py:588} INFO - Filling up the DagBag from /home/airflow/.local/lib/python3.12/site-packages/airflow/example_dags/example_params_trigger_ui.py
[2024-10-27T23:12:29.684+0000] {processor.py:925} INFO - DAG(s) 'example_params_trigger_ui' retrieved from /home/airflow/.local/lib/python3.12/site-packages/airflow/example_dags/example_params_trigger_ui.py
[2024-10-27T23:12:29.698+0000] {logging_mixin.py:190} INFO - [2024-10-27T23:12:29.698+0000] {dag.py:3239} INFO - Sync 1 DAGs
[2024-10-27T23:12:29.704+0000] {logging_mixin.py:190} INFO - [2024-10-27T23:12:29.704+0000] {dag.py:4180} INFO - Setting next_dagrun for example_params_trigger_ui to None, run_after=None
[2024-10-27T23:12:29.713+0000] {processor.py:208} INFO - Processing /home/airflow/.local/lib/python3.12/site-packages/airflow/example_dags/example_params_trigger_ui.py took 0.038 seconds
[2024-10-27T23:13:00.603+0000] {processor.py:186} INFO - Started process (PID=248) to work on /home/airflow/.local/lib/python3.12/site-packages/airflow/example_dags/example_params_trigger_ui.py
[2024-10-27T23:13:00.603+0000] {processor.py:914} INFO - Processing file /home/airflow/.local/lib/python3.12/site-packages/airflow/example_dags/example_params_trigger_ui.py for tasks to queue
[2024-10-27T23:13:00.604+0000] {logging_mixin.py:190} INFO - [2024-10-27T23:13:00.604+0000] {dagbag.py:588} INFO - Filling up the DagBag from /home/airflow/.local/lib/python3.12/site-packages/airflow/example_dags/example_params_trigger_ui.py
[2024-10-27T23:13:00.609+0000] {processor.py:925} INFO - DAG(s) 'example_params_trigger_ui' retrieved from /home/airflow/.local/lib/python3.12/site-packages/airflow/example_dags/example_params_trigger_ui.py
[2024-10-27T23:13:00.623+0000] {logging_mixin.py:190} INFO - [2024-10-27T23:13:00.623+0000] {dag.py:3239} INFO - Sync 1 DAGs
[2024-10-27T23:13:00.629+0000] {logging_mixin.py:190} INFO - [2024-10-27T23:13:00.629+0000] {dag.py:4180} INFO - Setting next_dagrun for example_params_trigger_ui to None, run_after=None
[2024-10-27T23:13:00.640+0000] {processor.py:208} INFO - Processing /home/airflow/.local/lib/python3.12/site-packages/airflow/example_dags/example_params_trigger_ui.py took 0.040 seconds
[2024-10-27T23:13:31.435+0000] {processor.py:186} INFO - Started process (PID=317) to work on /home/airflow/.local/lib/python3.12/site-packages/airflow/example_dags/example_params_trigger_ui.py
[2024-10-27T23:13:31.438+0000] {processor.py:914} INFO - Processing file /home/airflow/.local/lib/python3.12/site-packages/airflow/example_dags/example_params_trigger_ui.py for tasks to queue
[2024-10-27T23:13:31.441+0000] {logging_mixin.py:190} INFO - [2024-10-27T23:13:31.441+0000] {dagbag.py:588} INFO - Filling up the DagBag from /home/airflow/.local/lib/python3.12/site-packages/airflow/example_dags/example_params_trigger_ui.py
[2024-10-27T23:13:31.449+0000] {processor.py:925} INFO - DAG(s) 'example_params_trigger_ui' retrieved from /home/airflow/.local/lib/python3.12/site-packages/airflow/example_dags/example_params_trigger_ui.py
[2024-10-27T23:13:31.464+0000] {logging_mixin.py:190} INFO - [2024-10-27T23:13:31.464+0000] {dag.py:3239} INFO - Sync 1 DAGs
[2024-10-27T23:13:31.470+0000] {logging_mixin.py:190} INFO - [2024-10-27T23:13:31.470+0000] {dag.py:4180} INFO - Setting next_dagrun for example_params_trigger_ui to None, run_after=None
[2024-10-27T23:13:31.476+0000] {processor.py:208} INFO - Processing /home/airflow/.local/lib/python3.12/site-packages/airflow/example_dags/example_params_trigger_ui.py took 0.044 seconds
[2024-10-27T23:14:02.259+0000] {processor.py:186} INFO - Started process (PID=380) to work on /home/airflow/.local/lib/python3.12/site-packages/airflow/example_dags/example_params_trigger_ui.py
[2024-10-27T23:14:02.259+0000] {processor.py:914} INFO - Processing file /home/airflow/.local/lib/python3.12/site-packages/airflow/example_dags/example_params_trigger_ui.py for tasks to queue
[2024-10-27T23:14:02.260+0000] {logging_mixin.py:190} INFO - [2024-10-27T23:14:02.260+0000] {dagbag.py:588} INFO - Filling up the DagBag from /home/airflow/.local/lib/python3.12/site-packages/airflow/example_dags/example_params_trigger_ui.py
[2024-10-27T23:14:02.264+0000] {processor.py:925} INFO - DAG(s) 'example_params_trigger_ui' retrieved from /home/airflow/.local/lib/python3.12/site-packages/airflow/example_dags/example_params_trigger_ui.py
[2024-10-27T23:14:02.279+0000] {logging_mixin.py:190} INFO - [2024-10-27T23:14:02.279+0000] {dag.py:3239} INFO - Sync 1 DAGs
[2024-10-27T23:14:02.284+0000] {logging_mixin.py:190} INFO - [2024-10-27T23:14:02.284+0000] {dag.py:4180} INFO - Setting next_dagrun for example_params_trigger_ui to None, run_after=None
[2024-10-27T23:14:02.293+0000] {processor.py:208} INFO - Processing /home/airflow/.local/lib/python3.12/site-packages/airflow/example_dags/example_params_trigger_ui.py took 0.037 seconds
[2024-10-27T23:14:33.009+0000] {processor.py:186} INFO - Started process (PID=443) to work on /home/airflow/.local/lib/python3.12/site-packages/airflow/example_dags/example_params_trigger_ui.py
[2024-10-27T23:14:33.010+0000] {processor.py:914} INFO - Processing file /home/airflow/.local/lib/python3.12/site-packages/airflow/example_dags/example_params_trigger_ui.py for tasks to queue
[2024-10-27T23:14:33.012+0000] {logging_mixin.py:190} INFO - [2024-10-27T23:14:33.012+0000] {dagbag.py:588} INFO - Filling up the DagBag from /home/airflow/.local/lib/python3.12/site-packages/airflow/example_dags/example_params_trigger_ui.py
[2024-10-27T23:14:33.017+0000] {processor.py:925} INFO - DAG(s) 'example_params_trigger_ui' retrieved from /home/airflow/.local/lib/python3.12/site-packages/airflow/example_dags/example_params_trigger_ui.py
[2024-10-27T23:14:33.033+0000] {logging_mixin.py:190} INFO - [2024-10-27T23:14:33.033+0000] {dag.py:3239} INFO - Sync 1 DAGs
[2024-10-27T23:14:33.040+0000] {logging_mixin.py:190} INFO - [2024-10-27T23:14:33.040+0000] {dag.py:4180} INFO - Setting next_dagrun for example_params_trigger_ui to None, run_after=None
[2024-10-27T23:14:33.048+0000] {processor.py:208} INFO - Processing /home/airflow/.local/lib/python3.12/site-packages/airflow/example_dags/example_params_trigger_ui.py took 0.041 seconds
[2024-10-27T23:15:35.170+0000] {processor.py:186} INFO - Started process (PID=60) to work on /home/airflow/.local/lib/python3.12/site-packages/airflow/example_dags/example_params_trigger_ui.py
[2024-10-27T23:15:35.173+0000] {processor.py:914} INFO - Processing file /home/airflow/.local/lib/python3.12/site-packages/airflow/example_dags/example_params_trigger_ui.py for tasks to queue
[2024-10-27T23:15:35.175+0000] {logging_mixin.py:190} INFO - [2024-10-27T23:15:35.174+0000] {dagbag.py:588} INFO - Filling up the DagBag from /home/airflow/.local/lib/python3.12/site-packages/airflow/example_dags/example_params_trigger_ui.py
[2024-10-27T23:15:35.180+0000] {processor.py:925} INFO - DAG(s) 'example_params_trigger_ui' retrieved from /home/airflow/.local/lib/python3.12/site-packages/airflow/example_dags/example_params_trigger_ui.py
[2024-10-27T23:15:35.198+0000] {logging_mixin.py:190} INFO - [2024-10-27T23:15:35.198+0000] {dag.py:3239} INFO - Sync 1 DAGs
[2024-10-27T23:15:35.204+0000] {logging_mixin.py:190} INFO - [2024-10-27T23:15:35.204+0000] {dag.py:4180} INFO - Setting next_dagrun for example_params_trigger_ui to None, run_after=None
[2024-10-27T23:15:35.215+0000] {processor.py:208} INFO - Processing /home/airflow/.local/lib/python3.12/site-packages/airflow/example_dags/example_params_trigger_ui.py took 0.047 seconds
[2024-10-27T23:16:05.325+0000] {processor.py:186} INFO - Started process (PID=123) to work on /home/airflow/.local/lib/python3.12/site-packages/airflow/example_dags/example_params_trigger_ui.py
[2024-10-27T23:16:05.326+0000] {processor.py:914} INFO - Processing file /home/airflow/.local/lib/python3.12/site-packages/airflow/example_dags/example_params_trigger_ui.py for tasks to queue
[2024-10-27T23:16:05.327+0000] {logging_mixin.py:190} INFO - [2024-10-27T23:16:05.327+0000] {dagbag.py:588} INFO - Filling up the DagBag from /home/airflow/.local/lib/python3.12/site-packages/airflow/example_dags/example_params_trigger_ui.py
[2024-10-27T23:16:05.332+0000] {processor.py:925} INFO - DAG(s) 'example_params_trigger_ui' retrieved from /home/airflow/.local/lib/python3.12/site-packages/airflow/example_dags/example_params_trigger_ui.py
[2024-10-27T23:16:05.347+0000] {logging_mixin.py:190} INFO - [2024-10-27T23:16:05.347+0000] {dag.py:3239} INFO - Sync 1 DAGs
[2024-10-27T23:16:05.354+0000] {logging_mixin.py:190} INFO - [2024-10-27T23:16:05.354+0000] {dag.py:4180} INFO - Setting next_dagrun for example_params_trigger_ui to None, run_after=None
[2024-10-27T23:16:05.360+0000] {processor.py:208} INFO - Processing /home/airflow/.local/lib/python3.12/site-packages/airflow/example_dags/example_params_trigger_ui.py took 0.038 seconds
[2024-10-27T23:16:36.153+0000] {processor.py:186} INFO - Started process (PID=186) to work on /home/airflow/.local/lib/python3.12/site-packages/airflow/example_dags/example_params_trigger_ui.py
[2024-10-27T23:16:36.153+0000] {processor.py:914} INFO - Processing file /home/airflow/.local/lib/python3.12/site-packages/airflow/example_dags/example_params_trigger_ui.py for tasks to queue
[2024-10-27T23:16:36.156+0000] {logging_mixin.py:190} INFO - [2024-10-27T23:16:36.156+0000] {dagbag.py:588} INFO - Filling up the DagBag from /home/airflow/.local/lib/python3.12/site-packages/airflow/example_dags/example_params_trigger_ui.py
[2024-10-27T23:16:36.160+0000] {processor.py:925} INFO - DAG(s) 'example_params_trigger_ui' retrieved from /home/airflow/.local/lib/python3.12/site-packages/airflow/example_dags/example_params_trigger_ui.py
[2024-10-27T23:16:36.174+0000] {logging_mixin.py:190} INFO - [2024-10-27T23:16:36.174+0000] {dag.py:3239} INFO - Sync 1 DAGs
[2024-10-27T23:16:36.180+0000] {logging_mixin.py:190} INFO - [2024-10-27T23:16:36.180+0000] {dag.py:4180} INFO - Setting next_dagrun for example_params_trigger_ui to None, run_after=None
[2024-10-27T23:16:36.185+0000] {processor.py:208} INFO - Processing /home/airflow/.local/lib/python3.12/site-packages/airflow/example_dags/example_params_trigger_ui.py took 0.035 seconds
[2024-10-27T23:17:06.852+0000] {processor.py:186} INFO - Started process (PID=249) to work on /home/airflow/.local/lib/python3.12/site-packages/airflow/example_dags/example_params_trigger_ui.py
[2024-10-27T23:17:06.853+0000] {processor.py:914} INFO - Processing file /home/airflow/.local/lib/python3.12/site-packages/airflow/example_dags/example_params_trigger_ui.py for tasks to queue
[2024-10-27T23:17:06.855+0000] {logging_mixin.py:190} INFO - [2024-10-27T23:17:06.854+0000] {dagbag.py:588} INFO - Filling up the DagBag from /home/airflow/.local/lib/python3.12/site-packages/airflow/example_dags/example_params_trigger_ui.py
[2024-10-27T23:17:06.859+0000] {processor.py:925} INFO - DAG(s) 'example_params_trigger_ui' retrieved from /home/airflow/.local/lib/python3.12/site-packages/airflow/example_dags/example_params_trigger_ui.py
[2024-10-27T23:17:06.877+0000] {logging_mixin.py:190} INFO - [2024-10-27T23:17:06.877+0000] {dag.py:3239} INFO - Sync 1 DAGs
[2024-10-27T23:17:06.882+0000] {logging_mixin.py:190} INFO - [2024-10-27T23:17:06.882+0000] {dag.py:4180} INFO - Setting next_dagrun for example_params_trigger_ui to None, run_after=None
[2024-10-27T23:17:06.888+0000] {processor.py:208} INFO - Processing /home/airflow/.local/lib/python3.12/site-packages/airflow/example_dags/example_params_trigger_ui.py took 0.038 seconds
[2024-10-27T23:17:37.733+0000] {processor.py:186} INFO - Started process (PID=312) to work on /home/airflow/.local/lib/python3.12/site-packages/airflow/example_dags/example_params_trigger_ui.py
[2024-10-27T23:17:37.733+0000] {processor.py:914} INFO - Processing file /home/airflow/.local/lib/python3.12/site-packages/airflow/example_dags/example_params_trigger_ui.py for tasks to queue
[2024-10-27T23:17:37.734+0000] {logging_mixin.py:190} INFO - [2024-10-27T23:17:37.734+0000] {dagbag.py:588} INFO - Filling up the DagBag from /home/airflow/.local/lib/python3.12/site-packages/airflow/example_dags/example_params_trigger_ui.py
[2024-10-27T23:17:37.739+0000] {processor.py:925} INFO - DAG(s) 'example_params_trigger_ui' retrieved from /home/airflow/.local/lib/python3.12/site-packages/airflow/example_dags/example_params_trigger_ui.py
[2024-10-27T23:17:37.753+0000] {logging_mixin.py:190} INFO - [2024-10-27T23:17:37.753+0000] {dag.py:3239} INFO - Sync 1 DAGs
[2024-10-27T23:17:37.759+0000] {logging_mixin.py:190} INFO - [2024-10-27T23:17:37.758+0000] {dag.py:4180} INFO - Setting next_dagrun for example_params_trigger_ui to None, run_after=None
[2024-10-27T23:17:37.765+0000] {processor.py:208} INFO - Processing /home/airflow/.local/lib/python3.12/site-packages/airflow/example_dags/example_params_trigger_ui.py took 0.034 seconds
[2024-10-27T23:18:08.503+0000] {processor.py:186} INFO - Started process (PID=375) to work on /home/airflow/.local/lib/python3.12/site-packages/airflow/example_dags/example_params_trigger_ui.py
[2024-10-27T23:18:08.504+0000] {processor.py:914} INFO - Processing file /home/airflow/.local/lib/python3.12/site-packages/airflow/example_dags/example_params_trigger_ui.py for tasks to queue
[2024-10-27T23:18:08.505+0000] {logging_mixin.py:190} INFO - [2024-10-27T23:18:08.504+0000] {dagbag.py:588} INFO - Filling up the DagBag from /home/airflow/.local/lib/python3.12/site-packages/airflow/example_dags/example_params_trigger_ui.py
[2024-10-27T23:18:08.509+0000] {processor.py:925} INFO - DAG(s) 'example_params_trigger_ui' retrieved from /home/airflow/.local/lib/python3.12/site-packages/airflow/example_dags/example_params_trigger_ui.py
[2024-10-27T23:18:08.523+0000] {logging_mixin.py:190} INFO - [2024-10-27T23:18:08.523+0000] {dag.py:3239} INFO - Sync 1 DAGs
[2024-10-27T23:18:08.529+0000] {logging_mixin.py:190} INFO - [2024-10-27T23:18:08.529+0000] {dag.py:4180} INFO - Setting next_dagrun for example_params_trigger_ui to None, run_after=None
[2024-10-27T23:18:08.535+0000] {processor.py:208} INFO - Processing /home/airflow/.local/lib/python3.12/site-packages/airflow/example_dags/example_params_trigger_ui.py took 0.034 seconds
[2024-10-27T23:18:39.193+0000] {processor.py:186} INFO - Started process (PID=438) to work on /home/airflow/.local/lib/python3.12/site-packages/airflow/example_dags/example_params_trigger_ui.py
[2024-10-27T23:18:39.194+0000] {processor.py:914} INFO - Processing file /home/airflow/.local/lib/python3.12/site-packages/airflow/example_dags/example_params_trigger_ui.py for tasks to queue
[2024-10-27T23:18:39.195+0000] {logging_mixin.py:190} INFO - [2024-10-27T23:18:39.195+0000] {dagbag.py:588} INFO - Filling up the DagBag from /home/airflow/.local/lib/python3.12/site-packages/airflow/example_dags/example_params_trigger_ui.py
[2024-10-27T23:18:39.200+0000] {processor.py:925} INFO - DAG(s) 'example_params_trigger_ui' retrieved from /home/airflow/.local/lib/python3.12/site-packages/airflow/example_dags/example_params_trigger_ui.py
[2024-10-27T23:18:39.215+0000] {logging_mixin.py:190} INFO - [2024-10-27T23:18:39.215+0000] {dag.py:3239} INFO - Sync 1 DAGs
[2024-10-27T23:18:39.221+0000] {logging_mixin.py:190} INFO - [2024-10-27T23:18:39.220+0000] {dag.py:4180} INFO - Setting next_dagrun for example_params_trigger_ui to None, run_after=None
[2024-10-27T23:18:39.229+0000] {processor.py:208} INFO - Processing /home/airflow/.local/lib/python3.12/site-packages/airflow/example_dags/example_params_trigger_ui.py took 0.037 seconds
[2024-10-27T23:19:10.367+0000] {processor.py:186} INFO - Started process (PID=507) to work on /home/airflow/.local/lib/python3.12/site-packages/airflow/example_dags/example_params_trigger_ui.py
[2024-10-27T23:19:10.367+0000] {processor.py:914} INFO - Processing file /home/airflow/.local/lib/python3.12/site-packages/airflow/example_dags/example_params_trigger_ui.py for tasks to queue
[2024-10-27T23:19:10.368+0000] {logging_mixin.py:190} INFO - [2024-10-27T23:19:10.368+0000] {dagbag.py:588} INFO - Filling up the DagBag from /home/airflow/.local/lib/python3.12/site-packages/airflow/example_dags/example_params_trigger_ui.py
[2024-10-27T23:19:10.375+0000] {processor.py:925} INFO - DAG(s) 'example_params_trigger_ui' retrieved from /home/airflow/.local/lib/python3.12/site-packages/airflow/example_dags/example_params_trigger_ui.py
[2024-10-27T23:19:10.392+0000] {logging_mixin.py:190} INFO - [2024-10-27T23:19:10.392+0000] {dag.py:3239} INFO - Sync 1 DAGs
[2024-10-27T23:19:10.397+0000] {logging_mixin.py:190} INFO - [2024-10-27T23:19:10.397+0000] {dag.py:4180} INFO - Setting next_dagrun for example_params_trigger_ui to None, run_after=None
[2024-10-27T23:19:10.406+0000] {processor.py:208} INFO - Processing /home/airflow/.local/lib/python3.12/site-packages/airflow/example_dags/example_params_trigger_ui.py took 0.042 seconds
