[2024-10-27T23:11:27.601+0000] {processor.py:186} INFO - Started process (PID=48) to work on /home/airflow/.local/lib/python3.12/site-packages/airflow/example_dags/example_branch_python_dop_operator_3.py
[2024-10-27T23:11:27.602+0000] {processor.py:914} INFO - Processing file /home/airflow/.local/lib/python3.12/site-packages/airflow/example_dags/example_branch_python_dop_operator_3.py for tasks to queue
[2024-10-27T23:11:27.603+0000] {logging_mixin.py:190} INFO - [2024-10-27T23:11:27.603+0000] {dagbag.py:588} INFO - Filling up the DagBag from /home/airflow/.local/lib/python3.12/site-packages/airflow/example_dags/example_branch_python_dop_operator_3.py
[2024-10-27T23:11:27.617+0000] {processor.py:925} INFO - DAG(s) 'example_branch_dop_operator_v3' retrieved from /home/airflow/.local/lib/python3.12/site-packages/airflow/example_dags/example_branch_python_dop_operator_3.py
[2024-10-27T23:11:27.633+0000] {logging_mixin.py:190} INFO - [2024-10-27T23:11:27.633+0000] {dag.py:3239} INFO - Sync 1 DAGs
[2024-10-27T23:11:27.644+0000] {logging_mixin.py:190} INFO - [2024-10-27T23:11:27.644+0000] {dag.py:4180} INFO - Setting next_dagrun for example_branch_dop_operator_v3 to 2024-10-27 23:10:00+00:00, run_after=2024-10-27 23:11:00+00:00
[2024-10-27T23:11:27.650+0000] {processor.py:208} INFO - Processing /home/airflow/.local/lib/python3.12/site-packages/airflow/example_dags/example_branch_python_dop_operator_3.py took 0.053 seconds
[2024-10-27T23:11:58.425+0000] {processor.py:186} INFO - Started process (PID=111) to work on /home/airflow/.local/lib/python3.12/site-packages/airflow/example_dags/example_branch_python_dop_operator_3.py
[2024-10-27T23:11:58.425+0000] {processor.py:914} INFO - Processing file /home/airflow/.local/lib/python3.12/site-packages/airflow/example_dags/example_branch_python_dop_operator_3.py for tasks to queue
[2024-10-27T23:11:58.428+0000] {logging_mixin.py:190} INFO - [2024-10-27T23:11:58.428+0000] {dagbag.py:588} INFO - Filling up the DagBag from /home/airflow/.local/lib/python3.12/site-packages/airflow/example_dags/example_branch_python_dop_operator_3.py
[2024-10-27T23:11:58.433+0000] {processor.py:925} INFO - DAG(s) 'example_branch_dop_operator_v3' retrieved from /home/airflow/.local/lib/python3.12/site-packages/airflow/example_dags/example_branch_python_dop_operator_3.py
[2024-10-27T23:11:58.442+0000] {logging_mixin.py:190} INFO - [2024-10-27T23:11:58.442+0000] {dag.py:3239} INFO - Sync 1 DAGs
[2024-10-27T23:11:58.452+0000] {logging_mixin.py:190} INFO - [2024-10-27T23:11:58.452+0000] {dag.py:4180} INFO - Setting next_dagrun for example_branch_dop_operator_v3 to 2024-10-27 23:10:00+00:00, run_after=2024-10-27 23:11:00+00:00
[2024-10-27T23:11:58.459+0000] {processor.py:208} INFO - Processing /home/airflow/.local/lib/python3.12/site-packages/airflow/example_dags/example_branch_python_dop_operator_3.py took 0.037 seconds
[2024-10-27T23:12:29.339+0000] {processor.py:186} INFO - Started process (PID=174) to work on /home/airflow/.local/lib/python3.12/site-packages/airflow/example_dags/example_branch_python_dop_operator_3.py
[2024-10-27T23:12:29.339+0000] {processor.py:914} INFO - Processing file /home/airflow/.local/lib/python3.12/site-packages/airflow/example_dags/example_branch_python_dop_operator_3.py for tasks to queue
[2024-10-27T23:12:29.340+0000] {logging_mixin.py:190} INFO - [2024-10-27T23:12:29.340+0000] {dagbag.py:588} INFO - Filling up the DagBag from /home/airflow/.local/lib/python3.12/site-packages/airflow/example_dags/example_branch_python_dop_operator_3.py
[2024-10-27T23:12:29.344+0000] {processor.py:925} INFO - DAG(s) 'example_branch_dop_operator_v3' retrieved from /home/airflow/.local/lib/python3.12/site-packages/airflow/example_dags/example_branch_python_dop_operator_3.py
[2024-10-27T23:12:29.351+0000] {logging_mixin.py:190} INFO - [2024-10-27T23:12:29.351+0000] {dag.py:3239} INFO - Sync 1 DAGs
[2024-10-27T23:12:29.360+0000] {logging_mixin.py:190} INFO - [2024-10-27T23:12:29.360+0000] {dag.py:4180} INFO - Setting next_dagrun for example_branch_dop_operator_v3 to 2024-10-27 23:11:00+00:00, run_after=2024-10-27 23:12:00+00:00
[2024-10-27T23:12:29.369+0000] {processor.py:208} INFO - Processing /home/airflow/.local/lib/python3.12/site-packages/airflow/example_dags/example_branch_python_dop_operator_3.py took 0.033 seconds
[2024-10-27T23:13:00.205+0000] {processor.py:186} INFO - Started process (PID=237) to work on /home/airflow/.local/lib/python3.12/site-packages/airflow/example_dags/example_branch_python_dop_operator_3.py
[2024-10-27T23:13:00.206+0000] {processor.py:914} INFO - Processing file /home/airflow/.local/lib/python3.12/site-packages/airflow/example_dags/example_branch_python_dop_operator_3.py for tasks to queue
[2024-10-27T23:13:00.208+0000] {logging_mixin.py:190} INFO - [2024-10-27T23:13:00.207+0000] {dagbag.py:588} INFO - Filling up the DagBag from /home/airflow/.local/lib/python3.12/site-packages/airflow/example_dags/example_branch_python_dop_operator_3.py
[2024-10-27T23:13:00.213+0000] {processor.py:925} INFO - DAG(s) 'example_branch_dop_operator_v3' retrieved from /home/airflow/.local/lib/python3.12/site-packages/airflow/example_dags/example_branch_python_dop_operator_3.py
[2024-10-27T23:13:00.224+0000] {logging_mixin.py:190} INFO - [2024-10-27T23:13:00.224+0000] {dag.py:3239} INFO - Sync 1 DAGs
[2024-10-27T23:13:00.234+0000] {logging_mixin.py:190} INFO - [2024-10-27T23:13:00.234+0000] {dag.py:4180} INFO - Setting next_dagrun for example_branch_dop_operator_v3 to 2024-10-27 23:12:00+00:00, run_after=2024-10-27 23:13:00+00:00
[2024-10-27T23:13:00.246+0000] {processor.py:208} INFO - Processing /home/airflow/.local/lib/python3.12/site-packages/airflow/example_dags/example_branch_python_dop_operator_3.py took 0.043 seconds
[2024-10-27T23:13:31.057+0000] {processor.py:186} INFO - Started process (PID=300) to work on /home/airflow/.local/lib/python3.12/site-packages/airflow/example_dags/example_branch_python_dop_operator_3.py
[2024-10-27T23:13:31.060+0000] {processor.py:914} INFO - Processing file /home/airflow/.local/lib/python3.12/site-packages/airflow/example_dags/example_branch_python_dop_operator_3.py for tasks to queue
[2024-10-27T23:13:31.062+0000] {logging_mixin.py:190} INFO - [2024-10-27T23:13:31.062+0000] {dagbag.py:588} INFO - Filling up the DagBag from /home/airflow/.local/lib/python3.12/site-packages/airflow/example_dags/example_branch_python_dop_operator_3.py
[2024-10-27T23:13:31.067+0000] {processor.py:925} INFO - DAG(s) 'example_branch_dop_operator_v3' retrieved from /home/airflow/.local/lib/python3.12/site-packages/airflow/example_dags/example_branch_python_dop_operator_3.py
[2024-10-27T23:13:31.078+0000] {logging_mixin.py:190} INFO - [2024-10-27T23:13:31.078+0000] {dag.py:3239} INFO - Sync 1 DAGs
[2024-10-27T23:13:31.088+0000] {logging_mixin.py:190} INFO - [2024-10-27T23:13:31.088+0000] {dag.py:4180} INFO - Setting next_dagrun for example_branch_dop_operator_v3 to 2024-10-27 23:12:00+00:00, run_after=2024-10-27 23:13:00+00:00
[2024-10-27T23:13:31.096+0000] {processor.py:208} INFO - Processing /home/airflow/.local/lib/python3.12/site-packages/airflow/example_dags/example_branch_python_dop_operator_3.py took 0.042 seconds
[2024-10-27T23:14:01.902+0000] {processor.py:186} INFO - Started process (PID=369) to work on /home/airflow/.local/lib/python3.12/site-packages/airflow/example_dags/example_branch_python_dop_operator_3.py
[2024-10-27T23:14:01.902+0000] {processor.py:914} INFO - Processing file /home/airflow/.local/lib/python3.12/site-packages/airflow/example_dags/example_branch_python_dop_operator_3.py for tasks to queue
[2024-10-27T23:14:01.903+0000] {logging_mixin.py:190} INFO - [2024-10-27T23:14:01.903+0000] {dagbag.py:588} INFO - Filling up the DagBag from /home/airflow/.local/lib/python3.12/site-packages/airflow/example_dags/example_branch_python_dop_operator_3.py
[2024-10-27T23:14:01.907+0000] {processor.py:925} INFO - DAG(s) 'example_branch_dop_operator_v3' retrieved from /home/airflow/.local/lib/python3.12/site-packages/airflow/example_dags/example_branch_python_dop_operator_3.py
[2024-10-27T23:14:01.917+0000] {logging_mixin.py:190} INFO - [2024-10-27T23:14:01.917+0000] {dag.py:3239} INFO - Sync 1 DAGs
[2024-10-27T23:14:01.928+0000] {logging_mixin.py:190} INFO - [2024-10-27T23:14:01.928+0000] {dag.py:4180} INFO - Setting next_dagrun for example_branch_dop_operator_v3 to 2024-10-27 23:13:00+00:00, run_after=2024-10-27 23:14:00+00:00
[2024-10-27T23:14:01.934+0000] {processor.py:208} INFO - Processing /home/airflow/.local/lib/python3.12/site-packages/airflow/example_dags/example_branch_python_dop_operator_3.py took 0.035 seconds
[2024-10-27T23:14:32.645+0000] {processor.py:186} INFO - Started process (PID=432) to work on /home/airflow/.local/lib/python3.12/site-packages/airflow/example_dags/example_branch_python_dop_operator_3.py
[2024-10-27T23:14:32.647+0000] {processor.py:914} INFO - Processing file /home/airflow/.local/lib/python3.12/site-packages/airflow/example_dags/example_branch_python_dop_operator_3.py for tasks to queue
[2024-10-27T23:14:32.648+0000] {logging_mixin.py:190} INFO - [2024-10-27T23:14:32.648+0000] {dagbag.py:588} INFO - Filling up the DagBag from /home/airflow/.local/lib/python3.12/site-packages/airflow/example_dags/example_branch_python_dop_operator_3.py
[2024-10-27T23:14:32.652+0000] {processor.py:925} INFO - DAG(s) 'example_branch_dop_operator_v3' retrieved from /home/airflow/.local/lib/python3.12/site-packages/airflow/example_dags/example_branch_python_dop_operator_3.py
[2024-10-27T23:14:32.661+0000] {logging_mixin.py:190} INFO - [2024-10-27T23:14:32.661+0000] {dag.py:3239} INFO - Sync 1 DAGs
[2024-10-27T23:14:32.670+0000] {logging_mixin.py:190} INFO - [2024-10-27T23:14:32.670+0000] {dag.py:4180} INFO - Setting next_dagrun for example_branch_dop_operator_v3 to 2024-10-27 23:13:00+00:00, run_after=2024-10-27 23:14:00+00:00
[2024-10-27T23:14:32.676+0000] {processor.py:208} INFO - Processing /home/airflow/.local/lib/python3.12/site-packages/airflow/example_dags/example_branch_python_dop_operator_3.py took 0.034 seconds
[2024-10-27T23:15:34.560+0000] {processor.py:186} INFO - Started process (PID=49) to work on /home/airflow/.local/lib/python3.12/site-packages/airflow/example_dags/example_branch_python_dop_operator_3.py
[2024-10-27T23:15:34.560+0000] {processor.py:914} INFO - Processing file /home/airflow/.local/lib/python3.12/site-packages/airflow/example_dags/example_branch_python_dop_operator_3.py for tasks to queue
[2024-10-27T23:15:34.562+0000] {logging_mixin.py:190} INFO - [2024-10-27T23:15:34.561+0000] {dagbag.py:588} INFO - Filling up the DagBag from /home/airflow/.local/lib/python3.12/site-packages/airflow/example_dags/example_branch_python_dop_operator_3.py
[2024-10-27T23:15:34.571+0000] {processor.py:925} INFO - DAG(s) 'example_branch_dop_operator_v3' retrieved from /home/airflow/.local/lib/python3.12/site-packages/airflow/example_dags/example_branch_python_dop_operator_3.py
[2024-10-27T23:15:34.590+0000] {logging_mixin.py:190} INFO - [2024-10-27T23:15:34.590+0000] {dag.py:3239} INFO - Sync 1 DAGs
[2024-10-27T23:15:34.605+0000] {logging_mixin.py:190} INFO - [2024-10-27T23:15:34.605+0000] {dag.py:4180} INFO - Setting next_dagrun for example_branch_dop_operator_v3 to 2024-10-27 23:14:00+00:00, run_after=2024-10-27 23:15:00+00:00
[2024-10-27T23:15:34.615+0000] {processor.py:208} INFO - Processing /home/airflow/.local/lib/python3.12/site-packages/airflow/example_dags/example_branch_python_dop_operator_3.py took 0.058 seconds
[2024-10-27T23:16:05.023+0000] {processor.py:186} INFO - Started process (PID=112) to work on /home/airflow/.local/lib/python3.12/site-packages/airflow/example_dags/example_branch_python_dop_operator_3.py
[2024-10-27T23:16:05.026+0000] {processor.py:914} INFO - Processing file /home/airflow/.local/lib/python3.12/site-packages/airflow/example_dags/example_branch_python_dop_operator_3.py for tasks to queue
[2024-10-27T23:16:05.027+0000] {logging_mixin.py:190} INFO - [2024-10-27T23:16:05.026+0000] {dagbag.py:588} INFO - Filling up the DagBag from /home/airflow/.local/lib/python3.12/site-packages/airflow/example_dags/example_branch_python_dop_operator_3.py
[2024-10-27T23:16:05.030+0000] {processor.py:925} INFO - DAG(s) 'example_branch_dop_operator_v3' retrieved from /home/airflow/.local/lib/python3.12/site-packages/airflow/example_dags/example_branch_python_dop_operator_3.py
[2024-10-27T23:16:05.039+0000] {logging_mixin.py:190} INFO - [2024-10-27T23:16:05.039+0000] {dag.py:3239} INFO - Sync 1 DAGs
[2024-10-27T23:16:05.047+0000] {logging_mixin.py:190} INFO - [2024-10-27T23:16:05.047+0000] {dag.py:4180} INFO - Setting next_dagrun for example_branch_dop_operator_v3 to 2024-10-27 23:15:00+00:00, run_after=2024-10-27 23:16:00+00:00
[2024-10-27T23:16:05.053+0000] {processor.py:208} INFO - Processing /home/airflow/.local/lib/python3.12/site-packages/airflow/example_dags/example_branch_python_dop_operator_3.py took 0.032 seconds
[2024-10-27T23:16:35.847+0000] {processor.py:186} INFO - Started process (PID=175) to work on /home/airflow/.local/lib/python3.12/site-packages/airflow/example_dags/example_branch_python_dop_operator_3.py
[2024-10-27T23:16:35.847+0000] {processor.py:914} INFO - Processing file /home/airflow/.local/lib/python3.12/site-packages/airflow/example_dags/example_branch_python_dop_operator_3.py for tasks to queue
[2024-10-27T23:16:35.848+0000] {logging_mixin.py:190} INFO - [2024-10-27T23:16:35.848+0000] {dagbag.py:588} INFO - Filling up the DagBag from /home/airflow/.local/lib/python3.12/site-packages/airflow/example_dags/example_branch_python_dop_operator_3.py
[2024-10-27T23:16:35.852+0000] {processor.py:925} INFO - DAG(s) 'example_branch_dop_operator_v3' retrieved from /home/airflow/.local/lib/python3.12/site-packages/airflow/example_dags/example_branch_python_dop_operator_3.py
[2024-10-27T23:16:35.860+0000] {logging_mixin.py:190} INFO - [2024-10-27T23:16:35.859+0000] {dag.py:3239} INFO - Sync 1 DAGs
[2024-10-27T23:16:35.869+0000] {logging_mixin.py:190} INFO - [2024-10-27T23:16:35.869+0000] {dag.py:4180} INFO - Setting next_dagrun for example_branch_dop_operator_v3 to 2024-10-27 23:15:00+00:00, run_after=2024-10-27 23:16:00+00:00
[2024-10-27T23:16:35.875+0000] {processor.py:208} INFO - Processing /home/airflow/.local/lib/python3.12/site-packages/airflow/example_dags/example_branch_python_dop_operator_3.py took 0.030 seconds
[2024-10-27T23:17:06.550+0000] {processor.py:186} INFO - Started process (PID=238) to work on /home/airflow/.local/lib/python3.12/site-packages/airflow/example_dags/example_branch_python_dop_operator_3.py
[2024-10-27T23:17:06.552+0000] {processor.py:914} INFO - Processing file /home/airflow/.local/lib/python3.12/site-packages/airflow/example_dags/example_branch_python_dop_operator_3.py for tasks to queue
[2024-10-27T23:17:06.553+0000] {logging_mixin.py:190} INFO - [2024-10-27T23:17:06.553+0000] {dagbag.py:588} INFO - Filling up the DagBag from /home/airflow/.local/lib/python3.12/site-packages/airflow/example_dags/example_branch_python_dop_operator_3.py
[2024-10-27T23:17:06.557+0000] {processor.py:925} INFO - DAG(s) 'example_branch_dop_operator_v3' retrieved from /home/airflow/.local/lib/python3.12/site-packages/airflow/example_dags/example_branch_python_dop_operator_3.py
[2024-10-27T23:17:06.566+0000] {logging_mixin.py:190} INFO - [2024-10-27T23:17:06.566+0000] {dag.py:3239} INFO - Sync 1 DAGs
[2024-10-27T23:17:06.574+0000] {logging_mixin.py:190} INFO - [2024-10-27T23:17:06.574+0000] {dag.py:4180} INFO - Setting next_dagrun for example_branch_dop_operator_v3 to 2024-10-27 23:16:00+00:00, run_after=2024-10-27 23:17:00+00:00
[2024-10-27T23:17:06.580+0000] {processor.py:208} INFO - Processing /home/airflow/.local/lib/python3.12/site-packages/airflow/example_dags/example_branch_python_dop_operator_3.py took 0.032 seconds
[2024-10-27T23:17:37.373+0000] {processor.py:186} INFO - Started process (PID=301) to work on /home/airflow/.local/lib/python3.12/site-packages/airflow/example_dags/example_branch_python_dop_operator_3.py
[2024-10-27T23:17:37.375+0000] {processor.py:914} INFO - Processing file /home/airflow/.local/lib/python3.12/site-packages/airflow/example_dags/example_branch_python_dop_operator_3.py for tasks to queue
[2024-10-27T23:17:37.376+0000] {logging_mixin.py:190} INFO - [2024-10-27T23:17:37.376+0000] {dagbag.py:588} INFO - Filling up the DagBag from /home/airflow/.local/lib/python3.12/site-packages/airflow/example_dags/example_branch_python_dop_operator_3.py
[2024-10-27T23:17:37.380+0000] {processor.py:925} INFO - DAG(s) 'example_branch_dop_operator_v3' retrieved from /home/airflow/.local/lib/python3.12/site-packages/airflow/example_dags/example_branch_python_dop_operator_3.py
[2024-10-27T23:17:37.388+0000] {logging_mixin.py:190} INFO - [2024-10-27T23:17:37.388+0000] {dag.py:3239} INFO - Sync 1 DAGs
[2024-10-27T23:17:37.397+0000] {logging_mixin.py:190} INFO - [2024-10-27T23:17:37.397+0000] {dag.py:4180} INFO - Setting next_dagrun for example_branch_dop_operator_v3 to 2024-10-27 23:16:00+00:00, run_after=2024-10-27 23:17:00+00:00
[2024-10-27T23:17:37.402+0000] {processor.py:208} INFO - Processing /home/airflow/.local/lib/python3.12/site-packages/airflow/example_dags/example_branch_python_dop_operator_3.py took 0.032 seconds
[2024-10-27T23:18:08.143+0000] {processor.py:186} INFO - Started process (PID=364) to work on /home/airflow/.local/lib/python3.12/site-packages/airflow/example_dags/example_branch_python_dop_operator_3.py
[2024-10-27T23:18:08.145+0000] {processor.py:914} INFO - Processing file /home/airflow/.local/lib/python3.12/site-packages/airflow/example_dags/example_branch_python_dop_operator_3.py for tasks to queue
[2024-10-27T23:18:08.146+0000] {logging_mixin.py:190} INFO - [2024-10-27T23:18:08.146+0000] {dagbag.py:588} INFO - Filling up the DagBag from /home/airflow/.local/lib/python3.12/site-packages/airflow/example_dags/example_branch_python_dop_operator_3.py
[2024-10-27T23:18:08.150+0000] {processor.py:925} INFO - DAG(s) 'example_branch_dop_operator_v3' retrieved from /home/airflow/.local/lib/python3.12/site-packages/airflow/example_dags/example_branch_python_dop_operator_3.py
[2024-10-27T23:18:08.158+0000] {logging_mixin.py:190} INFO - [2024-10-27T23:18:08.158+0000] {dag.py:3239} INFO - Sync 1 DAGs
[2024-10-27T23:18:08.167+0000] {logging_mixin.py:190} INFO - [2024-10-27T23:18:08.167+0000] {dag.py:4180} INFO - Setting next_dagrun for example_branch_dop_operator_v3 to 2024-10-27 23:17:00+00:00, run_after=2024-10-27 23:18:00+00:00
[2024-10-27T23:18:08.173+0000] {processor.py:208} INFO - Processing /home/airflow/.local/lib/python3.12/site-packages/airflow/example_dags/example_branch_python_dop_operator_3.py took 0.032 seconds
[2024-10-27T23:18:38.887+0000] {processor.py:186} INFO - Started process (PID=427) to work on /home/airflow/.local/lib/python3.12/site-packages/airflow/example_dags/example_branch_python_dop_operator_3.py
[2024-10-27T23:18:38.890+0000] {processor.py:914} INFO - Processing file /home/airflow/.local/lib/python3.12/site-packages/airflow/example_dags/example_branch_python_dop_operator_3.py for tasks to queue
[2024-10-27T23:18:38.891+0000] {logging_mixin.py:190} INFO - [2024-10-27T23:18:38.891+0000] {dagbag.py:588} INFO - Filling up the DagBag from /home/airflow/.local/lib/python3.12/site-packages/airflow/example_dags/example_branch_python_dop_operator_3.py
[2024-10-27T23:18:38.896+0000] {processor.py:925} INFO - DAG(s) 'example_branch_dop_operator_v3' retrieved from /home/airflow/.local/lib/python3.12/site-packages/airflow/example_dags/example_branch_python_dop_operator_3.py
[2024-10-27T23:18:38.905+0000] {logging_mixin.py:190} INFO - [2024-10-27T23:18:38.905+0000] {dag.py:3239} INFO - Sync 1 DAGs
[2024-10-27T23:18:38.915+0000] {logging_mixin.py:190} INFO - [2024-10-27T23:18:38.915+0000] {dag.py:4180} INFO - Setting next_dagrun for example_branch_dop_operator_v3 to 2024-10-27 23:17:00+00:00, run_after=2024-10-27 23:18:00+00:00
[2024-10-27T23:18:38.926+0000] {processor.py:208} INFO - Processing /home/airflow/.local/lib/python3.12/site-packages/airflow/example_dags/example_branch_python_dop_operator_3.py took 0.040 seconds
[2024-10-27T23:19:09.927+0000] {processor.py:186} INFO - Started process (PID=496) to work on /home/airflow/.local/lib/python3.12/site-packages/airflow/example_dags/example_branch_python_dop_operator_3.py
[2024-10-27T23:19:09.927+0000] {processor.py:914} INFO - Processing file /home/airflow/.local/lib/python3.12/site-packages/airflow/example_dags/example_branch_python_dop_operator_3.py for tasks to queue
[2024-10-27T23:19:09.928+0000] {logging_mixin.py:190} INFO - [2024-10-27T23:19:09.928+0000] {dagbag.py:588} INFO - Filling up the DagBag from /home/airflow/.local/lib/python3.12/site-packages/airflow/example_dags/example_branch_python_dop_operator_3.py
[2024-10-27T23:19:09.933+0000] {processor.py:925} INFO - DAG(s) 'example_branch_dop_operator_v3' retrieved from /home/airflow/.local/lib/python3.12/site-packages/airflow/example_dags/example_branch_python_dop_operator_3.py
[2024-10-27T23:19:09.944+0000] {logging_mixin.py:190} INFO - [2024-10-27T23:19:09.944+0000] {dag.py:3239} INFO - Sync 1 DAGs
[2024-10-27T23:19:09.954+0000] {logging_mixin.py:190} INFO - [2024-10-27T23:19:09.954+0000] {dag.py:4180} INFO - Setting next_dagrun for example_branch_dop_operator_v3 to 2024-10-27 23:18:00+00:00, run_after=2024-10-27 23:19:00+00:00
[2024-10-27T23:19:09.962+0000] {processor.py:208} INFO - Processing /home/airflow/.local/lib/python3.12/site-packages/airflow/example_dags/example_branch_python_dop_operator_3.py took 0.037 seconds
