[2024-10-27T23:11:29.431+0000] {processor.py:186} INFO - Started process (PID=83) to work on /home/airflow/.local/lib/python3.12/site-packages/airflow/example_dags/example_task_group.py
[2024-10-27T23:11:29.432+0000] {processor.py:914} INFO - Processing file /home/airflow/.local/lib/python3.12/site-packages/airflow/example_dags/example_task_group.py for tasks to queue
[2024-10-27T23:11:29.434+0000] {logging_mixin.py:190} INFO - [2024-10-27T23:11:29.434+0000] {dagbag.py:588} INFO - Filling up the DagBag from /home/airflow/.local/lib/python3.12/site-packages/airflow/example_dags/example_task_group.py
[2024-10-27T23:11:29.439+0000] {processor.py:925} INFO - DAG(s) 'example_task_group' retrieved from /home/airflow/.local/lib/python3.12/site-packages/airflow/example_dags/example_task_group.py
[2024-10-27T23:11:29.459+0000] {logging_mixin.py:190} INFO - [2024-10-27T23:11:29.459+0000] {dag.py:3239} INFO - Sync 1 DAGs
[2024-10-27T23:11:29.467+0000] {logging_mixin.py:190} INFO - [2024-10-27T23:11:29.467+0000] {dag.py:4180} INFO - Setting next_dagrun for example_task_group to None, run_after=None
[2024-10-27T23:11:29.478+0000] {processor.py:208} INFO - Processing /home/airflow/.local/lib/python3.12/site-packages/airflow/example_dags/example_task_group.py took 0.050 seconds
[2024-10-27T23:12:00.499+0000] {processor.py:186} INFO - Started process (PID=146) to work on /home/airflow/.local/lib/python3.12/site-packages/airflow/example_dags/example_task_group.py
[2024-10-27T23:12:00.499+0000] {processor.py:914} INFO - Processing file /home/airflow/.local/lib/python3.12/site-packages/airflow/example_dags/example_task_group.py for tasks to queue
[2024-10-27T23:12:00.501+0000] {logging_mixin.py:190} INFO - [2024-10-27T23:12:00.501+0000] {dagbag.py:588} INFO - Filling up the DagBag from /home/airflow/.local/lib/python3.12/site-packages/airflow/example_dags/example_task_group.py
[2024-10-27T23:12:00.505+0000] {processor.py:925} INFO - DAG(s) 'example_task_group' retrieved from /home/airflow/.local/lib/python3.12/site-packages/airflow/example_dags/example_task_group.py
[2024-10-27T23:12:00.519+0000] {logging_mixin.py:190} INFO - [2024-10-27T23:12:00.519+0000] {dag.py:3239} INFO - Sync 1 DAGs
[2024-10-27T23:12:00.525+0000] {logging_mixin.py:190} INFO - [2024-10-27T23:12:00.525+0000] {dag.py:4180} INFO - Setting next_dagrun for example_task_group to None, run_after=None
[2024-10-27T23:12:00.535+0000] {processor.py:208} INFO - Processing /home/airflow/.local/lib/python3.12/site-packages/airflow/example_dags/example_task_group.py took 0.039 seconds
[2024-10-27T23:12:31.343+0000] {processor.py:186} INFO - Started process (PID=215) to work on /home/airflow/.local/lib/python3.12/site-packages/airflow/example_dags/example_task_group.py
[2024-10-27T23:12:31.345+0000] {processor.py:914} INFO - Processing file /home/airflow/.local/lib/python3.12/site-packages/airflow/example_dags/example_task_group.py for tasks to queue
[2024-10-27T23:12:31.346+0000] {logging_mixin.py:190} INFO - [2024-10-27T23:12:31.346+0000] {dagbag.py:588} INFO - Filling up the DagBag from /home/airflow/.local/lib/python3.12/site-packages/airflow/example_dags/example_task_group.py
[2024-10-27T23:12:31.349+0000] {processor.py:925} INFO - DAG(s) 'example_task_group' retrieved from /home/airflow/.local/lib/python3.12/site-packages/airflow/example_dags/example_task_group.py
[2024-10-27T23:12:31.359+0000] {logging_mixin.py:190} INFO - [2024-10-27T23:12:31.359+0000] {dag.py:3239} INFO - Sync 1 DAGs
[2024-10-27T23:12:31.364+0000] {logging_mixin.py:190} INFO - [2024-10-27T23:12:31.364+0000] {dag.py:4180} INFO - Setting next_dagrun for example_task_group to None, run_after=None
[2024-10-27T23:12:31.375+0000] {processor.py:208} INFO - Processing /home/airflow/.local/lib/python3.12/site-packages/airflow/example_dags/example_task_group.py took 0.034 seconds
[2024-10-27T23:13:02.296+0000] {processor.py:186} INFO - Started process (PID=278) to work on /home/airflow/.local/lib/python3.12/site-packages/airflow/example_dags/example_task_group.py
[2024-10-27T23:13:02.297+0000] {processor.py:914} INFO - Processing file /home/airflow/.local/lib/python3.12/site-packages/airflow/example_dags/example_task_group.py for tasks to queue
[2024-10-27T23:13:02.298+0000] {logging_mixin.py:190} INFO - [2024-10-27T23:13:02.298+0000] {dagbag.py:588} INFO - Filling up the DagBag from /home/airflow/.local/lib/python3.12/site-packages/airflow/example_dags/example_task_group.py
[2024-10-27T23:13:02.302+0000] {processor.py:925} INFO - DAG(s) 'example_task_group' retrieved from /home/airflow/.local/lib/python3.12/site-packages/airflow/example_dags/example_task_group.py
[2024-10-27T23:13:02.313+0000] {logging_mixin.py:190} INFO - [2024-10-27T23:13:02.312+0000] {dag.py:3239} INFO - Sync 1 DAGs
[2024-10-27T23:13:02.319+0000] {logging_mixin.py:190} INFO - [2024-10-27T23:13:02.319+0000] {dag.py:4180} INFO - Setting next_dagrun for example_task_group to None, run_after=None
[2024-10-27T23:13:02.329+0000] {processor.py:208} INFO - Processing /home/airflow/.local/lib/python3.12/site-packages/airflow/example_dags/example_task_group.py took 0.035 seconds
[2024-10-27T23:13:33.116+0000] {processor.py:186} INFO - Started process (PID=341) to work on /home/airflow/.local/lib/python3.12/site-packages/airflow/example_dags/example_task_group.py
[2024-10-27T23:13:33.117+0000] {processor.py:914} INFO - Processing file /home/airflow/.local/lib/python3.12/site-packages/airflow/example_dags/example_task_group.py for tasks to queue
[2024-10-27T23:13:33.118+0000] {logging_mixin.py:190} INFO - [2024-10-27T23:13:33.118+0000] {dagbag.py:588} INFO - Filling up the DagBag from /home/airflow/.local/lib/python3.12/site-packages/airflow/example_dags/example_task_group.py
[2024-10-27T23:13:33.121+0000] {processor.py:925} INFO - DAG(s) 'example_task_group' retrieved from /home/airflow/.local/lib/python3.12/site-packages/airflow/example_dags/example_task_group.py
[2024-10-27T23:13:33.129+0000] {logging_mixin.py:190} INFO - [2024-10-27T23:13:33.129+0000] {dag.py:3239} INFO - Sync 1 DAGs
[2024-10-27T23:13:33.135+0000] {logging_mixin.py:190} INFO - [2024-10-27T23:13:33.135+0000] {dag.py:4180} INFO - Setting next_dagrun for example_task_group to None, run_after=None
[2024-10-27T23:13:33.145+0000] {processor.py:208} INFO - Processing /home/airflow/.local/lib/python3.12/site-packages/airflow/example_dags/example_task_group.py took 0.031 seconds
[2024-10-27T23:14:03.896+0000] {processor.py:186} INFO - Started process (PID=404) to work on /home/airflow/.local/lib/python3.12/site-packages/airflow/example_dags/example_task_group.py
[2024-10-27T23:14:03.896+0000] {processor.py:914} INFO - Processing file /home/airflow/.local/lib/python3.12/site-packages/airflow/example_dags/example_task_group.py for tasks to queue
[2024-10-27T23:14:03.897+0000] {logging_mixin.py:190} INFO - [2024-10-27T23:14:03.897+0000] {dagbag.py:588} INFO - Filling up the DagBag from /home/airflow/.local/lib/python3.12/site-packages/airflow/example_dags/example_task_group.py
[2024-10-27T23:14:03.900+0000] {processor.py:925} INFO - DAG(s) 'example_task_group' retrieved from /home/airflow/.local/lib/python3.12/site-packages/airflow/example_dags/example_task_group.py
[2024-10-27T23:14:03.909+0000] {logging_mixin.py:190} INFO - [2024-10-27T23:14:03.909+0000] {dag.py:3239} INFO - Sync 1 DAGs
[2024-10-27T23:14:03.914+0000] {logging_mixin.py:190} INFO - [2024-10-27T23:14:03.914+0000] {dag.py:4180} INFO - Setting next_dagrun for example_task_group to None, run_after=None
[2024-10-27T23:14:03.926+0000] {processor.py:208} INFO - Processing /home/airflow/.local/lib/python3.12/site-packages/airflow/example_dags/example_task_group.py took 0.033 seconds
[2024-10-27T23:14:34.747+0000] {processor.py:186} INFO - Started process (PID=467) to work on /home/airflow/.local/lib/python3.12/site-packages/airflow/example_dags/example_task_group.py
[2024-10-27T23:14:34.748+0000] {processor.py:914} INFO - Processing file /home/airflow/.local/lib/python3.12/site-packages/airflow/example_dags/example_task_group.py for tasks to queue
[2024-10-27T23:14:34.749+0000] {logging_mixin.py:190} INFO - [2024-10-27T23:14:34.749+0000] {dagbag.py:588} INFO - Filling up the DagBag from /home/airflow/.local/lib/python3.12/site-packages/airflow/example_dags/example_task_group.py
[2024-10-27T23:14:34.752+0000] {processor.py:925} INFO - DAG(s) 'example_task_group' retrieved from /home/airflow/.local/lib/python3.12/site-packages/airflow/example_dags/example_task_group.py
[2024-10-27T23:14:34.764+0000] {logging_mixin.py:190} INFO - [2024-10-27T23:14:34.763+0000] {dag.py:3239} INFO - Sync 1 DAGs
[2024-10-27T23:14:34.770+0000] {logging_mixin.py:190} INFO - [2024-10-27T23:14:34.770+0000] {dag.py:4180} INFO - Setting next_dagrun for example_task_group to None, run_after=None
[2024-10-27T23:14:34.779+0000] {processor.py:208} INFO - Processing /home/airflow/.local/lib/python3.12/site-packages/airflow/example_dags/example_task_group.py took 0.034 seconds
[2024-10-27T23:15:36.070+0000] {processor.py:186} INFO - Started process (PID=84) to work on /home/airflow/.local/lib/python3.12/site-packages/airflow/example_dags/example_task_group.py
[2024-10-27T23:15:36.071+0000] {processor.py:914} INFO - Processing file /home/airflow/.local/lib/python3.12/site-packages/airflow/example_dags/example_task_group.py for tasks to queue
[2024-10-27T23:15:36.072+0000] {logging_mixin.py:190} INFO - [2024-10-27T23:15:36.072+0000] {dagbag.py:588} INFO - Filling up the DagBag from /home/airflow/.local/lib/python3.12/site-packages/airflow/example_dags/example_task_group.py
[2024-10-27T23:15:36.076+0000] {processor.py:925} INFO - DAG(s) 'example_task_group' retrieved from /home/airflow/.local/lib/python3.12/site-packages/airflow/example_dags/example_task_group.py
[2024-10-27T23:15:36.091+0000] {logging_mixin.py:190} INFO - [2024-10-27T23:15:36.091+0000] {dag.py:3239} INFO - Sync 1 DAGs
[2024-10-27T23:15:36.099+0000] {logging_mixin.py:190} INFO - [2024-10-27T23:15:36.099+0000] {dag.py:4180} INFO - Setting next_dagrun for example_task_group to None, run_after=None
[2024-10-27T23:15:36.112+0000] {processor.py:208} INFO - Processing /home/airflow/.local/lib/python3.12/site-packages/airflow/example_dags/example_task_group.py took 0.046 seconds
[2024-10-27T23:16:07.109+0000] {processor.py:186} INFO - Started process (PID=147) to work on /home/airflow/.local/lib/python3.12/site-packages/airflow/example_dags/example_task_group.py
[2024-10-27T23:16:07.111+0000] {processor.py:914} INFO - Processing file /home/airflow/.local/lib/python3.12/site-packages/airflow/example_dags/example_task_group.py for tasks to queue
[2024-10-27T23:16:07.114+0000] {logging_mixin.py:190} INFO - [2024-10-27T23:16:07.114+0000] {dagbag.py:588} INFO - Filling up the DagBag from /home/airflow/.local/lib/python3.12/site-packages/airflow/example_dags/example_task_group.py
[2024-10-27T23:16:07.134+0000] {processor.py:925} INFO - DAG(s) 'example_task_group' retrieved from /home/airflow/.local/lib/python3.12/site-packages/airflow/example_dags/example_task_group.py
[2024-10-27T23:16:07.144+0000] {logging_mixin.py:190} INFO - [2024-10-27T23:16:07.144+0000] {dag.py:3239} INFO - Sync 1 DAGs
[2024-10-27T23:16:07.150+0000] {logging_mixin.py:190} INFO - [2024-10-27T23:16:07.150+0000] {dag.py:4180} INFO - Setting next_dagrun for example_task_group to None, run_after=None
[2024-10-27T23:16:07.158+0000] {processor.py:208} INFO - Processing /home/airflow/.local/lib/python3.12/site-packages/airflow/example_dags/example_task_group.py took 0.061 seconds
[2024-10-27T23:16:37.848+0000] {processor.py:186} INFO - Started process (PID=210) to work on /home/airflow/.local/lib/python3.12/site-packages/airflow/example_dags/example_task_group.py
[2024-10-27T23:16:37.849+0000] {processor.py:914} INFO - Processing file /home/airflow/.local/lib/python3.12/site-packages/airflow/example_dags/example_task_group.py for tasks to queue
[2024-10-27T23:16:37.850+0000] {logging_mixin.py:190} INFO - [2024-10-27T23:16:37.850+0000] {dagbag.py:588} INFO - Filling up the DagBag from /home/airflow/.local/lib/python3.12/site-packages/airflow/example_dags/example_task_group.py
[2024-10-27T23:16:37.853+0000] {processor.py:925} INFO - DAG(s) 'example_task_group' retrieved from /home/airflow/.local/lib/python3.12/site-packages/airflow/example_dags/example_task_group.py
[2024-10-27T23:16:37.864+0000] {logging_mixin.py:190} INFO - [2024-10-27T23:16:37.864+0000] {dag.py:3239} INFO - Sync 1 DAGs
[2024-10-27T23:16:37.869+0000] {logging_mixin.py:190} INFO - [2024-10-27T23:16:37.869+0000] {dag.py:4180} INFO - Setting next_dagrun for example_task_group to None, run_after=None
[2024-10-27T23:16:37.875+0000] {processor.py:208} INFO - Processing /home/airflow/.local/lib/python3.12/site-packages/airflow/example_dags/example_task_group.py took 0.029 seconds
[2024-10-27T23:17:08.536+0000] {processor.py:186} INFO - Started process (PID=273) to work on /home/airflow/.local/lib/python3.12/site-packages/airflow/example_dags/example_task_group.py
[2024-10-27T23:17:08.536+0000] {processor.py:914} INFO - Processing file /home/airflow/.local/lib/python3.12/site-packages/airflow/example_dags/example_task_group.py for tasks to queue
[2024-10-27T23:17:08.537+0000] {logging_mixin.py:190} INFO - [2024-10-27T23:17:08.537+0000] {dagbag.py:588} INFO - Filling up the DagBag from /home/airflow/.local/lib/python3.12/site-packages/airflow/example_dags/example_task_group.py
[2024-10-27T23:17:08.541+0000] {processor.py:925} INFO - DAG(s) 'example_task_group' retrieved from /home/airflow/.local/lib/python3.12/site-packages/airflow/example_dags/example_task_group.py
[2024-10-27T23:17:08.548+0000] {logging_mixin.py:190} INFO - [2024-10-27T23:17:08.548+0000] {dag.py:3239} INFO - Sync 1 DAGs
[2024-10-27T23:17:08.554+0000] {logging_mixin.py:190} INFO - [2024-10-27T23:17:08.553+0000] {dag.py:4180} INFO - Setting next_dagrun for example_task_group to None, run_after=None
[2024-10-27T23:17:08.561+0000] {processor.py:208} INFO - Processing /home/airflow/.local/lib/python3.12/site-packages/airflow/example_dags/example_task_group.py took 0.027 seconds
[2024-10-27T23:17:39.387+0000] {processor.py:186} INFO - Started process (PID=342) to work on /home/airflow/.local/lib/python3.12/site-packages/airflow/example_dags/example_task_group.py
[2024-10-27T23:17:39.389+0000] {processor.py:914} INFO - Processing file /home/airflow/.local/lib/python3.12/site-packages/airflow/example_dags/example_task_group.py for tasks to queue
[2024-10-27T23:17:39.390+0000] {logging_mixin.py:190} INFO - [2024-10-27T23:17:39.390+0000] {dagbag.py:588} INFO - Filling up the DagBag from /home/airflow/.local/lib/python3.12/site-packages/airflow/example_dags/example_task_group.py
[2024-10-27T23:17:39.394+0000] {processor.py:925} INFO - DAG(s) 'example_task_group' retrieved from /home/airflow/.local/lib/python3.12/site-packages/airflow/example_dags/example_task_group.py
[2024-10-27T23:17:39.406+0000] {logging_mixin.py:190} INFO - [2024-10-27T23:17:39.406+0000] {dag.py:3239} INFO - Sync 1 DAGs
[2024-10-27T23:17:39.412+0000] {logging_mixin.py:190} INFO - [2024-10-27T23:17:39.412+0000] {dag.py:4180} INFO - Setting next_dagrun for example_task_group to None, run_after=None
[2024-10-27T23:17:39.421+0000] {processor.py:208} INFO - Processing /home/airflow/.local/lib/python3.12/site-packages/airflow/example_dags/example_task_group.py took 0.035 seconds
[2024-10-27T23:18:10.102+0000] {processor.py:186} INFO - Started process (PID=405) to work on /home/airflow/.local/lib/python3.12/site-packages/airflow/example_dags/example_task_group.py
[2024-10-27T23:18:10.103+0000] {processor.py:914} INFO - Processing file /home/airflow/.local/lib/python3.12/site-packages/airflow/example_dags/example_task_group.py for tasks to queue
[2024-10-27T23:18:10.104+0000] {logging_mixin.py:190} INFO - [2024-10-27T23:18:10.104+0000] {dagbag.py:588} INFO - Filling up the DagBag from /home/airflow/.local/lib/python3.12/site-packages/airflow/example_dags/example_task_group.py
[2024-10-27T23:18:10.108+0000] {processor.py:925} INFO - DAG(s) 'example_task_group' retrieved from /home/airflow/.local/lib/python3.12/site-packages/airflow/example_dags/example_task_group.py
[2024-10-27T23:18:10.117+0000] {logging_mixin.py:190} INFO - [2024-10-27T23:18:10.117+0000] {dag.py:3239} INFO - Sync 1 DAGs
[2024-10-27T23:18:10.123+0000] {logging_mixin.py:190} INFO - [2024-10-27T23:18:10.123+0000] {dag.py:4180} INFO - Setting next_dagrun for example_task_group to None, run_after=None
[2024-10-27T23:18:10.131+0000] {processor.py:208} INFO - Processing /home/airflow/.local/lib/python3.12/site-packages/airflow/example_dags/example_task_group.py took 0.032 seconds
[2024-10-27T23:18:40.939+0000] {processor.py:186} INFO - Started process (PID=468) to work on /home/airflow/.local/lib/python3.12/site-packages/airflow/example_dags/example_task_group.py
[2024-10-27T23:18:40.940+0000] {processor.py:914} INFO - Processing file /home/airflow/.local/lib/python3.12/site-packages/airflow/example_dags/example_task_group.py for tasks to queue
[2024-10-27T23:18:40.942+0000] {logging_mixin.py:190} INFO - [2024-10-27T23:18:40.942+0000] {dagbag.py:588} INFO - Filling up the DagBag from /home/airflow/.local/lib/python3.12/site-packages/airflow/example_dags/example_task_group.py
[2024-10-27T23:18:40.946+0000] {processor.py:925} INFO - DAG(s) 'example_task_group' retrieved from /home/airflow/.local/lib/python3.12/site-packages/airflow/example_dags/example_task_group.py
[2024-10-27T23:18:40.956+0000] {logging_mixin.py:190} INFO - [2024-10-27T23:18:40.956+0000] {dag.py:3239} INFO - Sync 1 DAGs
[2024-10-27T23:18:40.962+0000] {logging_mixin.py:190} INFO - [2024-10-27T23:18:40.962+0000] {dag.py:4180} INFO - Setting next_dagrun for example_task_group to None, run_after=None
[2024-10-27T23:18:40.970+0000] {processor.py:208} INFO - Processing /home/airflow/.local/lib/python3.12/site-packages/airflow/example_dags/example_task_group.py took 0.032 seconds
[2024-10-27T23:19:11.087+0000] {processor.py:186} INFO - Started process (PID=531) to work on /home/airflow/.local/lib/python3.12/site-packages/airflow/example_dags/example_task_group.py
[2024-10-27T23:19:11.088+0000] {processor.py:914} INFO - Processing file /home/airflow/.local/lib/python3.12/site-packages/airflow/example_dags/example_task_group.py for tasks to queue
[2024-10-27T23:19:11.088+0000] {logging_mixin.py:190} INFO - [2024-10-27T23:19:11.088+0000] {dagbag.py:588} INFO - Filling up the DagBag from /home/airflow/.local/lib/python3.12/site-packages/airflow/example_dags/example_task_group.py
[2024-10-27T23:19:11.094+0000] {processor.py:925} INFO - DAG(s) 'example_task_group' retrieved from /home/airflow/.local/lib/python3.12/site-packages/airflow/example_dags/example_task_group.py
[2024-10-27T23:19:11.102+0000] {logging_mixin.py:190} INFO - [2024-10-27T23:19:11.102+0000] {dag.py:3239} INFO - Sync 1 DAGs
[2024-10-27T23:19:11.108+0000] {logging_mixin.py:190} INFO - [2024-10-27T23:19:11.108+0000] {dag.py:4180} INFO - Setting next_dagrun for example_task_group to None, run_after=None
[2024-10-27T23:19:11.115+0000] {processor.py:208} INFO - Processing /home/airflow/.local/lib/python3.12/site-packages/airflow/example_dags/example_task_group.py took 0.031 seconds
