[2024-10-27T23:11:27.456+0000] {processor.py:186} INFO - Started process (PID=44) to work on /home/airflow/.local/lib/python3.12/site-packages/airflow/example_dags/example_dynamic_task_mapping.py
[2024-10-27T23:11:27.457+0000] {processor.py:914} INFO - Processing file /home/airflow/.local/lib/python3.12/site-packages/airflow/example_dags/example_dynamic_task_mapping.py for tasks to queue
[2024-10-27T23:11:27.459+0000] {logging_mixin.py:190} INFO - [2024-10-27T23:11:27.459+0000] {dagbag.py:588} INFO - Filling up the DagBag from /home/airflow/.local/lib/python3.12/site-packages/airflow/example_dags/example_dynamic_task_mapping.py
[2024-10-27T23:11:27.471+0000] {processor.py:925} INFO - DAG(s) 'example_dynamic_task_mapping' retrieved from /home/airflow/.local/lib/python3.12/site-packages/airflow/example_dags/example_dynamic_task_mapping.py
[2024-10-27T23:11:27.491+0000] {logging_mixin.py:190} INFO - [2024-10-27T23:11:27.491+0000] {dag.py:3239} INFO - Sync 1 DAGs
[2024-10-27T23:11:27.509+0000] {logging_mixin.py:190} INFO - [2024-10-27T23:11:27.509+0000] {dag.py:4180} INFO - Setting next_dagrun for example_dynamic_task_mapping to None, run_after=None
[2024-10-27T23:11:27.521+0000] {processor.py:208} INFO - Processing /home/airflow/.local/lib/python3.12/site-packages/airflow/example_dags/example_dynamic_task_mapping.py took 0.070 seconds
[2024-10-27T23:11:58.316+0000] {processor.py:186} INFO - Started process (PID=107) to work on /home/airflow/.local/lib/python3.12/site-packages/airflow/example_dags/example_dynamic_task_mapping.py
[2024-10-27T23:11:58.318+0000] {processor.py:914} INFO - Processing file /home/airflow/.local/lib/python3.12/site-packages/airflow/example_dags/example_dynamic_task_mapping.py for tasks to queue
[2024-10-27T23:11:58.320+0000] {logging_mixin.py:190} INFO - [2024-10-27T23:11:58.319+0000] {dagbag.py:588} INFO - Filling up the DagBag from /home/airflow/.local/lib/python3.12/site-packages/airflow/example_dags/example_dynamic_task_mapping.py
[2024-10-27T23:11:58.326+0000] {processor.py:925} INFO - DAG(s) 'example_dynamic_task_mapping' retrieved from /home/airflow/.local/lib/python3.12/site-packages/airflow/example_dags/example_dynamic_task_mapping.py
[2024-10-27T23:11:58.338+0000] {logging_mixin.py:190} INFO - [2024-10-27T23:11:58.338+0000] {dag.py:3239} INFO - Sync 1 DAGs
[2024-10-27T23:11:58.345+0000] {logging_mixin.py:190} INFO - [2024-10-27T23:11:58.344+0000] {dag.py:4180} INFO - Setting next_dagrun for example_dynamic_task_mapping to None, run_after=None
[2024-10-27T23:11:58.358+0000] {processor.py:208} INFO - Processing /home/airflow/.local/lib/python3.12/site-packages/airflow/example_dags/example_dynamic_task_mapping.py took 0.045 seconds
[2024-10-27T23:12:29.245+0000] {processor.py:186} INFO - Started process (PID=170) to work on /home/airflow/.local/lib/python3.12/site-packages/airflow/example_dags/example_dynamic_task_mapping.py
[2024-10-27T23:12:29.245+0000] {processor.py:914} INFO - Processing file /home/airflow/.local/lib/python3.12/site-packages/airflow/example_dags/example_dynamic_task_mapping.py for tasks to queue
[2024-10-27T23:12:29.246+0000] {logging_mixin.py:190} INFO - [2024-10-27T23:12:29.246+0000] {dagbag.py:588} INFO - Filling up the DagBag from /home/airflow/.local/lib/python3.12/site-packages/airflow/example_dags/example_dynamic_task_mapping.py
[2024-10-27T23:12:29.250+0000] {processor.py:925} INFO - DAG(s) 'example_dynamic_task_mapping' retrieved from /home/airflow/.local/lib/python3.12/site-packages/airflow/example_dags/example_dynamic_task_mapping.py
[2024-10-27T23:12:29.259+0000] {logging_mixin.py:190} INFO - [2024-10-27T23:12:29.259+0000] {dag.py:3239} INFO - Sync 1 DAGs
[2024-10-27T23:12:29.265+0000] {logging_mixin.py:190} INFO - [2024-10-27T23:12:29.265+0000] {dag.py:4180} INFO - Setting next_dagrun for example_dynamic_task_mapping to None, run_after=None
[2024-10-27T23:12:29.277+0000] {processor.py:208} INFO - Processing /home/airflow/.local/lib/python3.12/site-packages/airflow/example_dags/example_dynamic_task_mapping.py took 0.035 seconds
[2024-10-27T23:13:00.108+0000] {processor.py:186} INFO - Started process (PID=233) to work on /home/airflow/.local/lib/python3.12/site-packages/airflow/example_dags/example_dynamic_task_mapping.py
[2024-10-27T23:13:00.108+0000] {processor.py:914} INFO - Processing file /home/airflow/.local/lib/python3.12/site-packages/airflow/example_dags/example_dynamic_task_mapping.py for tasks to queue
[2024-10-27T23:13:00.110+0000] {logging_mixin.py:190} INFO - [2024-10-27T23:13:00.110+0000] {dagbag.py:588} INFO - Filling up the DagBag from /home/airflow/.local/lib/python3.12/site-packages/airflow/example_dags/example_dynamic_task_mapping.py
[2024-10-27T23:13:00.117+0000] {processor.py:925} INFO - DAG(s) 'example_dynamic_task_mapping' retrieved from /home/airflow/.local/lib/python3.12/site-packages/airflow/example_dags/example_dynamic_task_mapping.py
[2024-10-27T23:13:00.130+0000] {logging_mixin.py:190} INFO - [2024-10-27T23:13:00.129+0000] {dag.py:3239} INFO - Sync 1 DAGs
[2024-10-27T23:13:00.137+0000] {logging_mixin.py:190} INFO - [2024-10-27T23:13:00.137+0000] {dag.py:4180} INFO - Setting next_dagrun for example_dynamic_task_mapping to None, run_after=None
[2024-10-27T23:13:00.150+0000] {processor.py:208} INFO - Processing /home/airflow/.local/lib/python3.12/site-packages/airflow/example_dags/example_dynamic_task_mapping.py took 0.049 seconds
[2024-10-27T23:13:30.959+0000] {processor.py:186} INFO - Started process (PID=296) to work on /home/airflow/.local/lib/python3.12/site-packages/airflow/example_dags/example_dynamic_task_mapping.py
[2024-10-27T23:13:30.960+0000] {processor.py:914} INFO - Processing file /home/airflow/.local/lib/python3.12/site-packages/airflow/example_dags/example_dynamic_task_mapping.py for tasks to queue
[2024-10-27T23:13:30.961+0000] {logging_mixin.py:190} INFO - [2024-10-27T23:13:30.961+0000] {dagbag.py:588} INFO - Filling up the DagBag from /home/airflow/.local/lib/python3.12/site-packages/airflow/example_dags/example_dynamic_task_mapping.py
[2024-10-27T23:13:30.965+0000] {processor.py:925} INFO - DAG(s) 'example_dynamic_task_mapping' retrieved from /home/airflow/.local/lib/python3.12/site-packages/airflow/example_dags/example_dynamic_task_mapping.py
[2024-10-27T23:13:30.975+0000] {logging_mixin.py:190} INFO - [2024-10-27T23:13:30.975+0000] {dag.py:3239} INFO - Sync 1 DAGs
[2024-10-27T23:13:30.981+0000] {logging_mixin.py:190} INFO - [2024-10-27T23:13:30.981+0000] {dag.py:4180} INFO - Setting next_dagrun for example_dynamic_task_mapping to None, run_after=None
[2024-10-27T23:13:30.991+0000] {processor.py:208} INFO - Processing /home/airflow/.local/lib/python3.12/site-packages/airflow/example_dags/example_dynamic_task_mapping.py took 0.034 seconds
[2024-10-27T23:14:01.819+0000] {processor.py:186} INFO - Started process (PID=365) to work on /home/airflow/.local/lib/python3.12/site-packages/airflow/example_dags/example_dynamic_task_mapping.py
[2024-10-27T23:14:01.822+0000] {processor.py:914} INFO - Processing file /home/airflow/.local/lib/python3.12/site-packages/airflow/example_dags/example_dynamic_task_mapping.py for tasks to queue
[2024-10-27T23:14:01.823+0000] {logging_mixin.py:190} INFO - [2024-10-27T23:14:01.822+0000] {dagbag.py:588} INFO - Filling up the DagBag from /home/airflow/.local/lib/python3.12/site-packages/airflow/example_dags/example_dynamic_task_mapping.py
[2024-10-27T23:14:01.826+0000] {processor.py:925} INFO - DAG(s) 'example_dynamic_task_mapping' retrieved from /home/airflow/.local/lib/python3.12/site-packages/airflow/example_dags/example_dynamic_task_mapping.py
[2024-10-27T23:14:01.834+0000] {logging_mixin.py:190} INFO - [2024-10-27T23:14:01.834+0000] {dag.py:3239} INFO - Sync 1 DAGs
[2024-10-27T23:14:01.841+0000] {logging_mixin.py:190} INFO - [2024-10-27T23:14:01.841+0000] {dag.py:4180} INFO - Setting next_dagrun for example_dynamic_task_mapping to None, run_after=None
[2024-10-27T23:14:01.849+0000] {processor.py:208} INFO - Processing /home/airflow/.local/lib/python3.12/site-packages/airflow/example_dags/example_dynamic_task_mapping.py took 0.033 seconds
[2024-10-27T23:14:32.548+0000] {processor.py:186} INFO - Started process (PID=428) to work on /home/airflow/.local/lib/python3.12/site-packages/airflow/example_dags/example_dynamic_task_mapping.py
[2024-10-27T23:14:32.549+0000] {processor.py:914} INFO - Processing file /home/airflow/.local/lib/python3.12/site-packages/airflow/example_dags/example_dynamic_task_mapping.py for tasks to queue
[2024-10-27T23:14:32.550+0000] {logging_mixin.py:190} INFO - [2024-10-27T23:14:32.550+0000] {dagbag.py:588} INFO - Filling up the DagBag from /home/airflow/.local/lib/python3.12/site-packages/airflow/example_dags/example_dynamic_task_mapping.py
[2024-10-27T23:14:32.554+0000] {processor.py:925} INFO - DAG(s) 'example_dynamic_task_mapping' retrieved from /home/airflow/.local/lib/python3.12/site-packages/airflow/example_dags/example_dynamic_task_mapping.py
[2024-10-27T23:14:32.567+0000] {logging_mixin.py:190} INFO - [2024-10-27T23:14:32.566+0000] {dag.py:3239} INFO - Sync 1 DAGs
[2024-10-27T23:14:32.572+0000] {logging_mixin.py:190} INFO - [2024-10-27T23:14:32.572+0000] {dag.py:4180} INFO - Setting next_dagrun for example_dynamic_task_mapping to None, run_after=None
[2024-10-27T23:14:32.583+0000] {processor.py:208} INFO - Processing /home/airflow/.local/lib/python3.12/site-packages/airflow/example_dags/example_dynamic_task_mapping.py took 0.037 seconds
[2024-10-27T23:15:34.389+0000] {processor.py:186} INFO - Started process (PID=45) to work on /home/airflow/.local/lib/python3.12/site-packages/airflow/example_dags/example_dynamic_task_mapping.py
[2024-10-27T23:15:34.396+0000] {processor.py:914} INFO - Processing file /home/airflow/.local/lib/python3.12/site-packages/airflow/example_dags/example_dynamic_task_mapping.py for tasks to queue
[2024-10-27T23:15:34.401+0000] {logging_mixin.py:190} INFO - [2024-10-27T23:15:34.400+0000] {dagbag.py:588} INFO - Filling up the DagBag from /home/airflow/.local/lib/python3.12/site-packages/airflow/example_dags/example_dynamic_task_mapping.py
[2024-10-27T23:15:34.414+0000] {processor.py:925} INFO - DAG(s) 'example_dynamic_task_mapping' retrieved from /home/airflow/.local/lib/python3.12/site-packages/airflow/example_dags/example_dynamic_task_mapping.py
[2024-10-27T23:15:34.440+0000] {logging_mixin.py:190} INFO - [2024-10-27T23:15:34.440+0000] {dag.py:3239} INFO - Sync 1 DAGs
[2024-10-27T23:15:34.449+0000] {logging_mixin.py:190} INFO - [2024-10-27T23:15:34.449+0000] {dag.py:4180} INFO - Setting next_dagrun for example_dynamic_task_mapping to None, run_after=None
[2024-10-27T23:15:34.462+0000] {processor.py:208} INFO - Processing /home/airflow/.local/lib/python3.12/site-packages/airflow/example_dags/example_dynamic_task_mapping.py took 0.082 seconds
[2024-10-27T23:16:04.929+0000] {processor.py:186} INFO - Started process (PID=108) to work on /home/airflow/.local/lib/python3.12/site-packages/airflow/example_dags/example_dynamic_task_mapping.py
[2024-10-27T23:16:04.930+0000] {processor.py:914} INFO - Processing file /home/airflow/.local/lib/python3.12/site-packages/airflow/example_dags/example_dynamic_task_mapping.py for tasks to queue
[2024-10-27T23:16:04.931+0000] {logging_mixin.py:190} INFO - [2024-10-27T23:16:04.931+0000] {dagbag.py:588} INFO - Filling up the DagBag from /home/airflow/.local/lib/python3.12/site-packages/airflow/example_dags/example_dynamic_task_mapping.py
[2024-10-27T23:16:04.935+0000] {processor.py:925} INFO - DAG(s) 'example_dynamic_task_mapping' retrieved from /home/airflow/.local/lib/python3.12/site-packages/airflow/example_dags/example_dynamic_task_mapping.py
[2024-10-27T23:16:04.945+0000] {logging_mixin.py:190} INFO - [2024-10-27T23:16:04.945+0000] {dag.py:3239} INFO - Sync 1 DAGs
[2024-10-27T23:16:04.951+0000] {logging_mixin.py:190} INFO - [2024-10-27T23:16:04.951+0000] {dag.py:4180} INFO - Setting next_dagrun for example_dynamic_task_mapping to None, run_after=None
[2024-10-27T23:16:04.964+0000] {processor.py:208} INFO - Processing /home/airflow/.local/lib/python3.12/site-packages/airflow/example_dags/example_dynamic_task_mapping.py took 0.037 seconds
[2024-10-27T23:16:35.757+0000] {processor.py:186} INFO - Started process (PID=171) to work on /home/airflow/.local/lib/python3.12/site-packages/airflow/example_dags/example_dynamic_task_mapping.py
[2024-10-27T23:16:35.758+0000] {processor.py:914} INFO - Processing file /home/airflow/.local/lib/python3.12/site-packages/airflow/example_dags/example_dynamic_task_mapping.py for tasks to queue
[2024-10-27T23:16:35.759+0000] {logging_mixin.py:190} INFO - [2024-10-27T23:16:35.759+0000] {dagbag.py:588} INFO - Filling up the DagBag from /home/airflow/.local/lib/python3.12/site-packages/airflow/example_dags/example_dynamic_task_mapping.py
[2024-10-27T23:16:35.763+0000] {processor.py:925} INFO - DAG(s) 'example_dynamic_task_mapping' retrieved from /home/airflow/.local/lib/python3.12/site-packages/airflow/example_dags/example_dynamic_task_mapping.py
[2024-10-27T23:16:35.773+0000] {logging_mixin.py:190} INFO - [2024-10-27T23:16:35.773+0000] {dag.py:3239} INFO - Sync 1 DAGs
[2024-10-27T23:16:35.778+0000] {logging_mixin.py:190} INFO - [2024-10-27T23:16:35.778+0000] {dag.py:4180} INFO - Setting next_dagrun for example_dynamic_task_mapping to None, run_after=None
[2024-10-27T23:16:35.790+0000] {processor.py:208} INFO - Processing /home/airflow/.local/lib/python3.12/site-packages/airflow/example_dags/example_dynamic_task_mapping.py took 0.035 seconds
[2024-10-27T23:17:06.468+0000] {processor.py:186} INFO - Started process (PID=234) to work on /home/airflow/.local/lib/python3.12/site-packages/airflow/example_dags/example_dynamic_task_mapping.py
[2024-10-27T23:17:06.468+0000] {processor.py:914} INFO - Processing file /home/airflow/.local/lib/python3.12/site-packages/airflow/example_dags/example_dynamic_task_mapping.py for tasks to queue
[2024-10-27T23:17:06.470+0000] {logging_mixin.py:190} INFO - [2024-10-27T23:17:06.470+0000] {dagbag.py:588} INFO - Filling up the DagBag from /home/airflow/.local/lib/python3.12/site-packages/airflow/example_dags/example_dynamic_task_mapping.py
[2024-10-27T23:17:06.473+0000] {processor.py:925} INFO - DAG(s) 'example_dynamic_task_mapping' retrieved from /home/airflow/.local/lib/python3.12/site-packages/airflow/example_dags/example_dynamic_task_mapping.py
[2024-10-27T23:17:06.482+0000] {logging_mixin.py:190} INFO - [2024-10-27T23:17:06.482+0000] {dag.py:3239} INFO - Sync 1 DAGs
[2024-10-27T23:17:06.488+0000] {logging_mixin.py:190} INFO - [2024-10-27T23:17:06.488+0000] {dag.py:4180} INFO - Setting next_dagrun for example_dynamic_task_mapping to None, run_after=None
[2024-10-27T23:17:06.494+0000] {processor.py:208} INFO - Processing /home/airflow/.local/lib/python3.12/site-packages/airflow/example_dags/example_dynamic_task_mapping.py took 0.029 seconds
[2024-10-27T23:17:37.268+0000] {processor.py:186} INFO - Started process (PID=297) to work on /home/airflow/.local/lib/python3.12/site-packages/airflow/example_dags/example_dynamic_task_mapping.py
[2024-10-27T23:17:37.269+0000] {processor.py:914} INFO - Processing file /home/airflow/.local/lib/python3.12/site-packages/airflow/example_dags/example_dynamic_task_mapping.py for tasks to queue
[2024-10-27T23:17:37.271+0000] {logging_mixin.py:190} INFO - [2024-10-27T23:17:37.271+0000] {dagbag.py:588} INFO - Filling up the DagBag from /home/airflow/.local/lib/python3.12/site-packages/airflow/example_dags/example_dynamic_task_mapping.py
[2024-10-27T23:17:37.275+0000] {processor.py:925} INFO - DAG(s) 'example_dynamic_task_mapping' retrieved from /home/airflow/.local/lib/python3.12/site-packages/airflow/example_dags/example_dynamic_task_mapping.py
[2024-10-27T23:17:37.287+0000] {logging_mixin.py:190} INFO - [2024-10-27T23:17:37.287+0000] {dag.py:3239} INFO - Sync 1 DAGs
[2024-10-27T23:17:37.293+0000] {logging_mixin.py:190} INFO - [2024-10-27T23:17:37.293+0000] {dag.py:4180} INFO - Setting next_dagrun for example_dynamic_task_mapping to None, run_after=None
[2024-10-27T23:17:37.301+0000] {processor.py:208} INFO - Processing /home/airflow/.local/lib/python3.12/site-packages/airflow/example_dags/example_dynamic_task_mapping.py took 0.046 seconds
[2024-10-27T23:18:08.049+0000] {processor.py:186} INFO - Started process (PID=360) to work on /home/airflow/.local/lib/python3.12/site-packages/airflow/example_dags/example_dynamic_task_mapping.py
[2024-10-27T23:18:08.050+0000] {processor.py:914} INFO - Processing file /home/airflow/.local/lib/python3.12/site-packages/airflow/example_dags/example_dynamic_task_mapping.py for tasks to queue
[2024-10-27T23:18:08.051+0000] {logging_mixin.py:190} INFO - [2024-10-27T23:18:08.051+0000] {dagbag.py:588} INFO - Filling up the DagBag from /home/airflow/.local/lib/python3.12/site-packages/airflow/example_dags/example_dynamic_task_mapping.py
[2024-10-27T23:18:08.056+0000] {processor.py:925} INFO - DAG(s) 'example_dynamic_task_mapping' retrieved from /home/airflow/.local/lib/python3.12/site-packages/airflow/example_dags/example_dynamic_task_mapping.py
[2024-10-27T23:18:08.067+0000] {logging_mixin.py:190} INFO - [2024-10-27T23:18:08.067+0000] {dag.py:3239} INFO - Sync 1 DAGs
[2024-10-27T23:18:08.075+0000] {logging_mixin.py:190} INFO - [2024-10-27T23:18:08.075+0000] {dag.py:4180} INFO - Setting next_dagrun for example_dynamic_task_mapping to None, run_after=None
[2024-10-27T23:18:08.082+0000] {processor.py:208} INFO - Processing /home/airflow/.local/lib/python3.12/site-packages/airflow/example_dags/example_dynamic_task_mapping.py took 0.038 seconds
[2024-10-27T23:18:38.795+0000] {processor.py:186} INFO - Started process (PID=423) to work on /home/airflow/.local/lib/python3.12/site-packages/airflow/example_dags/example_dynamic_task_mapping.py
[2024-10-27T23:18:38.796+0000] {processor.py:914} INFO - Processing file /home/airflow/.local/lib/python3.12/site-packages/airflow/example_dags/example_dynamic_task_mapping.py for tasks to queue
[2024-10-27T23:18:38.797+0000] {logging_mixin.py:190} INFO - [2024-10-27T23:18:38.797+0000] {dagbag.py:588} INFO - Filling up the DagBag from /home/airflow/.local/lib/python3.12/site-packages/airflow/example_dags/example_dynamic_task_mapping.py
[2024-10-27T23:18:38.801+0000] {processor.py:925} INFO - DAG(s) 'example_dynamic_task_mapping' retrieved from /home/airflow/.local/lib/python3.12/site-packages/airflow/example_dags/example_dynamic_task_mapping.py
[2024-10-27T23:18:38.811+0000] {logging_mixin.py:190} INFO - [2024-10-27T23:18:38.811+0000] {dag.py:3239} INFO - Sync 1 DAGs
[2024-10-27T23:18:38.817+0000] {logging_mixin.py:190} INFO - [2024-10-27T23:18:38.817+0000] {dag.py:4180} INFO - Setting next_dagrun for example_dynamic_task_mapping to None, run_after=None
[2024-10-27T23:18:38.828+0000] {processor.py:208} INFO - Processing /home/airflow/.local/lib/python3.12/site-packages/airflow/example_dags/example_dynamic_task_mapping.py took 0.035 seconds
[2024-10-27T23:19:09.834+0000] {processor.py:186} INFO - Started process (PID=492) to work on /home/airflow/.local/lib/python3.12/site-packages/airflow/example_dags/example_dynamic_task_mapping.py
[2024-10-27T23:19:09.835+0000] {processor.py:914} INFO - Processing file /home/airflow/.local/lib/python3.12/site-packages/airflow/example_dags/example_dynamic_task_mapping.py for tasks to queue
[2024-10-27T23:19:09.836+0000] {logging_mixin.py:190} INFO - [2024-10-27T23:19:09.836+0000] {dagbag.py:588} INFO - Filling up the DagBag from /home/airflow/.local/lib/python3.12/site-packages/airflow/example_dags/example_dynamic_task_mapping.py
[2024-10-27T23:19:09.840+0000] {processor.py:925} INFO - DAG(s) 'example_dynamic_task_mapping' retrieved from /home/airflow/.local/lib/python3.12/site-packages/airflow/example_dags/example_dynamic_task_mapping.py
[2024-10-27T23:19:09.850+0000] {logging_mixin.py:190} INFO - [2024-10-27T23:19:09.850+0000] {dag.py:3239} INFO - Sync 1 DAGs
[2024-10-27T23:19:09.856+0000] {logging_mixin.py:190} INFO - [2024-10-27T23:19:09.856+0000] {dag.py:4180} INFO - Setting next_dagrun for example_dynamic_task_mapping to None, run_after=None
[2024-10-27T23:19:09.865+0000] {processor.py:208} INFO - Processing /home/airflow/.local/lib/python3.12/site-packages/airflow/example_dags/example_dynamic_task_mapping.py took 0.034 seconds
