[2024-10-27T23:11:27.928+0000] {processor.py:186} INFO - Started process (PID=54) to work on /home/airflow/.local/lib/python3.12/site-packages/airflow/example_dags/example_datasets.py
[2024-10-27T23:11:27.929+0000] {processor.py:914} INFO - Processing file /home/airflow/.local/lib/python3.12/site-packages/airflow/example_dags/example_datasets.py for tasks to queue
[2024-10-27T23:11:27.930+0000] {logging_mixin.py:190} INFO - [2024-10-27T23:11:27.929+0000] {dagbag.py:588} INFO - Filling up the DagBag from /home/airflow/.local/lib/python3.12/site-packages/airflow/example_dags/example_datasets.py
[2024-10-27T23:11:28.146+0000] {processor.py:925} INFO - DAG(s) 'conditional_dataset_and_time_based_timetable', 'consume_1_and_2_with_dataset_expressions', 'dataset_consumes_1_and_2', 'dataset_consumes_1', 'consume_1_or_2_with_dataset_expressions', 'dataset_consumes_1_never_scheduled', 'dataset_consumes_unknown_never_scheduled', 'consume_1_or_both_2_and_3_with_dataset_expressions', 'dataset_produces_2', 'dataset_produces_1' retrieved from /home/airflow/.local/lib/python3.12/site-packages/airflow/example_dags/example_datasets.py
[2024-10-27T23:11:28.172+0000] {logging_mixin.py:190} INFO - [2024-10-27T23:11:28.171+0000] {dag.py:3239} INFO - Sync 10 DAGs
[2024-10-27T23:11:28.184+0000] {logging_mixin.py:190} INFO - [2024-10-27T23:11:28.184+0000] {dag.py:4180} INFO - Setting next_dagrun for conditional_dataset_and_time_based_timetable to 2024-10-23 01:00:00+00:00, run_after=2024-10-23 01:00:00+00:00
[2024-10-27T23:11:28.186+0000] {logging_mixin.py:190} INFO - [2024-10-27T23:11:28.186+0000] {dag.py:4180} INFO - Setting next_dagrun for consume_1_and_2_with_dataset_expressions to None, run_after=None
[2024-10-27T23:11:28.187+0000] {logging_mixin.py:190} INFO - [2024-10-27T23:11:28.187+0000] {dag.py:4180} INFO - Setting next_dagrun for consume_1_or_2_with_dataset_expressions to None, run_after=None
[2024-10-27T23:11:28.187+0000] {logging_mixin.py:190} INFO - [2024-10-27T23:11:28.187+0000] {dag.py:4180} INFO - Setting next_dagrun for consume_1_or_both_2_and_3_with_dataset_expressions to None, run_after=None
[2024-10-27T23:11:28.188+0000] {logging_mixin.py:190} INFO - [2024-10-27T23:11:28.188+0000] {dag.py:4180} INFO - Setting next_dagrun for dataset_consumes_1 to None, run_after=None
[2024-10-27T23:11:28.188+0000] {logging_mixin.py:190} INFO - [2024-10-27T23:11:28.188+0000] {dag.py:4180} INFO - Setting next_dagrun for dataset_consumes_1_and_2 to None, run_after=None
[2024-10-27T23:11:28.189+0000] {logging_mixin.py:190} INFO - [2024-10-27T23:11:28.189+0000] {dag.py:4180} INFO - Setting next_dagrun for dataset_consumes_1_never_scheduled to None, run_after=None
[2024-10-27T23:11:28.190+0000] {logging_mixin.py:190} INFO - [2024-10-27T23:11:28.190+0000] {dag.py:4180} INFO - Setting next_dagrun for dataset_consumes_unknown_never_scheduled to None, run_after=None
[2024-10-27T23:11:28.190+0000] {logging_mixin.py:190} INFO - [2024-10-27T23:11:28.190+0000] {dag.py:4180} INFO - Setting next_dagrun for dataset_produces_1 to 2024-10-26 00:00:00+00:00, run_after=2024-10-27 00:00:00+00:00
[2024-10-27T23:11:28.192+0000] {logging_mixin.py:190} INFO - [2024-10-27T23:11:28.192+0000] {dag.py:4180} INFO - Setting next_dagrun for dataset_produces_2 to None, run_after=None
[2024-10-27T23:11:28.209+0000] {processor.py:208} INFO - Processing /home/airflow/.local/lib/python3.12/site-packages/airflow/example_dags/example_datasets.py took 0.283 seconds
[2024-10-27T23:11:58.590+0000] {processor.py:186} INFO - Started process (PID=117) to work on /home/airflow/.local/lib/python3.12/site-packages/airflow/example_dags/example_datasets.py
[2024-10-27T23:11:58.592+0000] {processor.py:914} INFO - Processing file /home/airflow/.local/lib/python3.12/site-packages/airflow/example_dags/example_datasets.py for tasks to queue
[2024-10-27T23:11:58.593+0000] {logging_mixin.py:190} INFO - [2024-10-27T23:11:58.592+0000] {dagbag.py:588} INFO - Filling up the DagBag from /home/airflow/.local/lib/python3.12/site-packages/airflow/example_dags/example_datasets.py
[2024-10-27T23:11:58.656+0000] {processor.py:925} INFO - DAG(s) 'consume_1_or_both_2_and_3_with_dataset_expressions', 'consume_1_and_2_with_dataset_expressions', 'dataset_consumes_unknown_never_scheduled', 'dataset_consumes_1_never_scheduled', 'conditional_dataset_and_time_based_timetable', 'dataset_produces_2', 'dataset_consumes_1_and_2', 'dataset_produces_1', 'consume_1_or_2_with_dataset_expressions', 'dataset_consumes_1' retrieved from /home/airflow/.local/lib/python3.12/site-packages/airflow/example_dags/example_datasets.py
[2024-10-27T23:11:58.683+0000] {logging_mixin.py:190} INFO - [2024-10-27T23:11:58.683+0000] {dag.py:3239} INFO - Sync 10 DAGs
[2024-10-27T23:11:58.693+0000] {logging_mixin.py:190} INFO - [2024-10-27T23:11:58.693+0000] {dag.py:4180} INFO - Setting next_dagrun for conditional_dataset_and_time_based_timetable to 2024-10-23 01:00:00+00:00, run_after=2024-10-23 01:00:00+00:00
[2024-10-27T23:11:58.694+0000] {logging_mixin.py:190} INFO - [2024-10-27T23:11:58.694+0000] {dag.py:4180} INFO - Setting next_dagrun for consume_1_and_2_with_dataset_expressions to None, run_after=None
[2024-10-27T23:11:58.694+0000] {logging_mixin.py:190} INFO - [2024-10-27T23:11:58.694+0000] {dag.py:4180} INFO - Setting next_dagrun for consume_1_or_2_with_dataset_expressions to None, run_after=None
[2024-10-27T23:11:58.695+0000] {logging_mixin.py:190} INFO - [2024-10-27T23:11:58.695+0000] {dag.py:4180} INFO - Setting next_dagrun for consume_1_or_both_2_and_3_with_dataset_expressions to None, run_after=None
[2024-10-27T23:11:58.696+0000] {logging_mixin.py:190} INFO - [2024-10-27T23:11:58.696+0000] {dag.py:4180} INFO - Setting next_dagrun for dataset_consumes_1 to None, run_after=None
[2024-10-27T23:11:58.697+0000] {logging_mixin.py:190} INFO - [2024-10-27T23:11:58.697+0000] {dag.py:4180} INFO - Setting next_dagrun for dataset_consumes_1_and_2 to None, run_after=None
[2024-10-27T23:11:58.700+0000] {logging_mixin.py:190} INFO - [2024-10-27T23:11:58.699+0000] {dag.py:4180} INFO - Setting next_dagrun for dataset_consumes_1_never_scheduled to None, run_after=None
[2024-10-27T23:11:58.701+0000] {logging_mixin.py:190} INFO - [2024-10-27T23:11:58.701+0000] {dag.py:4180} INFO - Setting next_dagrun for dataset_consumes_unknown_never_scheduled to None, run_after=None
[2024-10-27T23:11:58.702+0000] {logging_mixin.py:190} INFO - [2024-10-27T23:11:58.702+0000] {dag.py:4180} INFO - Setting next_dagrun for dataset_produces_1 to 2024-10-26 00:00:00+00:00, run_after=2024-10-27 00:00:00+00:00
[2024-10-27T23:11:58.703+0000] {logging_mixin.py:190} INFO - [2024-10-27T23:11:58.703+0000] {dag.py:4180} INFO - Setting next_dagrun for dataset_produces_2 to None, run_after=None
[2024-10-27T23:11:58.720+0000] {processor.py:208} INFO - Processing /home/airflow/.local/lib/python3.12/site-packages/airflow/example_dags/example_datasets.py took 0.132 seconds
[2024-10-27T23:12:29.502+0000] {processor.py:186} INFO - Started process (PID=180) to work on /home/airflow/.local/lib/python3.12/site-packages/airflow/example_dags/example_datasets.py
[2024-10-27T23:12:29.503+0000] {processor.py:914} INFO - Processing file /home/airflow/.local/lib/python3.12/site-packages/airflow/example_dags/example_datasets.py for tasks to queue
[2024-10-27T23:12:29.504+0000] {logging_mixin.py:190} INFO - [2024-10-27T23:12:29.504+0000] {dagbag.py:588} INFO - Filling up the DagBag from /home/airflow/.local/lib/python3.12/site-packages/airflow/example_dags/example_datasets.py
[2024-10-27T23:12:29.570+0000] {processor.py:925} INFO - DAG(s) 'dataset_consumes_1_and_2', 'dataset_consumes_1', 'consume_1_or_2_with_dataset_expressions', 'consume_1_and_2_with_dataset_expressions', 'dataset_consumes_unknown_never_scheduled', 'dataset_produces_2', 'dataset_produces_1', 'consume_1_or_both_2_and_3_with_dataset_expressions', 'conditional_dataset_and_time_based_timetable', 'dataset_consumes_1_never_scheduled' retrieved from /home/airflow/.local/lib/python3.12/site-packages/airflow/example_dags/example_datasets.py
[2024-10-27T23:12:29.590+0000] {logging_mixin.py:190} INFO - [2024-10-27T23:12:29.590+0000] {dag.py:3239} INFO - Sync 10 DAGs
[2024-10-27T23:12:29.600+0000] {logging_mixin.py:190} INFO - [2024-10-27T23:12:29.600+0000] {dag.py:4180} INFO - Setting next_dagrun for conditional_dataset_and_time_based_timetable to 2024-10-23 01:00:00+00:00, run_after=2024-10-23 01:00:00+00:00
[2024-10-27T23:12:29.604+0000] {logging_mixin.py:190} INFO - [2024-10-27T23:12:29.604+0000] {dag.py:4180} INFO - Setting next_dagrun for consume_1_and_2_with_dataset_expressions to None, run_after=None
[2024-10-27T23:12:29.605+0000] {logging_mixin.py:190} INFO - [2024-10-27T23:12:29.605+0000] {dag.py:4180} INFO - Setting next_dagrun for consume_1_or_2_with_dataset_expressions to None, run_after=None
[2024-10-27T23:12:29.606+0000] {logging_mixin.py:190} INFO - [2024-10-27T23:12:29.606+0000] {dag.py:4180} INFO - Setting next_dagrun for consume_1_or_both_2_and_3_with_dataset_expressions to None, run_after=None
[2024-10-27T23:12:29.606+0000] {logging_mixin.py:190} INFO - [2024-10-27T23:12:29.606+0000] {dag.py:4180} INFO - Setting next_dagrun for dataset_consumes_1 to None, run_after=None
[2024-10-27T23:12:29.608+0000] {logging_mixin.py:190} INFO - [2024-10-27T23:12:29.608+0000] {dag.py:4180} INFO - Setting next_dagrun for dataset_consumes_1_and_2 to None, run_after=None
[2024-10-27T23:12:29.608+0000] {logging_mixin.py:190} INFO - [2024-10-27T23:12:29.608+0000] {dag.py:4180} INFO - Setting next_dagrun for dataset_consumes_1_never_scheduled to None, run_after=None
[2024-10-27T23:12:29.608+0000] {logging_mixin.py:190} INFO - [2024-10-27T23:12:29.608+0000] {dag.py:4180} INFO - Setting next_dagrun for dataset_consumes_unknown_never_scheduled to None, run_after=None
[2024-10-27T23:12:29.609+0000] {logging_mixin.py:190} INFO - [2024-10-27T23:12:29.609+0000] {dag.py:4180} INFO - Setting next_dagrun for dataset_produces_1 to 2024-10-26 00:00:00+00:00, run_after=2024-10-27 00:00:00+00:00
[2024-10-27T23:12:29.610+0000] {logging_mixin.py:190} INFO - [2024-10-27T23:12:29.610+0000] {dag.py:4180} INFO - Setting next_dagrun for dataset_produces_2 to None, run_after=None
[2024-10-27T23:12:29.629+0000] {processor.py:208} INFO - Processing /home/airflow/.local/lib/python3.12/site-packages/airflow/example_dags/example_datasets.py took 0.130 seconds
[2024-10-27T23:13:00.377+0000] {processor.py:186} INFO - Started process (PID=243) to work on /home/airflow/.local/lib/python3.12/site-packages/airflow/example_dags/example_datasets.py
[2024-10-27T23:13:00.377+0000] {processor.py:914} INFO - Processing file /home/airflow/.local/lib/python3.12/site-packages/airflow/example_dags/example_datasets.py for tasks to queue
[2024-10-27T23:13:00.378+0000] {logging_mixin.py:190} INFO - [2024-10-27T23:13:00.378+0000] {dagbag.py:588} INFO - Filling up the DagBag from /home/airflow/.local/lib/python3.12/site-packages/airflow/example_dags/example_datasets.py
[2024-10-27T23:13:00.441+0000] {processor.py:925} INFO - DAG(s) 'dataset_produces_1', 'dataset_consumes_1_never_scheduled', 'consume_1_or_both_2_and_3_with_dataset_expressions', 'dataset_consumes_1_and_2', 'consume_1_and_2_with_dataset_expressions', 'conditional_dataset_and_time_based_timetable', 'consume_1_or_2_with_dataset_expressions', 'dataset_produces_2', 'dataset_consumes_unknown_never_scheduled', 'dataset_consumes_1' retrieved from /home/airflow/.local/lib/python3.12/site-packages/airflow/example_dags/example_datasets.py
[2024-10-27T23:13:00.462+0000] {logging_mixin.py:190} INFO - [2024-10-27T23:13:00.462+0000] {dag.py:3239} INFO - Sync 10 DAGs
[2024-10-27T23:13:00.474+0000] {logging_mixin.py:190} INFO - [2024-10-27T23:13:00.474+0000] {dag.py:4180} INFO - Setting next_dagrun for conditional_dataset_and_time_based_timetable to 2024-10-23 01:00:00+00:00, run_after=2024-10-23 01:00:00+00:00
[2024-10-27T23:13:00.477+0000] {logging_mixin.py:190} INFO - [2024-10-27T23:13:00.477+0000] {dag.py:4180} INFO - Setting next_dagrun for consume_1_and_2_with_dataset_expressions to None, run_after=None
[2024-10-27T23:13:00.479+0000] {logging_mixin.py:190} INFO - [2024-10-27T23:13:00.479+0000] {dag.py:4180} INFO - Setting next_dagrun for consume_1_or_2_with_dataset_expressions to None, run_after=None
[2024-10-27T23:13:00.480+0000] {logging_mixin.py:190} INFO - [2024-10-27T23:13:00.480+0000] {dag.py:4180} INFO - Setting next_dagrun for consume_1_or_both_2_and_3_with_dataset_expressions to None, run_after=None
[2024-10-27T23:13:00.480+0000] {logging_mixin.py:190} INFO - [2024-10-27T23:13:00.480+0000] {dag.py:4180} INFO - Setting next_dagrun for dataset_consumes_1 to None, run_after=None
[2024-10-27T23:13:00.481+0000] {logging_mixin.py:190} INFO - [2024-10-27T23:13:00.481+0000] {dag.py:4180} INFO - Setting next_dagrun for dataset_consumes_1_and_2 to None, run_after=None
[2024-10-27T23:13:00.481+0000] {logging_mixin.py:190} INFO - [2024-10-27T23:13:00.481+0000] {dag.py:4180} INFO - Setting next_dagrun for dataset_consumes_1_never_scheduled to None, run_after=None
[2024-10-27T23:13:00.482+0000] {logging_mixin.py:190} INFO - [2024-10-27T23:13:00.482+0000] {dag.py:4180} INFO - Setting next_dagrun for dataset_consumes_unknown_never_scheduled to None, run_after=None
[2024-10-27T23:13:00.483+0000] {logging_mixin.py:190} INFO - [2024-10-27T23:13:00.483+0000] {dag.py:4180} INFO - Setting next_dagrun for dataset_produces_1 to 2024-10-26 00:00:00+00:00, run_after=2024-10-27 00:00:00+00:00
[2024-10-27T23:13:00.484+0000] {logging_mixin.py:190} INFO - [2024-10-27T23:13:00.484+0000] {dag.py:4180} INFO - Setting next_dagrun for dataset_produces_2 to None, run_after=None
[2024-10-27T23:13:00.502+0000] {processor.py:208} INFO - Processing /home/airflow/.local/lib/python3.12/site-packages/airflow/example_dags/example_datasets.py took 0.128 seconds
[2024-10-27T23:13:31.246+0000] {processor.py:186} INFO - Started process (PID=312) to work on /home/airflow/.local/lib/python3.12/site-packages/airflow/example_dags/example_datasets.py
[2024-10-27T23:13:31.246+0000] {processor.py:914} INFO - Processing file /home/airflow/.local/lib/python3.12/site-packages/airflow/example_dags/example_datasets.py for tasks to queue
[2024-10-27T23:13:31.248+0000] {logging_mixin.py:190} INFO - [2024-10-27T23:13:31.248+0000] {dagbag.py:588} INFO - Filling up the DagBag from /home/airflow/.local/lib/python3.12/site-packages/airflow/example_dags/example_datasets.py
[2024-10-27T23:13:31.318+0000] {processor.py:925} INFO - DAG(s) 'dataset_consumes_1', 'dataset_consumes_unknown_never_scheduled', 'consume_1_or_2_with_dataset_expressions', 'consume_1_and_2_with_dataset_expressions', 'consume_1_or_both_2_and_3_with_dataset_expressions', 'dataset_produces_1', 'dataset_produces_2', 'dataset_consumes_1_and_2', 'conditional_dataset_and_time_based_timetable', 'dataset_consumes_1_never_scheduled' retrieved from /home/airflow/.local/lib/python3.12/site-packages/airflow/example_dags/example_datasets.py
[2024-10-27T23:13:31.336+0000] {logging_mixin.py:190} INFO - [2024-10-27T23:13:31.336+0000] {dag.py:3239} INFO - Sync 10 DAGs
[2024-10-27T23:13:31.348+0000] {logging_mixin.py:190} INFO - [2024-10-27T23:13:31.348+0000] {dag.py:4180} INFO - Setting next_dagrun for conditional_dataset_and_time_based_timetable to 2024-10-23 01:00:00+00:00, run_after=2024-10-23 01:00:00+00:00
[2024-10-27T23:13:31.349+0000] {logging_mixin.py:190} INFO - [2024-10-27T23:13:31.349+0000] {dag.py:4180} INFO - Setting next_dagrun for consume_1_and_2_with_dataset_expressions to None, run_after=None
[2024-10-27T23:13:31.352+0000] {logging_mixin.py:190} INFO - [2024-10-27T23:13:31.352+0000] {dag.py:4180} INFO - Setting next_dagrun for consume_1_or_2_with_dataset_expressions to None, run_after=None
[2024-10-27T23:13:31.354+0000] {logging_mixin.py:190} INFO - [2024-10-27T23:13:31.354+0000] {dag.py:4180} INFO - Setting next_dagrun for consume_1_or_both_2_and_3_with_dataset_expressions to None, run_after=None
[2024-10-27T23:13:31.355+0000] {logging_mixin.py:190} INFO - [2024-10-27T23:13:31.355+0000] {dag.py:4180} INFO - Setting next_dagrun for dataset_consumes_1 to None, run_after=None
[2024-10-27T23:13:31.356+0000] {logging_mixin.py:190} INFO - [2024-10-27T23:13:31.356+0000] {dag.py:4180} INFO - Setting next_dagrun for dataset_consumes_1_and_2 to None, run_after=None
[2024-10-27T23:13:31.356+0000] {logging_mixin.py:190} INFO - [2024-10-27T23:13:31.356+0000] {dag.py:4180} INFO - Setting next_dagrun for dataset_consumes_1_never_scheduled to None, run_after=None
[2024-10-27T23:13:31.357+0000] {logging_mixin.py:190} INFO - [2024-10-27T23:13:31.356+0000] {dag.py:4180} INFO - Setting next_dagrun for dataset_consumes_unknown_never_scheduled to None, run_after=None
[2024-10-27T23:13:31.357+0000] {logging_mixin.py:190} INFO - [2024-10-27T23:13:31.357+0000] {dag.py:4180} INFO - Setting next_dagrun for dataset_produces_1 to 2024-10-26 00:00:00+00:00, run_after=2024-10-27 00:00:00+00:00
[2024-10-27T23:13:31.358+0000] {logging_mixin.py:190} INFO - [2024-10-27T23:13:31.358+0000] {dag.py:4180} INFO - Setting next_dagrun for dataset_produces_2 to None, run_after=None
[2024-10-27T23:13:31.371+0000] {processor.py:208} INFO - Processing /home/airflow/.local/lib/python3.12/site-packages/airflow/example_dags/example_datasets.py took 0.128 seconds
[2024-10-27T23:14:02.045+0000] {processor.py:186} INFO - Started process (PID=375) to work on /home/airflow/.local/lib/python3.12/site-packages/airflow/example_dags/example_datasets.py
[2024-10-27T23:14:02.046+0000] {processor.py:914} INFO - Processing file /home/airflow/.local/lib/python3.12/site-packages/airflow/example_dags/example_datasets.py for tasks to queue
[2024-10-27T23:14:02.047+0000] {logging_mixin.py:190} INFO - [2024-10-27T23:14:02.047+0000] {dagbag.py:588} INFO - Filling up the DagBag from /home/airflow/.local/lib/python3.12/site-packages/airflow/example_dags/example_datasets.py
[2024-10-27T23:14:02.116+0000] {processor.py:925} INFO - DAG(s) 'consume_1_or_2_with_dataset_expressions', 'dataset_consumes_unknown_never_scheduled', 'dataset_consumes_1_never_scheduled', 'dataset_produces_1', 'dataset_consumes_1', 'consume_1_and_2_with_dataset_expressions', 'conditional_dataset_and_time_based_timetable', 'consume_1_or_both_2_and_3_with_dataset_expressions', 'dataset_produces_2', 'dataset_consumes_1_and_2' retrieved from /home/airflow/.local/lib/python3.12/site-packages/airflow/example_dags/example_datasets.py
[2024-10-27T23:14:02.138+0000] {logging_mixin.py:190} INFO - [2024-10-27T23:14:02.137+0000] {dag.py:3239} INFO - Sync 10 DAGs
[2024-10-27T23:14:02.148+0000] {logging_mixin.py:190} INFO - [2024-10-27T23:14:02.148+0000] {dag.py:4180} INFO - Setting next_dagrun for conditional_dataset_and_time_based_timetable to 2024-10-23 01:00:00+00:00, run_after=2024-10-23 01:00:00+00:00
[2024-10-27T23:14:02.151+0000] {logging_mixin.py:190} INFO - [2024-10-27T23:14:02.151+0000] {dag.py:4180} INFO - Setting next_dagrun for consume_1_and_2_with_dataset_expressions to None, run_after=None
[2024-10-27T23:14:02.151+0000] {logging_mixin.py:190} INFO - [2024-10-27T23:14:02.151+0000] {dag.py:4180} INFO - Setting next_dagrun for consume_1_or_2_with_dataset_expressions to None, run_after=None
[2024-10-27T23:14:02.152+0000] {logging_mixin.py:190} INFO - [2024-10-27T23:14:02.152+0000] {dag.py:4180} INFO - Setting next_dagrun for consume_1_or_both_2_and_3_with_dataset_expressions to None, run_after=None
[2024-10-27T23:14:02.152+0000] {logging_mixin.py:190} INFO - [2024-10-27T23:14:02.152+0000] {dag.py:4180} INFO - Setting next_dagrun for dataset_consumes_1 to None, run_after=None
[2024-10-27T23:14:02.153+0000] {logging_mixin.py:190} INFO - [2024-10-27T23:14:02.153+0000] {dag.py:4180} INFO - Setting next_dagrun for dataset_consumes_1_and_2 to None, run_after=None
[2024-10-27T23:14:02.153+0000] {logging_mixin.py:190} INFO - [2024-10-27T23:14:02.153+0000] {dag.py:4180} INFO - Setting next_dagrun for dataset_consumes_1_never_scheduled to None, run_after=None
[2024-10-27T23:14:02.153+0000] {logging_mixin.py:190} INFO - [2024-10-27T23:14:02.153+0000] {dag.py:4180} INFO - Setting next_dagrun for dataset_consumes_unknown_never_scheduled to None, run_after=None
[2024-10-27T23:14:02.154+0000] {logging_mixin.py:190} INFO - [2024-10-27T23:14:02.154+0000] {dag.py:4180} INFO - Setting next_dagrun for dataset_produces_1 to 2024-10-26 00:00:00+00:00, run_after=2024-10-27 00:00:00+00:00
[2024-10-27T23:14:02.155+0000] {logging_mixin.py:190} INFO - [2024-10-27T23:14:02.155+0000] {dag.py:4180} INFO - Setting next_dagrun for dataset_produces_2 to None, run_after=None
[2024-10-27T23:14:02.169+0000] {processor.py:208} INFO - Processing /home/airflow/.local/lib/python3.12/site-packages/airflow/example_dags/example_datasets.py took 0.126 seconds
[2024-10-27T23:14:32.820+0000] {processor.py:186} INFO - Started process (PID=438) to work on /home/airflow/.local/lib/python3.12/site-packages/airflow/example_dags/example_datasets.py
[2024-10-27T23:14:32.821+0000] {processor.py:914} INFO - Processing file /home/airflow/.local/lib/python3.12/site-packages/airflow/example_dags/example_datasets.py for tasks to queue
[2024-10-27T23:14:32.823+0000] {logging_mixin.py:190} INFO - [2024-10-27T23:14:32.822+0000] {dagbag.py:588} INFO - Filling up the DagBag from /home/airflow/.local/lib/python3.12/site-packages/airflow/example_dags/example_datasets.py
[2024-10-27T23:14:32.900+0000] {processor.py:925} INFO - DAG(s) 'consume_1_or_2_with_dataset_expressions', 'consume_1_or_both_2_and_3_with_dataset_expressions', 'conditional_dataset_and_time_based_timetable', 'dataset_consumes_1', 'consume_1_and_2_with_dataset_expressions', 'dataset_consumes_1_never_scheduled', 'dataset_produces_2', 'dataset_consumes_1_and_2', 'dataset_consumes_unknown_never_scheduled', 'dataset_produces_1' retrieved from /home/airflow/.local/lib/python3.12/site-packages/airflow/example_dags/example_datasets.py
[2024-10-27T23:14:32.926+0000] {logging_mixin.py:190} INFO - [2024-10-27T23:14:32.925+0000] {dag.py:3239} INFO - Sync 10 DAGs
[2024-10-27T23:14:32.937+0000] {logging_mixin.py:190} INFO - [2024-10-27T23:14:32.937+0000] {dag.py:4180} INFO - Setting next_dagrun for conditional_dataset_and_time_based_timetable to 2024-10-23 01:00:00+00:00, run_after=2024-10-23 01:00:00+00:00
[2024-10-27T23:14:32.938+0000] {logging_mixin.py:190} INFO - [2024-10-27T23:14:32.938+0000] {dag.py:4180} INFO - Setting next_dagrun for consume_1_and_2_with_dataset_expressions to None, run_after=None
[2024-10-27T23:14:32.939+0000] {logging_mixin.py:190} INFO - [2024-10-27T23:14:32.938+0000] {dag.py:4180} INFO - Setting next_dagrun for consume_1_or_2_with_dataset_expressions to None, run_after=None
[2024-10-27T23:14:32.939+0000] {logging_mixin.py:190} INFO - [2024-10-27T23:14:32.939+0000] {dag.py:4180} INFO - Setting next_dagrun for consume_1_or_both_2_and_3_with_dataset_expressions to None, run_after=None
[2024-10-27T23:14:32.939+0000] {logging_mixin.py:190} INFO - [2024-10-27T23:14:32.939+0000] {dag.py:4180} INFO - Setting next_dagrun for dataset_consumes_1 to None, run_after=None
[2024-10-27T23:14:32.940+0000] {logging_mixin.py:190} INFO - [2024-10-27T23:14:32.940+0000] {dag.py:4180} INFO - Setting next_dagrun for dataset_consumes_1_and_2 to None, run_after=None
[2024-10-27T23:14:32.940+0000] {logging_mixin.py:190} INFO - [2024-10-27T23:14:32.940+0000] {dag.py:4180} INFO - Setting next_dagrun for dataset_consumes_1_never_scheduled to None, run_after=None
[2024-10-27T23:14:32.940+0000] {logging_mixin.py:190} INFO - [2024-10-27T23:14:32.940+0000] {dag.py:4180} INFO - Setting next_dagrun for dataset_consumes_unknown_never_scheduled to None, run_after=None
[2024-10-27T23:14:32.941+0000] {logging_mixin.py:190} INFO - [2024-10-27T23:14:32.941+0000] {dag.py:4180} INFO - Setting next_dagrun for dataset_produces_1 to 2024-10-26 00:00:00+00:00, run_after=2024-10-27 00:00:00+00:00
[2024-10-27T23:14:32.941+0000] {logging_mixin.py:190} INFO - [2024-10-27T23:14:32.941+0000] {dag.py:4180} INFO - Setting next_dagrun for dataset_produces_2 to None, run_after=None
[2024-10-27T23:14:32.956+0000] {processor.py:208} INFO - Processing /home/airflow/.local/lib/python3.12/site-packages/airflow/example_dags/example_datasets.py took 0.138 seconds
[2024-10-27T23:15:34.805+0000] {processor.py:186} INFO - Started process (PID=55) to work on /home/airflow/.local/lib/python3.12/site-packages/airflow/example_dags/example_datasets.py
[2024-10-27T23:15:34.806+0000] {processor.py:914} INFO - Processing file /home/airflow/.local/lib/python3.12/site-packages/airflow/example_dags/example_datasets.py for tasks to queue
[2024-10-27T23:15:34.807+0000] {logging_mixin.py:190} INFO - [2024-10-27T23:15:34.807+0000] {dagbag.py:588} INFO - Filling up the DagBag from /home/airflow/.local/lib/python3.12/site-packages/airflow/example_dags/example_datasets.py
[2024-10-27T23:15:35.002+0000] {processor.py:925} INFO - DAG(s) 'consume_1_or_both_2_and_3_with_dataset_expressions', 'dataset_consumes_1', 'conditional_dataset_and_time_based_timetable', 'dataset_consumes_unknown_never_scheduled', 'dataset_consumes_1_and_2', 'consume_1_and_2_with_dataset_expressions', 'dataset_produces_1', 'dataset_produces_2', 'dataset_consumes_1_never_scheduled', 'consume_1_or_2_with_dataset_expressions' retrieved from /home/airflow/.local/lib/python3.12/site-packages/airflow/example_dags/example_datasets.py
[2024-10-27T23:15:35.026+0000] {logging_mixin.py:190} INFO - [2024-10-27T23:15:35.026+0000] {dag.py:3239} INFO - Sync 10 DAGs
[2024-10-27T23:15:35.044+0000] {logging_mixin.py:190} INFO - [2024-10-27T23:15:35.044+0000] {dag.py:4180} INFO - Setting next_dagrun for conditional_dataset_and_time_based_timetable to 2024-10-23 01:00:00+00:00, run_after=2024-10-23 01:00:00+00:00
[2024-10-27T23:15:35.048+0000] {logging_mixin.py:190} INFO - [2024-10-27T23:15:35.047+0000] {dag.py:4180} INFO - Setting next_dagrun for consume_1_and_2_with_dataset_expressions to None, run_after=None
[2024-10-27T23:15:35.048+0000] {logging_mixin.py:190} INFO - [2024-10-27T23:15:35.048+0000] {dag.py:4180} INFO - Setting next_dagrun for consume_1_or_2_with_dataset_expressions to None, run_after=None
[2024-10-27T23:15:35.049+0000] {logging_mixin.py:190} INFO - [2024-10-27T23:15:35.049+0000] {dag.py:4180} INFO - Setting next_dagrun for consume_1_or_both_2_and_3_with_dataset_expressions to None, run_after=None
[2024-10-27T23:15:35.050+0000] {logging_mixin.py:190} INFO - [2024-10-27T23:15:35.050+0000] {dag.py:4180} INFO - Setting next_dagrun for dataset_consumes_1 to None, run_after=None
[2024-10-27T23:15:35.050+0000] {logging_mixin.py:190} INFO - [2024-10-27T23:15:35.050+0000] {dag.py:4180} INFO - Setting next_dagrun for dataset_consumes_1_and_2 to None, run_after=None
[2024-10-27T23:15:35.051+0000] {logging_mixin.py:190} INFO - [2024-10-27T23:15:35.050+0000] {dag.py:4180} INFO - Setting next_dagrun for dataset_consumes_1_never_scheduled to None, run_after=None
[2024-10-27T23:15:35.051+0000] {logging_mixin.py:190} INFO - [2024-10-27T23:15:35.051+0000] {dag.py:4180} INFO - Setting next_dagrun for dataset_consumes_unknown_never_scheduled to None, run_after=None
[2024-10-27T23:15:35.052+0000] {logging_mixin.py:190} INFO - [2024-10-27T23:15:35.052+0000] {dag.py:4180} INFO - Setting next_dagrun for dataset_produces_1 to 2024-10-26 00:00:00+00:00, run_after=2024-10-27 00:00:00+00:00
[2024-10-27T23:15:35.052+0000] {logging_mixin.py:190} INFO - [2024-10-27T23:15:35.052+0000] {dag.py:4180} INFO - Setting next_dagrun for dataset_produces_2 to None, run_after=None
[2024-10-27T23:15:35.067+0000] {processor.py:208} INFO - Processing /home/airflow/.local/lib/python3.12/site-packages/airflow/example_dags/example_datasets.py took 0.264 seconds
[2024-10-27T23:16:05.162+0000] {processor.py:186} INFO - Started process (PID=118) to work on /home/airflow/.local/lib/python3.12/site-packages/airflow/example_dags/example_datasets.py
[2024-10-27T23:16:05.164+0000] {processor.py:914} INFO - Processing file /home/airflow/.local/lib/python3.12/site-packages/airflow/example_dags/example_datasets.py for tasks to queue
[2024-10-27T23:16:05.165+0000] {logging_mixin.py:190} INFO - [2024-10-27T23:16:05.165+0000] {dagbag.py:588} INFO - Filling up the DagBag from /home/airflow/.local/lib/python3.12/site-packages/airflow/example_dags/example_datasets.py
[2024-10-27T23:16:05.222+0000] {processor.py:925} INFO - DAG(s) 'dataset_produces_1', 'dataset_consumes_1_never_scheduled', 'dataset_consumes_unknown_never_scheduled', 'dataset_consumes_1', 'dataset_produces_2', 'conditional_dataset_and_time_based_timetable', 'dataset_consumes_1_and_2', 'consume_1_or_both_2_and_3_with_dataset_expressions', 'consume_1_or_2_with_dataset_expressions', 'consume_1_and_2_with_dataset_expressions' retrieved from /home/airflow/.local/lib/python3.12/site-packages/airflow/example_dags/example_datasets.py
[2024-10-27T23:16:05.238+0000] {logging_mixin.py:190} INFO - [2024-10-27T23:16:05.238+0000] {dag.py:3239} INFO - Sync 10 DAGs
[2024-10-27T23:16:05.251+0000] {logging_mixin.py:190} INFO - [2024-10-27T23:16:05.250+0000] {dag.py:4180} INFO - Setting next_dagrun for conditional_dataset_and_time_based_timetable to 2024-10-23 01:00:00+00:00, run_after=2024-10-23 01:00:00+00:00
[2024-10-27T23:16:05.253+0000] {logging_mixin.py:190} INFO - [2024-10-27T23:16:05.253+0000] {dag.py:4180} INFO - Setting next_dagrun for consume_1_and_2_with_dataset_expressions to None, run_after=None
[2024-10-27T23:16:05.254+0000] {logging_mixin.py:190} INFO - [2024-10-27T23:16:05.254+0000] {dag.py:4180} INFO - Setting next_dagrun for consume_1_or_2_with_dataset_expressions to None, run_after=None
[2024-10-27T23:16:05.255+0000] {logging_mixin.py:190} INFO - [2024-10-27T23:16:05.255+0000] {dag.py:4180} INFO - Setting next_dagrun for consume_1_or_both_2_and_3_with_dataset_expressions to None, run_after=None
[2024-10-27T23:16:05.255+0000] {logging_mixin.py:190} INFO - [2024-10-27T23:16:05.255+0000] {dag.py:4180} INFO - Setting next_dagrun for dataset_consumes_1 to None, run_after=None
[2024-10-27T23:16:05.256+0000] {logging_mixin.py:190} INFO - [2024-10-27T23:16:05.256+0000] {dag.py:4180} INFO - Setting next_dagrun for dataset_consumes_1_and_2 to None, run_after=None
[2024-10-27T23:16:05.257+0000] {logging_mixin.py:190} INFO - [2024-10-27T23:16:05.257+0000] {dag.py:4180} INFO - Setting next_dagrun for dataset_consumes_1_never_scheduled to None, run_after=None
[2024-10-27T23:16:05.258+0000] {logging_mixin.py:190} INFO - [2024-10-27T23:16:05.258+0000] {dag.py:4180} INFO - Setting next_dagrun for dataset_consumes_unknown_never_scheduled to None, run_after=None
[2024-10-27T23:16:05.259+0000] {logging_mixin.py:190} INFO - [2024-10-27T23:16:05.259+0000] {dag.py:4180} INFO - Setting next_dagrun for dataset_produces_1 to 2024-10-26 00:00:00+00:00, run_after=2024-10-27 00:00:00+00:00
[2024-10-27T23:16:05.259+0000] {logging_mixin.py:190} INFO - [2024-10-27T23:16:05.259+0000] {dag.py:4180} INFO - Setting next_dagrun for dataset_produces_2 to None, run_after=None
[2024-10-27T23:16:05.270+0000] {processor.py:208} INFO - Processing /home/airflow/.local/lib/python3.12/site-packages/airflow/example_dags/example_datasets.py took 0.111 seconds
[2024-10-27T23:16:35.997+0000] {processor.py:186} INFO - Started process (PID=181) to work on /home/airflow/.local/lib/python3.12/site-packages/airflow/example_dags/example_datasets.py
[2024-10-27T23:16:35.999+0000] {processor.py:914} INFO - Processing file /home/airflow/.local/lib/python3.12/site-packages/airflow/example_dags/example_datasets.py for tasks to queue
[2024-10-27T23:16:36.001+0000] {logging_mixin.py:190} INFO - [2024-10-27T23:16:36.000+0000] {dagbag.py:588} INFO - Filling up the DagBag from /home/airflow/.local/lib/python3.12/site-packages/airflow/example_dags/example_datasets.py
[2024-10-27T23:16:36.060+0000] {processor.py:925} INFO - DAG(s) 'consume_1_or_2_with_dataset_expressions', 'dataset_produces_1', 'conditional_dataset_and_time_based_timetable', 'consume_1_or_both_2_and_3_with_dataset_expressions', 'consume_1_and_2_with_dataset_expressions', 'dataset_produces_2', 'dataset_consumes_1_and_2', 'dataset_consumes_1', 'dataset_consumes_unknown_never_scheduled', 'dataset_consumes_1_never_scheduled' retrieved from /home/airflow/.local/lib/python3.12/site-packages/airflow/example_dags/example_datasets.py
[2024-10-27T23:16:36.076+0000] {logging_mixin.py:190} INFO - [2024-10-27T23:16:36.076+0000] {dag.py:3239} INFO - Sync 10 DAGs
[2024-10-27T23:16:36.086+0000] {logging_mixin.py:190} INFO - [2024-10-27T23:16:36.086+0000] {dag.py:4180} INFO - Setting next_dagrun for conditional_dataset_and_time_based_timetable to 2024-10-23 01:00:00+00:00, run_after=2024-10-23 01:00:00+00:00
[2024-10-27T23:16:36.088+0000] {logging_mixin.py:190} INFO - [2024-10-27T23:16:36.088+0000] {dag.py:4180} INFO - Setting next_dagrun for consume_1_and_2_with_dataset_expressions to None, run_after=None
[2024-10-27T23:16:36.089+0000] {logging_mixin.py:190} INFO - [2024-10-27T23:16:36.089+0000] {dag.py:4180} INFO - Setting next_dagrun for consume_1_or_2_with_dataset_expressions to None, run_after=None
[2024-10-27T23:16:36.089+0000] {logging_mixin.py:190} INFO - [2024-10-27T23:16:36.089+0000] {dag.py:4180} INFO - Setting next_dagrun for consume_1_or_both_2_and_3_with_dataset_expressions to None, run_after=None
[2024-10-27T23:16:36.090+0000] {logging_mixin.py:190} INFO - [2024-10-27T23:16:36.090+0000] {dag.py:4180} INFO - Setting next_dagrun for dataset_consumes_1 to None, run_after=None
[2024-10-27T23:16:36.091+0000] {logging_mixin.py:190} INFO - [2024-10-27T23:16:36.091+0000] {dag.py:4180} INFO - Setting next_dagrun for dataset_consumes_1_and_2 to None, run_after=None
[2024-10-27T23:16:36.091+0000] {logging_mixin.py:190} INFO - [2024-10-27T23:16:36.091+0000] {dag.py:4180} INFO - Setting next_dagrun for dataset_consumes_1_never_scheduled to None, run_after=None
[2024-10-27T23:16:36.091+0000] {logging_mixin.py:190} INFO - [2024-10-27T23:16:36.091+0000] {dag.py:4180} INFO - Setting next_dagrun for dataset_consumes_unknown_never_scheduled to None, run_after=None
[2024-10-27T23:16:36.092+0000] {logging_mixin.py:190} INFO - [2024-10-27T23:16:36.092+0000] {dag.py:4180} INFO - Setting next_dagrun for dataset_produces_1 to 2024-10-26 00:00:00+00:00, run_after=2024-10-27 00:00:00+00:00
[2024-10-27T23:16:36.092+0000] {logging_mixin.py:190} INFO - [2024-10-27T23:16:36.092+0000] {dag.py:4180} INFO - Setting next_dagrun for dataset_produces_2 to None, run_after=None
[2024-10-27T23:16:36.102+0000] {processor.py:208} INFO - Processing /home/airflow/.local/lib/python3.12/site-packages/airflow/example_dags/example_datasets.py took 0.107 seconds
[2024-10-27T23:17:06.686+0000] {processor.py:186} INFO - Started process (PID=244) to work on /home/airflow/.local/lib/python3.12/site-packages/airflow/example_dags/example_datasets.py
[2024-10-27T23:17:06.687+0000] {processor.py:914} INFO - Processing file /home/airflow/.local/lib/python3.12/site-packages/airflow/example_dags/example_datasets.py for tasks to queue
[2024-10-27T23:17:06.688+0000] {logging_mixin.py:190} INFO - [2024-10-27T23:17:06.688+0000] {dagbag.py:588} INFO - Filling up the DagBag from /home/airflow/.local/lib/python3.12/site-packages/airflow/example_dags/example_datasets.py
[2024-10-27T23:17:06.747+0000] {processor.py:925} INFO - DAG(s) 'dataset_consumes_1_and_2', 'dataset_consumes_1', 'consume_1_or_2_with_dataset_expressions', 'dataset_produces_2', 'dataset_produces_1', 'dataset_consumes_unknown_never_scheduled', 'consume_1_or_both_2_and_3_with_dataset_expressions', 'conditional_dataset_and_time_based_timetable', 'consume_1_and_2_with_dataset_expressions', 'dataset_consumes_1_never_scheduled' retrieved from /home/airflow/.local/lib/python3.12/site-packages/airflow/example_dags/example_datasets.py
[2024-10-27T23:17:06.762+0000] {logging_mixin.py:190} INFO - [2024-10-27T23:17:06.762+0000] {dag.py:3239} INFO - Sync 10 DAGs
[2024-10-27T23:17:06.773+0000] {logging_mixin.py:190} INFO - [2024-10-27T23:17:06.773+0000] {dag.py:4180} INFO - Setting next_dagrun for conditional_dataset_and_time_based_timetable to 2024-10-23 01:00:00+00:00, run_after=2024-10-23 01:00:00+00:00
[2024-10-27T23:17:06.775+0000] {logging_mixin.py:190} INFO - [2024-10-27T23:17:06.775+0000] {dag.py:4180} INFO - Setting next_dagrun for consume_1_and_2_with_dataset_expressions to None, run_after=None
[2024-10-27T23:17:06.775+0000] {logging_mixin.py:190} INFO - [2024-10-27T23:17:06.775+0000] {dag.py:4180} INFO - Setting next_dagrun for consume_1_or_2_with_dataset_expressions to None, run_after=None
[2024-10-27T23:17:06.778+0000] {logging_mixin.py:190} INFO - [2024-10-27T23:17:06.778+0000] {dag.py:4180} INFO - Setting next_dagrun for consume_1_or_both_2_and_3_with_dataset_expressions to None, run_after=None
[2024-10-27T23:17:06.780+0000] {logging_mixin.py:190} INFO - [2024-10-27T23:17:06.780+0000] {dag.py:4180} INFO - Setting next_dagrun for dataset_consumes_1 to None, run_after=None
[2024-10-27T23:17:06.782+0000] {logging_mixin.py:190} INFO - [2024-10-27T23:17:06.782+0000] {dag.py:4180} INFO - Setting next_dagrun for dataset_consumes_1_and_2 to None, run_after=None
[2024-10-27T23:17:06.783+0000] {logging_mixin.py:190} INFO - [2024-10-27T23:17:06.783+0000] {dag.py:4180} INFO - Setting next_dagrun for dataset_consumes_1_never_scheduled to None, run_after=None
[2024-10-27T23:17:06.784+0000] {logging_mixin.py:190} INFO - [2024-10-27T23:17:06.784+0000] {dag.py:4180} INFO - Setting next_dagrun for dataset_consumes_unknown_never_scheduled to None, run_after=None
[2024-10-27T23:17:06.785+0000] {logging_mixin.py:190} INFO - [2024-10-27T23:17:06.784+0000] {dag.py:4180} INFO - Setting next_dagrun for dataset_produces_1 to 2024-10-26 00:00:00+00:00, run_after=2024-10-27 00:00:00+00:00
[2024-10-27T23:17:06.786+0000] {logging_mixin.py:190} INFO - [2024-10-27T23:17:06.786+0000] {dag.py:4180} INFO - Setting next_dagrun for dataset_produces_2 to None, run_after=None
[2024-10-27T23:17:06.799+0000] {processor.py:208} INFO - Processing /home/airflow/.local/lib/python3.12/site-packages/airflow/example_dags/example_datasets.py took 0.115 seconds
[2024-10-27T23:17:37.535+0000] {processor.py:186} INFO - Started process (PID=307) to work on /home/airflow/.local/lib/python3.12/site-packages/airflow/example_dags/example_datasets.py
[2024-10-27T23:17:37.535+0000] {processor.py:914} INFO - Processing file /home/airflow/.local/lib/python3.12/site-packages/airflow/example_dags/example_datasets.py for tasks to queue
[2024-10-27T23:17:37.536+0000] {logging_mixin.py:190} INFO - [2024-10-27T23:17:37.536+0000] {dagbag.py:588} INFO - Filling up the DagBag from /home/airflow/.local/lib/python3.12/site-packages/airflow/example_dags/example_datasets.py
[2024-10-27T23:17:37.593+0000] {processor.py:925} INFO - DAG(s) 'consume_1_and_2_with_dataset_expressions', 'consume_1_or_both_2_and_3_with_dataset_expressions', 'dataset_consumes_unknown_never_scheduled', 'dataset_consumes_1', 'dataset_produces_1', 'consume_1_or_2_with_dataset_expressions', 'dataset_consumes_1_never_scheduled', 'dataset_consumes_1_and_2', 'conditional_dataset_and_time_based_timetable', 'dataset_produces_2' retrieved from /home/airflow/.local/lib/python3.12/site-packages/airflow/example_dags/example_datasets.py
[2024-10-27T23:17:37.611+0000] {logging_mixin.py:190} INFO - [2024-10-27T23:17:37.611+0000] {dag.py:3239} INFO - Sync 10 DAGs
[2024-10-27T23:17:37.621+0000] {logging_mixin.py:190} INFO - [2024-10-27T23:17:37.621+0000] {dag.py:4180} INFO - Setting next_dagrun for conditional_dataset_and_time_based_timetable to 2024-10-23 01:00:00+00:00, run_after=2024-10-23 01:00:00+00:00
[2024-10-27T23:17:37.624+0000] {logging_mixin.py:190} INFO - [2024-10-27T23:17:37.624+0000] {dag.py:4180} INFO - Setting next_dagrun for consume_1_and_2_with_dataset_expressions to None, run_after=None
[2024-10-27T23:17:37.625+0000] {logging_mixin.py:190} INFO - [2024-10-27T23:17:37.625+0000] {dag.py:4180} INFO - Setting next_dagrun for consume_1_or_2_with_dataset_expressions to None, run_after=None
[2024-10-27T23:17:37.626+0000] {logging_mixin.py:190} INFO - [2024-10-27T23:17:37.626+0000] {dag.py:4180} INFO - Setting next_dagrun for consume_1_or_both_2_and_3_with_dataset_expressions to None, run_after=None
[2024-10-27T23:17:37.626+0000] {logging_mixin.py:190} INFO - [2024-10-27T23:17:37.626+0000] {dag.py:4180} INFO - Setting next_dagrun for dataset_consumes_1 to None, run_after=None
[2024-10-27T23:17:37.627+0000] {logging_mixin.py:190} INFO - [2024-10-27T23:17:37.627+0000] {dag.py:4180} INFO - Setting next_dagrun for dataset_consumes_1_and_2 to None, run_after=None
[2024-10-27T23:17:37.627+0000] {logging_mixin.py:190} INFO - [2024-10-27T23:17:37.627+0000] {dag.py:4180} INFO - Setting next_dagrun for dataset_consumes_1_never_scheduled to None, run_after=None
[2024-10-27T23:17:37.628+0000] {logging_mixin.py:190} INFO - [2024-10-27T23:17:37.628+0000] {dag.py:4180} INFO - Setting next_dagrun for dataset_consumes_unknown_never_scheduled to None, run_after=None
[2024-10-27T23:17:37.630+0000] {logging_mixin.py:190} INFO - [2024-10-27T23:17:37.629+0000] {dag.py:4180} INFO - Setting next_dagrun for dataset_produces_1 to 2024-10-26 00:00:00+00:00, run_after=2024-10-27 00:00:00+00:00
[2024-10-27T23:17:37.631+0000] {logging_mixin.py:190} INFO - [2024-10-27T23:17:37.631+0000] {dag.py:4180} INFO - Setting next_dagrun for dataset_produces_2 to None, run_after=None
[2024-10-27T23:17:37.648+0000] {processor.py:208} INFO - Processing /home/airflow/.local/lib/python3.12/site-packages/airflow/example_dags/example_datasets.py took 0.115 seconds
[2024-10-27T23:18:08.307+0000] {processor.py:186} INFO - Started process (PID=370) to work on /home/airflow/.local/lib/python3.12/site-packages/airflow/example_dags/example_datasets.py
[2024-10-27T23:18:08.309+0000] {processor.py:914} INFO - Processing file /home/airflow/.local/lib/python3.12/site-packages/airflow/example_dags/example_datasets.py for tasks to queue
[2024-10-27T23:18:08.310+0000] {logging_mixin.py:190} INFO - [2024-10-27T23:18:08.310+0000] {dagbag.py:588} INFO - Filling up the DagBag from /home/airflow/.local/lib/python3.12/site-packages/airflow/example_dags/example_datasets.py
[2024-10-27T23:18:08.374+0000] {processor.py:925} INFO - DAG(s) 'dataset_produces_1', 'dataset_consumes_unknown_never_scheduled', 'consume_1_or_2_with_dataset_expressions', 'conditional_dataset_and_time_based_timetable', 'dataset_consumes_1_and_2', 'dataset_consumes_1_never_scheduled', 'consume_1_and_2_with_dataset_expressions', 'dataset_consumes_1', 'dataset_produces_2', 'consume_1_or_both_2_and_3_with_dataset_expressions' retrieved from /home/airflow/.local/lib/python3.12/site-packages/airflow/example_dags/example_datasets.py
[2024-10-27T23:18:08.391+0000] {logging_mixin.py:190} INFO - [2024-10-27T23:18:08.391+0000] {dag.py:3239} INFO - Sync 10 DAGs
[2024-10-27T23:18:08.401+0000] {logging_mixin.py:190} INFO - [2024-10-27T23:18:08.401+0000] {dag.py:4180} INFO - Setting next_dagrun for conditional_dataset_and_time_based_timetable to 2024-10-23 01:00:00+00:00, run_after=2024-10-23 01:00:00+00:00
[2024-10-27T23:18:08.402+0000] {logging_mixin.py:190} INFO - [2024-10-27T23:18:08.402+0000] {dag.py:4180} INFO - Setting next_dagrun for consume_1_and_2_with_dataset_expressions to None, run_after=None
[2024-10-27T23:18:08.403+0000] {logging_mixin.py:190} INFO - [2024-10-27T23:18:08.403+0000] {dag.py:4180} INFO - Setting next_dagrun for consume_1_or_2_with_dataset_expressions to None, run_after=None
[2024-10-27T23:18:08.403+0000] {logging_mixin.py:190} INFO - [2024-10-27T23:18:08.403+0000] {dag.py:4180} INFO - Setting next_dagrun for consume_1_or_both_2_and_3_with_dataset_expressions to None, run_after=None
[2024-10-27T23:18:08.404+0000] {logging_mixin.py:190} INFO - [2024-10-27T23:18:08.404+0000] {dag.py:4180} INFO - Setting next_dagrun for dataset_consumes_1 to None, run_after=None
[2024-10-27T23:18:08.404+0000] {logging_mixin.py:190} INFO - [2024-10-27T23:18:08.404+0000] {dag.py:4180} INFO - Setting next_dagrun for dataset_consumes_1_and_2 to None, run_after=None
[2024-10-27T23:18:08.405+0000] {logging_mixin.py:190} INFO - [2024-10-27T23:18:08.404+0000] {dag.py:4180} INFO - Setting next_dagrun for dataset_consumes_1_never_scheduled to None, run_after=None
[2024-10-27T23:18:08.405+0000] {logging_mixin.py:190} INFO - [2024-10-27T23:18:08.405+0000] {dag.py:4180} INFO - Setting next_dagrun for dataset_consumes_unknown_never_scheduled to None, run_after=None
[2024-10-27T23:18:08.406+0000] {logging_mixin.py:190} INFO - [2024-10-27T23:18:08.405+0000] {dag.py:4180} INFO - Setting next_dagrun for dataset_produces_1 to 2024-10-26 00:00:00+00:00, run_after=2024-10-27 00:00:00+00:00
[2024-10-27T23:18:08.406+0000] {logging_mixin.py:190} INFO - [2024-10-27T23:18:08.406+0000] {dag.py:4180} INFO - Setting next_dagrun for dataset_produces_2 to None, run_after=None
[2024-10-27T23:18:08.416+0000] {processor.py:208} INFO - Processing /home/airflow/.local/lib/python3.12/site-packages/airflow/example_dags/example_datasets.py took 0.112 seconds
[2024-10-27T23:18:39.039+0000] {processor.py:186} INFO - Started process (PID=433) to work on /home/airflow/.local/lib/python3.12/site-packages/airflow/example_dags/example_datasets.py
[2024-10-27T23:18:39.040+0000] {processor.py:914} INFO - Processing file /home/airflow/.local/lib/python3.12/site-packages/airflow/example_dags/example_datasets.py for tasks to queue
[2024-10-27T23:18:39.041+0000] {logging_mixin.py:190} INFO - [2024-10-27T23:18:39.041+0000] {dagbag.py:588} INFO - Filling up the DagBag from /home/airflow/.local/lib/python3.12/site-packages/airflow/example_dags/example_datasets.py
[2024-10-27T23:18:39.103+0000] {processor.py:925} INFO - DAG(s) 'dataset_produces_2', 'dataset_consumes_unknown_never_scheduled', 'dataset_produces_1', 'consume_1_or_both_2_and_3_with_dataset_expressions', 'dataset_consumes_1_never_scheduled', 'dataset_consumes_1_and_2', 'dataset_consumes_1', 'consume_1_and_2_with_dataset_expressions', 'conditional_dataset_and_time_based_timetable', 'consume_1_or_2_with_dataset_expressions' retrieved from /home/airflow/.local/lib/python3.12/site-packages/airflow/example_dags/example_datasets.py
[2024-10-27T23:18:39.120+0000] {logging_mixin.py:190} INFO - [2024-10-27T23:18:39.120+0000] {dag.py:3239} INFO - Sync 10 DAGs
[2024-10-27T23:18:39.130+0000] {logging_mixin.py:190} INFO - [2024-10-27T23:18:39.129+0000] {dag.py:4180} INFO - Setting next_dagrun for conditional_dataset_and_time_based_timetable to 2024-10-23 01:00:00+00:00, run_after=2024-10-23 01:00:00+00:00
[2024-10-27T23:18:39.132+0000] {logging_mixin.py:190} INFO - [2024-10-27T23:18:39.132+0000] {dag.py:4180} INFO - Setting next_dagrun for consume_1_and_2_with_dataset_expressions to None, run_after=None
[2024-10-27T23:18:39.132+0000] {logging_mixin.py:190} INFO - [2024-10-27T23:18:39.132+0000] {dag.py:4180} INFO - Setting next_dagrun for consume_1_or_2_with_dataset_expressions to None, run_after=None
[2024-10-27T23:18:39.133+0000] {logging_mixin.py:190} INFO - [2024-10-27T23:18:39.133+0000] {dag.py:4180} INFO - Setting next_dagrun for consume_1_or_both_2_and_3_with_dataset_expressions to None, run_after=None
[2024-10-27T23:18:39.133+0000] {logging_mixin.py:190} INFO - [2024-10-27T23:18:39.133+0000] {dag.py:4180} INFO - Setting next_dagrun for dataset_consumes_1 to None, run_after=None
[2024-10-27T23:18:39.133+0000] {logging_mixin.py:190} INFO - [2024-10-27T23:18:39.133+0000] {dag.py:4180} INFO - Setting next_dagrun for dataset_consumes_1_and_2 to None, run_after=None
[2024-10-27T23:18:39.134+0000] {logging_mixin.py:190} INFO - [2024-10-27T23:18:39.134+0000] {dag.py:4180} INFO - Setting next_dagrun for dataset_consumes_1_never_scheduled to None, run_after=None
[2024-10-27T23:18:39.134+0000] {logging_mixin.py:190} INFO - [2024-10-27T23:18:39.134+0000] {dag.py:4180} INFO - Setting next_dagrun for dataset_consumes_unknown_never_scheduled to None, run_after=None
[2024-10-27T23:18:39.135+0000] {logging_mixin.py:190} INFO - [2024-10-27T23:18:39.135+0000] {dag.py:4180} INFO - Setting next_dagrun for dataset_produces_1 to 2024-10-26 00:00:00+00:00, run_after=2024-10-27 00:00:00+00:00
[2024-10-27T23:18:39.135+0000] {logging_mixin.py:190} INFO - [2024-10-27T23:18:39.135+0000] {dag.py:4180} INFO - Setting next_dagrun for dataset_produces_2 to None, run_after=None
[2024-10-27T23:18:39.145+0000] {processor.py:208} INFO - Processing /home/airflow/.local/lib/python3.12/site-packages/airflow/example_dags/example_datasets.py took 0.108 seconds
[2024-10-27T23:19:10.115+0000] {processor.py:186} INFO - Started process (PID=502) to work on /home/airflow/.local/lib/python3.12/site-packages/airflow/example_dags/example_datasets.py
[2024-10-27T23:19:10.115+0000] {processor.py:914} INFO - Processing file /home/airflow/.local/lib/python3.12/site-packages/airflow/example_dags/example_datasets.py for tasks to queue
[2024-10-27T23:19:10.116+0000] {logging_mixin.py:190} INFO - [2024-10-27T23:19:10.116+0000] {dagbag.py:588} INFO - Filling up the DagBag from /home/airflow/.local/lib/python3.12/site-packages/airflow/example_dags/example_datasets.py
[2024-10-27T23:19:10.213+0000] {processor.py:925} INFO - DAG(s) 'dataset_consumes_unknown_never_scheduled', 'consume_1_or_both_2_and_3_with_dataset_expressions', 'dataset_consumes_1_never_scheduled', 'dataset_consumes_1', 'consume_1_or_2_with_dataset_expressions', 'dataset_produces_2', 'dataset_produces_1', 'dataset_consumes_1_and_2', 'conditional_dataset_and_time_based_timetable', 'consume_1_and_2_with_dataset_expressions' retrieved from /home/airflow/.local/lib/python3.12/site-packages/airflow/example_dags/example_datasets.py
[2024-10-27T23:19:10.237+0000] {logging_mixin.py:190} INFO - [2024-10-27T23:19:10.237+0000] {dag.py:3239} INFO - Sync 10 DAGs
[2024-10-27T23:19:10.250+0000] {logging_mixin.py:190} INFO - [2024-10-27T23:19:10.250+0000] {dag.py:4180} INFO - Setting next_dagrun for conditional_dataset_and_time_based_timetable to 2024-10-23 01:00:00+00:00, run_after=2024-10-23 01:00:00+00:00
[2024-10-27T23:19:10.252+0000] {logging_mixin.py:190} INFO - [2024-10-27T23:19:10.252+0000] {dag.py:4180} INFO - Setting next_dagrun for consume_1_and_2_with_dataset_expressions to None, run_after=None
[2024-10-27T23:19:10.253+0000] {logging_mixin.py:190} INFO - [2024-10-27T23:19:10.253+0000] {dag.py:4180} INFO - Setting next_dagrun for consume_1_or_2_with_dataset_expressions to None, run_after=None
[2024-10-27T23:19:10.253+0000] {logging_mixin.py:190} INFO - [2024-10-27T23:19:10.253+0000] {dag.py:4180} INFO - Setting next_dagrun for consume_1_or_both_2_and_3_with_dataset_expressions to None, run_after=None
[2024-10-27T23:19:10.254+0000] {logging_mixin.py:190} INFO - [2024-10-27T23:19:10.254+0000] {dag.py:4180} INFO - Setting next_dagrun for dataset_consumes_1 to None, run_after=None
[2024-10-27T23:19:10.254+0000] {logging_mixin.py:190} INFO - [2024-10-27T23:19:10.254+0000] {dag.py:4180} INFO - Setting next_dagrun for dataset_consumes_1_and_2 to None, run_after=None
[2024-10-27T23:19:10.256+0000] {logging_mixin.py:190} INFO - [2024-10-27T23:19:10.256+0000] {dag.py:4180} INFO - Setting next_dagrun for dataset_consumes_1_never_scheduled to None, run_after=None
[2024-10-27T23:19:10.258+0000] {logging_mixin.py:190} INFO - [2024-10-27T23:19:10.258+0000] {dag.py:4180} INFO - Setting next_dagrun for dataset_consumes_unknown_never_scheduled to None, run_after=None
[2024-10-27T23:19:10.260+0000] {logging_mixin.py:190} INFO - [2024-10-27T23:19:10.260+0000] {dag.py:4180} INFO - Setting next_dagrun for dataset_produces_1 to 2024-10-26 00:00:00+00:00, run_after=2024-10-27 00:00:00+00:00
[2024-10-27T23:19:10.262+0000] {logging_mixin.py:190} INFO - [2024-10-27T23:19:10.261+0000] {dag.py:4180} INFO - Setting next_dagrun for dataset_produces_2 to None, run_after=None
[2024-10-27T23:19:10.277+0000] {processor.py:208} INFO - Processing /home/airflow/.local/lib/python3.12/site-packages/airflow/example_dags/example_datasets.py took 0.165 seconds
