[2024-10-27T23:11:29.124+0000] {processor.py:186} INFO - Started process (PID=76) to work on /home/airflow/.local/lib/python3.12/site-packages/airflow/example_dags/example_inlet_event_extra.py
[2024-10-27T23:11:29.124+0000] {processor.py:914} INFO - Processing file /home/airflow/.local/lib/python3.12/site-packages/airflow/example_dags/example_inlet_event_extra.py for tasks to queue
[2024-10-27T23:11:29.126+0000] {logging_mixin.py:190} INFO - [2024-10-27T23:11:29.126+0000] {dagbag.py:588} INFO - Filling up the DagBag from /home/airflow/.local/lib/python3.12/site-packages/airflow/example_dags/example_inlet_event_extra.py
[2024-10-27T23:11:29.199+0000] {processor.py:925} INFO - DAG(s) 'read_dataset_event_from_classic', 'read_dataset_event' retrieved from /home/airflow/.local/lib/python3.12/site-packages/airflow/example_dags/example_inlet_event_extra.py
[2024-10-27T23:11:29.214+0000] {logging_mixin.py:190} INFO - [2024-10-27T23:11:29.214+0000] {dag.py:3239} INFO - Sync 2 DAGs
[2024-10-27T23:11:29.225+0000] {logging_mixin.py:190} INFO - [2024-10-27T23:11:29.225+0000] {dag.py:4180} INFO - Setting next_dagrun for read_dataset_event to 2024-10-26 00:00:00+00:00, run_after=2024-10-27 00:00:00+00:00
[2024-10-27T23:11:29.228+0000] {logging_mixin.py:190} INFO - [2024-10-27T23:11:29.228+0000] {dag.py:4180} INFO - Setting next_dagrun for read_dataset_event_from_classic to 2024-10-26 00:00:00+00:00, run_after=2024-10-27 00:00:00+00:00
[2024-10-27T23:11:29.236+0000] {processor.py:208} INFO - Processing /home/airflow/.local/lib/python3.12/site-packages/airflow/example_dags/example_inlet_event_extra.py took 0.115 seconds
[2024-10-27T23:12:00.216+0000] {processor.py:186} INFO - Started process (PID=139) to work on /home/airflow/.local/lib/python3.12/site-packages/airflow/example_dags/example_inlet_event_extra.py
[2024-10-27T23:12:00.218+0000] {processor.py:914} INFO - Processing file /home/airflow/.local/lib/python3.12/site-packages/airflow/example_dags/example_inlet_event_extra.py for tasks to queue
[2024-10-27T23:12:00.219+0000] {logging_mixin.py:190} INFO - [2024-10-27T23:12:00.219+0000] {dagbag.py:588} INFO - Filling up the DagBag from /home/airflow/.local/lib/python3.12/site-packages/airflow/example_dags/example_inlet_event_extra.py
[2024-10-27T23:12:00.293+0000] {processor.py:925} INFO - DAG(s) 'read_dataset_event', 'read_dataset_event_from_classic' retrieved from /home/airflow/.local/lib/python3.12/site-packages/airflow/example_dags/example_inlet_event_extra.py
[2024-10-27T23:12:00.307+0000] {logging_mixin.py:190} INFO - [2024-10-27T23:12:00.307+0000] {dag.py:3239} INFO - Sync 2 DAGs
[2024-10-27T23:12:00.318+0000] {logging_mixin.py:190} INFO - [2024-10-27T23:12:00.318+0000] {dag.py:4180} INFO - Setting next_dagrun for read_dataset_event to 2024-10-26 00:00:00+00:00, run_after=2024-10-27 00:00:00+00:00
[2024-10-27T23:12:00.320+0000] {logging_mixin.py:190} INFO - [2024-10-27T23:12:00.320+0000] {dag.py:4180} INFO - Setting next_dagrun for read_dataset_event_from_classic to 2024-10-26 00:00:00+00:00, run_after=2024-10-27 00:00:00+00:00
[2024-10-27T23:12:00.326+0000] {processor.py:208} INFO - Processing /home/airflow/.local/lib/python3.12/site-packages/airflow/example_dags/example_inlet_event_extra.py took 0.113 seconds
[2024-10-27T23:12:31.064+0000] {processor.py:186} INFO - Started process (PID=208) to work on /home/airflow/.local/lib/python3.12/site-packages/airflow/example_dags/example_inlet_event_extra.py
[2024-10-27T23:12:31.067+0000] {processor.py:914} INFO - Processing file /home/airflow/.local/lib/python3.12/site-packages/airflow/example_dags/example_inlet_event_extra.py for tasks to queue
[2024-10-27T23:12:31.069+0000] {logging_mixin.py:190} INFO - [2024-10-27T23:12:31.069+0000] {dagbag.py:588} INFO - Filling up the DagBag from /home/airflow/.local/lib/python3.12/site-packages/airflow/example_dags/example_inlet_event_extra.py
[2024-10-27T23:12:31.138+0000] {processor.py:925} INFO - DAG(s) 'read_dataset_event_from_classic', 'read_dataset_event' retrieved from /home/airflow/.local/lib/python3.12/site-packages/airflow/example_dags/example_inlet_event_extra.py
[2024-10-27T23:12:31.151+0000] {logging_mixin.py:190} INFO - [2024-10-27T23:12:31.151+0000] {dag.py:3239} INFO - Sync 2 DAGs
[2024-10-27T23:12:31.163+0000] {logging_mixin.py:190} INFO - [2024-10-27T23:12:31.163+0000] {dag.py:4180} INFO - Setting next_dagrun for read_dataset_event to 2024-10-26 00:00:00+00:00, run_after=2024-10-27 00:00:00+00:00
[2024-10-27T23:12:31.169+0000] {logging_mixin.py:190} INFO - [2024-10-27T23:12:31.169+0000] {dag.py:4180} INFO - Setting next_dagrun for read_dataset_event_from_classic to 2024-10-26 00:00:00+00:00, run_after=2024-10-27 00:00:00+00:00
[2024-10-27T23:12:31.181+0000] {processor.py:208} INFO - Processing /home/airflow/.local/lib/python3.12/site-packages/airflow/example_dags/example_inlet_event_extra.py took 0.122 seconds
[2024-10-27T23:13:02.043+0000] {processor.py:186} INFO - Started process (PID=271) to work on /home/airflow/.local/lib/python3.12/site-packages/airflow/example_dags/example_inlet_event_extra.py
[2024-10-27T23:13:02.044+0000] {processor.py:914} INFO - Processing file /home/airflow/.local/lib/python3.12/site-packages/airflow/example_dags/example_inlet_event_extra.py for tasks to queue
[2024-10-27T23:13:02.047+0000] {logging_mixin.py:190} INFO - [2024-10-27T23:13:02.046+0000] {dagbag.py:588} INFO - Filling up the DagBag from /home/airflow/.local/lib/python3.12/site-packages/airflow/example_dags/example_inlet_event_extra.py
[2024-10-27T23:13:02.121+0000] {processor.py:925} INFO - DAG(s) 'read_dataset_event_from_classic', 'read_dataset_event' retrieved from /home/airflow/.local/lib/python3.12/site-packages/airflow/example_dags/example_inlet_event_extra.py
[2024-10-27T23:13:02.130+0000] {logging_mixin.py:190} INFO - [2024-10-27T23:13:02.130+0000] {dag.py:3239} INFO - Sync 2 DAGs
[2024-10-27T23:13:02.141+0000] {logging_mixin.py:190} INFO - [2024-10-27T23:13:02.141+0000] {dag.py:4180} INFO - Setting next_dagrun for read_dataset_event to 2024-10-26 00:00:00+00:00, run_after=2024-10-27 00:00:00+00:00
[2024-10-27T23:13:02.143+0000] {logging_mixin.py:190} INFO - [2024-10-27T23:13:02.143+0000] {dag.py:4180} INFO - Setting next_dagrun for read_dataset_event_from_classic to 2024-10-26 00:00:00+00:00, run_after=2024-10-27 00:00:00+00:00
[2024-10-27T23:13:02.148+0000] {processor.py:208} INFO - Processing /home/airflow/.local/lib/python3.12/site-packages/airflow/example_dags/example_inlet_event_extra.py took 0.109 seconds
[2024-10-27T23:13:32.892+0000] {processor.py:186} INFO - Started process (PID=334) to work on /home/airflow/.local/lib/python3.12/site-packages/airflow/example_dags/example_inlet_event_extra.py
[2024-10-27T23:13:32.893+0000] {processor.py:914} INFO - Processing file /home/airflow/.local/lib/python3.12/site-packages/airflow/example_dags/example_inlet_event_extra.py for tasks to queue
[2024-10-27T23:13:32.894+0000] {logging_mixin.py:190} INFO - [2024-10-27T23:13:32.894+0000] {dagbag.py:588} INFO - Filling up the DagBag from /home/airflow/.local/lib/python3.12/site-packages/airflow/example_dags/example_inlet_event_extra.py
[2024-10-27T23:13:32.967+0000] {processor.py:925} INFO - DAG(s) 'read_dataset_event_from_classic', 'read_dataset_event' retrieved from /home/airflow/.local/lib/python3.12/site-packages/airflow/example_dags/example_inlet_event_extra.py
[2024-10-27T23:13:32.977+0000] {logging_mixin.py:190} INFO - [2024-10-27T23:13:32.977+0000] {dag.py:3239} INFO - Sync 2 DAGs
[2024-10-27T23:13:32.988+0000] {logging_mixin.py:190} INFO - [2024-10-27T23:13:32.987+0000] {dag.py:4180} INFO - Setting next_dagrun for read_dataset_event to 2024-10-26 00:00:00+00:00, run_after=2024-10-27 00:00:00+00:00
[2024-10-27T23:13:32.990+0000] {logging_mixin.py:190} INFO - [2024-10-27T23:13:32.990+0000] {dag.py:4180} INFO - Setting next_dagrun for read_dataset_event_from_classic to 2024-10-26 00:00:00+00:00, run_after=2024-10-27 00:00:00+00:00
[2024-10-27T23:13:33.000+0000] {processor.py:208} INFO - Processing /home/airflow/.local/lib/python3.12/site-packages/airflow/example_dags/example_inlet_event_extra.py took 0.113 seconds
[2024-10-27T23:14:03.674+0000] {processor.py:186} INFO - Started process (PID=397) to work on /home/airflow/.local/lib/python3.12/site-packages/airflow/example_dags/example_inlet_event_extra.py
[2024-10-27T23:14:03.675+0000] {processor.py:914} INFO - Processing file /home/airflow/.local/lib/python3.12/site-packages/airflow/example_dags/example_inlet_event_extra.py for tasks to queue
[2024-10-27T23:14:03.677+0000] {logging_mixin.py:190} INFO - [2024-10-27T23:14:03.677+0000] {dagbag.py:588} INFO - Filling up the DagBag from /home/airflow/.local/lib/python3.12/site-packages/airflow/example_dags/example_inlet_event_extra.py
[2024-10-27T23:14:03.749+0000] {processor.py:925} INFO - DAG(s) 'read_dataset_event', 'read_dataset_event_from_classic' retrieved from /home/airflow/.local/lib/python3.12/site-packages/airflow/example_dags/example_inlet_event_extra.py
[2024-10-27T23:14:03.759+0000] {logging_mixin.py:190} INFO - [2024-10-27T23:14:03.759+0000] {dag.py:3239} INFO - Sync 2 DAGs
[2024-10-27T23:14:03.767+0000] {logging_mixin.py:190} INFO - [2024-10-27T23:14:03.767+0000] {dag.py:4180} INFO - Setting next_dagrun for read_dataset_event to 2024-10-26 00:00:00+00:00, run_after=2024-10-27 00:00:00+00:00
[2024-10-27T23:14:03.769+0000] {logging_mixin.py:190} INFO - [2024-10-27T23:14:03.769+0000] {dag.py:4180} INFO - Setting next_dagrun for read_dataset_event_from_classic to 2024-10-26 00:00:00+00:00, run_after=2024-10-27 00:00:00+00:00
[2024-10-27T23:14:03.774+0000] {processor.py:208} INFO - Processing /home/airflow/.local/lib/python3.12/site-packages/airflow/example_dags/example_inlet_event_extra.py took 0.106 seconds
[2024-10-27T23:14:34.483+0000] {processor.py:186} INFO - Started process (PID=460) to work on /home/airflow/.local/lib/python3.12/site-packages/airflow/example_dags/example_inlet_event_extra.py
[2024-10-27T23:14:34.484+0000] {processor.py:914} INFO - Processing file /home/airflow/.local/lib/python3.12/site-packages/airflow/example_dags/example_inlet_event_extra.py for tasks to queue
[2024-10-27T23:14:34.485+0000] {logging_mixin.py:190} INFO - [2024-10-27T23:14:34.485+0000] {dagbag.py:588} INFO - Filling up the DagBag from /home/airflow/.local/lib/python3.12/site-packages/airflow/example_dags/example_inlet_event_extra.py
[2024-10-27T23:14:34.556+0000] {processor.py:925} INFO - DAG(s) 'read_dataset_event', 'read_dataset_event_from_classic' retrieved from /home/airflow/.local/lib/python3.12/site-packages/airflow/example_dags/example_inlet_event_extra.py
[2024-10-27T23:14:34.572+0000] {logging_mixin.py:190} INFO - [2024-10-27T23:14:34.572+0000] {dag.py:3239} INFO - Sync 2 DAGs
[2024-10-27T23:14:34.583+0000] {logging_mixin.py:190} INFO - [2024-10-27T23:14:34.583+0000] {dag.py:4180} INFO - Setting next_dagrun for read_dataset_event to 2024-10-26 00:00:00+00:00, run_after=2024-10-27 00:00:00+00:00
[2024-10-27T23:14:34.585+0000] {logging_mixin.py:190} INFO - [2024-10-27T23:14:34.584+0000] {dag.py:4180} INFO - Setting next_dagrun for read_dataset_event_from_classic to 2024-10-26 00:00:00+00:00, run_after=2024-10-27 00:00:00+00:00
[2024-10-27T23:14:34.590+0000] {processor.py:208} INFO - Processing /home/airflow/.local/lib/python3.12/site-packages/airflow/example_dags/example_inlet_event_extra.py took 0.110 seconds
[2024-10-27T23:15:35.777+0000] {processor.py:186} INFO - Started process (PID=77) to work on /home/airflow/.local/lib/python3.12/site-packages/airflow/example_dags/example_inlet_event_extra.py
[2024-10-27T23:15:35.779+0000] {processor.py:914} INFO - Processing file /home/airflow/.local/lib/python3.12/site-packages/airflow/example_dags/example_inlet_event_extra.py for tasks to queue
[2024-10-27T23:15:35.780+0000] {logging_mixin.py:190} INFO - [2024-10-27T23:15:35.780+0000] {dagbag.py:588} INFO - Filling up the DagBag from /home/airflow/.local/lib/python3.12/site-packages/airflow/example_dags/example_inlet_event_extra.py
[2024-10-27T23:15:35.845+0000] {processor.py:925} INFO - DAG(s) 'read_dataset_event_from_classic', 'read_dataset_event' retrieved from /home/airflow/.local/lib/python3.12/site-packages/airflow/example_dags/example_inlet_event_extra.py
[2024-10-27T23:15:35.860+0000] {logging_mixin.py:190} INFO - [2024-10-27T23:15:35.859+0000] {dag.py:3239} INFO - Sync 2 DAGs
[2024-10-27T23:15:35.872+0000] {logging_mixin.py:190} INFO - [2024-10-27T23:15:35.872+0000] {dag.py:4180} INFO - Setting next_dagrun for read_dataset_event to 2024-10-26 00:00:00+00:00, run_after=2024-10-27 00:00:00+00:00
[2024-10-27T23:15:35.875+0000] {logging_mixin.py:190} INFO - [2024-10-27T23:15:35.875+0000] {dag.py:4180} INFO - Setting next_dagrun for read_dataset_event_from_classic to 2024-10-26 00:00:00+00:00, run_after=2024-10-27 00:00:00+00:00
[2024-10-27T23:15:35.885+0000] {processor.py:208} INFO - Processing /home/airflow/.local/lib/python3.12/site-packages/airflow/example_dags/example_inlet_event_extra.py took 0.110 seconds
[2024-10-27T23:16:06.811+0000] {processor.py:186} INFO - Started process (PID=140) to work on /home/airflow/.local/lib/python3.12/site-packages/airflow/example_dags/example_inlet_event_extra.py
[2024-10-27T23:16:06.814+0000] {processor.py:914} INFO - Processing file /home/airflow/.local/lib/python3.12/site-packages/airflow/example_dags/example_inlet_event_extra.py for tasks to queue
[2024-10-27T23:16:06.817+0000] {logging_mixin.py:190} INFO - [2024-10-27T23:16:06.816+0000] {dagbag.py:588} INFO - Filling up the DagBag from /home/airflow/.local/lib/python3.12/site-packages/airflow/example_dags/example_inlet_event_extra.py
[2024-10-27T23:16:06.896+0000] {processor.py:925} INFO - DAG(s) 'read_dataset_event', 'read_dataset_event_from_classic' retrieved from /home/airflow/.local/lib/python3.12/site-packages/airflow/example_dags/example_inlet_event_extra.py
[2024-10-27T23:16:06.912+0000] {logging_mixin.py:190} INFO - [2024-10-27T23:16:06.912+0000] {dag.py:3239} INFO - Sync 2 DAGs
[2024-10-27T23:16:06.928+0000] {logging_mixin.py:190} INFO - [2024-10-27T23:16:06.928+0000] {dag.py:4180} INFO - Setting next_dagrun for read_dataset_event to 2024-10-26 00:00:00+00:00, run_after=2024-10-27 00:00:00+00:00
[2024-10-27T23:16:06.931+0000] {logging_mixin.py:190} INFO - [2024-10-27T23:16:06.931+0000] {dag.py:4180} INFO - Setting next_dagrun for read_dataset_event_from_classic to 2024-10-26 00:00:00+00:00, run_after=2024-10-27 00:00:00+00:00
[2024-10-27T23:16:06.941+0000] {processor.py:208} INFO - Processing /home/airflow/.local/lib/python3.12/site-packages/airflow/example_dags/example_inlet_event_extra.py took 0.137 seconds
[2024-10-27T23:16:37.630+0000] {processor.py:186} INFO - Started process (PID=203) to work on /home/airflow/.local/lib/python3.12/site-packages/airflow/example_dags/example_inlet_event_extra.py
[2024-10-27T23:16:37.633+0000] {processor.py:914} INFO - Processing file /home/airflow/.local/lib/python3.12/site-packages/airflow/example_dags/example_inlet_event_extra.py for tasks to queue
[2024-10-27T23:16:37.635+0000] {logging_mixin.py:190} INFO - [2024-10-27T23:16:37.635+0000] {dagbag.py:588} INFO - Filling up the DagBag from /home/airflow/.local/lib/python3.12/site-packages/airflow/example_dags/example_inlet_event_extra.py
[2024-10-27T23:16:37.702+0000] {processor.py:925} INFO - DAG(s) 'read_dataset_event', 'read_dataset_event_from_classic' retrieved from /home/airflow/.local/lib/python3.12/site-packages/airflow/example_dags/example_inlet_event_extra.py
[2024-10-27T23:16:37.713+0000] {logging_mixin.py:190} INFO - [2024-10-27T23:16:37.713+0000] {dag.py:3239} INFO - Sync 2 DAGs
[2024-10-27T23:16:37.725+0000] {logging_mixin.py:190} INFO - [2024-10-27T23:16:37.725+0000] {dag.py:4180} INFO - Setting next_dagrun for read_dataset_event to 2024-10-26 00:00:00+00:00, run_after=2024-10-27 00:00:00+00:00
[2024-10-27T23:16:37.727+0000] {logging_mixin.py:190} INFO - [2024-10-27T23:16:37.727+0000] {dag.py:4180} INFO - Setting next_dagrun for read_dataset_event_from_classic to 2024-10-26 00:00:00+00:00, run_after=2024-10-27 00:00:00+00:00
[2024-10-27T23:16:37.732+0000] {processor.py:208} INFO - Processing /home/airflow/.local/lib/python3.12/site-packages/airflow/example_dags/example_inlet_event_extra.py took 0.110 seconds
[2024-10-27T23:17:08.313+0000] {processor.py:186} INFO - Started process (PID=266) to work on /home/airflow/.local/lib/python3.12/site-packages/airflow/example_dags/example_inlet_event_extra.py
[2024-10-27T23:17:08.314+0000] {processor.py:914} INFO - Processing file /home/airflow/.local/lib/python3.12/site-packages/airflow/example_dags/example_inlet_event_extra.py for tasks to queue
[2024-10-27T23:17:08.316+0000] {logging_mixin.py:190} INFO - [2024-10-27T23:17:08.316+0000] {dagbag.py:588} INFO - Filling up the DagBag from /home/airflow/.local/lib/python3.12/site-packages/airflow/example_dags/example_inlet_event_extra.py
[2024-10-27T23:17:08.388+0000] {processor.py:925} INFO - DAG(s) 'read_dataset_event_from_classic', 'read_dataset_event' retrieved from /home/airflow/.local/lib/python3.12/site-packages/airflow/example_dags/example_inlet_event_extra.py
[2024-10-27T23:17:08.399+0000] {logging_mixin.py:190} INFO - [2024-10-27T23:17:08.399+0000] {dag.py:3239} INFO - Sync 2 DAGs
[2024-10-27T23:17:08.408+0000] {logging_mixin.py:190} INFO - [2024-10-27T23:17:08.408+0000] {dag.py:4180} INFO - Setting next_dagrun for read_dataset_event to 2024-10-26 00:00:00+00:00, run_after=2024-10-27 00:00:00+00:00
[2024-10-27T23:17:08.410+0000] {logging_mixin.py:190} INFO - [2024-10-27T23:17:08.409+0000] {dag.py:4180} INFO - Setting next_dagrun for read_dataset_event_from_classic to 2024-10-26 00:00:00+00:00, run_after=2024-10-27 00:00:00+00:00
[2024-10-27T23:17:08.418+0000] {processor.py:208} INFO - Processing /home/airflow/.local/lib/python3.12/site-packages/airflow/example_dags/example_inlet_event_extra.py took 0.110 seconds
[2024-10-27T23:17:39.141+0000] {processor.py:186} INFO - Started process (PID=329) to work on /home/airflow/.local/lib/python3.12/site-packages/airflow/example_dags/example_inlet_event_extra.py
[2024-10-27T23:17:39.142+0000] {processor.py:914} INFO - Processing file /home/airflow/.local/lib/python3.12/site-packages/airflow/example_dags/example_inlet_event_extra.py for tasks to queue
[2024-10-27T23:17:39.144+0000] {logging_mixin.py:190} INFO - [2024-10-27T23:17:39.144+0000] {dagbag.py:588} INFO - Filling up the DagBag from /home/airflow/.local/lib/python3.12/site-packages/airflow/example_dags/example_inlet_event_extra.py
[2024-10-27T23:17:39.222+0000] {processor.py:925} INFO - DAG(s) 'read_dataset_event', 'read_dataset_event_from_classic' retrieved from /home/airflow/.local/lib/python3.12/site-packages/airflow/example_dags/example_inlet_event_extra.py
[2024-10-27T23:17:39.231+0000] {logging_mixin.py:190} INFO - [2024-10-27T23:17:39.231+0000] {dag.py:3239} INFO - Sync 2 DAGs
[2024-10-27T23:17:39.241+0000] {logging_mixin.py:190} INFO - [2024-10-27T23:17:39.241+0000] {dag.py:4180} INFO - Setting next_dagrun for read_dataset_event to 2024-10-26 00:00:00+00:00, run_after=2024-10-27 00:00:00+00:00
[2024-10-27T23:17:39.244+0000] {logging_mixin.py:190} INFO - [2024-10-27T23:17:39.244+0000] {dag.py:4180} INFO - Setting next_dagrun for read_dataset_event_from_classic to 2024-10-26 00:00:00+00:00, run_after=2024-10-27 00:00:00+00:00
[2024-10-27T23:17:39.250+0000] {processor.py:208} INFO - Processing /home/airflow/.local/lib/python3.12/site-packages/airflow/example_dags/example_inlet_event_extra.py took 0.116 seconds
[2024-10-27T23:18:09.878+0000] {processor.py:186} INFO - Started process (PID=398) to work on /home/airflow/.local/lib/python3.12/site-packages/airflow/example_dags/example_inlet_event_extra.py
[2024-10-27T23:18:09.879+0000] {processor.py:914} INFO - Processing file /home/airflow/.local/lib/python3.12/site-packages/airflow/example_dags/example_inlet_event_extra.py for tasks to queue
[2024-10-27T23:18:09.881+0000] {logging_mixin.py:190} INFO - [2024-10-27T23:18:09.881+0000] {dagbag.py:588} INFO - Filling up the DagBag from /home/airflow/.local/lib/python3.12/site-packages/airflow/example_dags/example_inlet_event_extra.py
[2024-10-27T23:18:09.952+0000] {processor.py:925} INFO - DAG(s) 'read_dataset_event', 'read_dataset_event_from_classic' retrieved from /home/airflow/.local/lib/python3.12/site-packages/airflow/example_dags/example_inlet_event_extra.py
[2024-10-27T23:18:09.962+0000] {logging_mixin.py:190} INFO - [2024-10-27T23:18:09.962+0000] {dag.py:3239} INFO - Sync 2 DAGs
[2024-10-27T23:18:09.975+0000] {logging_mixin.py:190} INFO - [2024-10-27T23:18:09.975+0000] {dag.py:4180} INFO - Setting next_dagrun for read_dataset_event to 2024-10-26 00:00:00+00:00, run_after=2024-10-27 00:00:00+00:00
[2024-10-27T23:18:09.977+0000] {logging_mixin.py:190} INFO - [2024-10-27T23:18:09.977+0000] {dag.py:4180} INFO - Setting next_dagrun for read_dataset_event_from_classic to 2024-10-26 00:00:00+00:00, run_after=2024-10-27 00:00:00+00:00
[2024-10-27T23:18:09.986+0000] {processor.py:208} INFO - Processing /home/airflow/.local/lib/python3.12/site-packages/airflow/example_dags/example_inlet_event_extra.py took 0.114 seconds
[2024-10-27T23:18:40.646+0000] {processor.py:186} INFO - Started process (PID=461) to work on /home/airflow/.local/lib/python3.12/site-packages/airflow/example_dags/example_inlet_event_extra.py
[2024-10-27T23:18:40.647+0000] {processor.py:914} INFO - Processing file /home/airflow/.local/lib/python3.12/site-packages/airflow/example_dags/example_inlet_event_extra.py for tasks to queue
[2024-10-27T23:18:40.650+0000] {logging_mixin.py:190} INFO - [2024-10-27T23:18:40.650+0000] {dagbag.py:588} INFO - Filling up the DagBag from /home/airflow/.local/lib/python3.12/site-packages/airflow/example_dags/example_inlet_event_extra.py
[2024-10-27T23:18:40.749+0000] {processor.py:925} INFO - DAG(s) 'read_dataset_event_from_classic', 'read_dataset_event' retrieved from /home/airflow/.local/lib/python3.12/site-packages/airflow/example_dags/example_inlet_event_extra.py
[2024-10-27T23:18:40.764+0000] {logging_mixin.py:190} INFO - [2024-10-27T23:18:40.764+0000] {dag.py:3239} INFO - Sync 2 DAGs
[2024-10-27T23:18:40.785+0000] {logging_mixin.py:190} INFO - [2024-10-27T23:18:40.785+0000] {dag.py:4180} INFO - Setting next_dagrun for read_dataset_event to 2024-10-26 00:00:00+00:00, run_after=2024-10-27 00:00:00+00:00
[2024-10-27T23:18:40.789+0000] {logging_mixin.py:190} INFO - [2024-10-27T23:18:40.789+0000] {dag.py:4180} INFO - Setting next_dagrun for read_dataset_event_from_classic to 2024-10-26 00:00:00+00:00, run_after=2024-10-27 00:00:00+00:00
[2024-10-27T23:18:40.799+0000] {processor.py:208} INFO - Processing /home/airflow/.local/lib/python3.12/site-packages/airflow/example_dags/example_inlet_event_extra.py took 0.159 seconds
[2024-10-27T23:19:10.878+0000] {processor.py:186} INFO - Started process (PID=524) to work on /home/airflow/.local/lib/python3.12/site-packages/airflow/example_dags/example_inlet_event_extra.py
[2024-10-27T23:19:10.880+0000] {processor.py:914} INFO - Processing file /home/airflow/.local/lib/python3.12/site-packages/airflow/example_dags/example_inlet_event_extra.py for tasks to queue
[2024-10-27T23:19:10.881+0000] {logging_mixin.py:190} INFO - [2024-10-27T23:19:10.880+0000] {dagbag.py:588} INFO - Filling up the DagBag from /home/airflow/.local/lib/python3.12/site-packages/airflow/example_dags/example_inlet_event_extra.py
[2024-10-27T23:19:10.938+0000] {processor.py:925} INFO - DAG(s) 'read_dataset_event_from_classic', 'read_dataset_event' retrieved from /home/airflow/.local/lib/python3.12/site-packages/airflow/example_dags/example_inlet_event_extra.py
[2024-10-27T23:19:10.947+0000] {logging_mixin.py:190} INFO - [2024-10-27T23:19:10.947+0000] {dag.py:3239} INFO - Sync 2 DAGs
[2024-10-27T23:19:10.957+0000] {logging_mixin.py:190} INFO - [2024-10-27T23:19:10.957+0000] {dag.py:4180} INFO - Setting next_dagrun for read_dataset_event to 2024-10-26 00:00:00+00:00, run_after=2024-10-27 00:00:00+00:00
[2024-10-27T23:19:10.959+0000] {logging_mixin.py:190} INFO - [2024-10-27T23:19:10.959+0000] {dag.py:4180} INFO - Setting next_dagrun for read_dataset_event_from_classic to 2024-10-26 00:00:00+00:00, run_after=2024-10-27 00:00:00+00:00
[2024-10-27T23:19:10.965+0000] {processor.py:208} INFO - Processing /home/airflow/.local/lib/python3.12/site-packages/airflow/example_dags/example_inlet_event_extra.py took 0.089 seconds
