[2024-10-27T23:11:29.050+0000] {processor.py:186} INFO - Started process (PID=75) to work on /home/airflow/.local/lib/python3.12/site-packages/airflow/example_dags/example_latest_only.py
[2024-10-27T23:11:29.051+0000] {processor.py:914} INFO - Processing file /home/airflow/.local/lib/python3.12/site-packages/airflow/example_dags/example_latest_only.py for tasks to queue
[2024-10-27T23:11:29.052+0000] {logging_mixin.py:190} INFO - [2024-10-27T23:11:29.052+0000] {dagbag.py:588} INFO - Filling up the DagBag from /home/airflow/.local/lib/python3.12/site-packages/airflow/example_dags/example_latest_only.py
[2024-10-27T23:11:29.056+0000] {processor.py:925} INFO - DAG(s) 'latest_only' retrieved from /home/airflow/.local/lib/python3.12/site-packages/airflow/example_dags/example_latest_only.py
[2024-10-27T23:11:29.081+0000] {logging_mixin.py:190} INFO - [2024-10-27T23:11:29.080+0000] {dag.py:3239} INFO - Sync 1 DAGs
[2024-10-27T23:11:29.094+0000] {logging_mixin.py:190} INFO - [2024-10-27T23:11:29.094+0000] {dag.py:4180} INFO - Setting next_dagrun for latest_only to 2024-10-27 16:00:00+00:00, run_after=2024-10-27 20:00:00+00:00
[2024-10-27T23:11:29.108+0000] {processor.py:208} INFO - Processing /home/airflow/.local/lib/python3.12/site-packages/airflow/example_dags/example_latest_only.py took 0.061 seconds
[2024-10-27T23:11:59.172+0000] {processor.py:186} INFO - Started process (PID=138) to work on /home/airflow/.local/lib/python3.12/site-packages/airflow/example_dags/example_latest_only.py
[2024-10-27T23:11:59.173+0000] {processor.py:914} INFO - Processing file /home/airflow/.local/lib/python3.12/site-packages/airflow/example_dags/example_latest_only.py for tasks to queue
[2024-10-27T23:11:59.175+0000] {logging_mixin.py:190} INFO - [2024-10-27T23:11:59.175+0000] {dagbag.py:588} INFO - Filling up the DagBag from /home/airflow/.local/lib/python3.12/site-packages/airflow/example_dags/example_latest_only.py
[2024-10-27T23:11:59.178+0000] {processor.py:925} INFO - DAG(s) 'latest_only' retrieved from /home/airflow/.local/lib/python3.12/site-packages/airflow/example_dags/example_latest_only.py
[2024-10-27T23:11:59.189+0000] {logging_mixin.py:190} INFO - [2024-10-27T23:11:59.189+0000] {dag.py:3239} INFO - Sync 1 DAGs
[2024-10-27T23:11:59.200+0000] {logging_mixin.py:190} INFO - [2024-10-27T23:11:59.200+0000] {dag.py:4180} INFO - Setting next_dagrun for latest_only to 2024-10-27 16:00:00+00:00, run_after=2024-10-27 20:00:00+00:00
[2024-10-27T23:11:59.205+0000] {processor.py:208} INFO - Processing /home/airflow/.local/lib/python3.12/site-packages/airflow/example_dags/example_latest_only.py took 0.035 seconds
[2024-10-27T23:12:30.055+0000] {processor.py:186} INFO - Started process (PID=201) to work on /home/airflow/.local/lib/python3.12/site-packages/airflow/example_dags/example_latest_only.py
[2024-10-27T23:12:30.056+0000] {processor.py:914} INFO - Processing file /home/airflow/.local/lib/python3.12/site-packages/airflow/example_dags/example_latest_only.py for tasks to queue
[2024-10-27T23:12:30.057+0000] {logging_mixin.py:190} INFO - [2024-10-27T23:12:30.057+0000] {dagbag.py:588} INFO - Filling up the DagBag from /home/airflow/.local/lib/python3.12/site-packages/airflow/example_dags/example_latest_only.py
[2024-10-27T23:12:30.060+0000] {processor.py:925} INFO - DAG(s) 'latest_only' retrieved from /home/airflow/.local/lib/python3.12/site-packages/airflow/example_dags/example_latest_only.py
[2024-10-27T23:12:30.067+0000] {logging_mixin.py:190} INFO - [2024-10-27T23:12:30.067+0000] {dag.py:3239} INFO - Sync 1 DAGs
[2024-10-27T23:12:30.077+0000] {logging_mixin.py:190} INFO - [2024-10-27T23:12:30.077+0000] {dag.py:4180} INFO - Setting next_dagrun for latest_only to 2024-10-27 16:00:00+00:00, run_after=2024-10-27 20:00:00+00:00
[2024-10-27T23:12:30.085+0000] {processor.py:208} INFO - Processing /home/airflow/.local/lib/python3.12/site-packages/airflow/example_dags/example_latest_only.py took 0.032 seconds
[2024-10-27T23:13:00.989+0000] {processor.py:186} INFO - Started process (PID=264) to work on /home/airflow/.local/lib/python3.12/site-packages/airflow/example_dags/example_latest_only.py
[2024-10-27T23:13:00.993+0000] {processor.py:914} INFO - Processing file /home/airflow/.local/lib/python3.12/site-packages/airflow/example_dags/example_latest_only.py for tasks to queue
[2024-10-27T23:13:00.995+0000] {logging_mixin.py:190} INFO - [2024-10-27T23:13:00.994+0000] {dagbag.py:588} INFO - Filling up the DagBag from /home/airflow/.local/lib/python3.12/site-packages/airflow/example_dags/example_latest_only.py
[2024-10-27T23:13:00.998+0000] {processor.py:925} INFO - DAG(s) 'latest_only' retrieved from /home/airflow/.local/lib/python3.12/site-packages/airflow/example_dags/example_latest_only.py
[2024-10-27T23:13:01.008+0000] {logging_mixin.py:190} INFO - [2024-10-27T23:13:01.008+0000] {dag.py:3239} INFO - Sync 1 DAGs
[2024-10-27T23:13:01.017+0000] {logging_mixin.py:190} INFO - [2024-10-27T23:13:01.017+0000] {dag.py:4180} INFO - Setting next_dagrun for latest_only to 2024-10-27 16:00:00+00:00, run_after=2024-10-27 20:00:00+00:00
[2024-10-27T23:13:01.026+0000] {processor.py:208} INFO - Processing /home/airflow/.local/lib/python3.12/site-packages/airflow/example_dags/example_latest_only.py took 0.039 seconds
[2024-10-27T23:13:31.866+0000] {processor.py:186} INFO - Started process (PID=333) to work on /home/airflow/.local/lib/python3.12/site-packages/airflow/example_dags/example_latest_only.py
[2024-10-27T23:13:31.867+0000] {processor.py:914} INFO - Processing file /home/airflow/.local/lib/python3.12/site-packages/airflow/example_dags/example_latest_only.py for tasks to queue
[2024-10-27T23:13:31.868+0000] {logging_mixin.py:190} INFO - [2024-10-27T23:13:31.868+0000] {dagbag.py:588} INFO - Filling up the DagBag from /home/airflow/.local/lib/python3.12/site-packages/airflow/example_dags/example_latest_only.py
[2024-10-27T23:13:31.871+0000] {processor.py:925} INFO - DAG(s) 'latest_only' retrieved from /home/airflow/.local/lib/python3.12/site-packages/airflow/example_dags/example_latest_only.py
[2024-10-27T23:13:31.883+0000] {logging_mixin.py:190} INFO - [2024-10-27T23:13:31.883+0000] {dag.py:3239} INFO - Sync 1 DAGs
[2024-10-27T23:13:31.891+0000] {logging_mixin.py:190} INFO - [2024-10-27T23:13:31.891+0000] {dag.py:4180} INFO - Setting next_dagrun for latest_only to 2024-10-27 16:00:00+00:00, run_after=2024-10-27 20:00:00+00:00
[2024-10-27T23:13:31.900+0000] {processor.py:208} INFO - Processing /home/airflow/.local/lib/python3.12/site-packages/airflow/example_dags/example_latest_only.py took 0.035 seconds
[2024-10-27T23:14:02.635+0000] {processor.py:186} INFO - Started process (PID=396) to work on /home/airflow/.local/lib/python3.12/site-packages/airflow/example_dags/example_latest_only.py
[2024-10-27T23:14:02.635+0000] {processor.py:914} INFO - Processing file /home/airflow/.local/lib/python3.12/site-packages/airflow/example_dags/example_latest_only.py for tasks to queue
[2024-10-27T23:14:02.636+0000] {logging_mixin.py:190} INFO - [2024-10-27T23:14:02.636+0000] {dagbag.py:588} INFO - Filling up the DagBag from /home/airflow/.local/lib/python3.12/site-packages/airflow/example_dags/example_latest_only.py
[2024-10-27T23:14:02.639+0000] {processor.py:925} INFO - DAG(s) 'latest_only' retrieved from /home/airflow/.local/lib/python3.12/site-packages/airflow/example_dags/example_latest_only.py
[2024-10-27T23:14:02.647+0000] {logging_mixin.py:190} INFO - [2024-10-27T23:14:02.647+0000] {dag.py:3239} INFO - Sync 1 DAGs
[2024-10-27T23:14:02.655+0000] {logging_mixin.py:190} INFO - [2024-10-27T23:14:02.655+0000] {dag.py:4180} INFO - Setting next_dagrun for latest_only to 2024-10-27 16:00:00+00:00, run_after=2024-10-27 20:00:00+00:00
[2024-10-27T23:14:02.660+0000] {processor.py:208} INFO - Processing /home/airflow/.local/lib/python3.12/site-packages/airflow/example_dags/example_latest_only.py took 0.027 seconds
[2024-10-27T23:14:33.446+0000] {processor.py:186} INFO - Started process (PID=459) to work on /home/airflow/.local/lib/python3.12/site-packages/airflow/example_dags/example_latest_only.py
[2024-10-27T23:14:33.446+0000] {processor.py:914} INFO - Processing file /home/airflow/.local/lib/python3.12/site-packages/airflow/example_dags/example_latest_only.py for tasks to queue
[2024-10-27T23:14:33.449+0000] {logging_mixin.py:190} INFO - [2024-10-27T23:14:33.449+0000] {dagbag.py:588} INFO - Filling up the DagBag from /home/airflow/.local/lib/python3.12/site-packages/airflow/example_dags/example_latest_only.py
[2024-10-27T23:14:33.453+0000] {processor.py:925} INFO - DAG(s) 'latest_only' retrieved from /home/airflow/.local/lib/python3.12/site-packages/airflow/example_dags/example_latest_only.py
[2024-10-27T23:14:33.460+0000] {logging_mixin.py:190} INFO - [2024-10-27T23:14:33.460+0000] {dag.py:3239} INFO - Sync 1 DAGs
[2024-10-27T23:14:33.469+0000] {logging_mixin.py:190} INFO - [2024-10-27T23:14:33.469+0000] {dag.py:4180} INFO - Setting next_dagrun for latest_only to 2024-10-27 16:00:00+00:00, run_after=2024-10-27 20:00:00+00:00
[2024-10-27T23:14:33.474+0000] {processor.py:208} INFO - Processing /home/airflow/.local/lib/python3.12/site-packages/airflow/example_dags/example_latest_only.py took 0.031 seconds
[2024-10-27T23:15:35.731+0000] {processor.py:186} INFO - Started process (PID=76) to work on /home/airflow/.local/lib/python3.12/site-packages/airflow/example_dags/example_latest_only.py
[2024-10-27T23:15:35.732+0000] {processor.py:914} INFO - Processing file /home/airflow/.local/lib/python3.12/site-packages/airflow/example_dags/example_latest_only.py for tasks to queue
[2024-10-27T23:15:35.733+0000] {logging_mixin.py:190} INFO - [2024-10-27T23:15:35.733+0000] {dagbag.py:588} INFO - Filling up the DagBag from /home/airflow/.local/lib/python3.12/site-packages/airflow/example_dags/example_latest_only.py
[2024-10-27T23:15:35.736+0000] {processor.py:925} INFO - DAG(s) 'latest_only' retrieved from /home/airflow/.local/lib/python3.12/site-packages/airflow/example_dags/example_latest_only.py
[2024-10-27T23:15:35.749+0000] {logging_mixin.py:190} INFO - [2024-10-27T23:15:35.749+0000] {dag.py:3239} INFO - Sync 1 DAGs
[2024-10-27T23:15:35.758+0000] {logging_mixin.py:190} INFO - [2024-10-27T23:15:35.758+0000] {dag.py:4180} INFO - Setting next_dagrun for latest_only to 2024-10-27 16:00:00+00:00, run_after=2024-10-27 20:00:00+00:00
[2024-10-27T23:15:35.767+0000] {processor.py:208} INFO - Processing /home/airflow/.local/lib/python3.12/site-packages/airflow/example_dags/example_latest_only.py took 0.038 seconds
[2024-10-27T23:16:05.782+0000] {processor.py:186} INFO - Started process (PID=139) to work on /home/airflow/.local/lib/python3.12/site-packages/airflow/example_dags/example_latest_only.py
[2024-10-27T23:16:05.783+0000] {processor.py:914} INFO - Processing file /home/airflow/.local/lib/python3.12/site-packages/airflow/example_dags/example_latest_only.py for tasks to queue
[2024-10-27T23:16:05.783+0000] {logging_mixin.py:190} INFO - [2024-10-27T23:16:05.783+0000] {dagbag.py:588} INFO - Filling up the DagBag from /home/airflow/.local/lib/python3.12/site-packages/airflow/example_dags/example_latest_only.py
[2024-10-27T23:16:05.787+0000] {processor.py:925} INFO - DAG(s) 'latest_only' retrieved from /home/airflow/.local/lib/python3.12/site-packages/airflow/example_dags/example_latest_only.py
[2024-10-27T23:16:05.796+0000] {logging_mixin.py:190} INFO - [2024-10-27T23:16:05.796+0000] {dag.py:3239} INFO - Sync 1 DAGs
[2024-10-27T23:16:05.809+0000] {logging_mixin.py:190} INFO - [2024-10-27T23:16:05.809+0000] {dag.py:4180} INFO - Setting next_dagrun for latest_only to 2024-10-27 16:00:00+00:00, run_after=2024-10-27 20:00:00+00:00
[2024-10-27T23:16:05.818+0000] {processor.py:208} INFO - Processing /home/airflow/.local/lib/python3.12/site-packages/airflow/example_dags/example_latest_only.py took 0.038 seconds
[2024-10-27T23:16:36.562+0000] {processor.py:186} INFO - Started process (PID=202) to work on /home/airflow/.local/lib/python3.12/site-packages/airflow/example_dags/example_latest_only.py
[2024-10-27T23:16:36.564+0000] {processor.py:914} INFO - Processing file /home/airflow/.local/lib/python3.12/site-packages/airflow/example_dags/example_latest_only.py for tasks to queue
[2024-10-27T23:16:36.566+0000] {logging_mixin.py:190} INFO - [2024-10-27T23:16:36.565+0000] {dagbag.py:588} INFO - Filling up the DagBag from /home/airflow/.local/lib/python3.12/site-packages/airflow/example_dags/example_latest_only.py
[2024-10-27T23:16:36.569+0000] {processor.py:925} INFO - DAG(s) 'latest_only' retrieved from /home/airflow/.local/lib/python3.12/site-packages/airflow/example_dags/example_latest_only.py
[2024-10-27T23:16:36.577+0000] {logging_mixin.py:190} INFO - [2024-10-27T23:16:36.577+0000] {dag.py:3239} INFO - Sync 1 DAGs
[2024-10-27T23:16:36.585+0000] {logging_mixin.py:190} INFO - [2024-10-27T23:16:36.585+0000] {dag.py:4180} INFO - Setting next_dagrun for latest_only to 2024-10-27 16:00:00+00:00, run_after=2024-10-27 20:00:00+00:00
[2024-10-27T23:16:36.592+0000] {processor.py:208} INFO - Processing /home/airflow/.local/lib/python3.12/site-packages/airflow/example_dags/example_latest_only.py took 0.033 seconds
[2024-10-27T23:17:07.287+0000] {processor.py:186} INFO - Started process (PID=265) to work on /home/airflow/.local/lib/python3.12/site-packages/airflow/example_dags/example_latest_only.py
[2024-10-27T23:17:07.287+0000] {processor.py:914} INFO - Processing file /home/airflow/.local/lib/python3.12/site-packages/airflow/example_dags/example_latest_only.py for tasks to queue
[2024-10-27T23:17:07.288+0000] {logging_mixin.py:190} INFO - [2024-10-27T23:17:07.288+0000] {dagbag.py:588} INFO - Filling up the DagBag from /home/airflow/.local/lib/python3.12/site-packages/airflow/example_dags/example_latest_only.py
[2024-10-27T23:17:07.290+0000] {processor.py:925} INFO - DAG(s) 'latest_only' retrieved from /home/airflow/.local/lib/python3.12/site-packages/airflow/example_dags/example_latest_only.py
[2024-10-27T23:17:07.297+0000] {logging_mixin.py:190} INFO - [2024-10-27T23:17:07.297+0000] {dag.py:3239} INFO - Sync 1 DAGs
[2024-10-27T23:17:07.305+0000] {logging_mixin.py:190} INFO - [2024-10-27T23:17:07.305+0000] {dag.py:4180} INFO - Setting next_dagrun for latest_only to 2024-10-27 16:00:00+00:00, run_after=2024-10-27 20:00:00+00:00
[2024-10-27T23:17:07.310+0000] {processor.py:208} INFO - Processing /home/airflow/.local/lib/python3.12/site-packages/airflow/example_dags/example_latest_only.py took 0.025 seconds
[2024-10-27T23:17:38.107+0000] {processor.py:186} INFO - Started process (PID=328) to work on /home/airflow/.local/lib/python3.12/site-packages/airflow/example_dags/example_latest_only.py
[2024-10-27T23:17:38.108+0000] {processor.py:914} INFO - Processing file /home/airflow/.local/lib/python3.12/site-packages/airflow/example_dags/example_latest_only.py for tasks to queue
[2024-10-27T23:17:38.109+0000] {logging_mixin.py:190} INFO - [2024-10-27T23:17:38.109+0000] {dagbag.py:588} INFO - Filling up the DagBag from /home/airflow/.local/lib/python3.12/site-packages/airflow/example_dags/example_latest_only.py
[2024-10-27T23:17:38.112+0000] {processor.py:925} INFO - DAG(s) 'latest_only' retrieved from /home/airflow/.local/lib/python3.12/site-packages/airflow/example_dags/example_latest_only.py
[2024-10-27T23:17:38.118+0000] {logging_mixin.py:190} INFO - [2024-10-27T23:17:38.118+0000] {dag.py:3239} INFO - Sync 1 DAGs
[2024-10-27T23:17:38.127+0000] {logging_mixin.py:190} INFO - [2024-10-27T23:17:38.127+0000] {dag.py:4180} INFO - Setting next_dagrun for latest_only to 2024-10-27 16:00:00+00:00, run_after=2024-10-27 20:00:00+00:00
[2024-10-27T23:17:38.135+0000] {processor.py:208} INFO - Processing /home/airflow/.local/lib/python3.12/site-packages/airflow/example_dags/example_latest_only.py took 0.030 seconds
[2024-10-27T23:18:08.854+0000] {processor.py:186} INFO - Started process (PID=391) to work on /home/airflow/.local/lib/python3.12/site-packages/airflow/example_dags/example_latest_only.py
[2024-10-27T23:18:08.856+0000] {processor.py:914} INFO - Processing file /home/airflow/.local/lib/python3.12/site-packages/airflow/example_dags/example_latest_only.py for tasks to queue
[2024-10-27T23:18:08.856+0000] {logging_mixin.py:190} INFO - [2024-10-27T23:18:08.856+0000] {dagbag.py:588} INFO - Filling up the DagBag from /home/airflow/.local/lib/python3.12/site-packages/airflow/example_dags/example_latest_only.py
[2024-10-27T23:18:08.860+0000] {processor.py:925} INFO - DAG(s) 'latest_only' retrieved from /home/airflow/.local/lib/python3.12/site-packages/airflow/example_dags/example_latest_only.py
[2024-10-27T23:18:08.869+0000] {logging_mixin.py:190} INFO - [2024-10-27T23:18:08.869+0000] {dag.py:3239} INFO - Sync 1 DAGs
[2024-10-27T23:18:08.878+0000] {logging_mixin.py:190} INFO - [2024-10-27T23:18:08.878+0000] {dag.py:4180} INFO - Setting next_dagrun for latest_only to 2024-10-27 16:00:00+00:00, run_after=2024-10-27 20:00:00+00:00
[2024-10-27T23:18:08.886+0000] {processor.py:208} INFO - Processing /home/airflow/.local/lib/python3.12/site-packages/airflow/example_dags/example_latest_only.py took 0.034 seconds
[2024-10-27T23:18:39.632+0000] {processor.py:186} INFO - Started process (PID=460) to work on /home/airflow/.local/lib/python3.12/site-packages/airflow/example_dags/example_latest_only.py
[2024-10-27T23:18:39.634+0000] {processor.py:914} INFO - Processing file /home/airflow/.local/lib/python3.12/site-packages/airflow/example_dags/example_latest_only.py for tasks to queue
[2024-10-27T23:18:39.635+0000] {logging_mixin.py:190} INFO - [2024-10-27T23:18:39.635+0000] {dagbag.py:588} INFO - Filling up the DagBag from /home/airflow/.local/lib/python3.12/site-packages/airflow/example_dags/example_latest_only.py
[2024-10-27T23:18:39.638+0000] {processor.py:925} INFO - DAG(s) 'latest_only' retrieved from /home/airflow/.local/lib/python3.12/site-packages/airflow/example_dags/example_latest_only.py
[2024-10-27T23:18:39.645+0000] {logging_mixin.py:190} INFO - [2024-10-27T23:18:39.645+0000] {dag.py:3239} INFO - Sync 1 DAGs
[2024-10-27T23:18:39.654+0000] {logging_mixin.py:190} INFO - [2024-10-27T23:18:39.654+0000] {dag.py:4180} INFO - Setting next_dagrun for latest_only to 2024-10-27 16:00:00+00:00, run_after=2024-10-27 20:00:00+00:00
[2024-10-27T23:18:39.662+0000] {processor.py:208} INFO - Processing /home/airflow/.local/lib/python3.12/site-packages/airflow/example_dags/example_latest_only.py took 0.033 seconds
[2024-10-27T23:19:10.846+0000] {processor.py:186} INFO - Started process (PID=523) to work on /home/airflow/.local/lib/python3.12/site-packages/airflow/example_dags/example_latest_only.py
[2024-10-27T23:19:10.846+0000] {processor.py:914} INFO - Processing file /home/airflow/.local/lib/python3.12/site-packages/airflow/example_dags/example_latest_only.py for tasks to queue
[2024-10-27T23:19:10.847+0000] {logging_mixin.py:190} INFO - [2024-10-27T23:19:10.847+0000] {dagbag.py:588} INFO - Filling up the DagBag from /home/airflow/.local/lib/python3.12/site-packages/airflow/example_dags/example_latest_only.py
[2024-10-27T23:19:10.849+0000] {processor.py:925} INFO - DAG(s) 'latest_only' retrieved from /home/airflow/.local/lib/python3.12/site-packages/airflow/example_dags/example_latest_only.py
[2024-10-27T23:19:10.856+0000] {logging_mixin.py:190} INFO - [2024-10-27T23:19:10.856+0000] {dag.py:3239} INFO - Sync 1 DAGs
[2024-10-27T23:19:10.863+0000] {logging_mixin.py:190} INFO - [2024-10-27T23:19:10.863+0000] {dag.py:4180} INFO - Setting next_dagrun for latest_only to 2024-10-27 16:00:00+00:00, run_after=2024-10-27 20:00:00+00:00
[2024-10-27T23:19:10.869+0000] {processor.py:208} INFO - Processing /home/airflow/.local/lib/python3.12/site-packages/airflow/example_dags/example_latest_only.py took 0.025 seconds
