[2024-10-27T23:11:29.608+0000] {processor.py:186} INFO - Started process (PID=88) to work on /home/airflow/.local/lib/python3.12/site-packages/airflow/example_dags/example_sensors.py
[2024-10-27T23:11:29.609+0000] {processor.py:914} INFO - Processing file /home/airflow/.local/lib/python3.12/site-packages/airflow/example_dags/example_sensors.py for tasks to queue
[2024-10-27T23:11:29.611+0000] {logging_mixin.py:190} INFO - [2024-10-27T23:11:29.611+0000] {dagbag.py:588} INFO - Filling up the DagBag from /home/airflow/.local/lib/python3.12/site-packages/airflow/example_dags/example_sensors.py
[2024-10-27T23:11:29.621+0000] {processor.py:925} INFO - DAG(s) 'example_sensors' retrieved from /home/airflow/.local/lib/python3.12/site-packages/airflow/example_dags/example_sensors.py
[2024-10-27T23:11:29.647+0000] {logging_mixin.py:190} INFO - [2024-10-27T23:11:29.647+0000] {dag.py:3239} INFO - Sync 1 DAGs
[2024-10-27T23:11:29.655+0000] {logging_mixin.py:190} INFO - [2024-10-27T23:11:29.655+0000] {dag.py:4180} INFO - Setting next_dagrun for example_sensors to None, run_after=None
[2024-10-27T23:11:29.664+0000] {processor.py:208} INFO - Processing /home/airflow/.local/lib/python3.12/site-packages/airflow/example_dags/example_sensors.py took 0.059 seconds
[2024-10-27T23:12:00.627+0000] {processor.py:186} INFO - Started process (PID=151) to work on /home/airflow/.local/lib/python3.12/site-packages/airflow/example_dags/example_sensors.py
[2024-10-27T23:12:00.629+0000] {processor.py:914} INFO - Processing file /home/airflow/.local/lib/python3.12/site-packages/airflow/example_dags/example_sensors.py for tasks to queue
[2024-10-27T23:12:00.629+0000] {logging_mixin.py:190} INFO - [2024-10-27T23:12:00.629+0000] {dagbag.py:588} INFO - Filling up the DagBag from /home/airflow/.local/lib/python3.12/site-packages/airflow/example_dags/example_sensors.py
[2024-10-27T23:12:00.634+0000] {processor.py:925} INFO - DAG(s) 'example_sensors' retrieved from /home/airflow/.local/lib/python3.12/site-packages/airflow/example_dags/example_sensors.py
[2024-10-27T23:12:00.645+0000] {logging_mixin.py:190} INFO - [2024-10-27T23:12:00.645+0000] {dag.py:3239} INFO - Sync 1 DAGs
[2024-10-27T23:12:00.652+0000] {logging_mixin.py:190} INFO - [2024-10-27T23:12:00.652+0000] {dag.py:4180} INFO - Setting next_dagrun for example_sensors to None, run_after=None
[2024-10-27T23:12:00.663+0000] {processor.py:208} INFO - Processing /home/airflow/.local/lib/python3.12/site-packages/airflow/example_dags/example_sensors.py took 0.039 seconds
[2024-10-27T23:12:31.474+0000] {processor.py:186} INFO - Started process (PID=220) to work on /home/airflow/.local/lib/python3.12/site-packages/airflow/example_dags/example_sensors.py
[2024-10-27T23:12:31.475+0000] {processor.py:914} INFO - Processing file /home/airflow/.local/lib/python3.12/site-packages/airflow/example_dags/example_sensors.py for tasks to queue
[2024-10-27T23:12:31.476+0000] {logging_mixin.py:190} INFO - [2024-10-27T23:12:31.476+0000] {dagbag.py:588} INFO - Filling up the DagBag from /home/airflow/.local/lib/python3.12/site-packages/airflow/example_dags/example_sensors.py
[2024-10-27T23:12:31.481+0000] {processor.py:925} INFO - DAG(s) 'example_sensors' retrieved from /home/airflow/.local/lib/python3.12/site-packages/airflow/example_dags/example_sensors.py
[2024-10-27T23:12:31.494+0000] {logging_mixin.py:190} INFO - [2024-10-27T23:12:31.493+0000] {dag.py:3239} INFO - Sync 1 DAGs
[2024-10-27T23:12:31.499+0000] {logging_mixin.py:190} INFO - [2024-10-27T23:12:31.499+0000] {dag.py:4180} INFO - Setting next_dagrun for example_sensors to None, run_after=None
[2024-10-27T23:12:31.509+0000] {processor.py:208} INFO - Processing /home/airflow/.local/lib/python3.12/site-packages/airflow/example_dags/example_sensors.py took 0.037 seconds
[2024-10-27T23:13:02.421+0000] {processor.py:186} INFO - Started process (PID=283) to work on /home/airflow/.local/lib/python3.12/site-packages/airflow/example_dags/example_sensors.py
[2024-10-27T23:13:02.421+0000] {processor.py:914} INFO - Processing file /home/airflow/.local/lib/python3.12/site-packages/airflow/example_dags/example_sensors.py for tasks to queue
[2024-10-27T23:13:02.422+0000] {logging_mixin.py:190} INFO - [2024-10-27T23:13:02.422+0000] {dagbag.py:588} INFO - Filling up the DagBag from /home/airflow/.local/lib/python3.12/site-packages/airflow/example_dags/example_sensors.py
[2024-10-27T23:13:02.427+0000] {processor.py:925} INFO - DAG(s) 'example_sensors' retrieved from /home/airflow/.local/lib/python3.12/site-packages/airflow/example_dags/example_sensors.py
[2024-10-27T23:13:02.437+0000] {logging_mixin.py:190} INFO - [2024-10-27T23:13:02.437+0000] {dag.py:3239} INFO - Sync 1 DAGs
[2024-10-27T23:13:02.442+0000] {logging_mixin.py:190} INFO - [2024-10-27T23:13:02.442+0000] {dag.py:4180} INFO - Setting next_dagrun for example_sensors to None, run_after=None
[2024-10-27T23:13:02.455+0000] {processor.py:208} INFO - Processing /home/airflow/.local/lib/python3.12/site-packages/airflow/example_dags/example_sensors.py took 0.036 seconds
[2024-10-27T23:13:33.242+0000] {processor.py:186} INFO - Started process (PID=346) to work on /home/airflow/.local/lib/python3.12/site-packages/airflow/example_dags/example_sensors.py
[2024-10-27T23:13:33.243+0000] {processor.py:914} INFO - Processing file /home/airflow/.local/lib/python3.12/site-packages/airflow/example_dags/example_sensors.py for tasks to queue
[2024-10-27T23:13:33.243+0000] {logging_mixin.py:190} INFO - [2024-10-27T23:13:33.243+0000] {dagbag.py:588} INFO - Filling up the DagBag from /home/airflow/.local/lib/python3.12/site-packages/airflow/example_dags/example_sensors.py
[2024-10-27T23:13:33.247+0000] {processor.py:925} INFO - DAG(s) 'example_sensors' retrieved from /home/airflow/.local/lib/python3.12/site-packages/airflow/example_dags/example_sensors.py
[2024-10-27T23:13:33.256+0000] {logging_mixin.py:190} INFO - [2024-10-27T23:13:33.256+0000] {dag.py:3239} INFO - Sync 1 DAGs
[2024-10-27T23:13:33.261+0000] {logging_mixin.py:190} INFO - [2024-10-27T23:13:33.261+0000] {dag.py:4180} INFO - Setting next_dagrun for example_sensors to None, run_after=None
[2024-10-27T23:13:33.266+0000] {processor.py:208} INFO - Processing /home/airflow/.local/lib/python3.12/site-packages/airflow/example_dags/example_sensors.py took 0.026 seconds
[2024-10-27T23:14:04.026+0000] {processor.py:186} INFO - Started process (PID=409) to work on /home/airflow/.local/lib/python3.12/site-packages/airflow/example_dags/example_sensors.py
[2024-10-27T23:14:04.028+0000] {processor.py:914} INFO - Processing file /home/airflow/.local/lib/python3.12/site-packages/airflow/example_dags/example_sensors.py for tasks to queue
[2024-10-27T23:14:04.028+0000] {logging_mixin.py:190} INFO - [2024-10-27T23:14:04.028+0000] {dagbag.py:588} INFO - Filling up the DagBag from /home/airflow/.local/lib/python3.12/site-packages/airflow/example_dags/example_sensors.py
[2024-10-27T23:14:04.033+0000] {processor.py:925} INFO - DAG(s) 'example_sensors' retrieved from /home/airflow/.local/lib/python3.12/site-packages/airflow/example_dags/example_sensors.py
[2024-10-27T23:14:04.042+0000] {logging_mixin.py:190} INFO - [2024-10-27T23:14:04.042+0000] {dag.py:3239} INFO - Sync 1 DAGs
[2024-10-27T23:14:04.047+0000] {logging_mixin.py:190} INFO - [2024-10-27T23:14:04.047+0000] {dag.py:4180} INFO - Setting next_dagrun for example_sensors to None, run_after=None
[2024-10-27T23:14:04.053+0000] {processor.py:208} INFO - Processing /home/airflow/.local/lib/python3.12/site-packages/airflow/example_dags/example_sensors.py took 0.029 seconds
[2024-10-27T23:14:34.878+0000] {processor.py:186} INFO - Started process (PID=472) to work on /home/airflow/.local/lib/python3.12/site-packages/airflow/example_dags/example_sensors.py
[2024-10-27T23:14:34.879+0000] {processor.py:914} INFO - Processing file /home/airflow/.local/lib/python3.12/site-packages/airflow/example_dags/example_sensors.py for tasks to queue
[2024-10-27T23:14:34.880+0000] {logging_mixin.py:190} INFO - [2024-10-27T23:14:34.880+0000] {dagbag.py:588} INFO - Filling up the DagBag from /home/airflow/.local/lib/python3.12/site-packages/airflow/example_dags/example_sensors.py
[2024-10-27T23:14:34.886+0000] {processor.py:925} INFO - DAG(s) 'example_sensors' retrieved from /home/airflow/.local/lib/python3.12/site-packages/airflow/example_dags/example_sensors.py
[2024-10-27T23:14:34.898+0000] {logging_mixin.py:190} INFO - [2024-10-27T23:14:34.898+0000] {dag.py:3239} INFO - Sync 1 DAGs
[2024-10-27T23:14:34.904+0000] {logging_mixin.py:190} INFO - [2024-10-27T23:14:34.904+0000] {dag.py:4180} INFO - Setting next_dagrun for example_sensors to None, run_after=None
[2024-10-27T23:14:34.910+0000] {processor.py:208} INFO - Processing /home/airflow/.local/lib/python3.12/site-packages/airflow/example_dags/example_sensors.py took 0.034 seconds
[2024-10-27T23:15:36.255+0000] {processor.py:186} INFO - Started process (PID=89) to work on /home/airflow/.local/lib/python3.12/site-packages/airflow/example_dags/example_sensors.py
[2024-10-27T23:15:36.256+0000] {processor.py:914} INFO - Processing file /home/airflow/.local/lib/python3.12/site-packages/airflow/example_dags/example_sensors.py for tasks to queue
[2024-10-27T23:15:36.257+0000] {logging_mixin.py:190} INFO - [2024-10-27T23:15:36.257+0000] {dagbag.py:588} INFO - Filling up the DagBag from /home/airflow/.local/lib/python3.12/site-packages/airflow/example_dags/example_sensors.py
[2024-10-27T23:15:36.267+0000] {processor.py:925} INFO - DAG(s) 'example_sensors' retrieved from /home/airflow/.local/lib/python3.12/site-packages/airflow/example_dags/example_sensors.py
[2024-10-27T23:15:36.287+0000] {logging_mixin.py:190} INFO - [2024-10-27T23:15:36.287+0000] {dag.py:3239} INFO - Sync 1 DAGs
[2024-10-27T23:15:36.299+0000] {logging_mixin.py:190} INFO - [2024-10-27T23:15:36.299+0000] {dag.py:4180} INFO - Setting next_dagrun for example_sensors to None, run_after=None
[2024-10-27T23:15:36.315+0000] {processor.py:208} INFO - Processing /home/airflow/.local/lib/python3.12/site-packages/airflow/example_dags/example_sensors.py took 0.062 seconds
[2024-10-27T23:16:07.247+0000] {processor.py:186} INFO - Started process (PID=152) to work on /home/airflow/.local/lib/python3.12/site-packages/airflow/example_dags/example_sensors.py
[2024-10-27T23:16:07.247+0000] {processor.py:914} INFO - Processing file /home/airflow/.local/lib/python3.12/site-packages/airflow/example_dags/example_sensors.py for tasks to queue
[2024-10-27T23:16:07.248+0000] {logging_mixin.py:190} INFO - [2024-10-27T23:16:07.248+0000] {dagbag.py:588} INFO - Filling up the DagBag from /home/airflow/.local/lib/python3.12/site-packages/airflow/example_dags/example_sensors.py
[2024-10-27T23:16:07.253+0000] {processor.py:925} INFO - DAG(s) 'example_sensors' retrieved from /home/airflow/.local/lib/python3.12/site-packages/airflow/example_dags/example_sensors.py
[2024-10-27T23:16:07.266+0000] {logging_mixin.py:190} INFO - [2024-10-27T23:16:07.266+0000] {dag.py:3239} INFO - Sync 1 DAGs
[2024-10-27T23:16:07.271+0000] {logging_mixin.py:190} INFO - [2024-10-27T23:16:07.271+0000] {dag.py:4180} INFO - Setting next_dagrun for example_sensors to None, run_after=None
[2024-10-27T23:16:07.281+0000] {processor.py:208} INFO - Processing /home/airflow/.local/lib/python3.12/site-packages/airflow/example_dags/example_sensors.py took 0.036 seconds
[2024-10-27T23:16:37.964+0000] {processor.py:186} INFO - Started process (PID=215) to work on /home/airflow/.local/lib/python3.12/site-packages/airflow/example_dags/example_sensors.py
[2024-10-27T23:16:37.965+0000] {processor.py:914} INFO - Processing file /home/airflow/.local/lib/python3.12/site-packages/airflow/example_dags/example_sensors.py for tasks to queue
[2024-10-27T23:16:37.965+0000] {logging_mixin.py:190} INFO - [2024-10-27T23:16:37.965+0000] {dagbag.py:588} INFO - Filling up the DagBag from /home/airflow/.local/lib/python3.12/site-packages/airflow/example_dags/example_sensors.py
[2024-10-27T23:16:37.970+0000] {processor.py:925} INFO - DAG(s) 'example_sensors' retrieved from /home/airflow/.local/lib/python3.12/site-packages/airflow/example_dags/example_sensors.py
[2024-10-27T23:16:37.979+0000] {logging_mixin.py:190} INFO - [2024-10-27T23:16:37.979+0000] {dag.py:3239} INFO - Sync 1 DAGs
[2024-10-27T23:16:37.984+0000] {logging_mixin.py:190} INFO - [2024-10-27T23:16:37.984+0000] {dag.py:4180} INFO - Setting next_dagrun for example_sensors to None, run_after=None
[2024-10-27T23:16:37.995+0000] {processor.py:208} INFO - Processing /home/airflow/.local/lib/python3.12/site-packages/airflow/example_dags/example_sensors.py took 0.033 seconds
[2024-10-27T23:17:08.660+0000] {processor.py:186} INFO - Started process (PID=278) to work on /home/airflow/.local/lib/python3.12/site-packages/airflow/example_dags/example_sensors.py
[2024-10-27T23:17:08.660+0000] {processor.py:914} INFO - Processing file /home/airflow/.local/lib/python3.12/site-packages/airflow/example_dags/example_sensors.py for tasks to queue
[2024-10-27T23:17:08.661+0000] {logging_mixin.py:190} INFO - [2024-10-27T23:17:08.661+0000] {dagbag.py:588} INFO - Filling up the DagBag from /home/airflow/.local/lib/python3.12/site-packages/airflow/example_dags/example_sensors.py
[2024-10-27T23:17:08.666+0000] {processor.py:925} INFO - DAG(s) 'example_sensors' retrieved from /home/airflow/.local/lib/python3.12/site-packages/airflow/example_dags/example_sensors.py
[2024-10-27T23:17:08.679+0000] {logging_mixin.py:190} INFO - [2024-10-27T23:17:08.679+0000] {dag.py:3239} INFO - Sync 1 DAGs
[2024-10-27T23:17:08.687+0000] {logging_mixin.py:190} INFO - [2024-10-27T23:17:08.687+0000] {dag.py:4180} INFO - Setting next_dagrun for example_sensors to None, run_after=None
[2024-10-27T23:17:08.695+0000] {processor.py:208} INFO - Processing /home/airflow/.local/lib/python3.12/site-packages/airflow/example_dags/example_sensors.py took 0.038 seconds
[2024-10-27T23:17:39.504+0000] {processor.py:186} INFO - Started process (PID=347) to work on /home/airflow/.local/lib/python3.12/site-packages/airflow/example_dags/example_sensors.py
[2024-10-27T23:17:39.504+0000] {processor.py:914} INFO - Processing file /home/airflow/.local/lib/python3.12/site-packages/airflow/example_dags/example_sensors.py for tasks to queue
[2024-10-27T23:17:39.505+0000] {logging_mixin.py:190} INFO - [2024-10-27T23:17:39.505+0000] {dagbag.py:588} INFO - Filling up the DagBag from /home/airflow/.local/lib/python3.12/site-packages/airflow/example_dags/example_sensors.py
[2024-10-27T23:17:39.509+0000] {processor.py:925} INFO - DAG(s) 'example_sensors' retrieved from /home/airflow/.local/lib/python3.12/site-packages/airflow/example_dags/example_sensors.py
[2024-10-27T23:17:39.519+0000] {logging_mixin.py:190} INFO - [2024-10-27T23:17:39.519+0000] {dag.py:3239} INFO - Sync 1 DAGs
[2024-10-27T23:17:39.524+0000] {logging_mixin.py:190} INFO - [2024-10-27T23:17:39.524+0000] {dag.py:4180} INFO - Setting next_dagrun for example_sensors to None, run_after=None
[2024-10-27T23:17:39.531+0000] {processor.py:208} INFO - Processing /home/airflow/.local/lib/python3.12/site-packages/airflow/example_dags/example_sensors.py took 0.030 seconds
[2024-10-27T23:18:10.223+0000] {processor.py:186} INFO - Started process (PID=410) to work on /home/airflow/.local/lib/python3.12/site-packages/airflow/example_dags/example_sensors.py
[2024-10-27T23:18:10.224+0000] {processor.py:914} INFO - Processing file /home/airflow/.local/lib/python3.12/site-packages/airflow/example_dags/example_sensors.py for tasks to queue
[2024-10-27T23:18:10.225+0000] {logging_mixin.py:190} INFO - [2024-10-27T23:18:10.225+0000] {dagbag.py:588} INFO - Filling up the DagBag from /home/airflow/.local/lib/python3.12/site-packages/airflow/example_dags/example_sensors.py
[2024-10-27T23:18:10.229+0000] {processor.py:925} INFO - DAG(s) 'example_sensors' retrieved from /home/airflow/.local/lib/python3.12/site-packages/airflow/example_dags/example_sensors.py
[2024-10-27T23:18:10.240+0000] {logging_mixin.py:190} INFO - [2024-10-27T23:18:10.240+0000] {dag.py:3239} INFO - Sync 1 DAGs
[2024-10-27T23:18:10.245+0000] {logging_mixin.py:190} INFO - [2024-10-27T23:18:10.245+0000] {dag.py:4180} INFO - Setting next_dagrun for example_sensors to None, run_after=None
[2024-10-27T23:18:10.252+0000] {processor.py:208} INFO - Processing /home/airflow/.local/lib/python3.12/site-packages/airflow/example_dags/example_sensors.py took 0.031 seconds
[2024-10-27T23:18:41.066+0000] {processor.py:186} INFO - Started process (PID=473) to work on /home/airflow/.local/lib/python3.12/site-packages/airflow/example_dags/example_sensors.py
[2024-10-27T23:18:41.067+0000] {processor.py:914} INFO - Processing file /home/airflow/.local/lib/python3.12/site-packages/airflow/example_dags/example_sensors.py for tasks to queue
[2024-10-27T23:18:41.068+0000] {logging_mixin.py:190} INFO - [2024-10-27T23:18:41.068+0000] {dagbag.py:588} INFO - Filling up the DagBag from /home/airflow/.local/lib/python3.12/site-packages/airflow/example_dags/example_sensors.py
[2024-10-27T23:18:41.079+0000] {processor.py:925} INFO - DAG(s) 'example_sensors' retrieved from /home/airflow/.local/lib/python3.12/site-packages/airflow/example_dags/example_sensors.py
[2024-10-27T23:18:41.122+0000] {logging_mixin.py:190} INFO - [2024-10-27T23:18:41.121+0000] {dag.py:3239} INFO - Sync 1 DAGs
[2024-10-27T23:18:41.129+0000] {logging_mixin.py:190} INFO - [2024-10-27T23:18:41.129+0000] {dag.py:4180} INFO - Setting next_dagrun for example_sensors to None, run_after=None
[2024-10-27T23:18:41.136+0000] {processor.py:208} INFO - Processing /home/airflow/.local/lib/python3.12/site-packages/airflow/example_dags/example_sensors.py took 0.072 seconds
[2024-10-27T23:19:11.335+0000] {processor.py:186} INFO - Started process (PID=536) to work on /home/airflow/.local/lib/python3.12/site-packages/airflow/example_dags/example_sensors.py
[2024-10-27T23:19:11.336+0000] {processor.py:914} INFO - Processing file /home/airflow/.local/lib/python3.12/site-packages/airflow/example_dags/example_sensors.py for tasks to queue
[2024-10-27T23:19:11.337+0000] {logging_mixin.py:190} INFO - [2024-10-27T23:19:11.337+0000] {dagbag.py:588} INFO - Filling up the DagBag from /home/airflow/.local/lib/python3.12/site-packages/airflow/example_dags/example_sensors.py
[2024-10-27T23:19:11.342+0000] {processor.py:925} INFO - DAG(s) 'example_sensors' retrieved from /home/airflow/.local/lib/python3.12/site-packages/airflow/example_dags/example_sensors.py
[2024-10-27T23:19:11.351+0000] {logging_mixin.py:190} INFO - [2024-10-27T23:19:11.351+0000] {dag.py:3239} INFO - Sync 1 DAGs
[2024-10-27T23:19:11.356+0000] {logging_mixin.py:190} INFO - [2024-10-27T23:19:11.356+0000] {dag.py:4180} INFO - Setting next_dagrun for example_sensors to None, run_after=None
[2024-10-27T23:19:11.362+0000] {processor.py:208} INFO - Processing /home/airflow/.local/lib/python3.12/site-packages/airflow/example_dags/example_sensors.py took 0.029 seconds
