[2024-10-27T23:11:27.661+0000] {processor.py:186} INFO - Started process (PID=49) to work on /home/airflow/.local/lib/python3.12/site-packages/airflow/example_dags/example_complex.py
[2024-10-27T23:11:27.662+0000] {processor.py:914} INFO - Processing file /home/airflow/.local/lib/python3.12/site-packages/airflow/example_dags/example_complex.py for tasks to queue
[2024-10-27T23:11:27.663+0000] {logging_mixin.py:190} INFO - [2024-10-27T23:11:27.662+0000] {dagbag.py:588} INFO - Filling up the DagBag from /home/airflow/.local/lib/python3.12/site-packages/airflow/example_dags/example_complex.py
[2024-10-27T23:11:27.670+0000] {processor.py:925} INFO - DAG(s) 'example_complex' retrieved from /home/airflow/.local/lib/python3.12/site-packages/airflow/example_dags/example_complex.py
[2024-10-27T23:11:27.685+0000] {logging_mixin.py:190} INFO - [2024-10-27T23:11:27.685+0000] {dag.py:3239} INFO - Sync 1 DAGs
[2024-10-27T23:11:27.691+0000] {logging_mixin.py:190} INFO - [2024-10-27T23:11:27.691+0000] {dag.py:4180} INFO - Setting next_dagrun for example_complex to None, run_after=None
[2024-10-27T23:11:27.697+0000] {processor.py:208} INFO - Processing /home/airflow/.local/lib/python3.12/site-packages/airflow/example_dags/example_complex.py took 0.038 seconds
[2024-10-27T23:11:58.464+0000] {processor.py:186} INFO - Started process (PID=112) to work on /home/airflow/.local/lib/python3.12/site-packages/airflow/example_dags/example_complex.py
[2024-10-27T23:11:58.464+0000] {processor.py:914} INFO - Processing file /home/airflow/.local/lib/python3.12/site-packages/airflow/example_dags/example_complex.py for tasks to queue
[2024-10-27T23:11:58.465+0000] {logging_mixin.py:190} INFO - [2024-10-27T23:11:58.465+0000] {dagbag.py:588} INFO - Filling up the DagBag from /home/airflow/.local/lib/python3.12/site-packages/airflow/example_dags/example_complex.py
[2024-10-27T23:11:58.470+0000] {processor.py:925} INFO - DAG(s) 'example_complex' retrieved from /home/airflow/.local/lib/python3.12/site-packages/airflow/example_dags/example_complex.py
[2024-10-27T23:11:58.485+0000] {logging_mixin.py:190} INFO - [2024-10-27T23:11:58.485+0000] {dag.py:3239} INFO - Sync 1 DAGs
[2024-10-27T23:11:58.494+0000] {logging_mixin.py:190} INFO - [2024-10-27T23:11:58.494+0000] {dag.py:4180} INFO - Setting next_dagrun for example_complex to None, run_after=None
[2024-10-27T23:11:58.505+0000] {processor.py:208} INFO - Processing /home/airflow/.local/lib/python3.12/site-packages/airflow/example_dags/example_complex.py took 0.043 seconds
[2024-10-27T23:12:29.357+0000] {processor.py:186} INFO - Started process (PID=175) to work on /home/airflow/.local/lib/python3.12/site-packages/airflow/example_dags/example_complex.py
[2024-10-27T23:12:29.359+0000] {processor.py:914} INFO - Processing file /home/airflow/.local/lib/python3.12/site-packages/airflow/example_dags/example_complex.py for tasks to queue
[2024-10-27T23:12:29.361+0000] {logging_mixin.py:190} INFO - [2024-10-27T23:12:29.361+0000] {dagbag.py:588} INFO - Filling up the DagBag from /home/airflow/.local/lib/python3.12/site-packages/airflow/example_dags/example_complex.py
[2024-10-27T23:12:29.366+0000] {processor.py:925} INFO - DAG(s) 'example_complex' retrieved from /home/airflow/.local/lib/python3.12/site-packages/airflow/example_dags/example_complex.py
[2024-10-27T23:12:29.379+0000] {logging_mixin.py:190} INFO - [2024-10-27T23:12:29.379+0000] {dag.py:3239} INFO - Sync 1 DAGs
[2024-10-27T23:12:29.385+0000] {logging_mixin.py:190} INFO - [2024-10-27T23:12:29.384+0000] {dag.py:4180} INFO - Setting next_dagrun for example_complex to None, run_after=None
[2024-10-27T23:12:29.394+0000] {processor.py:208} INFO - Processing /home/airflow/.local/lib/python3.12/site-packages/airflow/example_dags/example_complex.py took 0.039 seconds
[2024-10-27T23:13:00.234+0000] {processor.py:186} INFO - Started process (PID=238) to work on /home/airflow/.local/lib/python3.12/site-packages/airflow/example_dags/example_complex.py
[2024-10-27T23:13:00.234+0000] {processor.py:914} INFO - Processing file /home/airflow/.local/lib/python3.12/site-packages/airflow/example_dags/example_complex.py for tasks to queue
[2024-10-27T23:13:00.236+0000] {logging_mixin.py:190} INFO - [2024-10-27T23:13:00.236+0000] {dagbag.py:588} INFO - Filling up the DagBag from /home/airflow/.local/lib/python3.12/site-packages/airflow/example_dags/example_complex.py
[2024-10-27T23:13:00.242+0000] {processor.py:925} INFO - DAG(s) 'example_complex' retrieved from /home/airflow/.local/lib/python3.12/site-packages/airflow/example_dags/example_complex.py
[2024-10-27T23:13:00.261+0000] {logging_mixin.py:190} INFO - [2024-10-27T23:13:00.261+0000] {dag.py:3239} INFO - Sync 1 DAGs
[2024-10-27T23:13:00.268+0000] {logging_mixin.py:190} INFO - [2024-10-27T23:13:00.268+0000] {dag.py:4180} INFO - Setting next_dagrun for example_complex to None, run_after=None
[2024-10-27T23:13:00.276+0000] {processor.py:208} INFO - Processing /home/airflow/.local/lib/python3.12/site-packages/airflow/example_dags/example_complex.py took 0.044 seconds
[2024-10-27T23:13:31.081+0000] {processor.py:186} INFO - Started process (PID=301) to work on /home/airflow/.local/lib/python3.12/site-packages/airflow/example_dags/example_complex.py
[2024-10-27T23:13:31.082+0000] {processor.py:914} INFO - Processing file /home/airflow/.local/lib/python3.12/site-packages/airflow/example_dags/example_complex.py for tasks to queue
[2024-10-27T23:13:31.083+0000] {logging_mixin.py:190} INFO - [2024-10-27T23:13:31.082+0000] {dagbag.py:588} INFO - Filling up the DagBag from /home/airflow/.local/lib/python3.12/site-packages/airflow/example_dags/example_complex.py
[2024-10-27T23:13:31.090+0000] {processor.py:925} INFO - DAG(s) 'example_complex' retrieved from /home/airflow/.local/lib/python3.12/site-packages/airflow/example_dags/example_complex.py
[2024-10-27T23:13:31.103+0000] {logging_mixin.py:190} INFO - [2024-10-27T23:13:31.103+0000] {dag.py:3239} INFO - Sync 1 DAGs
[2024-10-27T23:13:31.109+0000] {logging_mixin.py:190} INFO - [2024-10-27T23:13:31.109+0000] {dag.py:4180} INFO - Setting next_dagrun for example_complex to None, run_after=None
[2024-10-27T23:13:31.117+0000] {processor.py:208} INFO - Processing /home/airflow/.local/lib/python3.12/site-packages/airflow/example_dags/example_complex.py took 0.038 seconds
[2024-10-27T23:14:01.933+0000] {processor.py:186} INFO - Started process (PID=370) to work on /home/airflow/.local/lib/python3.12/site-packages/airflow/example_dags/example_complex.py
[2024-10-27T23:14:01.934+0000] {processor.py:914} INFO - Processing file /home/airflow/.local/lib/python3.12/site-packages/airflow/example_dags/example_complex.py for tasks to queue
[2024-10-27T23:14:01.936+0000] {logging_mixin.py:190} INFO - [2024-10-27T23:14:01.935+0000] {dagbag.py:588} INFO - Filling up the DagBag from /home/airflow/.local/lib/python3.12/site-packages/airflow/example_dags/example_complex.py
[2024-10-27T23:14:01.942+0000] {processor.py:925} INFO - DAG(s) 'example_complex' retrieved from /home/airflow/.local/lib/python3.12/site-packages/airflow/example_dags/example_complex.py
[2024-10-27T23:14:01.954+0000] {logging_mixin.py:190} INFO - [2024-10-27T23:14:01.954+0000] {dag.py:3239} INFO - Sync 1 DAGs
[2024-10-27T23:14:01.959+0000] {logging_mixin.py:190} INFO - [2024-10-27T23:14:01.959+0000] {dag.py:4180} INFO - Setting next_dagrun for example_complex to None, run_after=None
[2024-10-27T23:14:01.965+0000] {processor.py:208} INFO - Processing /home/airflow/.local/lib/python3.12/site-packages/airflow/example_dags/example_complex.py took 0.034 seconds
[2024-10-27T23:14:32.676+0000] {processor.py:186} INFO - Started process (PID=433) to work on /home/airflow/.local/lib/python3.12/site-packages/airflow/example_dags/example_complex.py
[2024-10-27T23:14:32.677+0000] {processor.py:914} INFO - Processing file /home/airflow/.local/lib/python3.12/site-packages/airflow/example_dags/example_complex.py for tasks to queue
[2024-10-27T23:14:32.679+0000] {logging_mixin.py:190} INFO - [2024-10-27T23:14:32.679+0000] {dagbag.py:588} INFO - Filling up the DagBag from /home/airflow/.local/lib/python3.12/site-packages/airflow/example_dags/example_complex.py
[2024-10-27T23:14:32.684+0000] {processor.py:925} INFO - DAG(s) 'example_complex' retrieved from /home/airflow/.local/lib/python3.12/site-packages/airflow/example_dags/example_complex.py
[2024-10-27T23:14:32.696+0000] {logging_mixin.py:190} INFO - [2024-10-27T23:14:32.696+0000] {dag.py:3239} INFO - Sync 1 DAGs
[2024-10-27T23:14:32.701+0000] {logging_mixin.py:190} INFO - [2024-10-27T23:14:32.701+0000] {dag.py:4180} INFO - Setting next_dagrun for example_complex to None, run_after=None
[2024-10-27T23:14:32.711+0000] {processor.py:208} INFO - Processing /home/airflow/.local/lib/python3.12/site-packages/airflow/example_dags/example_complex.py took 0.038 seconds
[2024-10-27T23:15:34.625+0000] {processor.py:186} INFO - Started process (PID=50) to work on /home/airflow/.local/lib/python3.12/site-packages/airflow/example_dags/example_complex.py
[2024-10-27T23:15:34.625+0000] {processor.py:914} INFO - Processing file /home/airflow/.local/lib/python3.12/site-packages/airflow/example_dags/example_complex.py for tasks to queue
[2024-10-27T23:15:34.627+0000] {logging_mixin.py:190} INFO - [2024-10-27T23:15:34.627+0000] {dagbag.py:588} INFO - Filling up the DagBag from /home/airflow/.local/lib/python3.12/site-packages/airflow/example_dags/example_complex.py
[2024-10-27T23:15:34.634+0000] {processor.py:925} INFO - DAG(s) 'example_complex' retrieved from /home/airflow/.local/lib/python3.12/site-packages/airflow/example_dags/example_complex.py
[2024-10-27T23:15:34.649+0000] {logging_mixin.py:190} INFO - [2024-10-27T23:15:34.649+0000] {dag.py:3239} INFO - Sync 1 DAGs
[2024-10-27T23:15:34.655+0000] {logging_mixin.py:190} INFO - [2024-10-27T23:15:34.655+0000] {dag.py:4180} INFO - Setting next_dagrun for example_complex to None, run_after=None
[2024-10-27T23:15:34.662+0000] {processor.py:208} INFO - Processing /home/airflow/.local/lib/python3.12/site-packages/airflow/example_dags/example_complex.py took 0.040 seconds
[2024-10-27T23:16:05.053+0000] {processor.py:186} INFO - Started process (PID=113) to work on /home/airflow/.local/lib/python3.12/site-packages/airflow/example_dags/example_complex.py
[2024-10-27T23:16:05.055+0000] {processor.py:914} INFO - Processing file /home/airflow/.local/lib/python3.12/site-packages/airflow/example_dags/example_complex.py for tasks to queue
[2024-10-27T23:16:05.056+0000] {logging_mixin.py:190} INFO - [2024-10-27T23:16:05.056+0000] {dagbag.py:588} INFO - Filling up the DagBag from /home/airflow/.local/lib/python3.12/site-packages/airflow/example_dags/example_complex.py
[2024-10-27T23:16:05.061+0000] {processor.py:925} INFO - DAG(s) 'example_complex' retrieved from /home/airflow/.local/lib/python3.12/site-packages/airflow/example_dags/example_complex.py
[2024-10-27T23:16:05.072+0000] {logging_mixin.py:190} INFO - [2024-10-27T23:16:05.072+0000] {dag.py:3239} INFO - Sync 1 DAGs
[2024-10-27T23:16:05.078+0000] {logging_mixin.py:190} INFO - [2024-10-27T23:16:05.078+0000] {dag.py:4180} INFO - Setting next_dagrun for example_complex to None, run_after=None
[2024-10-27T23:16:05.083+0000] {processor.py:208} INFO - Processing /home/airflow/.local/lib/python3.12/site-packages/airflow/example_dags/example_complex.py took 0.032 seconds
[2024-10-27T23:16:35.877+0000] {processor.py:186} INFO - Started process (PID=176) to work on /home/airflow/.local/lib/python3.12/site-packages/airflow/example_dags/example_complex.py
[2024-10-27T23:16:35.877+0000] {processor.py:914} INFO - Processing file /home/airflow/.local/lib/python3.12/site-packages/airflow/example_dags/example_complex.py for tasks to queue
[2024-10-27T23:16:35.878+0000] {logging_mixin.py:190} INFO - [2024-10-27T23:16:35.878+0000] {dagbag.py:588} INFO - Filling up the DagBag from /home/airflow/.local/lib/python3.12/site-packages/airflow/example_dags/example_complex.py
[2024-10-27T23:16:35.883+0000] {processor.py:925} INFO - DAG(s) 'example_complex' retrieved from /home/airflow/.local/lib/python3.12/site-packages/airflow/example_dags/example_complex.py
[2024-10-27T23:16:35.897+0000] {logging_mixin.py:190} INFO - [2024-10-27T23:16:35.897+0000] {dag.py:3239} INFO - Sync 1 DAGs
[2024-10-27T23:16:35.902+0000] {logging_mixin.py:190} INFO - [2024-10-27T23:16:35.902+0000] {dag.py:4180} INFO - Setting next_dagrun for example_complex to None, run_after=None
[2024-10-27T23:16:35.908+0000] {processor.py:208} INFO - Processing /home/airflow/.local/lib/python3.12/site-packages/airflow/example_dags/example_complex.py took 0.034 seconds
[2024-10-27T23:17:06.582+0000] {processor.py:186} INFO - Started process (PID=239) to work on /home/airflow/.local/lib/python3.12/site-packages/airflow/example_dags/example_complex.py
[2024-10-27T23:17:06.582+0000] {processor.py:914} INFO - Processing file /home/airflow/.local/lib/python3.12/site-packages/airflow/example_dags/example_complex.py for tasks to queue
[2024-10-27T23:17:06.583+0000] {logging_mixin.py:190} INFO - [2024-10-27T23:17:06.583+0000] {dagbag.py:588} INFO - Filling up the DagBag from /home/airflow/.local/lib/python3.12/site-packages/airflow/example_dags/example_complex.py
[2024-10-27T23:17:06.588+0000] {processor.py:925} INFO - DAG(s) 'example_complex' retrieved from /home/airflow/.local/lib/python3.12/site-packages/airflow/example_dags/example_complex.py
[2024-10-27T23:17:06.599+0000] {logging_mixin.py:190} INFO - [2024-10-27T23:17:06.599+0000] {dag.py:3239} INFO - Sync 1 DAGs
[2024-10-27T23:17:06.604+0000] {logging_mixin.py:190} INFO - [2024-10-27T23:17:06.604+0000] {dag.py:4180} INFO - Setting next_dagrun for example_complex to None, run_after=None
[2024-10-27T23:17:06.609+0000] {processor.py:208} INFO - Processing /home/airflow/.local/lib/python3.12/site-packages/airflow/example_dags/example_complex.py took 0.030 seconds
[2024-10-27T23:17:37.402+0000] {processor.py:186} INFO - Started process (PID=302) to work on /home/airflow/.local/lib/python3.12/site-packages/airflow/example_dags/example_complex.py
[2024-10-27T23:17:37.405+0000] {processor.py:914} INFO - Processing file /home/airflow/.local/lib/python3.12/site-packages/airflow/example_dags/example_complex.py for tasks to queue
[2024-10-27T23:17:37.406+0000] {logging_mixin.py:190} INFO - [2024-10-27T23:17:37.406+0000] {dagbag.py:588} INFO - Filling up the DagBag from /home/airflow/.local/lib/python3.12/site-packages/airflow/example_dags/example_complex.py
[2024-10-27T23:17:37.410+0000] {processor.py:925} INFO - DAG(s) 'example_complex' retrieved from /home/airflow/.local/lib/python3.12/site-packages/airflow/example_dags/example_complex.py
[2024-10-27T23:17:37.422+0000] {logging_mixin.py:190} INFO - [2024-10-27T23:17:37.422+0000] {dag.py:3239} INFO - Sync 1 DAGs
[2024-10-27T23:17:37.427+0000] {logging_mixin.py:190} INFO - [2024-10-27T23:17:37.427+0000] {dag.py:4180} INFO - Setting next_dagrun for example_complex to None, run_after=None
[2024-10-27T23:17:37.434+0000] {processor.py:208} INFO - Processing /home/airflow/.local/lib/python3.12/site-packages/airflow/example_dags/example_complex.py took 0.034 seconds
[2024-10-27T23:18:08.177+0000] {processor.py:186} INFO - Started process (PID=365) to work on /home/airflow/.local/lib/python3.12/site-packages/airflow/example_dags/example_complex.py
[2024-10-27T23:18:08.177+0000] {processor.py:914} INFO - Processing file /home/airflow/.local/lib/python3.12/site-packages/airflow/example_dags/example_complex.py for tasks to queue
[2024-10-27T23:18:08.178+0000] {logging_mixin.py:190} INFO - [2024-10-27T23:18:08.178+0000] {dagbag.py:588} INFO - Filling up the DagBag from /home/airflow/.local/lib/python3.12/site-packages/airflow/example_dags/example_complex.py
[2024-10-27T23:18:08.183+0000] {processor.py:925} INFO - DAG(s) 'example_complex' retrieved from /home/airflow/.local/lib/python3.12/site-packages/airflow/example_dags/example_complex.py
[2024-10-27T23:18:08.196+0000] {logging_mixin.py:190} INFO - [2024-10-27T23:18:08.196+0000] {dag.py:3239} INFO - Sync 1 DAGs
[2024-10-27T23:18:08.202+0000] {logging_mixin.py:190} INFO - [2024-10-27T23:18:08.201+0000] {dag.py:4180} INFO - Setting next_dagrun for example_complex to None, run_after=None
[2024-10-27T23:18:08.207+0000] {processor.py:208} INFO - Processing /home/airflow/.local/lib/python3.12/site-packages/airflow/example_dags/example_complex.py took 0.033 seconds
[2024-10-27T23:18:38.913+0000] {processor.py:186} INFO - Started process (PID=428) to work on /home/airflow/.local/lib/python3.12/site-packages/airflow/example_dags/example_complex.py
[2024-10-27T23:18:38.913+0000] {processor.py:914} INFO - Processing file /home/airflow/.local/lib/python3.12/site-packages/airflow/example_dags/example_complex.py for tasks to queue
[2024-10-27T23:18:38.914+0000] {logging_mixin.py:190} INFO - [2024-10-27T23:18:38.914+0000] {dagbag.py:588} INFO - Filling up the DagBag from /home/airflow/.local/lib/python3.12/site-packages/airflow/example_dags/example_complex.py
[2024-10-27T23:18:38.919+0000] {processor.py:925} INFO - DAG(s) 'example_complex' retrieved from /home/airflow/.local/lib/python3.12/site-packages/airflow/example_dags/example_complex.py
[2024-10-27T23:18:38.931+0000] {logging_mixin.py:190} INFO - [2024-10-27T23:18:38.931+0000] {dag.py:3239} INFO - Sync 1 DAGs
[2024-10-27T23:18:38.936+0000] {logging_mixin.py:190} INFO - [2024-10-27T23:18:38.936+0000] {dag.py:4180} INFO - Setting next_dagrun for example_complex to None, run_after=None
[2024-10-27T23:18:38.944+0000] {processor.py:208} INFO - Processing /home/airflow/.local/lib/python3.12/site-packages/airflow/example_dags/example_complex.py took 0.034 seconds
[2024-10-27T23:19:09.955+0000] {processor.py:186} INFO - Started process (PID=497) to work on /home/airflow/.local/lib/python3.12/site-packages/airflow/example_dags/example_complex.py
[2024-10-27T23:19:09.956+0000] {processor.py:914} INFO - Processing file /home/airflow/.local/lib/python3.12/site-packages/airflow/example_dags/example_complex.py for tasks to queue
[2024-10-27T23:19:09.958+0000] {logging_mixin.py:190} INFO - [2024-10-27T23:19:09.958+0000] {dagbag.py:588} INFO - Filling up the DagBag from /home/airflow/.local/lib/python3.12/site-packages/airflow/example_dags/example_complex.py
[2024-10-27T23:19:09.963+0000] {processor.py:925} INFO - DAG(s) 'example_complex' retrieved from /home/airflow/.local/lib/python3.12/site-packages/airflow/example_dags/example_complex.py
[2024-10-27T23:19:09.975+0000] {logging_mixin.py:190} INFO - [2024-10-27T23:19:09.975+0000] {dag.py:3239} INFO - Sync 1 DAGs
[2024-10-27T23:19:09.981+0000] {logging_mixin.py:190} INFO - [2024-10-27T23:19:09.981+0000] {dag.py:4180} INFO - Setting next_dagrun for example_complex to None, run_after=None
[2024-10-27T23:19:09.988+0000] {processor.py:208} INFO - Processing /home/airflow/.local/lib/python3.12/site-packages/airflow/example_dags/example_complex.py took 0.036 seconds
