[2024-10-27T23:11:28.526+0000] {processor.py:186} INFO - Started process (PID=63) to work on /home/airflow/.local/lib/python3.12/site-packages/airflow/example_dags/example_latest_only_with_trigger.py
[2024-10-27T23:11:28.529+0000] {processor.py:914} INFO - Processing file /home/airflow/.local/lib/python3.12/site-packages/airflow/example_dags/example_latest_only_with_trigger.py for tasks to queue
[2024-10-27T23:11:28.530+0000] {logging_mixin.py:190} INFO - [2024-10-27T23:11:28.530+0000] {dagbag.py:588} INFO - Filling up the DagBag from /home/airflow/.local/lib/python3.12/site-packages/airflow/example_dags/example_latest_only_with_trigger.py
[2024-10-27T23:11:28.535+0000] {processor.py:925} INFO - DAG(s) 'latest_only_with_trigger' retrieved from /home/airflow/.local/lib/python3.12/site-packages/airflow/example_dags/example_latest_only_with_trigger.py
[2024-10-27T23:11:28.549+0000] {logging_mixin.py:190} INFO - [2024-10-27T23:11:28.549+0000] {dag.py:3239} INFO - Sync 1 DAGs
[2024-10-27T23:11:28.564+0000] {logging_mixin.py:190} INFO - [2024-10-27T23:11:28.564+0000] {dag.py:4180} INFO - Setting next_dagrun for latest_only_with_trigger to 2024-10-27 16:00:00+00:00, run_after=2024-10-27 20:00:00+00:00
[2024-10-27T23:11:28.574+0000] {processor.py:208} INFO - Processing /home/airflow/.local/lib/python3.12/site-packages/airflow/example_dags/example_latest_only_with_trigger.py took 0.053 seconds
[2024-10-27T23:11:58.906+0000] {processor.py:186} INFO - Started process (PID=126) to work on /home/airflow/.local/lib/python3.12/site-packages/airflow/example_dags/example_latest_only_with_trigger.py
[2024-10-27T23:11:58.906+0000] {processor.py:914} INFO - Processing file /home/airflow/.local/lib/python3.12/site-packages/airflow/example_dags/example_latest_only_with_trigger.py for tasks to queue
[2024-10-27T23:11:58.907+0000] {logging_mixin.py:190} INFO - [2024-10-27T23:11:58.907+0000] {dagbag.py:588} INFO - Filling up the DagBag from /home/airflow/.local/lib/python3.12/site-packages/airflow/example_dags/example_latest_only_with_trigger.py
[2024-10-27T23:11:58.910+0000] {processor.py:925} INFO - DAG(s) 'latest_only_with_trigger' retrieved from /home/airflow/.local/lib/python3.12/site-packages/airflow/example_dags/example_latest_only_with_trigger.py
[2024-10-27T23:11:58.918+0000] {logging_mixin.py:190} INFO - [2024-10-27T23:11:58.918+0000] {dag.py:3239} INFO - Sync 1 DAGs
[2024-10-27T23:11:58.928+0000] {logging_mixin.py:190} INFO - [2024-10-27T23:11:58.928+0000] {dag.py:4180} INFO - Setting next_dagrun for latest_only_with_trigger to 2024-10-27 16:00:00+00:00, run_after=2024-10-27 20:00:00+00:00
[2024-10-27T23:11:58.936+0000] {processor.py:208} INFO - Processing /home/airflow/.local/lib/python3.12/site-packages/airflow/example_dags/example_latest_only_with_trigger.py took 0.032 seconds
[2024-10-27T23:12:29.804+0000] {processor.py:186} INFO - Started process (PID=189) to work on /home/airflow/.local/lib/python3.12/site-packages/airflow/example_dags/example_latest_only_with_trigger.py
[2024-10-27T23:12:29.805+0000] {processor.py:914} INFO - Processing file /home/airflow/.local/lib/python3.12/site-packages/airflow/example_dags/example_latest_only_with_trigger.py for tasks to queue
[2024-10-27T23:12:29.806+0000] {logging_mixin.py:190} INFO - [2024-10-27T23:12:29.806+0000] {dagbag.py:588} INFO - Filling up the DagBag from /home/airflow/.local/lib/python3.12/site-packages/airflow/example_dags/example_latest_only_with_trigger.py
[2024-10-27T23:12:29.809+0000] {processor.py:925} INFO - DAG(s) 'latest_only_with_trigger' retrieved from /home/airflow/.local/lib/python3.12/site-packages/airflow/example_dags/example_latest_only_with_trigger.py
[2024-10-27T23:12:29.817+0000] {logging_mixin.py:190} INFO - [2024-10-27T23:12:29.817+0000] {dag.py:3239} INFO - Sync 1 DAGs
[2024-10-27T23:12:29.827+0000] {logging_mixin.py:190} INFO - [2024-10-27T23:12:29.827+0000] {dag.py:4180} INFO - Setting next_dagrun for latest_only_with_trigger to 2024-10-27 16:00:00+00:00, run_after=2024-10-27 20:00:00+00:00
[2024-10-27T23:12:29.833+0000] {processor.py:208} INFO - Processing /home/airflow/.local/lib/python3.12/site-packages/airflow/example_dags/example_latest_only_with_trigger.py took 0.031 seconds
[2024-10-27T23:13:00.712+0000] {processor.py:186} INFO - Started process (PID=252) to work on /home/airflow/.local/lib/python3.12/site-packages/airflow/example_dags/example_latest_only_with_trigger.py
[2024-10-27T23:13:00.712+0000] {processor.py:914} INFO - Processing file /home/airflow/.local/lib/python3.12/site-packages/airflow/example_dags/example_latest_only_with_trigger.py for tasks to queue
[2024-10-27T23:13:00.715+0000] {logging_mixin.py:190} INFO - [2024-10-27T23:13:00.715+0000] {dagbag.py:588} INFO - Filling up the DagBag from /home/airflow/.local/lib/python3.12/site-packages/airflow/example_dags/example_latest_only_with_trigger.py
[2024-10-27T23:13:00.719+0000] {processor.py:925} INFO - DAG(s) 'latest_only_with_trigger' retrieved from /home/airflow/.local/lib/python3.12/site-packages/airflow/example_dags/example_latest_only_with_trigger.py
[2024-10-27T23:13:00.729+0000] {logging_mixin.py:190} INFO - [2024-10-27T23:13:00.729+0000] {dag.py:3239} INFO - Sync 1 DAGs
[2024-10-27T23:13:00.738+0000] {logging_mixin.py:190} INFO - [2024-10-27T23:13:00.737+0000] {dag.py:4180} INFO - Setting next_dagrun for latest_only_with_trigger to 2024-10-27 16:00:00+00:00, run_after=2024-10-27 20:00:00+00:00
[2024-10-27T23:13:00.743+0000] {processor.py:208} INFO - Processing /home/airflow/.local/lib/python3.12/site-packages/airflow/example_dags/example_latest_only_with_trigger.py took 0.034 seconds
[2024-10-27T23:13:31.602+0000] {processor.py:186} INFO - Started process (PID=321) to work on /home/airflow/.local/lib/python3.12/site-packages/airflow/example_dags/example_latest_only_with_trigger.py
[2024-10-27T23:13:31.603+0000] {processor.py:914} INFO - Processing file /home/airflow/.local/lib/python3.12/site-packages/airflow/example_dags/example_latest_only_with_trigger.py for tasks to queue
[2024-10-27T23:13:31.605+0000] {logging_mixin.py:190} INFO - [2024-10-27T23:13:31.605+0000] {dagbag.py:588} INFO - Filling up the DagBag from /home/airflow/.local/lib/python3.12/site-packages/airflow/example_dags/example_latest_only_with_trigger.py
[2024-10-27T23:13:31.608+0000] {processor.py:925} INFO - DAG(s) 'latest_only_with_trigger' retrieved from /home/airflow/.local/lib/python3.12/site-packages/airflow/example_dags/example_latest_only_with_trigger.py
[2024-10-27T23:13:31.622+0000] {logging_mixin.py:190} INFO - [2024-10-27T23:13:31.622+0000] {dag.py:3239} INFO - Sync 1 DAGs
[2024-10-27T23:13:31.631+0000] {logging_mixin.py:190} INFO - [2024-10-27T23:13:31.631+0000] {dag.py:4180} INFO - Setting next_dagrun for latest_only_with_trigger to 2024-10-27 16:00:00+00:00, run_after=2024-10-27 20:00:00+00:00
[2024-10-27T23:13:31.636+0000] {processor.py:208} INFO - Processing /home/airflow/.local/lib/python3.12/site-packages/airflow/example_dags/example_latest_only_with_trigger.py took 0.037 seconds
[2024-10-27T23:14:02.359+0000] {processor.py:186} INFO - Started process (PID=384) to work on /home/airflow/.local/lib/python3.12/site-packages/airflow/example_dags/example_latest_only_with_trigger.py
[2024-10-27T23:14:02.359+0000] {processor.py:914} INFO - Processing file /home/airflow/.local/lib/python3.12/site-packages/airflow/example_dags/example_latest_only_with_trigger.py for tasks to queue
[2024-10-27T23:14:02.362+0000] {logging_mixin.py:190} INFO - [2024-10-27T23:14:02.362+0000] {dagbag.py:588} INFO - Filling up the DagBag from /home/airflow/.local/lib/python3.12/site-packages/airflow/example_dags/example_latest_only_with_trigger.py
[2024-10-27T23:14:02.365+0000] {processor.py:925} INFO - DAG(s) 'latest_only_with_trigger' retrieved from /home/airflow/.local/lib/python3.12/site-packages/airflow/example_dags/example_latest_only_with_trigger.py
[2024-10-27T23:14:02.375+0000] {logging_mixin.py:190} INFO - [2024-10-27T23:14:02.375+0000] {dag.py:3239} INFO - Sync 1 DAGs
[2024-10-27T23:14:02.384+0000] {logging_mixin.py:190} INFO - [2024-10-27T23:14:02.384+0000] {dag.py:4180} INFO - Setting next_dagrun for latest_only_with_trigger to 2024-10-27 16:00:00+00:00, run_after=2024-10-27 20:00:00+00:00
[2024-10-27T23:14:02.392+0000] {processor.py:208} INFO - Processing /home/airflow/.local/lib/python3.12/site-packages/airflow/example_dags/example_latest_only_with_trigger.py took 0.036 seconds
[2024-10-27T23:14:33.151+0000] {processor.py:186} INFO - Started process (PID=447) to work on /home/airflow/.local/lib/python3.12/site-packages/airflow/example_dags/example_latest_only_with_trigger.py
[2024-10-27T23:14:33.153+0000] {processor.py:914} INFO - Processing file /home/airflow/.local/lib/python3.12/site-packages/airflow/example_dags/example_latest_only_with_trigger.py for tasks to queue
[2024-10-27T23:14:33.155+0000] {logging_mixin.py:190} INFO - [2024-10-27T23:14:33.155+0000] {dagbag.py:588} INFO - Filling up the DagBag from /home/airflow/.local/lib/python3.12/site-packages/airflow/example_dags/example_latest_only_with_trigger.py
[2024-10-27T23:14:33.158+0000] {processor.py:925} INFO - DAG(s) 'latest_only_with_trigger' retrieved from /home/airflow/.local/lib/python3.12/site-packages/airflow/example_dags/example_latest_only_with_trigger.py
[2024-10-27T23:14:33.169+0000] {logging_mixin.py:190} INFO - [2024-10-27T23:14:33.169+0000] {dag.py:3239} INFO - Sync 1 DAGs
[2024-10-27T23:14:33.178+0000] {logging_mixin.py:190} INFO - [2024-10-27T23:14:33.178+0000] {dag.py:4180} INFO - Setting next_dagrun for latest_only_with_trigger to 2024-10-27 16:00:00+00:00, run_after=2024-10-27 20:00:00+00:00
[2024-10-27T23:14:33.185+0000] {processor.py:208} INFO - Processing /home/airflow/.local/lib/python3.12/site-packages/airflow/example_dags/example_latest_only_with_trigger.py took 0.036 seconds
[2024-10-27T23:15:35.312+0000] {processor.py:186} INFO - Started process (PID=64) to work on /home/airflow/.local/lib/python3.12/site-packages/airflow/example_dags/example_latest_only_with_trigger.py
[2024-10-27T23:15:35.315+0000] {processor.py:914} INFO - Processing file /home/airflow/.local/lib/python3.12/site-packages/airflow/example_dags/example_latest_only_with_trigger.py for tasks to queue
[2024-10-27T23:15:35.317+0000] {logging_mixin.py:190} INFO - [2024-10-27T23:15:35.317+0000] {dagbag.py:588} INFO - Filling up the DagBag from /home/airflow/.local/lib/python3.12/site-packages/airflow/example_dags/example_latest_only_with_trigger.py
[2024-10-27T23:15:35.321+0000] {processor.py:925} INFO - DAG(s) 'latest_only_with_trigger' retrieved from /home/airflow/.local/lib/python3.12/site-packages/airflow/example_dags/example_latest_only_with_trigger.py
[2024-10-27T23:15:35.334+0000] {logging_mixin.py:190} INFO - [2024-10-27T23:15:35.333+0000] {dag.py:3239} INFO - Sync 1 DAGs
[2024-10-27T23:15:35.343+0000] {logging_mixin.py:190} INFO - [2024-10-27T23:15:35.342+0000] {dag.py:4180} INFO - Setting next_dagrun for latest_only_with_trigger to 2024-10-27 16:00:00+00:00, run_after=2024-10-27 20:00:00+00:00
[2024-10-27T23:15:35.348+0000] {processor.py:208} INFO - Processing /home/airflow/.local/lib/python3.12/site-packages/airflow/example_dags/example_latest_only_with_trigger.py took 0.043 seconds
[2024-10-27T23:16:05.451+0000] {processor.py:186} INFO - Started process (PID=127) to work on /home/airflow/.local/lib/python3.12/site-packages/airflow/example_dags/example_latest_only_with_trigger.py
[2024-10-27T23:16:05.452+0000] {processor.py:914} INFO - Processing file /home/airflow/.local/lib/python3.12/site-packages/airflow/example_dags/example_latest_only_with_trigger.py for tasks to queue
[2024-10-27T23:16:05.453+0000] {logging_mixin.py:190} INFO - [2024-10-27T23:16:05.452+0000] {dagbag.py:588} INFO - Filling up the DagBag from /home/airflow/.local/lib/python3.12/site-packages/airflow/example_dags/example_latest_only_with_trigger.py
[2024-10-27T23:16:05.457+0000] {processor.py:925} INFO - DAG(s) 'latest_only_with_trigger' retrieved from /home/airflow/.local/lib/python3.12/site-packages/airflow/example_dags/example_latest_only_with_trigger.py
[2024-10-27T23:16:05.467+0000] {logging_mixin.py:190} INFO - [2024-10-27T23:16:05.467+0000] {dag.py:3239} INFO - Sync 1 DAGs
[2024-10-27T23:16:05.475+0000] {logging_mixin.py:190} INFO - [2024-10-27T23:16:05.475+0000] {dag.py:4180} INFO - Setting next_dagrun for latest_only_with_trigger to 2024-10-27 16:00:00+00:00, run_after=2024-10-27 20:00:00+00:00
[2024-10-27T23:16:05.484+0000] {processor.py:208} INFO - Processing /home/airflow/.local/lib/python3.12/site-packages/airflow/example_dags/example_latest_only_with_trigger.py took 0.035 seconds
[2024-10-27T23:16:36.280+0000] {processor.py:186} INFO - Started process (PID=190) to work on /home/airflow/.local/lib/python3.12/site-packages/airflow/example_dags/example_latest_only_with_trigger.py
[2024-10-27T23:16:36.281+0000] {processor.py:914} INFO - Processing file /home/airflow/.local/lib/python3.12/site-packages/airflow/example_dags/example_latest_only_with_trigger.py for tasks to queue
[2024-10-27T23:16:36.282+0000] {logging_mixin.py:190} INFO - [2024-10-27T23:16:36.282+0000] {dagbag.py:588} INFO - Filling up the DagBag from /home/airflow/.local/lib/python3.12/site-packages/airflow/example_dags/example_latest_only_with_trigger.py
[2024-10-27T23:16:36.287+0000] {processor.py:925} INFO - DAG(s) 'latest_only_with_trigger' retrieved from /home/airflow/.local/lib/python3.12/site-packages/airflow/example_dags/example_latest_only_with_trigger.py
[2024-10-27T23:16:36.295+0000] {logging_mixin.py:190} INFO - [2024-10-27T23:16:36.295+0000] {dag.py:3239} INFO - Sync 1 DAGs
[2024-10-27T23:16:36.303+0000] {logging_mixin.py:190} INFO - [2024-10-27T23:16:36.303+0000] {dag.py:4180} INFO - Setting next_dagrun for latest_only_with_trigger to 2024-10-27 16:00:00+00:00, run_after=2024-10-27 20:00:00+00:00
[2024-10-27T23:16:36.311+0000] {processor.py:208} INFO - Processing /home/airflow/.local/lib/python3.12/site-packages/airflow/example_dags/example_latest_only_with_trigger.py took 0.033 seconds
[2024-10-27T23:17:06.985+0000] {processor.py:186} INFO - Started process (PID=253) to work on /home/airflow/.local/lib/python3.12/site-packages/airflow/example_dags/example_latest_only_with_trigger.py
[2024-10-27T23:17:06.985+0000] {processor.py:914} INFO - Processing file /home/airflow/.local/lib/python3.12/site-packages/airflow/example_dags/example_latest_only_with_trigger.py for tasks to queue
[2024-10-27T23:17:06.987+0000] {logging_mixin.py:190} INFO - [2024-10-27T23:17:06.987+0000] {dagbag.py:588} INFO - Filling up the DagBag from /home/airflow/.local/lib/python3.12/site-packages/airflow/example_dags/example_latest_only_with_trigger.py
[2024-10-27T23:17:06.991+0000] {processor.py:925} INFO - DAG(s) 'latest_only_with_trigger' retrieved from /home/airflow/.local/lib/python3.12/site-packages/airflow/example_dags/example_latest_only_with_trigger.py
[2024-10-27T23:17:07.002+0000] {logging_mixin.py:190} INFO - [2024-10-27T23:17:07.002+0000] {dag.py:3239} INFO - Sync 1 DAGs
[2024-10-27T23:17:07.010+0000] {logging_mixin.py:190} INFO - [2024-10-27T23:17:07.010+0000] {dag.py:4180} INFO - Setting next_dagrun for latest_only_with_trigger to 2024-10-27 16:00:00+00:00, run_after=2024-10-27 20:00:00+00:00
[2024-10-27T23:17:07.018+0000] {processor.py:208} INFO - Processing /home/airflow/.local/lib/python3.12/site-packages/airflow/example_dags/example_latest_only_with_trigger.py took 0.035 seconds
[2024-10-27T23:17:37.848+0000] {processor.py:186} INFO - Started process (PID=316) to work on /home/airflow/.local/lib/python3.12/site-packages/airflow/example_dags/example_latest_only_with_trigger.py
[2024-10-27T23:17:37.849+0000] {processor.py:914} INFO - Processing file /home/airflow/.local/lib/python3.12/site-packages/airflow/example_dags/example_latest_only_with_trigger.py for tasks to queue
[2024-10-27T23:17:37.850+0000] {logging_mixin.py:190} INFO - [2024-10-27T23:17:37.849+0000] {dagbag.py:588} INFO - Filling up the DagBag from /home/airflow/.local/lib/python3.12/site-packages/airflow/example_dags/example_latest_only_with_trigger.py
[2024-10-27T23:17:37.853+0000] {processor.py:925} INFO - DAG(s) 'latest_only_with_trigger' retrieved from /home/airflow/.local/lib/python3.12/site-packages/airflow/example_dags/example_latest_only_with_trigger.py
[2024-10-27T23:17:37.861+0000] {logging_mixin.py:190} INFO - [2024-10-27T23:17:37.860+0000] {dag.py:3239} INFO - Sync 1 DAGs
[2024-10-27T23:17:37.870+0000] {logging_mixin.py:190} INFO - [2024-10-27T23:17:37.870+0000] {dag.py:4180} INFO - Setting next_dagrun for latest_only_with_trigger to 2024-10-27 16:00:00+00:00, run_after=2024-10-27 20:00:00+00:00
[2024-10-27T23:17:37.878+0000] {processor.py:208} INFO - Processing /home/airflow/.local/lib/python3.12/site-packages/airflow/example_dags/example_latest_only_with_trigger.py took 0.033 seconds
[2024-10-27T23:18:08.608+0000] {processor.py:186} INFO - Started process (PID=379) to work on /home/airflow/.local/lib/python3.12/site-packages/airflow/example_dags/example_latest_only_with_trigger.py
[2024-10-27T23:18:08.610+0000] {processor.py:914} INFO - Processing file /home/airflow/.local/lib/python3.12/site-packages/airflow/example_dags/example_latest_only_with_trigger.py for tasks to queue
[2024-10-27T23:18:08.613+0000] {logging_mixin.py:190} INFO - [2024-10-27T23:18:08.613+0000] {dagbag.py:588} INFO - Filling up the DagBag from /home/airflow/.local/lib/python3.12/site-packages/airflow/example_dags/example_latest_only_with_trigger.py
[2024-10-27T23:18:08.617+0000] {processor.py:925} INFO - DAG(s) 'latest_only_with_trigger' retrieved from /home/airflow/.local/lib/python3.12/site-packages/airflow/example_dags/example_latest_only_with_trigger.py
[2024-10-27T23:18:08.628+0000] {logging_mixin.py:190} INFO - [2024-10-27T23:18:08.627+0000] {dag.py:3239} INFO - Sync 1 DAGs
[2024-10-27T23:18:08.636+0000] {logging_mixin.py:190} INFO - [2024-10-27T23:18:08.636+0000] {dag.py:4180} INFO - Setting next_dagrun for latest_only_with_trigger to 2024-10-27 16:00:00+00:00, run_after=2024-10-27 20:00:00+00:00
[2024-10-27T23:18:08.642+0000] {processor.py:208} INFO - Processing /home/airflow/.local/lib/python3.12/site-packages/airflow/example_dags/example_latest_only_with_trigger.py took 0.037 seconds
[2024-10-27T23:18:39.333+0000] {processor.py:186} INFO - Started process (PID=448) to work on /home/airflow/.local/lib/python3.12/site-packages/airflow/example_dags/example_latest_only_with_trigger.py
[2024-10-27T23:18:39.334+0000] {processor.py:914} INFO - Processing file /home/airflow/.local/lib/python3.12/site-packages/airflow/example_dags/example_latest_only_with_trigger.py for tasks to queue
[2024-10-27T23:18:39.335+0000] {logging_mixin.py:190} INFO - [2024-10-27T23:18:39.335+0000] {dagbag.py:588} INFO - Filling up the DagBag from /home/airflow/.local/lib/python3.12/site-packages/airflow/example_dags/example_latest_only_with_trigger.py
[2024-10-27T23:18:39.339+0000] {processor.py:925} INFO - DAG(s) 'latest_only_with_trigger' retrieved from /home/airflow/.local/lib/python3.12/site-packages/airflow/example_dags/example_latest_only_with_trigger.py
[2024-10-27T23:18:39.347+0000] {logging_mixin.py:190} INFO - [2024-10-27T23:18:39.347+0000] {dag.py:3239} INFO - Sync 1 DAGs
[2024-10-27T23:18:39.355+0000] {logging_mixin.py:190} INFO - [2024-10-27T23:18:39.355+0000] {dag.py:4180} INFO - Setting next_dagrun for latest_only_with_trigger to 2024-10-27 16:00:00+00:00, run_after=2024-10-27 20:00:00+00:00
[2024-10-27T23:18:39.363+0000] {processor.py:208} INFO - Processing /home/airflow/.local/lib/python3.12/site-packages/airflow/example_dags/example_latest_only_with_trigger.py took 0.032 seconds
[2024-10-27T23:19:10.498+0000] {processor.py:186} INFO - Started process (PID=511) to work on /home/airflow/.local/lib/python3.12/site-packages/airflow/example_dags/example_latest_only_with_trigger.py
[2024-10-27T23:19:10.499+0000] {processor.py:914} INFO - Processing file /home/airflow/.local/lib/python3.12/site-packages/airflow/example_dags/example_latest_only_with_trigger.py for tasks to queue
[2024-10-27T23:19:10.500+0000] {logging_mixin.py:190} INFO - [2024-10-27T23:19:10.500+0000] {dagbag.py:588} INFO - Filling up the DagBag from /home/airflow/.local/lib/python3.12/site-packages/airflow/example_dags/example_latest_only_with_trigger.py
[2024-10-27T23:19:10.504+0000] {processor.py:925} INFO - DAG(s) 'latest_only_with_trigger' retrieved from /home/airflow/.local/lib/python3.12/site-packages/airflow/example_dags/example_latest_only_with_trigger.py
[2024-10-27T23:19:10.514+0000] {logging_mixin.py:190} INFO - [2024-10-27T23:19:10.514+0000] {dag.py:3239} INFO - Sync 1 DAGs
[2024-10-27T23:19:10.525+0000] {logging_mixin.py:190} INFO - [2024-10-27T23:19:10.525+0000] {dag.py:4180} INFO - Setting next_dagrun for latest_only_with_trigger to 2024-10-27 16:00:00+00:00, run_after=2024-10-27 20:00:00+00:00
[2024-10-27T23:19:10.532+0000] {processor.py:208} INFO - Processing /home/airflow/.local/lib/python3.12/site-packages/airflow/example_dags/example_latest_only_with_trigger.py took 0.037 seconds
