[2024-10-27T23:11:29.678+0000] {processor.py:186} INFO - Started process (PID=90) to work on /home/airflow/.local/lib/python3.12/site-packages/airflow/example_dags/example_bash_decorator.py
[2024-10-27T23:11:29.679+0000] {processor.py:914} INFO - Processing file /home/airflow/.local/lib/python3.12/site-packages/airflow/example_dags/example_bash_decorator.py for tasks to queue
[2024-10-27T23:11:29.681+0000] {logging_mixin.py:190} INFO - [2024-10-27T23:11:29.681+0000] {dagbag.py:588} INFO - Filling up the DagBag from /home/airflow/.local/lib/python3.12/site-packages/airflow/example_dags/example_bash_decorator.py
[2024-10-27T23:11:29.689+0000] {processor.py:925} INFO - DAG(s) 'example_bash_decorator' retrieved from /home/airflow/.local/lib/python3.12/site-packages/airflow/example_dags/example_bash_decorator.py
[2024-10-27T23:11:29.743+0000] {logging_mixin.py:190} INFO - [2024-10-27T23:11:29.743+0000] {dag.py:3239} INFO - Sync 1 DAGs
[2024-10-27T23:11:29.750+0000] {logging_mixin.py:190} INFO - [2024-10-27T23:11:29.750+0000] {dag.py:4180} INFO - Setting next_dagrun for example_bash_decorator to None, run_after=None
[2024-10-27T23:11:29.761+0000] {processor.py:208} INFO - Processing /home/airflow/.local/lib/python3.12/site-packages/airflow/example_dags/example_bash_decorator.py took 0.086 seconds
[2024-10-27T23:12:00.675+0000] {processor.py:186} INFO - Started process (PID=153) to work on /home/airflow/.local/lib/python3.12/site-packages/airflow/example_dags/example_bash_decorator.py
[2024-10-27T23:12:00.676+0000] {processor.py:914} INFO - Processing file /home/airflow/.local/lib/python3.12/site-packages/airflow/example_dags/example_bash_decorator.py for tasks to queue
[2024-10-27T23:12:00.679+0000] {logging_mixin.py:190} INFO - [2024-10-27T23:12:00.678+0000] {dagbag.py:588} INFO - Filling up the DagBag from /home/airflow/.local/lib/python3.12/site-packages/airflow/example_dags/example_bash_decorator.py
[2024-10-27T23:12:00.685+0000] {processor.py:925} INFO - DAG(s) 'example_bash_decorator' retrieved from /home/airflow/.local/lib/python3.12/site-packages/airflow/example_dags/example_bash_decorator.py
[2024-10-27T23:12:00.696+0000] {logging_mixin.py:190} INFO - [2024-10-27T23:12:00.695+0000] {dag.py:3239} INFO - Sync 1 DAGs
[2024-10-27T23:12:00.701+0000] {logging_mixin.py:190} INFO - [2024-10-27T23:12:00.701+0000] {dag.py:4180} INFO - Setting next_dagrun for example_bash_decorator to None, run_after=None
[2024-10-27T23:12:00.711+0000] {processor.py:208} INFO - Processing /home/airflow/.local/lib/python3.12/site-packages/airflow/example_dags/example_bash_decorator.py took 0.039 seconds
[2024-10-27T23:12:31.521+0000] {processor.py:186} INFO - Started process (PID=222) to work on /home/airflow/.local/lib/python3.12/site-packages/airflow/example_dags/example_bash_decorator.py
[2024-10-27T23:12:31.523+0000] {processor.py:914} INFO - Processing file /home/airflow/.local/lib/python3.12/site-packages/airflow/example_dags/example_bash_decorator.py for tasks to queue
[2024-10-27T23:12:31.524+0000] {logging_mixin.py:190} INFO - [2024-10-27T23:12:31.524+0000] {dagbag.py:588} INFO - Filling up the DagBag from /home/airflow/.local/lib/python3.12/site-packages/airflow/example_dags/example_bash_decorator.py
[2024-10-27T23:12:31.532+0000] {processor.py:925} INFO - DAG(s) 'example_bash_decorator' retrieved from /home/airflow/.local/lib/python3.12/site-packages/airflow/example_dags/example_bash_decorator.py
[2024-10-27T23:12:31.545+0000] {logging_mixin.py:190} INFO - [2024-10-27T23:12:31.545+0000] {dag.py:3239} INFO - Sync 1 DAGs
[2024-10-27T23:12:31.552+0000] {logging_mixin.py:190} INFO - [2024-10-27T23:12:31.552+0000] {dag.py:4180} INFO - Setting next_dagrun for example_bash_decorator to None, run_after=None
[2024-10-27T23:12:31.560+0000] {processor.py:208} INFO - Processing /home/airflow/.local/lib/python3.12/site-packages/airflow/example_dags/example_bash_decorator.py took 0.042 seconds
[2024-10-27T23:13:02.467+0000] {processor.py:186} INFO - Started process (PID=285) to work on /home/airflow/.local/lib/python3.12/site-packages/airflow/example_dags/example_bash_decorator.py
[2024-10-27T23:13:02.469+0000] {processor.py:914} INFO - Processing file /home/airflow/.local/lib/python3.12/site-packages/airflow/example_dags/example_bash_decorator.py for tasks to queue
[2024-10-27T23:13:02.471+0000] {logging_mixin.py:190} INFO - [2024-10-27T23:13:02.470+0000] {dagbag.py:588} INFO - Filling up the DagBag from /home/airflow/.local/lib/python3.12/site-packages/airflow/example_dags/example_bash_decorator.py
[2024-10-27T23:13:02.477+0000] {processor.py:925} INFO - DAG(s) 'example_bash_decorator' retrieved from /home/airflow/.local/lib/python3.12/site-packages/airflow/example_dags/example_bash_decorator.py
[2024-10-27T23:13:02.486+0000] {logging_mixin.py:190} INFO - [2024-10-27T23:13:02.486+0000] {dag.py:3239} INFO - Sync 1 DAGs
[2024-10-27T23:13:02.493+0000] {logging_mixin.py:190} INFO - [2024-10-27T23:13:02.493+0000] {dag.py:4180} INFO - Setting next_dagrun for example_bash_decorator to None, run_after=None
[2024-10-27T23:13:02.499+0000] {processor.py:208} INFO - Processing /home/airflow/.local/lib/python3.12/site-packages/airflow/example_dags/example_bash_decorator.py took 0.035 seconds
[2024-10-27T23:13:33.279+0000] {processor.py:186} INFO - Started process (PID=348) to work on /home/airflow/.local/lib/python3.12/site-packages/airflow/example_dags/example_bash_decorator.py
[2024-10-27T23:13:33.282+0000] {processor.py:914} INFO - Processing file /home/airflow/.local/lib/python3.12/site-packages/airflow/example_dags/example_bash_decorator.py for tasks to queue
[2024-10-27T23:13:33.283+0000] {logging_mixin.py:190} INFO - [2024-10-27T23:13:33.283+0000] {dagbag.py:588} INFO - Filling up the DagBag from /home/airflow/.local/lib/python3.12/site-packages/airflow/example_dags/example_bash_decorator.py
[2024-10-27T23:13:33.288+0000] {processor.py:925} INFO - DAG(s) 'example_bash_decorator' retrieved from /home/airflow/.local/lib/python3.12/site-packages/airflow/example_dags/example_bash_decorator.py
[2024-10-27T23:13:33.299+0000] {logging_mixin.py:190} INFO - [2024-10-27T23:13:33.299+0000] {dag.py:3239} INFO - Sync 1 DAGs
[2024-10-27T23:13:33.304+0000] {logging_mixin.py:190} INFO - [2024-10-27T23:13:33.304+0000] {dag.py:4180} INFO - Setting next_dagrun for example_bash_decorator to None, run_after=None
[2024-10-27T23:13:33.312+0000] {processor.py:208} INFO - Processing /home/airflow/.local/lib/python3.12/site-packages/airflow/example_dags/example_bash_decorator.py took 0.035 seconds
[2024-10-27T23:14:04.065+0000] {processor.py:186} INFO - Started process (PID=411) to work on /home/airflow/.local/lib/python3.12/site-packages/airflow/example_dags/example_bash_decorator.py
[2024-10-27T23:14:04.065+0000] {processor.py:914} INFO - Processing file /home/airflow/.local/lib/python3.12/site-packages/airflow/example_dags/example_bash_decorator.py for tasks to queue
[2024-10-27T23:14:04.066+0000] {logging_mixin.py:190} INFO - [2024-10-27T23:14:04.066+0000] {dagbag.py:588} INFO - Filling up the DagBag from /home/airflow/.local/lib/python3.12/site-packages/airflow/example_dags/example_bash_decorator.py
[2024-10-27T23:14:04.072+0000] {processor.py:925} INFO - DAG(s) 'example_bash_decorator' retrieved from /home/airflow/.local/lib/python3.12/site-packages/airflow/example_dags/example_bash_decorator.py
[2024-10-27T23:14:04.084+0000] {logging_mixin.py:190} INFO - [2024-10-27T23:14:04.084+0000] {dag.py:3239} INFO - Sync 1 DAGs
[2024-10-27T23:14:04.090+0000] {logging_mixin.py:190} INFO - [2024-10-27T23:14:04.090+0000] {dag.py:4180} INFO - Setting next_dagrun for example_bash_decorator to None, run_after=None
[2024-10-27T23:14:04.100+0000] {processor.py:208} INFO - Processing /home/airflow/.local/lib/python3.12/site-packages/airflow/example_dags/example_bash_decorator.py took 0.038 seconds
[2024-10-27T23:14:34.922+0000] {processor.py:186} INFO - Started process (PID=474) to work on /home/airflow/.local/lib/python3.12/site-packages/airflow/example_dags/example_bash_decorator.py
[2024-10-27T23:14:34.924+0000] {processor.py:914} INFO - Processing file /home/airflow/.local/lib/python3.12/site-packages/airflow/example_dags/example_bash_decorator.py for tasks to queue
[2024-10-27T23:14:34.928+0000] {logging_mixin.py:190} INFO - [2024-10-27T23:14:34.928+0000] {dagbag.py:588} INFO - Filling up the DagBag from /home/airflow/.local/lib/python3.12/site-packages/airflow/example_dags/example_bash_decorator.py
[2024-10-27T23:14:34.935+0000] {processor.py:925} INFO - DAG(s) 'example_bash_decorator' retrieved from /home/airflow/.local/lib/python3.12/site-packages/airflow/example_dags/example_bash_decorator.py
[2024-10-27T23:14:34.946+0000] {logging_mixin.py:190} INFO - [2024-10-27T23:14:34.946+0000] {dag.py:3239} INFO - Sync 1 DAGs
[2024-10-27T23:14:34.952+0000] {logging_mixin.py:190} INFO - [2024-10-27T23:14:34.952+0000] {dag.py:4180} INFO - Setting next_dagrun for example_bash_decorator to None, run_after=None
[2024-10-27T23:14:34.961+0000] {processor.py:208} INFO - Processing /home/airflow/.local/lib/python3.12/site-packages/airflow/example_dags/example_bash_decorator.py took 0.041 seconds
[2024-10-27T23:15:36.349+0000] {processor.py:186} INFO - Started process (PID=91) to work on /home/airflow/.local/lib/python3.12/site-packages/airflow/example_dags/example_bash_decorator.py
[2024-10-27T23:15:36.351+0000] {processor.py:914} INFO - Processing file /home/airflow/.local/lib/python3.12/site-packages/airflow/example_dags/example_bash_decorator.py for tasks to queue
[2024-10-27T23:15:36.354+0000] {logging_mixin.py:190} INFO - [2024-10-27T23:15:36.354+0000] {dagbag.py:588} INFO - Filling up the DagBag from /home/airflow/.local/lib/python3.12/site-packages/airflow/example_dags/example_bash_decorator.py
[2024-10-27T23:15:36.362+0000] {processor.py:925} INFO - DAG(s) 'example_bash_decorator' retrieved from /home/airflow/.local/lib/python3.12/site-packages/airflow/example_dags/example_bash_decorator.py
[2024-10-27T23:15:36.423+0000] {logging_mixin.py:190} INFO - [2024-10-27T23:15:36.423+0000] {dag.py:3239} INFO - Sync 1 DAGs
[2024-10-27T23:15:36.431+0000] {logging_mixin.py:190} INFO - [2024-10-27T23:15:36.431+0000] {dag.py:4180} INFO - Setting next_dagrun for example_bash_decorator to None, run_after=None
[2024-10-27T23:15:36.443+0000] {processor.py:208} INFO - Processing /home/airflow/.local/lib/python3.12/site-packages/airflow/example_dags/example_bash_decorator.py took 0.106 seconds
[2024-10-27T23:16:07.293+0000] {processor.py:186} INFO - Started process (PID=154) to work on /home/airflow/.local/lib/python3.12/site-packages/airflow/example_dags/example_bash_decorator.py
[2024-10-27T23:16:07.295+0000] {processor.py:914} INFO - Processing file /home/airflow/.local/lib/python3.12/site-packages/airflow/example_dags/example_bash_decorator.py for tasks to queue
[2024-10-27T23:16:07.296+0000] {logging_mixin.py:190} INFO - [2024-10-27T23:16:07.296+0000] {dagbag.py:588} INFO - Filling up the DagBag from /home/airflow/.local/lib/python3.12/site-packages/airflow/example_dags/example_bash_decorator.py
[2024-10-27T23:16:07.302+0000] {processor.py:925} INFO - DAG(s) 'example_bash_decorator' retrieved from /home/airflow/.local/lib/python3.12/site-packages/airflow/example_dags/example_bash_decorator.py
[2024-10-27T23:16:07.311+0000] {logging_mixin.py:190} INFO - [2024-10-27T23:16:07.311+0000] {dag.py:3239} INFO - Sync 1 DAGs
[2024-10-27T23:16:07.317+0000] {logging_mixin.py:190} INFO - [2024-10-27T23:16:07.317+0000] {dag.py:4180} INFO - Setting next_dagrun for example_bash_decorator to None, run_after=None
[2024-10-27T23:16:07.329+0000] {processor.py:208} INFO - Processing /home/airflow/.local/lib/python3.12/site-packages/airflow/example_dags/example_bash_decorator.py took 0.039 seconds
[2024-10-27T23:16:38.005+0000] {processor.py:186} INFO - Started process (PID=217) to work on /home/airflow/.local/lib/python3.12/site-packages/airflow/example_dags/example_bash_decorator.py
[2024-10-27T23:16:38.006+0000] {processor.py:914} INFO - Processing file /home/airflow/.local/lib/python3.12/site-packages/airflow/example_dags/example_bash_decorator.py for tasks to queue
[2024-10-27T23:16:38.006+0000] {logging_mixin.py:190} INFO - [2024-10-27T23:16:38.006+0000] {dagbag.py:588} INFO - Filling up the DagBag from /home/airflow/.local/lib/python3.12/site-packages/airflow/example_dags/example_bash_decorator.py
[2024-10-27T23:16:38.012+0000] {processor.py:925} INFO - DAG(s) 'example_bash_decorator' retrieved from /home/airflow/.local/lib/python3.12/site-packages/airflow/example_dags/example_bash_decorator.py
[2024-10-27T23:16:38.022+0000] {logging_mixin.py:190} INFO - [2024-10-27T23:16:38.022+0000] {dag.py:3239} INFO - Sync 1 DAGs
[2024-10-27T23:16:38.027+0000] {logging_mixin.py:190} INFO - [2024-10-27T23:16:38.027+0000] {dag.py:4180} INFO - Setting next_dagrun for example_bash_decorator to None, run_after=None
[2024-10-27T23:16:38.034+0000] {processor.py:208} INFO - Processing /home/airflow/.local/lib/python3.12/site-packages/airflow/example_dags/example_bash_decorator.py took 0.031 seconds
[2024-10-27T23:17:08.704+0000] {processor.py:186} INFO - Started process (PID=280) to work on /home/airflow/.local/lib/python3.12/site-packages/airflow/example_dags/example_bash_decorator.py
[2024-10-27T23:17:08.704+0000] {processor.py:914} INFO - Processing file /home/airflow/.local/lib/python3.12/site-packages/airflow/example_dags/example_bash_decorator.py for tasks to queue
[2024-10-27T23:17:08.705+0000] {logging_mixin.py:190} INFO - [2024-10-27T23:17:08.705+0000] {dagbag.py:588} INFO - Filling up the DagBag from /home/airflow/.local/lib/python3.12/site-packages/airflow/example_dags/example_bash_decorator.py
[2024-10-27T23:17:08.710+0000] {processor.py:925} INFO - DAG(s) 'example_bash_decorator' retrieved from /home/airflow/.local/lib/python3.12/site-packages/airflow/example_dags/example_bash_decorator.py
[2024-10-27T23:17:08.718+0000] {logging_mixin.py:190} INFO - [2024-10-27T23:17:08.718+0000] {dag.py:3239} INFO - Sync 1 DAGs
[2024-10-27T23:17:08.723+0000] {logging_mixin.py:190} INFO - [2024-10-27T23:17:08.723+0000] {dag.py:4180} INFO - Setting next_dagrun for example_bash_decorator to None, run_after=None
[2024-10-27T23:17:08.728+0000] {processor.py:208} INFO - Processing /home/airflow/.local/lib/python3.12/site-packages/airflow/example_dags/example_bash_decorator.py took 0.025 seconds
[2024-10-27T23:17:39.543+0000] {processor.py:186} INFO - Started process (PID=349) to work on /home/airflow/.local/lib/python3.12/site-packages/airflow/example_dags/example_bash_decorator.py
[2024-10-27T23:17:39.544+0000] {processor.py:914} INFO - Processing file /home/airflow/.local/lib/python3.12/site-packages/airflow/example_dags/example_bash_decorator.py for tasks to queue
[2024-10-27T23:17:39.545+0000] {logging_mixin.py:190} INFO - [2024-10-27T23:17:39.545+0000] {dagbag.py:588} INFO - Filling up the DagBag from /home/airflow/.local/lib/python3.12/site-packages/airflow/example_dags/example_bash_decorator.py
[2024-10-27T23:17:39.551+0000] {processor.py:925} INFO - DAG(s) 'example_bash_decorator' retrieved from /home/airflow/.local/lib/python3.12/site-packages/airflow/example_dags/example_bash_decorator.py
[2024-10-27T23:17:39.559+0000] {logging_mixin.py:190} INFO - [2024-10-27T23:17:39.559+0000] {dag.py:3239} INFO - Sync 1 DAGs
[2024-10-27T23:17:39.564+0000] {logging_mixin.py:190} INFO - [2024-10-27T23:17:39.564+0000] {dag.py:4180} INFO - Setting next_dagrun for example_bash_decorator to None, run_after=None
[2024-10-27T23:17:39.574+0000] {processor.py:208} INFO - Processing /home/airflow/.local/lib/python3.12/site-packages/airflow/example_dags/example_bash_decorator.py took 0.033 seconds
[2024-10-27T23:18:10.294+0000] {processor.py:186} INFO - Started process (PID=412) to work on /home/airflow/.local/lib/python3.12/site-packages/airflow/example_dags/example_bash_decorator.py
[2024-10-27T23:18:10.296+0000] {processor.py:914} INFO - Processing file /home/airflow/.local/lib/python3.12/site-packages/airflow/example_dags/example_bash_decorator.py for tasks to queue
[2024-10-27T23:18:10.297+0000] {logging_mixin.py:190} INFO - [2024-10-27T23:18:10.296+0000] {dagbag.py:588} INFO - Filling up the DagBag from /home/airflow/.local/lib/python3.12/site-packages/airflow/example_dags/example_bash_decorator.py
[2024-10-27T23:18:10.302+0000] {processor.py:925} INFO - DAG(s) 'example_bash_decorator' retrieved from /home/airflow/.local/lib/python3.12/site-packages/airflow/example_dags/example_bash_decorator.py
[2024-10-27T23:18:10.313+0000] {logging_mixin.py:190} INFO - [2024-10-27T23:18:10.313+0000] {dag.py:3239} INFO - Sync 1 DAGs
[2024-10-27T23:18:10.320+0000] {logging_mixin.py:190} INFO - [2024-10-27T23:18:10.320+0000] {dag.py:4180} INFO - Setting next_dagrun for example_bash_decorator to None, run_after=None
[2024-10-27T23:18:10.328+0000] {processor.py:208} INFO - Processing /home/airflow/.local/lib/python3.12/site-packages/airflow/example_dags/example_bash_decorator.py took 0.036 seconds
[2024-10-27T23:18:41.153+0000] {processor.py:186} INFO - Started process (PID=475) to work on /home/airflow/.local/lib/python3.12/site-packages/airflow/example_dags/example_bash_decorator.py
[2024-10-27T23:18:41.155+0000] {processor.py:914} INFO - Processing file /home/airflow/.local/lib/python3.12/site-packages/airflow/example_dags/example_bash_decorator.py for tasks to queue
[2024-10-27T23:18:41.156+0000] {logging_mixin.py:190} INFO - [2024-10-27T23:18:41.156+0000] {dagbag.py:588} INFO - Filling up the DagBag from /home/airflow/.local/lib/python3.12/site-packages/airflow/example_dags/example_bash_decorator.py
[2024-10-27T23:18:41.164+0000] {processor.py:925} INFO - DAG(s) 'example_bash_decorator' retrieved from /home/airflow/.local/lib/python3.12/site-packages/airflow/example_dags/example_bash_decorator.py
[2024-10-27T23:18:41.175+0000] {logging_mixin.py:190} INFO - [2024-10-27T23:18:41.175+0000] {dag.py:3239} INFO - Sync 1 DAGs
[2024-10-27T23:18:41.182+0000] {logging_mixin.py:190} INFO - [2024-10-27T23:18:41.182+0000] {dag.py:4180} INFO - Setting next_dagrun for example_bash_decorator to None, run_after=None
[2024-10-27T23:18:41.190+0000] {processor.py:208} INFO - Processing /home/airflow/.local/lib/python3.12/site-packages/airflow/example_dags/example_bash_decorator.py took 0.039 seconds
[2024-10-27T23:19:11.372+0000] {processor.py:186} INFO - Started process (PID=538) to work on /home/airflow/.local/lib/python3.12/site-packages/airflow/example_dags/example_bash_decorator.py
[2024-10-27T23:19:11.373+0000] {processor.py:914} INFO - Processing file /home/airflow/.local/lib/python3.12/site-packages/airflow/example_dags/example_bash_decorator.py for tasks to queue
[2024-10-27T23:19:11.374+0000] {logging_mixin.py:190} INFO - [2024-10-27T23:19:11.374+0000] {dagbag.py:588} INFO - Filling up the DagBag from /home/airflow/.local/lib/python3.12/site-packages/airflow/example_dags/example_bash_decorator.py
[2024-10-27T23:19:11.382+0000] {processor.py:925} INFO - DAG(s) 'example_bash_decorator' retrieved from /home/airflow/.local/lib/python3.12/site-packages/airflow/example_dags/example_bash_decorator.py
[2024-10-27T23:19:11.391+0000] {logging_mixin.py:190} INFO - [2024-10-27T23:19:11.391+0000] {dag.py:3239} INFO - Sync 1 DAGs
[2024-10-27T23:19:11.396+0000] {logging_mixin.py:190} INFO - [2024-10-27T23:19:11.396+0000] {dag.py:4180} INFO - Setting next_dagrun for example_bash_decorator to None, run_after=None
[2024-10-27T23:19:11.405+0000] {processor.py:208} INFO - Processing /home/airflow/.local/lib/python3.12/site-packages/airflow/example_dags/example_bash_decorator.py took 0.034 seconds
