[2024-10-27T23:11:28.284+0000] {processor.py:186} INFO - Started process (PID=58) to work on /home/airflow/.local/lib/python3.12/site-packages/airflow/example_dags/example_dataset_alias.py
[2024-10-27T23:11:28.285+0000] {processor.py:914} INFO - Processing file /home/airflow/.local/lib/python3.12/site-packages/airflow/example_dags/example_dataset_alias.py for tasks to queue
[2024-10-27T23:11:28.286+0000] {logging_mixin.py:190} INFO - [2024-10-27T23:11:28.286+0000] {dagbag.py:588} INFO - Filling up the DagBag from /home/airflow/.local/lib/python3.12/site-packages/airflow/example_dags/example_dataset_alias.py
[2024-10-27T23:11:28.378+0000] {processor.py:925} INFO - DAG(s) 'dataset_s3_bucket_consumer', 'dataset_s3_bucket_producer', 'dataset_alias_example_alias_consumer', 'dataset_alias_example_alias_producer' retrieved from /home/airflow/.local/lib/python3.12/site-packages/airflow/example_dags/example_dataset_alias.py
[2024-10-27T23:11:28.401+0000] {logging_mixin.py:190} INFO - [2024-10-27T23:11:28.401+0000] {dag.py:3239} INFO - Sync 4 DAGs
[2024-10-27T23:11:28.413+0000] {logging_mixin.py:190} INFO - [2024-10-27T23:11:28.413+0000] {dag.py:4180} INFO - Setting next_dagrun for dataset_alias_example_alias_consumer to None, run_after=None
[2024-10-27T23:11:28.415+0000] {logging_mixin.py:190} INFO - [2024-10-27T23:11:28.415+0000] {dag.py:4180} INFO - Setting next_dagrun for dataset_alias_example_alias_producer to None, run_after=None
[2024-10-27T23:11:28.416+0000] {logging_mixin.py:190} INFO - [2024-10-27T23:11:28.416+0000] {dag.py:4180} INFO - Setting next_dagrun for dataset_s3_bucket_consumer to None, run_after=None
[2024-10-27T23:11:28.416+0000] {logging_mixin.py:190} INFO - [2024-10-27T23:11:28.416+0000] {dag.py:4180} INFO - Setting next_dagrun for dataset_s3_bucket_producer to None, run_after=None
[2024-10-27T23:11:28.427+0000] {processor.py:208} INFO - Processing /home/airflow/.local/lib/python3.12/site-packages/airflow/example_dags/example_dataset_alias.py took 0.145 seconds
[2024-10-27T23:11:58.770+0000] {processor.py:186} INFO - Started process (PID=121) to work on /home/airflow/.local/lib/python3.12/site-packages/airflow/example_dags/example_dataset_alias.py
[2024-10-27T23:11:58.770+0000] {processor.py:914} INFO - Processing file /home/airflow/.local/lib/python3.12/site-packages/airflow/example_dags/example_dataset_alias.py for tasks to queue
[2024-10-27T23:11:58.771+0000] {logging_mixin.py:190} INFO - [2024-10-27T23:11:58.771+0000] {dagbag.py:588} INFO - Filling up the DagBag from /home/airflow/.local/lib/python3.12/site-packages/airflow/example_dags/example_dataset_alias.py
[2024-10-27T23:11:58.842+0000] {processor.py:925} INFO - DAG(s) 'dataset_alias_example_alias_consumer', 'dataset_alias_example_alias_producer', 'dataset_s3_bucket_consumer', 'dataset_s3_bucket_producer' retrieved from /home/airflow/.local/lib/python3.12/site-packages/airflow/example_dags/example_dataset_alias.py
[2024-10-27T23:11:58.852+0000] {logging_mixin.py:190} INFO - [2024-10-27T23:11:58.852+0000] {dag.py:3239} INFO - Sync 4 DAGs
[2024-10-27T23:11:58.860+0000] {logging_mixin.py:190} INFO - [2024-10-27T23:11:58.860+0000] {dag.py:4180} INFO - Setting next_dagrun for dataset_alias_example_alias_consumer to None, run_after=None
[2024-10-27T23:11:58.861+0000] {logging_mixin.py:190} INFO - [2024-10-27T23:11:58.861+0000] {dag.py:4180} INFO - Setting next_dagrun for dataset_alias_example_alias_producer to None, run_after=None
[2024-10-27T23:11:58.861+0000] {logging_mixin.py:190} INFO - [2024-10-27T23:11:58.861+0000] {dag.py:4180} INFO - Setting next_dagrun for dataset_s3_bucket_consumer to None, run_after=None
[2024-10-27T23:11:58.861+0000] {logging_mixin.py:190} INFO - [2024-10-27T23:11:58.861+0000] {dag.py:4180} INFO - Setting next_dagrun for dataset_s3_bucket_producer to None, run_after=None
[2024-10-27T23:11:58.868+0000] {processor.py:208} INFO - Processing /home/airflow/.local/lib/python3.12/site-packages/airflow/example_dags/example_dataset_alias.py took 0.101 seconds
[2024-10-27T23:12:29.643+0000] {processor.py:186} INFO - Started process (PID=184) to work on /home/airflow/.local/lib/python3.12/site-packages/airflow/example_dags/example_dataset_alias.py
[2024-10-27T23:12:29.644+0000] {processor.py:914} INFO - Processing file /home/airflow/.local/lib/python3.12/site-packages/airflow/example_dags/example_dataset_alias.py for tasks to queue
[2024-10-27T23:12:29.646+0000] {logging_mixin.py:190} INFO - [2024-10-27T23:12:29.646+0000] {dagbag.py:588} INFO - Filling up the DagBag from /home/airflow/.local/lib/python3.12/site-packages/airflow/example_dags/example_dataset_alias.py
[2024-10-27T23:12:29.716+0000] {processor.py:925} INFO - DAG(s) 'dataset_alias_example_alias_producer', 'dataset_s3_bucket_consumer', 'dataset_s3_bucket_producer', 'dataset_alias_example_alias_consumer' retrieved from /home/airflow/.local/lib/python3.12/site-packages/airflow/example_dags/example_dataset_alias.py
[2024-10-27T23:12:29.725+0000] {logging_mixin.py:190} INFO - [2024-10-27T23:12:29.725+0000] {dag.py:3239} INFO - Sync 4 DAGs
[2024-10-27T23:12:29.733+0000] {logging_mixin.py:190} INFO - [2024-10-27T23:12:29.733+0000] {dag.py:4180} INFO - Setting next_dagrun for dataset_alias_example_alias_consumer to None, run_after=None
[2024-10-27T23:12:29.736+0000] {logging_mixin.py:190} INFO - [2024-10-27T23:12:29.736+0000] {dag.py:4180} INFO - Setting next_dagrun for dataset_alias_example_alias_producer to None, run_after=None
[2024-10-27T23:12:29.736+0000] {logging_mixin.py:190} INFO - [2024-10-27T23:12:29.736+0000] {dag.py:4180} INFO - Setting next_dagrun for dataset_s3_bucket_consumer to None, run_after=None
[2024-10-27T23:12:29.737+0000] {logging_mixin.py:190} INFO - [2024-10-27T23:12:29.737+0000] {dag.py:4180} INFO - Setting next_dagrun for dataset_s3_bucket_producer to None, run_after=None
[2024-10-27T23:12:29.752+0000] {processor.py:208} INFO - Processing /home/airflow/.local/lib/python3.12/site-packages/airflow/example_dags/example_dataset_alias.py took 0.111 seconds
[2024-10-27T23:13:00.558+0000] {processor.py:186} INFO - Started process (PID=247) to work on /home/airflow/.local/lib/python3.12/site-packages/airflow/example_dags/example_dataset_alias.py
[2024-10-27T23:13:00.559+0000] {processor.py:914} INFO - Processing file /home/airflow/.local/lib/python3.12/site-packages/airflow/example_dags/example_dataset_alias.py for tasks to queue
[2024-10-27T23:13:00.560+0000] {logging_mixin.py:190} INFO - [2024-10-27T23:13:00.560+0000] {dagbag.py:588} INFO - Filling up the DagBag from /home/airflow/.local/lib/python3.12/site-packages/airflow/example_dags/example_dataset_alias.py
[2024-10-27T23:13:00.632+0000] {processor.py:925} INFO - DAG(s) 'dataset_s3_bucket_producer', 'dataset_alias_example_alias_consumer', 'dataset_s3_bucket_consumer', 'dataset_alias_example_alias_producer' retrieved from /home/airflow/.local/lib/python3.12/site-packages/airflow/example_dags/example_dataset_alias.py
[2024-10-27T23:13:00.642+0000] {logging_mixin.py:190} INFO - [2024-10-27T23:13:00.642+0000] {dag.py:3239} INFO - Sync 4 DAGs
[2024-10-27T23:13:00.650+0000] {logging_mixin.py:190} INFO - [2024-10-27T23:13:00.650+0000] {dag.py:4180} INFO - Setting next_dagrun for dataset_alias_example_alias_consumer to None, run_after=None
[2024-10-27T23:13:00.652+0000] {logging_mixin.py:190} INFO - [2024-10-27T23:13:00.652+0000] {dag.py:4180} INFO - Setting next_dagrun for dataset_alias_example_alias_producer to None, run_after=None
[2024-10-27T23:13:00.655+0000] {logging_mixin.py:190} INFO - [2024-10-27T23:13:00.655+0000] {dag.py:4180} INFO - Setting next_dagrun for dataset_s3_bucket_consumer to None, run_after=None
[2024-10-27T23:13:00.655+0000] {logging_mixin.py:190} INFO - [2024-10-27T23:13:00.655+0000] {dag.py:4180} INFO - Setting next_dagrun for dataset_s3_bucket_producer to None, run_after=None
[2024-10-27T23:13:00.663+0000] {processor.py:208} INFO - Processing /home/airflow/.local/lib/python3.12/site-packages/airflow/example_dags/example_dataset_alias.py took 0.108 seconds
[2024-10-27T23:13:31.421+0000] {processor.py:186} INFO - Started process (PID=316) to work on /home/airflow/.local/lib/python3.12/site-packages/airflow/example_dags/example_dataset_alias.py
[2024-10-27T23:13:31.422+0000] {processor.py:914} INFO - Processing file /home/airflow/.local/lib/python3.12/site-packages/airflow/example_dags/example_dataset_alias.py for tasks to queue
[2024-10-27T23:13:31.423+0000] {logging_mixin.py:190} INFO - [2024-10-27T23:13:31.423+0000] {dagbag.py:588} INFO - Filling up the DagBag from /home/airflow/.local/lib/python3.12/site-packages/airflow/example_dags/example_dataset_alias.py
[2024-10-27T23:13:31.520+0000] {processor.py:925} INFO - DAG(s) 'dataset_alias_example_alias_producer', 'dataset_alias_example_alias_consumer', 'dataset_s3_bucket_consumer', 'dataset_s3_bucket_producer' retrieved from /home/airflow/.local/lib/python3.12/site-packages/airflow/example_dags/example_dataset_alias.py
[2024-10-27T23:13:31.533+0000] {logging_mixin.py:190} INFO - [2024-10-27T23:13:31.533+0000] {dag.py:3239} INFO - Sync 4 DAGs
[2024-10-27T23:13:31.542+0000] {logging_mixin.py:190} INFO - [2024-10-27T23:13:31.542+0000] {dag.py:4180} INFO - Setting next_dagrun for dataset_alias_example_alias_consumer to None, run_after=None
[2024-10-27T23:13:31.544+0000] {logging_mixin.py:190} INFO - [2024-10-27T23:13:31.544+0000] {dag.py:4180} INFO - Setting next_dagrun for dataset_alias_example_alias_producer to None, run_after=None
[2024-10-27T23:13:31.544+0000] {logging_mixin.py:190} INFO - [2024-10-27T23:13:31.544+0000] {dag.py:4180} INFO - Setting next_dagrun for dataset_s3_bucket_consumer to None, run_after=None
[2024-10-27T23:13:31.545+0000] {logging_mixin.py:190} INFO - [2024-10-27T23:13:31.545+0000] {dag.py:4180} INFO - Setting next_dagrun for dataset_s3_bucket_producer to None, run_after=None
[2024-10-27T23:13:31.557+0000] {processor.py:208} INFO - Processing /home/airflow/.local/lib/python3.12/site-packages/airflow/example_dags/example_dataset_alias.py took 0.138 seconds
[2024-10-27T23:14:02.214+0000] {processor.py:186} INFO - Started process (PID=379) to work on /home/airflow/.local/lib/python3.12/site-packages/airflow/example_dags/example_dataset_alias.py
[2024-10-27T23:14:02.215+0000] {processor.py:914} INFO - Processing file /home/airflow/.local/lib/python3.12/site-packages/airflow/example_dags/example_dataset_alias.py for tasks to queue
[2024-10-27T23:14:02.216+0000] {logging_mixin.py:190} INFO - [2024-10-27T23:14:02.216+0000] {dagbag.py:588} INFO - Filling up the DagBag from /home/airflow/.local/lib/python3.12/site-packages/airflow/example_dags/example_dataset_alias.py
[2024-10-27T23:14:02.279+0000] {processor.py:925} INFO - DAG(s) 'dataset_s3_bucket_producer', 'dataset_s3_bucket_consumer', 'dataset_alias_example_alias_consumer', 'dataset_alias_example_alias_producer' retrieved from /home/airflow/.local/lib/python3.12/site-packages/airflow/example_dags/example_dataset_alias.py
[2024-10-27T23:14:02.289+0000] {logging_mixin.py:190} INFO - [2024-10-27T23:14:02.289+0000] {dag.py:3239} INFO - Sync 4 DAGs
[2024-10-27T23:14:02.297+0000] {logging_mixin.py:190} INFO - [2024-10-27T23:14:02.297+0000] {dag.py:4180} INFO - Setting next_dagrun for dataset_alias_example_alias_consumer to None, run_after=None
[2024-10-27T23:14:02.298+0000] {logging_mixin.py:190} INFO - [2024-10-27T23:14:02.298+0000] {dag.py:4180} INFO - Setting next_dagrun for dataset_alias_example_alias_producer to None, run_after=None
[2024-10-27T23:14:02.298+0000] {logging_mixin.py:190} INFO - [2024-10-27T23:14:02.298+0000] {dag.py:4180} INFO - Setting next_dagrun for dataset_s3_bucket_consumer to None, run_after=None
[2024-10-27T23:14:02.299+0000] {logging_mixin.py:190} INFO - [2024-10-27T23:14:02.299+0000] {dag.py:4180} INFO - Setting next_dagrun for dataset_s3_bucket_producer to None, run_after=None
[2024-10-27T23:14:02.305+0000] {processor.py:208} INFO - Processing /home/airflow/.local/lib/python3.12/site-packages/airflow/example_dags/example_dataset_alias.py took 0.092 seconds
[2024-10-27T23:14:32.991+0000] {processor.py:186} INFO - Started process (PID=442) to work on /home/airflow/.local/lib/python3.12/site-packages/airflow/example_dags/example_dataset_alias.py
[2024-10-27T23:14:32.992+0000] {processor.py:914} INFO - Processing file /home/airflow/.local/lib/python3.12/site-packages/airflow/example_dags/example_dataset_alias.py for tasks to queue
[2024-10-27T23:14:32.993+0000] {logging_mixin.py:190} INFO - [2024-10-27T23:14:32.993+0000] {dagbag.py:588} INFO - Filling up the DagBag from /home/airflow/.local/lib/python3.12/site-packages/airflow/example_dags/example_dataset_alias.py
[2024-10-27T23:14:33.071+0000] {processor.py:925} INFO - DAG(s) 'dataset_s3_bucket_consumer', 'dataset_alias_example_alias_producer', 'dataset_alias_example_alias_consumer', 'dataset_s3_bucket_producer' retrieved from /home/airflow/.local/lib/python3.12/site-packages/airflow/example_dags/example_dataset_alias.py
[2024-10-27T23:14:33.080+0000] {logging_mixin.py:190} INFO - [2024-10-27T23:14:33.080+0000] {dag.py:3239} INFO - Sync 4 DAGs
[2024-10-27T23:14:33.088+0000] {logging_mixin.py:190} INFO - [2024-10-27T23:14:33.088+0000] {dag.py:4180} INFO - Setting next_dagrun for dataset_alias_example_alias_consumer to None, run_after=None
[2024-10-27T23:14:33.090+0000] {logging_mixin.py:190} INFO - [2024-10-27T23:14:33.090+0000] {dag.py:4180} INFO - Setting next_dagrun for dataset_alias_example_alias_producer to None, run_after=None
[2024-10-27T23:14:33.091+0000] {logging_mixin.py:190} INFO - [2024-10-27T23:14:33.091+0000] {dag.py:4180} INFO - Setting next_dagrun for dataset_s3_bucket_consumer to None, run_after=None
[2024-10-27T23:14:33.093+0000] {logging_mixin.py:190} INFO - [2024-10-27T23:14:33.093+0000] {dag.py:4180} INFO - Setting next_dagrun for dataset_s3_bucket_producer to None, run_after=None
[2024-10-27T23:14:33.104+0000] {processor.py:208} INFO - Processing /home/airflow/.local/lib/python3.12/site-packages/airflow/example_dags/example_dataset_alias.py took 0.115 seconds
[2024-10-27T23:15:35.132+0000] {processor.py:186} INFO - Started process (PID=59) to work on /home/airflow/.local/lib/python3.12/site-packages/airflow/example_dags/example_dataset_alias.py
[2024-10-27T23:15:35.133+0000] {processor.py:914} INFO - Processing file /home/airflow/.local/lib/python3.12/site-packages/airflow/example_dags/example_dataset_alias.py for tasks to queue
[2024-10-27T23:15:35.134+0000] {logging_mixin.py:190} INFO - [2024-10-27T23:15:35.134+0000] {dagbag.py:588} INFO - Filling up the DagBag from /home/airflow/.local/lib/python3.12/site-packages/airflow/example_dags/example_dataset_alias.py
[2024-10-27T23:15:35.203+0000] {processor.py:925} INFO - DAG(s) 'dataset_alias_example_alias_producer', 'dataset_alias_example_alias_consumer', 'dataset_s3_bucket_producer', 'dataset_s3_bucket_consumer' retrieved from /home/airflow/.local/lib/python3.12/site-packages/airflow/example_dags/example_dataset_alias.py
[2024-10-27T23:15:35.215+0000] {logging_mixin.py:190} INFO - [2024-10-27T23:15:35.214+0000] {dag.py:3239} INFO - Sync 4 DAGs
[2024-10-27T23:15:35.223+0000] {logging_mixin.py:190} INFO - [2024-10-27T23:15:35.223+0000] {dag.py:4180} INFO - Setting next_dagrun for dataset_alias_example_alias_consumer to None, run_after=None
[2024-10-27T23:15:35.224+0000] {logging_mixin.py:190} INFO - [2024-10-27T23:15:35.224+0000] {dag.py:4180} INFO - Setting next_dagrun for dataset_alias_example_alias_producer to None, run_after=None
[2024-10-27T23:15:35.225+0000] {logging_mixin.py:190} INFO - [2024-10-27T23:15:35.225+0000] {dag.py:4180} INFO - Setting next_dagrun for dataset_s3_bucket_consumer to None, run_after=None
[2024-10-27T23:15:35.225+0000] {logging_mixin.py:190} INFO - [2024-10-27T23:15:35.225+0000] {dag.py:4180} INFO - Setting next_dagrun for dataset_s3_bucket_producer to None, run_after=None
[2024-10-27T23:15:35.233+0000] {processor.py:208} INFO - Processing /home/airflow/.local/lib/python3.12/site-packages/airflow/example_dags/example_dataset_alias.py took 0.103 seconds
[2024-10-27T23:16:05.317+0000] {processor.py:186} INFO - Started process (PID=122) to work on /home/airflow/.local/lib/python3.12/site-packages/airflow/example_dags/example_dataset_alias.py
[2024-10-27T23:16:05.318+0000] {processor.py:914} INFO - Processing file /home/airflow/.local/lib/python3.12/site-packages/airflow/example_dags/example_dataset_alias.py for tasks to queue
[2024-10-27T23:16:05.318+0000] {logging_mixin.py:190} INFO - [2024-10-27T23:16:05.318+0000] {dagbag.py:588} INFO - Filling up the DagBag from /home/airflow/.local/lib/python3.12/site-packages/airflow/example_dags/example_dataset_alias.py
[2024-10-27T23:16:05.378+0000] {processor.py:925} INFO - DAG(s) 'dataset_alias_example_alias_producer', 'dataset_s3_bucket_consumer', 'dataset_alias_example_alias_consumer', 'dataset_s3_bucket_producer' retrieved from /home/airflow/.local/lib/python3.12/site-packages/airflow/example_dags/example_dataset_alias.py
[2024-10-27T23:16:05.388+0000] {logging_mixin.py:190} INFO - [2024-10-27T23:16:05.388+0000] {dag.py:3239} INFO - Sync 4 DAGs
[2024-10-27T23:16:05.396+0000] {logging_mixin.py:190} INFO - [2024-10-27T23:16:05.395+0000] {dag.py:4180} INFO - Setting next_dagrun for dataset_alias_example_alias_consumer to None, run_after=None
[2024-10-27T23:16:05.396+0000] {logging_mixin.py:190} INFO - [2024-10-27T23:16:05.396+0000] {dag.py:4180} INFO - Setting next_dagrun for dataset_alias_example_alias_producer to None, run_after=None
[2024-10-27T23:16:05.397+0000] {logging_mixin.py:190} INFO - [2024-10-27T23:16:05.397+0000] {dag.py:4180} INFO - Setting next_dagrun for dataset_s3_bucket_consumer to None, run_after=None
[2024-10-27T23:16:05.397+0000] {logging_mixin.py:190} INFO - [2024-10-27T23:16:05.397+0000] {dag.py:4180} INFO - Setting next_dagrun for dataset_s3_bucket_producer to None, run_after=None
[2024-10-27T23:16:05.407+0000] {processor.py:208} INFO - Processing /home/airflow/.local/lib/python3.12/site-packages/airflow/example_dags/example_dataset_alias.py took 0.092 seconds
[2024-10-27T23:16:36.137+0000] {processor.py:186} INFO - Started process (PID=185) to work on /home/airflow/.local/lib/python3.12/site-packages/airflow/example_dags/example_dataset_alias.py
[2024-10-27T23:16:36.137+0000] {processor.py:914} INFO - Processing file /home/airflow/.local/lib/python3.12/site-packages/airflow/example_dags/example_dataset_alias.py for tasks to queue
[2024-10-27T23:16:36.138+0000] {logging_mixin.py:190} INFO - [2024-10-27T23:16:36.138+0000] {dagbag.py:588} INFO - Filling up the DagBag from /home/airflow/.local/lib/python3.12/site-packages/airflow/example_dags/example_dataset_alias.py
[2024-10-27T23:16:36.202+0000] {processor.py:925} INFO - DAG(s) 'dataset_s3_bucket_producer', 'dataset_alias_example_alias_producer', 'dataset_s3_bucket_consumer', 'dataset_alias_example_alias_consumer' retrieved from /home/airflow/.local/lib/python3.12/site-packages/airflow/example_dags/example_dataset_alias.py
[2024-10-27T23:16:36.210+0000] {logging_mixin.py:190} INFO - [2024-10-27T23:16:36.210+0000] {dag.py:3239} INFO - Sync 4 DAGs
[2024-10-27T23:16:36.218+0000] {logging_mixin.py:190} INFO - [2024-10-27T23:16:36.218+0000] {dag.py:4180} INFO - Setting next_dagrun for dataset_alias_example_alias_consumer to None, run_after=None
[2024-10-27T23:16:36.220+0000] {logging_mixin.py:190} INFO - [2024-10-27T23:16:36.220+0000] {dag.py:4180} INFO - Setting next_dagrun for dataset_alias_example_alias_producer to None, run_after=None
[2024-10-27T23:16:36.221+0000] {logging_mixin.py:190} INFO - [2024-10-27T23:16:36.221+0000] {dag.py:4180} INFO - Setting next_dagrun for dataset_s3_bucket_consumer to None, run_after=None
[2024-10-27T23:16:36.222+0000] {logging_mixin.py:190} INFO - [2024-10-27T23:16:36.222+0000] {dag.py:4180} INFO - Setting next_dagrun for dataset_s3_bucket_producer to None, run_after=None
[2024-10-27T23:16:36.234+0000] {processor.py:208} INFO - Processing /home/airflow/.local/lib/python3.12/site-packages/airflow/example_dags/example_dataset_alias.py took 0.100 seconds
[2024-10-27T23:17:06.844+0000] {processor.py:186} INFO - Started process (PID=248) to work on /home/airflow/.local/lib/python3.12/site-packages/airflow/example_dags/example_dataset_alias.py
[2024-10-27T23:17:06.844+0000] {processor.py:914} INFO - Processing file /home/airflow/.local/lib/python3.12/site-packages/airflow/example_dags/example_dataset_alias.py for tasks to queue
[2024-10-27T23:17:06.845+0000] {logging_mixin.py:190} INFO - [2024-10-27T23:17:06.845+0000] {dagbag.py:588} INFO - Filling up the DagBag from /home/airflow/.local/lib/python3.12/site-packages/airflow/example_dags/example_dataset_alias.py
[2024-10-27T23:17:06.907+0000] {processor.py:925} INFO - DAG(s) 'dataset_s3_bucket_producer', 'dataset_alias_example_alias_producer', 'dataset_s3_bucket_consumer', 'dataset_alias_example_alias_consumer' retrieved from /home/airflow/.local/lib/python3.12/site-packages/airflow/example_dags/example_dataset_alias.py
[2024-10-27T23:17:06.918+0000] {logging_mixin.py:190} INFO - [2024-10-27T23:17:06.918+0000] {dag.py:3239} INFO - Sync 4 DAGs
[2024-10-27T23:17:06.925+0000] {logging_mixin.py:190} INFO - [2024-10-27T23:17:06.925+0000] {dag.py:4180} INFO - Setting next_dagrun for dataset_alias_example_alias_consumer to None, run_after=None
[2024-10-27T23:17:06.927+0000] {logging_mixin.py:190} INFO - [2024-10-27T23:17:06.927+0000] {dag.py:4180} INFO - Setting next_dagrun for dataset_alias_example_alias_producer to None, run_after=None
[2024-10-27T23:17:06.927+0000] {logging_mixin.py:190} INFO - [2024-10-27T23:17:06.927+0000] {dag.py:4180} INFO - Setting next_dagrun for dataset_s3_bucket_consumer to None, run_after=None
[2024-10-27T23:17:06.928+0000] {logging_mixin.py:190} INFO - [2024-10-27T23:17:06.928+0000] {dag.py:4180} INFO - Setting next_dagrun for dataset_s3_bucket_producer to None, run_after=None
[2024-10-27T23:17:06.937+0000] {processor.py:208} INFO - Processing /home/airflow/.local/lib/python3.12/site-packages/airflow/example_dags/example_dataset_alias.py took 0.095 seconds
[2024-10-27T23:17:37.697+0000] {processor.py:186} INFO - Started process (PID=311) to work on /home/airflow/.local/lib/python3.12/site-packages/airflow/example_dags/example_dataset_alias.py
[2024-10-27T23:17:37.697+0000] {processor.py:914} INFO - Processing file /home/airflow/.local/lib/python3.12/site-packages/airflow/example_dags/example_dataset_alias.py for tasks to queue
[2024-10-27T23:17:37.698+0000] {logging_mixin.py:190} INFO - [2024-10-27T23:17:37.698+0000] {dagbag.py:588} INFO - Filling up the DagBag from /home/airflow/.local/lib/python3.12/site-packages/airflow/example_dags/example_dataset_alias.py
[2024-10-27T23:17:37.762+0000] {processor.py:925} INFO - DAG(s) 'dataset_alias_example_alias_producer', 'dataset_alias_example_alias_consumer', 'dataset_s3_bucket_consumer', 'dataset_s3_bucket_producer' retrieved from /home/airflow/.local/lib/python3.12/site-packages/airflow/example_dags/example_dataset_alias.py
[2024-10-27T23:17:37.770+0000] {logging_mixin.py:190} INFO - [2024-10-27T23:17:37.770+0000] {dag.py:3239} INFO - Sync 4 DAGs
[2024-10-27T23:17:37.778+0000] {logging_mixin.py:190} INFO - [2024-10-27T23:17:37.778+0000] {dag.py:4180} INFO - Setting next_dagrun for dataset_alias_example_alias_consumer to None, run_after=None
[2024-10-27T23:17:37.780+0000] {logging_mixin.py:190} INFO - [2024-10-27T23:17:37.780+0000] {dag.py:4180} INFO - Setting next_dagrun for dataset_alias_example_alias_producer to None, run_after=None
[2024-10-27T23:17:37.781+0000] {logging_mixin.py:190} INFO - [2024-10-27T23:17:37.781+0000] {dag.py:4180} INFO - Setting next_dagrun for dataset_s3_bucket_consumer to None, run_after=None
[2024-10-27T23:17:37.781+0000] {logging_mixin.py:190} INFO - [2024-10-27T23:17:37.781+0000] {dag.py:4180} INFO - Setting next_dagrun for dataset_s3_bucket_producer to None, run_after=None
[2024-10-27T23:17:37.790+0000] {processor.py:208} INFO - Processing /home/airflow/.local/lib/python3.12/site-packages/airflow/example_dags/example_dataset_alias.py took 0.096 seconds
[2024-10-27T23:18:08.462+0000] {processor.py:186} INFO - Started process (PID=374) to work on /home/airflow/.local/lib/python3.12/site-packages/airflow/example_dags/example_dataset_alias.py
[2024-10-27T23:18:08.465+0000] {processor.py:914} INFO - Processing file /home/airflow/.local/lib/python3.12/site-packages/airflow/example_dags/example_dataset_alias.py for tasks to queue
[2024-10-27T23:18:08.467+0000] {logging_mixin.py:190} INFO - [2024-10-27T23:18:08.467+0000] {dagbag.py:588} INFO - Filling up the DagBag from /home/airflow/.local/lib/python3.12/site-packages/airflow/example_dags/example_dataset_alias.py
[2024-10-27T23:18:08.529+0000] {processor.py:925} INFO - DAG(s) 'dataset_s3_bucket_producer', 'dataset_alias_example_alias_consumer', 'dataset_alias_example_alias_producer', 'dataset_s3_bucket_consumer' retrieved from /home/airflow/.local/lib/python3.12/site-packages/airflow/example_dags/example_dataset_alias.py
[2024-10-27T23:18:08.536+0000] {logging_mixin.py:190} INFO - [2024-10-27T23:18:08.536+0000] {dag.py:3239} INFO - Sync 4 DAGs
[2024-10-27T23:18:08.545+0000] {logging_mixin.py:190} INFO - [2024-10-27T23:18:08.545+0000] {dag.py:4180} INFO - Setting next_dagrun for dataset_alias_example_alias_consumer to None, run_after=None
[2024-10-27T23:18:08.546+0000] {logging_mixin.py:190} INFO - [2024-10-27T23:18:08.546+0000] {dag.py:4180} INFO - Setting next_dagrun for dataset_alias_example_alias_producer to None, run_after=None
[2024-10-27T23:18:08.546+0000] {logging_mixin.py:190} INFO - [2024-10-27T23:18:08.546+0000] {dag.py:4180} INFO - Setting next_dagrun for dataset_s3_bucket_consumer to None, run_after=None
[2024-10-27T23:18:08.547+0000] {logging_mixin.py:190} INFO - [2024-10-27T23:18:08.547+0000] {dag.py:4180} INFO - Setting next_dagrun for dataset_s3_bucket_producer to None, run_after=None
[2024-10-27T23:18:08.555+0000] {processor.py:208} INFO - Processing /home/airflow/.local/lib/python3.12/site-packages/airflow/example_dags/example_dataset_alias.py took 0.094 seconds
[2024-10-27T23:18:39.184+0000] {processor.py:186} INFO - Started process (PID=437) to work on /home/airflow/.local/lib/python3.12/site-packages/airflow/example_dags/example_dataset_alias.py
[2024-10-27T23:18:39.186+0000] {processor.py:914} INFO - Processing file /home/airflow/.local/lib/python3.12/site-packages/airflow/example_dags/example_dataset_alias.py for tasks to queue
[2024-10-27T23:18:39.187+0000] {logging_mixin.py:190} INFO - [2024-10-27T23:18:39.187+0000] {dagbag.py:588} INFO - Filling up the DagBag from /home/airflow/.local/lib/python3.12/site-packages/airflow/example_dags/example_dataset_alias.py
[2024-10-27T23:18:39.252+0000] {processor.py:925} INFO - DAG(s) 'dataset_alias_example_alias_consumer', 'dataset_s3_bucket_producer', 'dataset_s3_bucket_consumer', 'dataset_alias_example_alias_producer' retrieved from /home/airflow/.local/lib/python3.12/site-packages/airflow/example_dags/example_dataset_alias.py
[2024-10-27T23:18:39.262+0000] {logging_mixin.py:190} INFO - [2024-10-27T23:18:39.262+0000] {dag.py:3239} INFO - Sync 4 DAGs
[2024-10-27T23:18:39.275+0000] {logging_mixin.py:190} INFO - [2024-10-27T23:18:39.275+0000] {dag.py:4180} INFO - Setting next_dagrun for dataset_alias_example_alias_consumer to None, run_after=None
[2024-10-27T23:18:39.277+0000] {logging_mixin.py:190} INFO - [2024-10-27T23:18:39.277+0000] {dag.py:4180} INFO - Setting next_dagrun for dataset_alias_example_alias_producer to None, run_after=None
[2024-10-27T23:18:39.277+0000] {logging_mixin.py:190} INFO - [2024-10-27T23:18:39.277+0000] {dag.py:4180} INFO - Setting next_dagrun for dataset_s3_bucket_consumer to None, run_after=None
[2024-10-27T23:18:39.278+0000] {logging_mixin.py:190} INFO - [2024-10-27T23:18:39.278+0000] {dag.py:4180} INFO - Setting next_dagrun for dataset_s3_bucket_producer to None, run_after=None
[2024-10-27T23:18:39.288+0000] {processor.py:208} INFO - Processing /home/airflow/.local/lib/python3.12/site-packages/airflow/example_dags/example_dataset_alias.py took 0.107 seconds
[2024-10-27T23:19:10.322+0000] {processor.py:186} INFO - Started process (PID=506) to work on /home/airflow/.local/lib/python3.12/site-packages/airflow/example_dags/example_dataset_alias.py
[2024-10-27T23:19:10.323+0000] {processor.py:914} INFO - Processing file /home/airflow/.local/lib/python3.12/site-packages/airflow/example_dags/example_dataset_alias.py for tasks to queue
[2024-10-27T23:19:10.324+0000] {logging_mixin.py:190} INFO - [2024-10-27T23:19:10.324+0000] {dagbag.py:588} INFO - Filling up the DagBag from /home/airflow/.local/lib/python3.12/site-packages/airflow/example_dags/example_dataset_alias.py
[2024-10-27T23:19:10.393+0000] {processor.py:925} INFO - DAG(s) 'dataset_alias_example_alias_producer', 'dataset_s3_bucket_producer', 'dataset_s3_bucket_consumer', 'dataset_alias_example_alias_consumer' retrieved from /home/airflow/.local/lib/python3.12/site-packages/airflow/example_dags/example_dataset_alias.py
[2024-10-27T23:19:10.403+0000] {logging_mixin.py:190} INFO - [2024-10-27T23:19:10.403+0000] {dag.py:3239} INFO - Sync 4 DAGs
[2024-10-27T23:19:10.411+0000] {logging_mixin.py:190} INFO - [2024-10-27T23:19:10.411+0000] {dag.py:4180} INFO - Setting next_dagrun for dataset_alias_example_alias_consumer to None, run_after=None
[2024-10-27T23:19:10.412+0000] {logging_mixin.py:190} INFO - [2024-10-27T23:19:10.412+0000] {dag.py:4180} INFO - Setting next_dagrun for dataset_alias_example_alias_producer to None, run_after=None
[2024-10-27T23:19:10.412+0000] {logging_mixin.py:190} INFO - [2024-10-27T23:19:10.412+0000] {dag.py:4180} INFO - Setting next_dagrun for dataset_s3_bucket_consumer to None, run_after=None
[2024-10-27T23:19:10.412+0000] {logging_mixin.py:190} INFO - [2024-10-27T23:19:10.412+0000] {dag.py:4180} INFO - Setting next_dagrun for dataset_s3_bucket_producer to None, run_after=None
[2024-10-27T23:19:10.419+0000] {processor.py:208} INFO - Processing /home/airflow/.local/lib/python3.12/site-packages/airflow/example_dags/example_dataset_alias.py took 0.098 seconds
