[2024-10-27T23:11:29.036+0000] {processor.py:186} INFO - Started process (PID=74) to work on /home/airflow/.local/lib/python3.12/site-packages/airflow/example_dags/example_branch_operator.py
[2024-10-27T23:11:29.036+0000] {processor.py:914} INFO - Processing file /home/airflow/.local/lib/python3.12/site-packages/airflow/example_dags/example_branch_operator.py for tasks to queue
[2024-10-27T23:11:29.037+0000] {logging_mixin.py:190} INFO - [2024-10-27T23:11:29.037+0000] {dagbag.py:588} INFO - Filling up the DagBag from /home/airflow/.local/lib/python3.12/site-packages/airflow/example_dags/example_branch_operator.py
[2024-10-27T23:11:29.047+0000] {processor.py:925} INFO - DAG(s) 'example_branch_operator' retrieved from /home/airflow/.local/lib/python3.12/site-packages/airflow/example_dags/example_branch_operator.py
[2024-10-27T23:11:29.113+0000] {logging_mixin.py:190} INFO - [2024-10-27T23:11:29.112+0000] {dag.py:3239} INFO - Sync 1 DAGs
[2024-10-27T23:11:29.123+0000] {logging_mixin.py:190} INFO - [2024-10-27T23:11:29.123+0000] {dag.py:4180} INFO - Setting next_dagrun for example_branch_operator to 2024-10-26 00:00:00+00:00, run_after=2024-10-27 00:00:00+00:00
[2024-10-27T23:11:29.138+0000] {processor.py:208} INFO - Processing /home/airflow/.local/lib/python3.12/site-packages/airflow/example_dags/example_branch_operator.py took 0.105 seconds
[2024-10-27T23:11:59.151+0000] {processor.py:186} INFO - Started process (PID=137) to work on /home/airflow/.local/lib/python3.12/site-packages/airflow/example_dags/example_branch_operator.py
[2024-10-27T23:11:59.152+0000] {processor.py:914} INFO - Processing file /home/airflow/.local/lib/python3.12/site-packages/airflow/example_dags/example_branch_operator.py for tasks to queue
[2024-10-27T23:11:59.154+0000] {logging_mixin.py:190} INFO - [2024-10-27T23:11:59.154+0000] {dagbag.py:588} INFO - Filling up the DagBag from /home/airflow/.local/lib/python3.12/site-packages/airflow/example_dags/example_branch_operator.py
[2024-10-27T23:11:59.162+0000] {processor.py:925} INFO - DAG(s) 'example_branch_operator' retrieved from /home/airflow/.local/lib/python3.12/site-packages/airflow/example_dags/example_branch_operator.py
[2024-10-27T23:11:59.172+0000] {logging_mixin.py:190} INFO - [2024-10-27T23:11:59.172+0000] {dag.py:3239} INFO - Sync 1 DAGs
[2024-10-27T23:11:59.182+0000] {logging_mixin.py:190} INFO - [2024-10-27T23:11:59.182+0000] {dag.py:4180} INFO - Setting next_dagrun for example_branch_operator to 2024-10-26 00:00:00+00:00, run_after=2024-10-27 00:00:00+00:00
[2024-10-27T23:11:59.195+0000] {processor.py:208} INFO - Processing /home/airflow/.local/lib/python3.12/site-packages/airflow/example_dags/example_branch_operator.py took 0.046 seconds
[2024-10-27T23:12:30.047+0000] {processor.py:186} INFO - Started process (PID=200) to work on /home/airflow/.local/lib/python3.12/site-packages/airflow/example_dags/example_branch_operator.py
[2024-10-27T23:12:30.048+0000] {processor.py:914} INFO - Processing file /home/airflow/.local/lib/python3.12/site-packages/airflow/example_dags/example_branch_operator.py for tasks to queue
[2024-10-27T23:12:30.049+0000] {logging_mixin.py:190} INFO - [2024-10-27T23:12:30.048+0000] {dagbag.py:588} INFO - Filling up the DagBag from /home/airflow/.local/lib/python3.12/site-packages/airflow/example_dags/example_branch_operator.py
[2024-10-27T23:12:30.055+0000] {processor.py:925} INFO - DAG(s) 'example_branch_operator' retrieved from /home/airflow/.local/lib/python3.12/site-packages/airflow/example_dags/example_branch_operator.py
[2024-10-27T23:12:30.067+0000] {logging_mixin.py:190} INFO - [2024-10-27T23:12:30.067+0000] {dag.py:3239} INFO - Sync 1 DAGs
[2024-10-27T23:12:30.076+0000] {logging_mixin.py:190} INFO - [2024-10-27T23:12:30.076+0000] {dag.py:4180} INFO - Setting next_dagrun for example_branch_operator to 2024-10-26 00:00:00+00:00, run_after=2024-10-27 00:00:00+00:00
[2024-10-27T23:12:30.085+0000] {processor.py:208} INFO - Processing /home/airflow/.local/lib/python3.12/site-packages/airflow/example_dags/example_branch_operator.py took 0.040 seconds
[2024-10-27T23:13:00.988+0000] {processor.py:186} INFO - Started process (PID=263) to work on /home/airflow/.local/lib/python3.12/site-packages/airflow/example_dags/example_branch_operator.py
[2024-10-27T23:13:00.988+0000] {processor.py:914} INFO - Processing file /home/airflow/.local/lib/python3.12/site-packages/airflow/example_dags/example_branch_operator.py for tasks to queue
[2024-10-27T23:13:00.989+0000] {logging_mixin.py:190} INFO - [2024-10-27T23:13:00.989+0000] {dagbag.py:588} INFO - Filling up the DagBag from /home/airflow/.local/lib/python3.12/site-packages/airflow/example_dags/example_branch_operator.py
[2024-10-27T23:13:00.996+0000] {processor.py:925} INFO - DAG(s) 'example_branch_operator' retrieved from /home/airflow/.local/lib/python3.12/site-packages/airflow/example_dags/example_branch_operator.py
[2024-10-27T23:13:01.008+0000] {logging_mixin.py:190} INFO - [2024-10-27T23:13:01.008+0000] {dag.py:3239} INFO - Sync 1 DAGs
[2024-10-27T23:13:01.020+0000] {logging_mixin.py:190} INFO - [2024-10-27T23:13:01.020+0000] {dag.py:4180} INFO - Setting next_dagrun for example_branch_operator to 2024-10-26 00:00:00+00:00, run_after=2024-10-27 00:00:00+00:00
[2024-10-27T23:13:01.028+0000] {processor.py:208} INFO - Processing /home/airflow/.local/lib/python3.12/site-packages/airflow/example_dags/example_branch_operator.py took 0.043 seconds
[2024-10-27T23:13:31.859+0000] {processor.py:186} INFO - Started process (PID=332) to work on /home/airflow/.local/lib/python3.12/site-packages/airflow/example_dags/example_branch_operator.py
[2024-10-27T23:13:31.859+0000] {processor.py:914} INFO - Processing file /home/airflow/.local/lib/python3.12/site-packages/airflow/example_dags/example_branch_operator.py for tasks to queue
[2024-10-27T23:13:31.860+0000] {logging_mixin.py:190} INFO - [2024-10-27T23:13:31.860+0000] {dagbag.py:588} INFO - Filling up the DagBag from /home/airflow/.local/lib/python3.12/site-packages/airflow/example_dags/example_branch_operator.py
[2024-10-27T23:13:31.867+0000] {processor.py:925} INFO - DAG(s) 'example_branch_operator' retrieved from /home/airflow/.local/lib/python3.12/site-packages/airflow/example_dags/example_branch_operator.py
[2024-10-27T23:13:31.881+0000] {logging_mixin.py:190} INFO - [2024-10-27T23:13:31.881+0000] {dag.py:3239} INFO - Sync 1 DAGs
[2024-10-27T23:13:31.890+0000] {logging_mixin.py:190} INFO - [2024-10-27T23:13:31.889+0000] {dag.py:4180} INFO - Setting next_dagrun for example_branch_operator to 2024-10-26 00:00:00+00:00, run_after=2024-10-27 00:00:00+00:00
[2024-10-27T23:13:31.898+0000] {processor.py:208} INFO - Processing /home/airflow/.local/lib/python3.12/site-packages/airflow/example_dags/example_branch_operator.py took 0.041 seconds
[2024-10-27T23:14:02.603+0000] {processor.py:186} INFO - Started process (PID=395) to work on /home/airflow/.local/lib/python3.12/site-packages/airflow/example_dags/example_branch_operator.py
[2024-10-27T23:14:02.603+0000] {processor.py:914} INFO - Processing file /home/airflow/.local/lib/python3.12/site-packages/airflow/example_dags/example_branch_operator.py for tasks to queue
[2024-10-27T23:14:02.605+0000] {logging_mixin.py:190} INFO - [2024-10-27T23:14:02.604+0000] {dagbag.py:588} INFO - Filling up the DagBag from /home/airflow/.local/lib/python3.12/site-packages/airflow/example_dags/example_branch_operator.py
[2024-10-27T23:14:02.612+0000] {processor.py:925} INFO - DAG(s) 'example_branch_operator' retrieved from /home/airflow/.local/lib/python3.12/site-packages/airflow/example_dags/example_branch_operator.py
[2024-10-27T23:14:02.624+0000] {logging_mixin.py:190} INFO - [2024-10-27T23:14:02.624+0000] {dag.py:3239} INFO - Sync 1 DAGs
[2024-10-27T23:14:02.633+0000] {logging_mixin.py:190} INFO - [2024-10-27T23:14:02.633+0000] {dag.py:4180} INFO - Setting next_dagrun for example_branch_operator to 2024-10-26 00:00:00+00:00, run_after=2024-10-27 00:00:00+00:00
[2024-10-27T23:14:02.638+0000] {processor.py:208} INFO - Processing /home/airflow/.local/lib/python3.12/site-packages/airflow/example_dags/example_branch_operator.py took 0.037 seconds
[2024-10-27T23:14:33.417+0000] {processor.py:186} INFO - Started process (PID=458) to work on /home/airflow/.local/lib/python3.12/site-packages/airflow/example_dags/example_branch_operator.py
[2024-10-27T23:14:33.420+0000] {processor.py:914} INFO - Processing file /home/airflow/.local/lib/python3.12/site-packages/airflow/example_dags/example_branch_operator.py for tasks to queue
[2024-10-27T23:14:33.421+0000] {logging_mixin.py:190} INFO - [2024-10-27T23:14:33.421+0000] {dagbag.py:588} INFO - Filling up the DagBag from /home/airflow/.local/lib/python3.12/site-packages/airflow/example_dags/example_branch_operator.py
[2024-10-27T23:14:33.430+0000] {processor.py:925} INFO - DAG(s) 'example_branch_operator' retrieved from /home/airflow/.local/lib/python3.12/site-packages/airflow/example_dags/example_branch_operator.py
[2024-10-27T23:14:33.443+0000] {logging_mixin.py:190} INFO - [2024-10-27T23:14:33.443+0000] {dag.py:3239} INFO - Sync 1 DAGs
[2024-10-27T23:14:33.457+0000] {logging_mixin.py:190} INFO - [2024-10-27T23:14:33.456+0000] {dag.py:4180} INFO - Setting next_dagrun for example_branch_operator to 2024-10-26 00:00:00+00:00, run_after=2024-10-27 00:00:00+00:00
[2024-10-27T23:14:33.463+0000] {processor.py:208} INFO - Processing /home/airflow/.local/lib/python3.12/site-packages/airflow/example_dags/example_branch_operator.py took 0.048 seconds
[2024-10-27T23:15:35.690+0000] {processor.py:186} INFO - Started process (PID=75) to work on /home/airflow/.local/lib/python3.12/site-packages/airflow/example_dags/example_branch_operator.py
[2024-10-27T23:15:35.691+0000] {processor.py:914} INFO - Processing file /home/airflow/.local/lib/python3.12/site-packages/airflow/example_dags/example_branch_operator.py for tasks to queue
[2024-10-27T23:15:35.692+0000] {logging_mixin.py:190} INFO - [2024-10-27T23:15:35.692+0000] {dagbag.py:588} INFO - Filling up the DagBag from /home/airflow/.local/lib/python3.12/site-packages/airflow/example_dags/example_branch_operator.py
[2024-10-27T23:15:35.700+0000] {processor.py:925} INFO - DAG(s) 'example_branch_operator' retrieved from /home/airflow/.local/lib/python3.12/site-packages/airflow/example_dags/example_branch_operator.py
[2024-10-27T23:15:35.752+0000] {logging_mixin.py:190} INFO - [2024-10-27T23:15:35.751+0000] {dag.py:3239} INFO - Sync 1 DAGs
[2024-10-27T23:15:35.762+0000] {logging_mixin.py:190} INFO - [2024-10-27T23:15:35.762+0000] {dag.py:4180} INFO - Setting next_dagrun for example_branch_operator to 2024-10-26 00:00:00+00:00, run_after=2024-10-27 00:00:00+00:00
[2024-10-27T23:15:35.771+0000] {processor.py:208} INFO - Processing /home/airflow/.local/lib/python3.12/site-packages/airflow/example_dags/example_branch_operator.py took 0.083 seconds
[2024-10-27T23:16:05.781+0000] {processor.py:186} INFO - Started process (PID=138) to work on /home/airflow/.local/lib/python3.12/site-packages/airflow/example_dags/example_branch_operator.py
[2024-10-27T23:16:05.782+0000] {processor.py:914} INFO - Processing file /home/airflow/.local/lib/python3.12/site-packages/airflow/example_dags/example_branch_operator.py for tasks to queue
[2024-10-27T23:16:05.784+0000] {logging_mixin.py:190} INFO - [2024-10-27T23:16:05.784+0000] {dagbag.py:588} INFO - Filling up the DagBag from /home/airflow/.local/lib/python3.12/site-packages/airflow/example_dags/example_branch_operator.py
[2024-10-27T23:16:05.792+0000] {processor.py:925} INFO - DAG(s) 'example_branch_operator' retrieved from /home/airflow/.local/lib/python3.12/site-packages/airflow/example_dags/example_branch_operator.py
[2024-10-27T23:16:05.802+0000] {logging_mixin.py:190} INFO - [2024-10-27T23:16:05.802+0000] {dag.py:3239} INFO - Sync 1 DAGs
[2024-10-27T23:16:05.810+0000] {logging_mixin.py:190} INFO - [2024-10-27T23:16:05.810+0000] {dag.py:4180} INFO - Setting next_dagrun for example_branch_operator to 2024-10-26 00:00:00+00:00, run_after=2024-10-27 00:00:00+00:00
[2024-10-27T23:16:05.818+0000] {processor.py:208} INFO - Processing /home/airflow/.local/lib/python3.12/site-packages/airflow/example_dags/example_branch_operator.py took 0.039 seconds
[2024-10-27T23:16:36.559+0000] {processor.py:186} INFO - Started process (PID=201) to work on /home/airflow/.local/lib/python3.12/site-packages/airflow/example_dags/example_branch_operator.py
[2024-10-27T23:16:36.559+0000] {processor.py:914} INFO - Processing file /home/airflow/.local/lib/python3.12/site-packages/airflow/example_dags/example_branch_operator.py for tasks to queue
[2024-10-27T23:16:36.560+0000] {logging_mixin.py:190} INFO - [2024-10-27T23:16:36.560+0000] {dagbag.py:588} INFO - Filling up the DagBag from /home/airflow/.local/lib/python3.12/site-packages/airflow/example_dags/example_branch_operator.py
[2024-10-27T23:16:36.567+0000] {processor.py:925} INFO - DAG(s) 'example_branch_operator' retrieved from /home/airflow/.local/lib/python3.12/site-packages/airflow/example_dags/example_branch_operator.py
[2024-10-27T23:16:36.579+0000] {logging_mixin.py:190} INFO - [2024-10-27T23:16:36.579+0000] {dag.py:3239} INFO - Sync 1 DAGs
[2024-10-27T23:16:36.588+0000] {logging_mixin.py:190} INFO - [2024-10-27T23:16:36.588+0000] {dag.py:4180} INFO - Setting next_dagrun for example_branch_operator to 2024-10-26 00:00:00+00:00, run_after=2024-10-27 00:00:00+00:00
[2024-10-27T23:16:36.596+0000] {processor.py:208} INFO - Processing /home/airflow/.local/lib/python3.12/site-packages/airflow/example_dags/example_branch_operator.py took 0.040 seconds
[2024-10-27T23:17:07.248+0000] {processor.py:186} INFO - Started process (PID=264) to work on /home/airflow/.local/lib/python3.12/site-packages/airflow/example_dags/example_branch_operator.py
[2024-10-27T23:17:07.249+0000] {processor.py:914} INFO - Processing file /home/airflow/.local/lib/python3.12/site-packages/airflow/example_dags/example_branch_operator.py for tasks to queue
[2024-10-27T23:17:07.250+0000] {logging_mixin.py:190} INFO - [2024-10-27T23:17:07.249+0000] {dagbag.py:588} INFO - Filling up the DagBag from /home/airflow/.local/lib/python3.12/site-packages/airflow/example_dags/example_branch_operator.py
[2024-10-27T23:17:07.256+0000] {processor.py:925} INFO - DAG(s) 'example_branch_operator' retrieved from /home/airflow/.local/lib/python3.12/site-packages/airflow/example_dags/example_branch_operator.py
[2024-10-27T23:17:07.265+0000] {logging_mixin.py:190} INFO - [2024-10-27T23:17:07.265+0000] {dag.py:3239} INFO - Sync 1 DAGs
[2024-10-27T23:17:07.273+0000] {logging_mixin.py:190} INFO - [2024-10-27T23:17:07.273+0000] {dag.py:4180} INFO - Setting next_dagrun for example_branch_operator to 2024-10-26 00:00:00+00:00, run_after=2024-10-27 00:00:00+00:00
[2024-10-27T23:17:07.278+0000] {processor.py:208} INFO - Processing /home/airflow/.local/lib/python3.12/site-packages/airflow/example_dags/example_branch_operator.py took 0.032 seconds
[2024-10-27T23:17:38.096+0000] {processor.py:186} INFO - Started process (PID=327) to work on /home/airflow/.local/lib/python3.12/site-packages/airflow/example_dags/example_branch_operator.py
[2024-10-27T23:17:38.096+0000] {processor.py:914} INFO - Processing file /home/airflow/.local/lib/python3.12/site-packages/airflow/example_dags/example_branch_operator.py for tasks to queue
[2024-10-27T23:17:38.097+0000] {logging_mixin.py:190} INFO - [2024-10-27T23:17:38.097+0000] {dagbag.py:588} INFO - Filling up the DagBag from /home/airflow/.local/lib/python3.12/site-packages/airflow/example_dags/example_branch_operator.py
[2024-10-27T23:17:38.106+0000] {processor.py:925} INFO - DAG(s) 'example_branch_operator' retrieved from /home/airflow/.local/lib/python3.12/site-packages/airflow/example_dags/example_branch_operator.py
[2024-10-27T23:17:38.118+0000] {logging_mixin.py:190} INFO - [2024-10-27T23:17:38.118+0000] {dag.py:3239} INFO - Sync 1 DAGs
[2024-10-27T23:17:38.126+0000] {logging_mixin.py:190} INFO - [2024-10-27T23:17:38.126+0000] {dag.py:4180} INFO - Setting next_dagrun for example_branch_operator to 2024-10-26 00:00:00+00:00, run_after=2024-10-27 00:00:00+00:00
[2024-10-27T23:17:38.135+0000] {processor.py:208} INFO - Processing /home/airflow/.local/lib/python3.12/site-packages/airflow/example_dags/example_branch_operator.py took 0.042 seconds
[2024-10-27T23:18:08.846+0000] {processor.py:186} INFO - Started process (PID=390) to work on /home/airflow/.local/lib/python3.12/site-packages/airflow/example_dags/example_branch_operator.py
[2024-10-27T23:18:08.847+0000] {processor.py:914} INFO - Processing file /home/airflow/.local/lib/python3.12/site-packages/airflow/example_dags/example_branch_operator.py for tasks to queue
[2024-10-27T23:18:08.848+0000] {logging_mixin.py:190} INFO - [2024-10-27T23:18:08.847+0000] {dagbag.py:588} INFO - Filling up the DagBag from /home/airflow/.local/lib/python3.12/site-packages/airflow/example_dags/example_branch_operator.py
[2024-10-27T23:18:08.854+0000] {processor.py:925} INFO - DAG(s) 'example_branch_operator' retrieved from /home/airflow/.local/lib/python3.12/site-packages/airflow/example_dags/example_branch_operator.py
[2024-10-27T23:18:08.866+0000] {logging_mixin.py:190} INFO - [2024-10-27T23:18:08.866+0000] {dag.py:3239} INFO - Sync 1 DAGs
[2024-10-27T23:18:08.877+0000] {logging_mixin.py:190} INFO - [2024-10-27T23:18:08.877+0000] {dag.py:4180} INFO - Setting next_dagrun for example_branch_operator to 2024-10-26 00:00:00+00:00, run_after=2024-10-27 00:00:00+00:00
[2024-10-27T23:18:08.885+0000] {processor.py:208} INFO - Processing /home/airflow/.local/lib/python3.12/site-packages/airflow/example_dags/example_branch_operator.py took 0.041 seconds
[2024-10-27T23:18:39.629+0000] {processor.py:186} INFO - Started process (PID=459) to work on /home/airflow/.local/lib/python3.12/site-packages/airflow/example_dags/example_branch_operator.py
[2024-10-27T23:18:39.629+0000] {processor.py:914} INFO - Processing file /home/airflow/.local/lib/python3.12/site-packages/airflow/example_dags/example_branch_operator.py for tasks to queue
[2024-10-27T23:18:39.630+0000] {logging_mixin.py:190} INFO - [2024-10-27T23:18:39.630+0000] {dagbag.py:588} INFO - Filling up the DagBag from /home/airflow/.local/lib/python3.12/site-packages/airflow/example_dags/example_branch_operator.py
[2024-10-27T23:18:39.637+0000] {processor.py:925} INFO - DAG(s) 'example_branch_operator' retrieved from /home/airflow/.local/lib/python3.12/site-packages/airflow/example_dags/example_branch_operator.py
[2024-10-27T23:18:39.648+0000] {logging_mixin.py:190} INFO - [2024-10-27T23:18:39.648+0000] {dag.py:3239} INFO - Sync 1 DAGs
[2024-10-27T23:18:39.657+0000] {logging_mixin.py:190} INFO - [2024-10-27T23:18:39.656+0000] {dag.py:4180} INFO - Setting next_dagrun for example_branch_operator to 2024-10-26 00:00:00+00:00, run_after=2024-10-27 00:00:00+00:00
[2024-10-27T23:18:39.664+0000] {processor.py:208} INFO - Processing /home/airflow/.local/lib/python3.12/site-packages/airflow/example_dags/example_branch_operator.py took 0.037 seconds
[2024-10-27T23:19:10.806+0000] {processor.py:186} INFO - Started process (PID=522) to work on /home/airflow/.local/lib/python3.12/site-packages/airflow/example_dags/example_branch_operator.py
[2024-10-27T23:19:10.807+0000] {processor.py:914} INFO - Processing file /home/airflow/.local/lib/python3.12/site-packages/airflow/example_dags/example_branch_operator.py for tasks to queue
[2024-10-27T23:19:10.808+0000] {logging_mixin.py:190} INFO - [2024-10-27T23:19:10.808+0000] {dagbag.py:588} INFO - Filling up the DagBag from /home/airflow/.local/lib/python3.12/site-packages/airflow/example_dags/example_branch_operator.py
[2024-10-27T23:19:10.814+0000] {processor.py:925} INFO - DAG(s) 'example_branch_operator' retrieved from /home/airflow/.local/lib/python3.12/site-packages/airflow/example_dags/example_branch_operator.py
[2024-10-27T23:19:10.824+0000] {logging_mixin.py:190} INFO - [2024-10-27T23:19:10.824+0000] {dag.py:3239} INFO - Sync 1 DAGs
[2024-10-27T23:19:10.832+0000] {logging_mixin.py:190} INFO - [2024-10-27T23:19:10.832+0000] {dag.py:4180} INFO - Setting next_dagrun for example_branch_operator to 2024-10-26 00:00:00+00:00, run_after=2024-10-27 00:00:00+00:00
[2024-10-27T23:19:10.837+0000] {processor.py:208} INFO - Processing /home/airflow/.local/lib/python3.12/site-packages/airflow/example_dags/example_branch_operator.py took 0.033 seconds
