[2024-10-27T23:11:28.573+0000] {processor.py:186} INFO - Started process (PID=64) to work on /home/airflow/.local/lib/python3.12/site-packages/airflow/example_dags/example_nested_branch_dag.py
[2024-10-27T23:11:28.574+0000] {processor.py:914} INFO - Processing file /home/airflow/.local/lib/python3.12/site-packages/airflow/example_dags/example_nested_branch_dag.py for tasks to queue
[2024-10-27T23:11:28.577+0000] {logging_mixin.py:190} INFO - [2024-10-27T23:11:28.577+0000] {dagbag.py:588} INFO - Filling up the DagBag from /home/airflow/.local/lib/python3.12/site-packages/airflow/example_dags/example_nested_branch_dag.py
[2024-10-27T23:11:28.586+0000] {processor.py:925} INFO - DAG(s) 'example_nested_branch_dag' retrieved from /home/airflow/.local/lib/python3.12/site-packages/airflow/example_dags/example_nested_branch_dag.py
[2024-10-27T23:11:28.624+0000] {logging_mixin.py:190} INFO - [2024-10-27T23:11:28.624+0000] {dag.py:3239} INFO - Sync 1 DAGs
[2024-10-27T23:11:28.641+0000] {logging_mixin.py:190} INFO - [2024-10-27T23:11:28.641+0000] {dag.py:4180} INFO - Setting next_dagrun for example_nested_branch_dag to 2024-10-26 00:00:00+00:00, run_after=2024-10-27 00:00:00+00:00
[2024-10-27T23:11:28.656+0000] {processor.py:208} INFO - Processing /home/airflow/.local/lib/python3.12/site-packages/airflow/example_dags/example_nested_branch_dag.py took 0.086 seconds
[2024-10-27T23:11:58.924+0000] {processor.py:186} INFO - Started process (PID=127) to work on /home/airflow/.local/lib/python3.12/site-packages/airflow/example_dags/example_nested_branch_dag.py
[2024-10-27T23:11:58.924+0000] {processor.py:914} INFO - Processing file /home/airflow/.local/lib/python3.12/site-packages/airflow/example_dags/example_nested_branch_dag.py for tasks to queue
[2024-10-27T23:11:58.926+0000] {logging_mixin.py:190} INFO - [2024-10-27T23:11:58.926+0000] {dagbag.py:588} INFO - Filling up the DagBag from /home/airflow/.local/lib/python3.12/site-packages/airflow/example_dags/example_nested_branch_dag.py
[2024-10-27T23:11:58.930+0000] {processor.py:925} INFO - DAG(s) 'example_nested_branch_dag' retrieved from /home/airflow/.local/lib/python3.12/site-packages/airflow/example_dags/example_nested_branch_dag.py
[2024-10-27T23:11:58.940+0000] {logging_mixin.py:190} INFO - [2024-10-27T23:11:58.940+0000] {dag.py:3239} INFO - Sync 1 DAGs
[2024-10-27T23:11:58.950+0000] {logging_mixin.py:190} INFO - [2024-10-27T23:11:58.950+0000] {dag.py:4180} INFO - Setting next_dagrun for example_nested_branch_dag to 2024-10-26 00:00:00+00:00, run_after=2024-10-27 00:00:00+00:00
[2024-10-27T23:11:58.961+0000] {processor.py:208} INFO - Processing /home/airflow/.local/lib/python3.12/site-packages/airflow/example_dags/example_nested_branch_dag.py took 0.040 seconds
[2024-10-27T23:12:29.820+0000] {processor.py:186} INFO - Started process (PID=190) to work on /home/airflow/.local/lib/python3.12/site-packages/airflow/example_dags/example_nested_branch_dag.py
[2024-10-27T23:12:29.821+0000] {processor.py:914} INFO - Processing file /home/airflow/.local/lib/python3.12/site-packages/airflow/example_dags/example_nested_branch_dag.py for tasks to queue
[2024-10-27T23:12:29.822+0000] {logging_mixin.py:190} INFO - [2024-10-27T23:12:29.822+0000] {dagbag.py:588} INFO - Filling up the DagBag from /home/airflow/.local/lib/python3.12/site-packages/airflow/example_dags/example_nested_branch_dag.py
[2024-10-27T23:12:29.830+0000] {processor.py:925} INFO - DAG(s) 'example_nested_branch_dag' retrieved from /home/airflow/.local/lib/python3.12/site-packages/airflow/example_dags/example_nested_branch_dag.py
[2024-10-27T23:12:29.841+0000] {logging_mixin.py:190} INFO - [2024-10-27T23:12:29.841+0000] {dag.py:3239} INFO - Sync 1 DAGs
[2024-10-27T23:12:29.850+0000] {logging_mixin.py:190} INFO - [2024-10-27T23:12:29.850+0000] {dag.py:4180} INFO - Setting next_dagrun for example_nested_branch_dag to 2024-10-26 00:00:00+00:00, run_after=2024-10-27 00:00:00+00:00
[2024-10-27T23:12:29.859+0000] {processor.py:208} INFO - Processing /home/airflow/.local/lib/python3.12/site-packages/airflow/example_dags/example_nested_branch_dag.py took 0.041 seconds
[2024-10-27T23:13:00.744+0000] {processor.py:186} INFO - Started process (PID=253) to work on /home/airflow/.local/lib/python3.12/site-packages/airflow/example_dags/example_nested_branch_dag.py
[2024-10-27T23:13:00.746+0000] {processor.py:914} INFO - Processing file /home/airflow/.local/lib/python3.12/site-packages/airflow/example_dags/example_nested_branch_dag.py for tasks to queue
[2024-10-27T23:13:00.747+0000] {logging_mixin.py:190} INFO - [2024-10-27T23:13:00.747+0000] {dagbag.py:588} INFO - Filling up the DagBag from /home/airflow/.local/lib/python3.12/site-packages/airflow/example_dags/example_nested_branch_dag.py
[2024-10-27T23:13:00.752+0000] {processor.py:925} INFO - DAG(s) 'example_nested_branch_dag' retrieved from /home/airflow/.local/lib/python3.12/site-packages/airflow/example_dags/example_nested_branch_dag.py
[2024-10-27T23:13:00.760+0000] {logging_mixin.py:190} INFO - [2024-10-27T23:13:00.760+0000] {dag.py:3239} INFO - Sync 1 DAGs
[2024-10-27T23:13:00.772+0000] {logging_mixin.py:190} INFO - [2024-10-27T23:13:00.772+0000] {dag.py:4180} INFO - Setting next_dagrun for example_nested_branch_dag to 2024-10-26 00:00:00+00:00, run_after=2024-10-27 00:00:00+00:00
[2024-10-27T23:13:00.783+0000] {processor.py:208} INFO - Processing /home/airflow/.local/lib/python3.12/site-packages/airflow/example_dags/example_nested_branch_dag.py took 0.042 seconds
[2024-10-27T23:13:31.641+0000] {processor.py:186} INFO - Started process (PID=322) to work on /home/airflow/.local/lib/python3.12/site-packages/airflow/example_dags/example_nested_branch_dag.py
[2024-10-27T23:13:31.641+0000] {processor.py:914} INFO - Processing file /home/airflow/.local/lib/python3.12/site-packages/airflow/example_dags/example_nested_branch_dag.py for tasks to queue
[2024-10-27T23:13:31.642+0000] {logging_mixin.py:190} INFO - [2024-10-27T23:13:31.642+0000] {dagbag.py:588} INFO - Filling up the DagBag from /home/airflow/.local/lib/python3.12/site-packages/airflow/example_dags/example_nested_branch_dag.py
[2024-10-27T23:13:31.647+0000] {processor.py:925} INFO - DAG(s) 'example_nested_branch_dag' retrieved from /home/airflow/.local/lib/python3.12/site-packages/airflow/example_dags/example_nested_branch_dag.py
[2024-10-27T23:13:31.657+0000] {logging_mixin.py:190} INFO - [2024-10-27T23:13:31.657+0000] {dag.py:3239} INFO - Sync 1 DAGs
[2024-10-27T23:13:31.666+0000] {logging_mixin.py:190} INFO - [2024-10-27T23:13:31.666+0000] {dag.py:4180} INFO - Setting next_dagrun for example_nested_branch_dag to 2024-10-26 00:00:00+00:00, run_after=2024-10-27 00:00:00+00:00
[2024-10-27T23:13:31.674+0000] {processor.py:208} INFO - Processing /home/airflow/.local/lib/python3.12/site-packages/airflow/example_dags/example_nested_branch_dag.py took 0.035 seconds
[2024-10-27T23:14:02.386+0000] {processor.py:186} INFO - Started process (PID=385) to work on /home/airflow/.local/lib/python3.12/site-packages/airflow/example_dags/example_nested_branch_dag.py
[2024-10-27T23:14:02.387+0000] {processor.py:914} INFO - Processing file /home/airflow/.local/lib/python3.12/site-packages/airflow/example_dags/example_nested_branch_dag.py for tasks to queue
[2024-10-27T23:14:02.389+0000] {logging_mixin.py:190} INFO - [2024-10-27T23:14:02.388+0000] {dagbag.py:588} INFO - Filling up the DagBag from /home/airflow/.local/lib/python3.12/site-packages/airflow/example_dags/example_nested_branch_dag.py
[2024-10-27T23:14:02.394+0000] {processor.py:925} INFO - DAG(s) 'example_nested_branch_dag' retrieved from /home/airflow/.local/lib/python3.12/site-packages/airflow/example_dags/example_nested_branch_dag.py
[2024-10-27T23:14:02.402+0000] {logging_mixin.py:190} INFO - [2024-10-27T23:14:02.402+0000] {dag.py:3239} INFO - Sync 1 DAGs
[2024-10-27T23:14:02.411+0000] {logging_mixin.py:190} INFO - [2024-10-27T23:14:02.411+0000] {dag.py:4180} INFO - Setting next_dagrun for example_nested_branch_dag to 2024-10-26 00:00:00+00:00, run_after=2024-10-27 00:00:00+00:00
[2024-10-27T23:14:02.421+0000] {processor.py:208} INFO - Processing /home/airflow/.local/lib/python3.12/site-packages/airflow/example_dags/example_nested_branch_dag.py took 0.037 seconds
[2024-10-27T23:14:33.187+0000] {processor.py:186} INFO - Started process (PID=448) to work on /home/airflow/.local/lib/python3.12/site-packages/airflow/example_dags/example_nested_branch_dag.py
[2024-10-27T23:14:33.188+0000] {processor.py:914} INFO - Processing file /home/airflow/.local/lib/python3.12/site-packages/airflow/example_dags/example_nested_branch_dag.py for tasks to queue
[2024-10-27T23:14:33.189+0000] {logging_mixin.py:190} INFO - [2024-10-27T23:14:33.188+0000] {dagbag.py:588} INFO - Filling up the DagBag from /home/airflow/.local/lib/python3.12/site-packages/airflow/example_dags/example_nested_branch_dag.py
[2024-10-27T23:14:33.194+0000] {processor.py:925} INFO - DAG(s) 'example_nested_branch_dag' retrieved from /home/airflow/.local/lib/python3.12/site-packages/airflow/example_dags/example_nested_branch_dag.py
[2024-10-27T23:14:33.202+0000] {logging_mixin.py:190} INFO - [2024-10-27T23:14:33.202+0000] {dag.py:3239} INFO - Sync 1 DAGs
[2024-10-27T23:14:33.213+0000] {logging_mixin.py:190} INFO - [2024-10-27T23:14:33.213+0000] {dag.py:4180} INFO - Setting next_dagrun for example_nested_branch_dag to 2024-10-26 00:00:00+00:00, run_after=2024-10-27 00:00:00+00:00
[2024-10-27T23:14:33.223+0000] {processor.py:208} INFO - Processing /home/airflow/.local/lib/python3.12/site-packages/airflow/example_dags/example_nested_branch_dag.py took 0.039 seconds
[2024-10-27T23:15:35.349+0000] {processor.py:186} INFO - Started process (PID=65) to work on /home/airflow/.local/lib/python3.12/site-packages/airflow/example_dags/example_nested_branch_dag.py
[2024-10-27T23:15:35.351+0000] {processor.py:914} INFO - Processing file /home/airflow/.local/lib/python3.12/site-packages/airflow/example_dags/example_nested_branch_dag.py for tasks to queue
[2024-10-27T23:15:35.352+0000] {logging_mixin.py:190} INFO - [2024-10-27T23:15:35.352+0000] {dagbag.py:588} INFO - Filling up the DagBag from /home/airflow/.local/lib/python3.12/site-packages/airflow/example_dags/example_nested_branch_dag.py
[2024-10-27T23:15:35.357+0000] {processor.py:925} INFO - DAG(s) 'example_nested_branch_dag' retrieved from /home/airflow/.local/lib/python3.12/site-packages/airflow/example_dags/example_nested_branch_dag.py
[2024-10-27T23:15:35.369+0000] {logging_mixin.py:190} INFO - [2024-10-27T23:15:35.369+0000] {dag.py:3239} INFO - Sync 1 DAGs
[2024-10-27T23:15:35.381+0000] {logging_mixin.py:190} INFO - [2024-10-27T23:15:35.381+0000] {dag.py:4180} INFO - Setting next_dagrun for example_nested_branch_dag to 2024-10-26 00:00:00+00:00, run_after=2024-10-27 00:00:00+00:00
[2024-10-27T23:15:35.393+0000] {processor.py:208} INFO - Processing /home/airflow/.local/lib/python3.12/site-packages/airflow/example_dags/example_nested_branch_dag.py took 0.046 seconds
[2024-10-27T23:16:05.490+0000] {processor.py:186} INFO - Started process (PID=128) to work on /home/airflow/.local/lib/python3.12/site-packages/airflow/example_dags/example_nested_branch_dag.py
[2024-10-27T23:16:05.490+0000] {processor.py:914} INFO - Processing file /home/airflow/.local/lib/python3.12/site-packages/airflow/example_dags/example_nested_branch_dag.py for tasks to queue
[2024-10-27T23:16:05.491+0000] {logging_mixin.py:190} INFO - [2024-10-27T23:16:05.491+0000] {dagbag.py:588} INFO - Filling up the DagBag from /home/airflow/.local/lib/python3.12/site-packages/airflow/example_dags/example_nested_branch_dag.py
[2024-10-27T23:16:05.495+0000] {processor.py:925} INFO - DAG(s) 'example_nested_branch_dag' retrieved from /home/airflow/.local/lib/python3.12/site-packages/airflow/example_dags/example_nested_branch_dag.py
[2024-10-27T23:16:05.506+0000] {logging_mixin.py:190} INFO - [2024-10-27T23:16:05.506+0000] {dag.py:3239} INFO - Sync 1 DAGs
[2024-10-27T23:16:05.516+0000] {logging_mixin.py:190} INFO - [2024-10-27T23:16:05.516+0000] {dag.py:4180} INFO - Setting next_dagrun for example_nested_branch_dag to 2024-10-26 00:00:00+00:00, run_after=2024-10-27 00:00:00+00:00
[2024-10-27T23:16:05.525+0000] {processor.py:208} INFO - Processing /home/airflow/.local/lib/python3.12/site-packages/airflow/example_dags/example_nested_branch_dag.py took 0.038 seconds
[2024-10-27T23:16:36.320+0000] {processor.py:186} INFO - Started process (PID=191) to work on /home/airflow/.local/lib/python3.12/site-packages/airflow/example_dags/example_nested_branch_dag.py
[2024-10-27T23:16:36.320+0000] {processor.py:914} INFO - Processing file /home/airflow/.local/lib/python3.12/site-packages/airflow/example_dags/example_nested_branch_dag.py for tasks to queue
[2024-10-27T23:16:36.321+0000] {logging_mixin.py:190} INFO - [2024-10-27T23:16:36.321+0000] {dagbag.py:588} INFO - Filling up the DagBag from /home/airflow/.local/lib/python3.12/site-packages/airflow/example_dags/example_nested_branch_dag.py
[2024-10-27T23:16:36.325+0000] {processor.py:925} INFO - DAG(s) 'example_nested_branch_dag' retrieved from /home/airflow/.local/lib/python3.12/site-packages/airflow/example_dags/example_nested_branch_dag.py
[2024-10-27T23:16:36.333+0000] {logging_mixin.py:190} INFO - [2024-10-27T23:16:36.333+0000] {dag.py:3239} INFO - Sync 1 DAGs
[2024-10-27T23:16:36.343+0000] {logging_mixin.py:190} INFO - [2024-10-27T23:16:36.343+0000] {dag.py:4180} INFO - Setting next_dagrun for example_nested_branch_dag to 2024-10-26 00:00:00+00:00, run_after=2024-10-27 00:00:00+00:00
[2024-10-27T23:16:36.348+0000] {processor.py:208} INFO - Processing /home/airflow/.local/lib/python3.12/site-packages/airflow/example_dags/example_nested_branch_dag.py took 0.031 seconds
[2024-10-27T23:17:06.990+0000] {processor.py:186} INFO - Started process (PID=254) to work on /home/airflow/.local/lib/python3.12/site-packages/airflow/example_dags/example_nested_branch_dag.py
[2024-10-27T23:17:06.990+0000] {processor.py:914} INFO - Processing file /home/airflow/.local/lib/python3.12/site-packages/airflow/example_dags/example_nested_branch_dag.py for tasks to queue
[2024-10-27T23:17:06.991+0000] {logging_mixin.py:190} INFO - [2024-10-27T23:17:06.991+0000] {dagbag.py:588} INFO - Filling up the DagBag from /home/airflow/.local/lib/python3.12/site-packages/airflow/example_dags/example_nested_branch_dag.py
[2024-10-27T23:17:06.995+0000] {processor.py:925} INFO - DAG(s) 'example_nested_branch_dag' retrieved from /home/airflow/.local/lib/python3.12/site-packages/airflow/example_dags/example_nested_branch_dag.py
[2024-10-27T23:17:07.004+0000] {logging_mixin.py:190} INFO - [2024-10-27T23:17:07.004+0000] {dag.py:3239} INFO - Sync 1 DAGs
[2024-10-27T23:17:07.015+0000] {logging_mixin.py:190} INFO - [2024-10-27T23:17:07.014+0000] {dag.py:4180} INFO - Setting next_dagrun for example_nested_branch_dag to 2024-10-26 00:00:00+00:00, run_after=2024-10-27 00:00:00+00:00
[2024-10-27T23:17:07.022+0000] {processor.py:208} INFO - Processing /home/airflow/.local/lib/python3.12/site-packages/airflow/example_dags/example_nested_branch_dag.py took 0.034 seconds
[2024-10-27T23:17:37.867+0000] {processor.py:186} INFO - Started process (PID=317) to work on /home/airflow/.local/lib/python3.12/site-packages/airflow/example_dags/example_nested_branch_dag.py
[2024-10-27T23:17:37.869+0000] {processor.py:914} INFO - Processing file /home/airflow/.local/lib/python3.12/site-packages/airflow/example_dags/example_nested_branch_dag.py for tasks to queue
[2024-10-27T23:17:37.871+0000] {logging_mixin.py:190} INFO - [2024-10-27T23:17:37.871+0000] {dagbag.py:588} INFO - Filling up the DagBag from /home/airflow/.local/lib/python3.12/site-packages/airflow/example_dags/example_nested_branch_dag.py
[2024-10-27T23:17:37.876+0000] {processor.py:925} INFO - DAG(s) 'example_nested_branch_dag' retrieved from /home/airflow/.local/lib/python3.12/site-packages/airflow/example_dags/example_nested_branch_dag.py
[2024-10-27T23:17:37.887+0000] {logging_mixin.py:190} INFO - [2024-10-27T23:17:37.886+0000] {dag.py:3239} INFO - Sync 1 DAGs
[2024-10-27T23:17:37.896+0000] {logging_mixin.py:190} INFO - [2024-10-27T23:17:37.896+0000] {dag.py:4180} INFO - Setting next_dagrun for example_nested_branch_dag to 2024-10-26 00:00:00+00:00, run_after=2024-10-27 00:00:00+00:00
[2024-10-27T23:17:37.904+0000] {processor.py:208} INFO - Processing /home/airflow/.local/lib/python3.12/site-packages/airflow/example_dags/example_nested_branch_dag.py took 0.040 seconds
[2024-10-27T23:18:08.638+0000] {processor.py:186} INFO - Started process (PID=380) to work on /home/airflow/.local/lib/python3.12/site-packages/airflow/example_dags/example_nested_branch_dag.py
[2024-10-27T23:18:08.639+0000] {processor.py:914} INFO - Processing file /home/airflow/.local/lib/python3.12/site-packages/airflow/example_dags/example_nested_branch_dag.py for tasks to queue
[2024-10-27T23:18:08.640+0000] {logging_mixin.py:190} INFO - [2024-10-27T23:18:08.640+0000] {dagbag.py:588} INFO - Filling up the DagBag from /home/airflow/.local/lib/python3.12/site-packages/airflow/example_dags/example_nested_branch_dag.py
[2024-10-27T23:18:08.645+0000] {processor.py:925} INFO - DAG(s) 'example_nested_branch_dag' retrieved from /home/airflow/.local/lib/python3.12/site-packages/airflow/example_dags/example_nested_branch_dag.py
[2024-10-27T23:18:08.652+0000] {logging_mixin.py:190} INFO - [2024-10-27T23:18:08.652+0000] {dag.py:3239} INFO - Sync 1 DAGs
[2024-10-27T23:18:08.662+0000] {logging_mixin.py:190} INFO - [2024-10-27T23:18:08.662+0000] {dag.py:4180} INFO - Setting next_dagrun for example_nested_branch_dag to 2024-10-26 00:00:00+00:00, run_after=2024-10-27 00:00:00+00:00
[2024-10-27T23:18:08.671+0000] {processor.py:208} INFO - Processing /home/airflow/.local/lib/python3.12/site-packages/airflow/example_dags/example_nested_branch_dag.py took 0.035 seconds
[2024-10-27T23:18:39.373+0000] {processor.py:186} INFO - Started process (PID=449) to work on /home/airflow/.local/lib/python3.12/site-packages/airflow/example_dags/example_nested_branch_dag.py
[2024-10-27T23:18:39.373+0000] {processor.py:914} INFO - Processing file /home/airflow/.local/lib/python3.12/site-packages/airflow/example_dags/example_nested_branch_dag.py for tasks to queue
[2024-10-27T23:18:39.374+0000] {logging_mixin.py:190} INFO - [2024-10-27T23:18:39.374+0000] {dagbag.py:588} INFO - Filling up the DagBag from /home/airflow/.local/lib/python3.12/site-packages/airflow/example_dags/example_nested_branch_dag.py
[2024-10-27T23:18:39.379+0000] {processor.py:925} INFO - DAG(s) 'example_nested_branch_dag' retrieved from /home/airflow/.local/lib/python3.12/site-packages/airflow/example_dags/example_nested_branch_dag.py
[2024-10-27T23:18:39.386+0000] {logging_mixin.py:190} INFO - [2024-10-27T23:18:39.386+0000] {dag.py:3239} INFO - Sync 1 DAGs
[2024-10-27T23:18:39.394+0000] {logging_mixin.py:190} INFO - [2024-10-27T23:18:39.394+0000] {dag.py:4180} INFO - Setting next_dagrun for example_nested_branch_dag to 2024-10-26 00:00:00+00:00, run_after=2024-10-27 00:00:00+00:00
[2024-10-27T23:18:39.399+0000] {processor.py:208} INFO - Processing /home/airflow/.local/lib/python3.12/site-packages/airflow/example_dags/example_nested_branch_dag.py took 0.028 seconds
[2024-10-27T23:19:10.499+0000] {processor.py:186} INFO - Started process (PID=512) to work on /home/airflow/.local/lib/python3.12/site-packages/airflow/example_dags/example_nested_branch_dag.py
[2024-10-27T23:19:10.500+0000] {processor.py:914} INFO - Processing file /home/airflow/.local/lib/python3.12/site-packages/airflow/example_dags/example_nested_branch_dag.py for tasks to queue
[2024-10-27T23:19:10.501+0000] {logging_mixin.py:190} INFO - [2024-10-27T23:19:10.501+0000] {dagbag.py:588} INFO - Filling up the DagBag from /home/airflow/.local/lib/python3.12/site-packages/airflow/example_dags/example_nested_branch_dag.py
[2024-10-27T23:19:10.506+0000] {processor.py:925} INFO - DAG(s) 'example_nested_branch_dag' retrieved from /home/airflow/.local/lib/python3.12/site-packages/airflow/example_dags/example_nested_branch_dag.py
[2024-10-27T23:19:10.513+0000] {logging_mixin.py:190} INFO - [2024-10-27T23:19:10.513+0000] {dag.py:3239} INFO - Sync 1 DAGs
[2024-10-27T23:19:10.522+0000] {logging_mixin.py:190} INFO - [2024-10-27T23:19:10.522+0000] {dag.py:4180} INFO - Setting next_dagrun for example_nested_branch_dag to 2024-10-26 00:00:00+00:00, run_after=2024-10-27 00:00:00+00:00
[2024-10-27T23:19:10.530+0000] {processor.py:208} INFO - Processing /home/airflow/.local/lib/python3.12/site-packages/airflow/example_dags/example_nested_branch_dag.py took 0.033 seconds
