[2024-10-27T23:11:27.493+0000] {processor.py:186} INFO - Started process (PID=45) to work on /home/airflow/.local/lib/python3.12/site-packages/airflow/example_dags/tutorial.py
[2024-10-27T23:11:27.496+0000] {processor.py:914} INFO - Processing file /home/airflow/.local/lib/python3.12/site-packages/airflow/example_dags/tutorial.py for tasks to queue
[2024-10-27T23:11:27.501+0000] {logging_mixin.py:190} INFO - [2024-10-27T23:11:27.501+0000] {dagbag.py:588} INFO - Filling up the DagBag from /home/airflow/.local/lib/python3.12/site-packages/airflow/example_dags/tutorial.py
[2024-10-27T23:11:27.512+0000] {processor.py:925} INFO - DAG(s) 'tutorial' retrieved from /home/airflow/.local/lib/python3.12/site-packages/airflow/example_dags/tutorial.py
[2024-10-27T23:11:27.529+0000] {logging_mixin.py:190} INFO - [2024-10-27T23:11:27.529+0000] {dag.py:3239} INFO - Sync 1 DAGs
[2024-10-27T23:11:27.541+0000] {logging_mixin.py:190} INFO - [2024-10-27T23:11:27.541+0000] {dag.py:4180} INFO - Setting next_dagrun for tutorial to 2024-10-26 00:00:00+00:00, run_after=2024-10-27 00:00:00+00:00
[2024-10-27T23:11:27.554+0000] {processor.py:208} INFO - Processing /home/airflow/.local/lib/python3.12/site-packages/airflow/example_dags/tutorial.py took 0.067 seconds
[2024-10-27T23:11:58.341+0000] {processor.py:186} INFO - Started process (PID=108) to work on /home/airflow/.local/lib/python3.12/site-packages/airflow/example_dags/tutorial.py
[2024-10-27T23:11:58.342+0000] {processor.py:914} INFO - Processing file /home/airflow/.local/lib/python3.12/site-packages/airflow/example_dags/tutorial.py for tasks to queue
[2024-10-27T23:11:58.344+0000] {logging_mixin.py:190} INFO - [2024-10-27T23:11:58.344+0000] {dagbag.py:588} INFO - Filling up the DagBag from /home/airflow/.local/lib/python3.12/site-packages/airflow/example_dags/tutorial.py
[2024-10-27T23:11:58.352+0000] {processor.py:925} INFO - DAG(s) 'tutorial' retrieved from /home/airflow/.local/lib/python3.12/site-packages/airflow/example_dags/tutorial.py
[2024-10-27T23:11:58.369+0000] {logging_mixin.py:190} INFO - [2024-10-27T23:11:58.369+0000] {dag.py:3239} INFO - Sync 1 DAGs
[2024-10-27T23:11:58.382+0000] {logging_mixin.py:190} INFO - [2024-10-27T23:11:58.382+0000] {dag.py:4180} INFO - Setting next_dagrun for tutorial to 2024-10-26 00:00:00+00:00, run_after=2024-10-27 00:00:00+00:00
[2024-10-27T23:11:58.393+0000] {processor.py:208} INFO - Processing /home/airflow/.local/lib/python3.12/site-packages/airflow/example_dags/tutorial.py took 0.055 seconds
[2024-10-27T23:12:29.262+0000] {processor.py:186} INFO - Started process (PID=171) to work on /home/airflow/.local/lib/python3.12/site-packages/airflow/example_dags/tutorial.py
[2024-10-27T23:12:29.263+0000] {processor.py:914} INFO - Processing file /home/airflow/.local/lib/python3.12/site-packages/airflow/example_dags/tutorial.py for tasks to queue
[2024-10-27T23:12:29.264+0000] {logging_mixin.py:190} INFO - [2024-10-27T23:12:29.264+0000] {dagbag.py:588} INFO - Filling up the DagBag from /home/airflow/.local/lib/python3.12/site-packages/airflow/example_dags/tutorial.py
[2024-10-27T23:12:29.267+0000] {processor.py:925} INFO - DAG(s) 'tutorial' retrieved from /home/airflow/.local/lib/python3.12/site-packages/airflow/example_dags/tutorial.py
[2024-10-27T23:12:29.277+0000] {logging_mixin.py:190} INFO - [2024-10-27T23:12:29.277+0000] {dag.py:3239} INFO - Sync 1 DAGs
[2024-10-27T23:12:29.287+0000] {logging_mixin.py:190} INFO - [2024-10-27T23:12:29.287+0000] {dag.py:4180} INFO - Setting next_dagrun for tutorial to 2024-10-26 00:00:00+00:00, run_after=2024-10-27 00:00:00+00:00
[2024-10-27T23:12:29.293+0000] {processor.py:208} INFO - Processing /home/airflow/.local/lib/python3.12/site-packages/airflow/example_dags/tutorial.py took 0.034 seconds
[2024-10-27T23:13:00.123+0000] {processor.py:186} INFO - Started process (PID=234) to work on /home/airflow/.local/lib/python3.12/site-packages/airflow/example_dags/tutorial.py
[2024-10-27T23:13:00.124+0000] {processor.py:914} INFO - Processing file /home/airflow/.local/lib/python3.12/site-packages/airflow/example_dags/tutorial.py for tasks to queue
[2024-10-27T23:13:00.126+0000] {logging_mixin.py:190} INFO - [2024-10-27T23:13:00.126+0000] {dagbag.py:588} INFO - Filling up the DagBag from /home/airflow/.local/lib/python3.12/site-packages/airflow/example_dags/tutorial.py
[2024-10-27T23:13:00.133+0000] {processor.py:925} INFO - DAG(s) 'tutorial' retrieved from /home/airflow/.local/lib/python3.12/site-packages/airflow/example_dags/tutorial.py
[2024-10-27T23:13:00.146+0000] {logging_mixin.py:190} INFO - [2024-10-27T23:13:00.146+0000] {dag.py:3239} INFO - Sync 1 DAGs
[2024-10-27T23:13:00.158+0000] {logging_mixin.py:190} INFO - [2024-10-27T23:13:00.158+0000] {dag.py:4180} INFO - Setting next_dagrun for tutorial to 2024-10-26 00:00:00+00:00, run_after=2024-10-27 00:00:00+00:00
[2024-10-27T23:13:00.165+0000] {processor.py:208} INFO - Processing /home/airflow/.local/lib/python3.12/site-packages/airflow/example_dags/tutorial.py took 0.046 seconds
[2024-10-27T23:13:30.978+0000] {processor.py:186} INFO - Started process (PID=297) to work on /home/airflow/.local/lib/python3.12/site-packages/airflow/example_dags/tutorial.py
[2024-10-27T23:13:30.979+0000] {processor.py:914} INFO - Processing file /home/airflow/.local/lib/python3.12/site-packages/airflow/example_dags/tutorial.py for tasks to queue
[2024-10-27T23:13:30.980+0000] {logging_mixin.py:190} INFO - [2024-10-27T23:13:30.980+0000] {dagbag.py:588} INFO - Filling up the DagBag from /home/airflow/.local/lib/python3.12/site-packages/airflow/example_dags/tutorial.py
[2024-10-27T23:13:30.987+0000] {processor.py:925} INFO - DAG(s) 'tutorial' retrieved from /home/airflow/.local/lib/python3.12/site-packages/airflow/example_dags/tutorial.py
[2024-10-27T23:13:30.999+0000] {logging_mixin.py:190} INFO - [2024-10-27T23:13:30.998+0000] {dag.py:3239} INFO - Sync 1 DAGs
[2024-10-27T23:13:31.008+0000] {logging_mixin.py:190} INFO - [2024-10-27T23:13:31.008+0000] {dag.py:4180} INFO - Setting next_dagrun for tutorial to 2024-10-26 00:00:00+00:00, run_after=2024-10-27 00:00:00+00:00
[2024-10-27T23:13:31.014+0000] {processor.py:208} INFO - Processing /home/airflow/.local/lib/python3.12/site-packages/airflow/example_dags/tutorial.py took 0.039 seconds
[2024-10-27T23:14:01.831+0000] {processor.py:186} INFO - Started process (PID=366) to work on /home/airflow/.local/lib/python3.12/site-packages/airflow/example_dags/tutorial.py
[2024-10-27T23:14:01.834+0000] {processor.py:914} INFO - Processing file /home/airflow/.local/lib/python3.12/site-packages/airflow/example_dags/tutorial.py for tasks to queue
[2024-10-27T23:14:01.836+0000] {logging_mixin.py:190} INFO - [2024-10-27T23:14:01.836+0000] {dagbag.py:588} INFO - Filling up the DagBag from /home/airflow/.local/lib/python3.12/site-packages/airflow/example_dags/tutorial.py
[2024-10-27T23:14:01.840+0000] {processor.py:925} INFO - DAG(s) 'tutorial' retrieved from /home/airflow/.local/lib/python3.12/site-packages/airflow/example_dags/tutorial.py
[2024-10-27T23:14:01.851+0000] {logging_mixin.py:190} INFO - [2024-10-27T23:14:01.851+0000] {dag.py:3239} INFO - Sync 1 DAGs
[2024-10-27T23:14:01.860+0000] {logging_mixin.py:190} INFO - [2024-10-27T23:14:01.860+0000] {dag.py:4180} INFO - Setting next_dagrun for tutorial to 2024-10-26 00:00:00+00:00, run_after=2024-10-27 00:00:00+00:00
[2024-10-27T23:14:01.865+0000] {processor.py:208} INFO - Processing /home/airflow/.local/lib/python3.12/site-packages/airflow/example_dags/tutorial.py took 0.037 seconds
[2024-10-27T23:14:32.574+0000] {processor.py:186} INFO - Started process (PID=429) to work on /home/airflow/.local/lib/python3.12/site-packages/airflow/example_dags/tutorial.py
[2024-10-27T23:14:32.575+0000] {processor.py:914} INFO - Processing file /home/airflow/.local/lib/python3.12/site-packages/airflow/example_dags/tutorial.py for tasks to queue
[2024-10-27T23:14:32.576+0000] {logging_mixin.py:190} INFO - [2024-10-27T23:14:32.576+0000] {dagbag.py:588} INFO - Filling up the DagBag from /home/airflow/.local/lib/python3.12/site-packages/airflow/example_dags/tutorial.py
[2024-10-27T23:14:32.580+0000] {processor.py:925} INFO - DAG(s) 'tutorial' retrieved from /home/airflow/.local/lib/python3.12/site-packages/airflow/example_dags/tutorial.py
[2024-10-27T23:14:32.590+0000] {logging_mixin.py:190} INFO - [2024-10-27T23:14:32.590+0000] {dag.py:3239} INFO - Sync 1 DAGs
[2024-10-27T23:14:32.599+0000] {logging_mixin.py:190} INFO - [2024-10-27T23:14:32.599+0000] {dag.py:4180} INFO - Setting next_dagrun for tutorial to 2024-10-26 00:00:00+00:00, run_after=2024-10-27 00:00:00+00:00
[2024-10-27T23:14:32.607+0000] {processor.py:208} INFO - Processing /home/airflow/.local/lib/python3.12/site-packages/airflow/example_dags/tutorial.py took 0.036 seconds
[2024-10-27T23:15:34.460+0000] {processor.py:186} INFO - Started process (PID=46) to work on /home/airflow/.local/lib/python3.12/site-packages/airflow/example_dags/tutorial.py
[2024-10-27T23:15:34.461+0000] {processor.py:914} INFO - Processing file /home/airflow/.local/lib/python3.12/site-packages/airflow/example_dags/tutorial.py for tasks to queue
[2024-10-27T23:15:34.465+0000] {logging_mixin.py:190} INFO - [2024-10-27T23:15:34.465+0000] {dagbag.py:588} INFO - Filling up the DagBag from /home/airflow/.local/lib/python3.12/site-packages/airflow/example_dags/tutorial.py
[2024-10-27T23:15:34.472+0000] {processor.py:925} INFO - DAG(s) 'tutorial' retrieved from /home/airflow/.local/lib/python3.12/site-packages/airflow/example_dags/tutorial.py
[2024-10-27T23:15:34.496+0000] {logging_mixin.py:190} INFO - [2024-10-27T23:15:34.496+0000] {dag.py:3239} INFO - Sync 1 DAGs
[2024-10-27T23:15:34.509+0000] {logging_mixin.py:190} INFO - [2024-10-27T23:15:34.509+0000] {dag.py:4180} INFO - Setting next_dagrun for tutorial to 2024-10-26 00:00:00+00:00, run_after=2024-10-27 00:00:00+00:00
[2024-10-27T23:15:34.523+0000] {processor.py:208} INFO - Processing /home/airflow/.local/lib/python3.12/site-packages/airflow/example_dags/tutorial.py took 0.067 seconds
[2024-10-27T23:16:04.948+0000] {processor.py:186} INFO - Started process (PID=109) to work on /home/airflow/.local/lib/python3.12/site-packages/airflow/example_dags/tutorial.py
[2024-10-27T23:16:04.949+0000] {processor.py:914} INFO - Processing file /home/airflow/.local/lib/python3.12/site-packages/airflow/example_dags/tutorial.py for tasks to queue
[2024-10-27T23:16:04.950+0000] {logging_mixin.py:190} INFO - [2024-10-27T23:16:04.950+0000] {dagbag.py:588} INFO - Filling up the DagBag from /home/airflow/.local/lib/python3.12/site-packages/airflow/example_dags/tutorial.py
[2024-10-27T23:16:04.953+0000] {processor.py:925} INFO - DAG(s) 'tutorial' retrieved from /home/airflow/.local/lib/python3.12/site-packages/airflow/example_dags/tutorial.py
[2024-10-27T23:16:04.967+0000] {logging_mixin.py:190} INFO - [2024-10-27T23:16:04.967+0000] {dag.py:3239} INFO - Sync 1 DAGs
[2024-10-27T23:16:04.975+0000] {logging_mixin.py:190} INFO - [2024-10-27T23:16:04.975+0000] {dag.py:4180} INFO - Setting next_dagrun for tutorial to 2024-10-26 00:00:00+00:00, run_after=2024-10-27 00:00:00+00:00
[2024-10-27T23:16:04.982+0000] {processor.py:208} INFO - Processing /home/airflow/.local/lib/python3.12/site-packages/airflow/example_dags/tutorial.py took 0.036 seconds
[2024-10-27T23:16:35.775+0000] {processor.py:186} INFO - Started process (PID=172) to work on /home/airflow/.local/lib/python3.12/site-packages/airflow/example_dags/tutorial.py
[2024-10-27T23:16:35.776+0000] {processor.py:914} INFO - Processing file /home/airflow/.local/lib/python3.12/site-packages/airflow/example_dags/tutorial.py for tasks to queue
[2024-10-27T23:16:35.777+0000] {logging_mixin.py:190} INFO - [2024-10-27T23:16:35.777+0000] {dagbag.py:588} INFO - Filling up the DagBag from /home/airflow/.local/lib/python3.12/site-packages/airflow/example_dags/tutorial.py
[2024-10-27T23:16:35.780+0000] {processor.py:925} INFO - DAG(s) 'tutorial' retrieved from /home/airflow/.local/lib/python3.12/site-packages/airflow/example_dags/tutorial.py
[2024-10-27T23:16:35.791+0000] {logging_mixin.py:190} INFO - [2024-10-27T23:16:35.791+0000] {dag.py:3239} INFO - Sync 1 DAGs
[2024-10-27T23:16:35.801+0000] {logging_mixin.py:190} INFO - [2024-10-27T23:16:35.801+0000] {dag.py:4180} INFO - Setting next_dagrun for tutorial to 2024-10-26 00:00:00+00:00, run_after=2024-10-27 00:00:00+00:00
[2024-10-27T23:16:35.813+0000] {processor.py:208} INFO - Processing /home/airflow/.local/lib/python3.12/site-packages/airflow/example_dags/tutorial.py took 0.041 seconds
[2024-10-27T23:17:06.489+0000] {processor.py:186} INFO - Started process (PID=235) to work on /home/airflow/.local/lib/python3.12/site-packages/airflow/example_dags/tutorial.py
[2024-10-27T23:17:06.490+0000] {processor.py:914} INFO - Processing file /home/airflow/.local/lib/python3.12/site-packages/airflow/example_dags/tutorial.py for tasks to queue
[2024-10-27T23:17:06.491+0000] {logging_mixin.py:190} INFO - [2024-10-27T23:17:06.491+0000] {dagbag.py:588} INFO - Filling up the DagBag from /home/airflow/.local/lib/python3.12/site-packages/airflow/example_dags/tutorial.py
[2024-10-27T23:17:06.494+0000] {processor.py:925} INFO - DAG(s) 'tutorial' retrieved from /home/airflow/.local/lib/python3.12/site-packages/airflow/example_dags/tutorial.py
[2024-10-27T23:17:06.502+0000] {logging_mixin.py:190} INFO - [2024-10-27T23:17:06.502+0000] {dag.py:3239} INFO - Sync 1 DAGs
[2024-10-27T23:17:06.512+0000] {logging_mixin.py:190} INFO - [2024-10-27T23:17:06.511+0000] {dag.py:4180} INFO - Setting next_dagrun for tutorial to 2024-10-26 00:00:00+00:00, run_after=2024-10-27 00:00:00+00:00
[2024-10-27T23:17:06.520+0000] {processor.py:208} INFO - Processing /home/airflow/.local/lib/python3.12/site-packages/airflow/example_dags/tutorial.py took 0.034 seconds
[2024-10-27T23:17:37.295+0000] {processor.py:186} INFO - Started process (PID=298) to work on /home/airflow/.local/lib/python3.12/site-packages/airflow/example_dags/tutorial.py
[2024-10-27T23:17:37.296+0000] {processor.py:914} INFO - Processing file /home/airflow/.local/lib/python3.12/site-packages/airflow/example_dags/tutorial.py for tasks to queue
[2024-10-27T23:17:37.297+0000] {logging_mixin.py:190} INFO - [2024-10-27T23:17:37.297+0000] {dagbag.py:588} INFO - Filling up the DagBag from /home/airflow/.local/lib/python3.12/site-packages/airflow/example_dags/tutorial.py
[2024-10-27T23:17:37.301+0000] {processor.py:925} INFO - DAG(s) 'tutorial' retrieved from /home/airflow/.local/lib/python3.12/site-packages/airflow/example_dags/tutorial.py
[2024-10-27T23:17:37.312+0000] {logging_mixin.py:190} INFO - [2024-10-27T23:17:37.312+0000] {dag.py:3239} INFO - Sync 1 DAGs
[2024-10-27T23:17:37.322+0000] {logging_mixin.py:190} INFO - [2024-10-27T23:17:37.321+0000] {dag.py:4180} INFO - Setting next_dagrun for tutorial to 2024-10-26 00:00:00+00:00, run_after=2024-10-27 00:00:00+00:00
[2024-10-27T23:17:37.331+0000] {processor.py:208} INFO - Processing /home/airflow/.local/lib/python3.12/site-packages/airflow/example_dags/tutorial.py took 0.040 seconds
[2024-10-27T23:18:08.076+0000] {processor.py:186} INFO - Started process (PID=361) to work on /home/airflow/.local/lib/python3.12/site-packages/airflow/example_dags/tutorial.py
[2024-10-27T23:18:08.076+0000] {processor.py:914} INFO - Processing file /home/airflow/.local/lib/python3.12/site-packages/airflow/example_dags/tutorial.py for tasks to queue
[2024-10-27T23:18:08.077+0000] {logging_mixin.py:190} INFO - [2024-10-27T23:18:08.077+0000] {dagbag.py:588} INFO - Filling up the DagBag from /home/airflow/.local/lib/python3.12/site-packages/airflow/example_dags/tutorial.py
[2024-10-27T23:18:08.081+0000] {processor.py:925} INFO - DAG(s) 'tutorial' retrieved from /home/airflow/.local/lib/python3.12/site-packages/airflow/example_dags/tutorial.py
[2024-10-27T23:18:08.090+0000] {logging_mixin.py:190} INFO - [2024-10-27T23:18:08.090+0000] {dag.py:3239} INFO - Sync 1 DAGs
[2024-10-27T23:18:08.101+0000] {logging_mixin.py:190} INFO - [2024-10-27T23:18:08.101+0000] {dag.py:4180} INFO - Setting next_dagrun for tutorial to 2024-10-26 00:00:00+00:00, run_after=2024-10-27 00:00:00+00:00
[2024-10-27T23:18:08.110+0000] {processor.py:208} INFO - Processing /home/airflow/.local/lib/python3.12/site-packages/airflow/example_dags/tutorial.py took 0.038 seconds
[2024-10-27T23:18:38.814+0000] {processor.py:186} INFO - Started process (PID=424) to work on /home/airflow/.local/lib/python3.12/site-packages/airflow/example_dags/tutorial.py
[2024-10-27T23:18:38.816+0000] {processor.py:914} INFO - Processing file /home/airflow/.local/lib/python3.12/site-packages/airflow/example_dags/tutorial.py for tasks to queue
[2024-10-27T23:18:38.817+0000] {logging_mixin.py:190} INFO - [2024-10-27T23:18:38.816+0000] {dagbag.py:588} INFO - Filling up the DagBag from /home/airflow/.local/lib/python3.12/site-packages/airflow/example_dags/tutorial.py
[2024-10-27T23:18:38.820+0000] {processor.py:925} INFO - DAG(s) 'tutorial' retrieved from /home/airflow/.local/lib/python3.12/site-packages/airflow/example_dags/tutorial.py
[2024-10-27T23:18:38.830+0000] {logging_mixin.py:190} INFO - [2024-10-27T23:18:38.830+0000] {dag.py:3239} INFO - Sync 1 DAGs
[2024-10-27T23:18:38.840+0000] {logging_mixin.py:190} INFO - [2024-10-27T23:18:38.840+0000] {dag.py:4180} INFO - Setting next_dagrun for tutorial to 2024-10-26 00:00:00+00:00, run_after=2024-10-27 00:00:00+00:00
[2024-10-27T23:18:38.848+0000] {processor.py:208} INFO - Processing /home/airflow/.local/lib/python3.12/site-packages/airflow/example_dags/tutorial.py took 0.037 seconds
[2024-10-27T23:19:09.846+0000] {processor.py:186} INFO - Started process (PID=493) to work on /home/airflow/.local/lib/python3.12/site-packages/airflow/example_dags/tutorial.py
[2024-10-27T23:19:09.849+0000] {processor.py:914} INFO - Processing file /home/airflow/.local/lib/python3.12/site-packages/airflow/example_dags/tutorial.py for tasks to queue
[2024-10-27T23:19:09.851+0000] {logging_mixin.py:190} INFO - [2024-10-27T23:19:09.851+0000] {dagbag.py:588} INFO - Filling up the DagBag from /home/airflow/.local/lib/python3.12/site-packages/airflow/example_dags/tutorial.py
[2024-10-27T23:19:09.855+0000] {processor.py:925} INFO - DAG(s) 'tutorial' retrieved from /home/airflow/.local/lib/python3.12/site-packages/airflow/example_dags/tutorial.py
[2024-10-27T23:19:09.867+0000] {logging_mixin.py:190} INFO - [2024-10-27T23:19:09.866+0000] {dag.py:3239} INFO - Sync 1 DAGs
[2024-10-27T23:19:09.877+0000] {logging_mixin.py:190} INFO - [2024-10-27T23:19:09.877+0000] {dag.py:4180} INFO - Setting next_dagrun for tutorial to 2024-10-26 00:00:00+00:00, run_after=2024-10-27 00:00:00+00:00
[2024-10-27T23:19:09.884+0000] {processor.py:208} INFO - Processing /home/airflow/.local/lib/python3.12/site-packages/airflow/example_dags/tutorial.py took 0.041 seconds
