[2024-10-27T23:11:27.319+0000] {processor.py:186} INFO - Started process (PID=42) to work on /opt/airflow/dags/pipeline_scrape_and_extract.py
[2024-10-27T23:11:27.320+0000] {processor.py:914} INFO - Processing file /opt/airflow/dags/pipeline_scrape_and_extract.py for tasks to queue
[2024-10-27T23:11:27.324+0000] {logging_mixin.py:190} INFO - [2024-10-27T23:11:27.324+0000] {dagbag.py:588} INFO - Filling up the DagBag from /opt/airflow/dags/pipeline_scrape_and_extract.py
[2024-10-27T23:11:27.374+0000] {logging_mixin.py:190} INFO - [2024-10-27T23:11:27.363+0000] {dagbag.py:387} ERROR - Failed to import: /opt/airflow/dags/pipeline_scrape_and_extract.py
Traceback (most recent call last):
  File "/home/airflow/.local/lib/python3.12/site-packages/airflow/models/dagbag.py", line 383, in parse
    loader.exec_module(new_module)
  File "<frozen importlib._bootstrap_external>", line 995, in exec_module
  File "<frozen importlib._bootstrap>", line 488, in _call_with_frames_removed
  File "/opt/airflow/dags/pipeline_scrape_and_extract.py", line 4, in <module>
    from data_load.scrape_data import scrape_data
  File "/opt/airflow/dags/data_load/scrape_data.py", line 2, in <module>
    from selenium import webdriver
ModuleNotFoundError: No module named 'selenium'
[2024-10-27T23:11:27.377+0000] {processor.py:927} WARNING - No viable dags retrieved from /opt/airflow/dags/pipeline_scrape_and_extract.py
[2024-10-27T23:11:27.400+0000] {processor.py:208} INFO - Processing /opt/airflow/dags/pipeline_scrape_and_extract.py took 0.091 seconds
[2024-10-27T23:11:58.248+0000] {processor.py:186} INFO - Started process (PID=105) to work on /opt/airflow/dags/pipeline_scrape_and_extract.py
[2024-10-27T23:11:58.250+0000] {processor.py:914} INFO - Processing file /opt/airflow/dags/pipeline_scrape_and_extract.py for tasks to queue
[2024-10-27T23:11:58.254+0000] {logging_mixin.py:190} INFO - [2024-10-27T23:11:58.253+0000] {dagbag.py:588} INFO - Filling up the DagBag from /opt/airflow/dags/pipeline_scrape_and_extract.py
[2024-10-27T23:11:58.272+0000] {logging_mixin.py:190} INFO - [2024-10-27T23:11:58.269+0000] {dagbag.py:387} ERROR - Failed to import: /opt/airflow/dags/pipeline_scrape_and_extract.py
Traceback (most recent call last):
  File "/home/airflow/.local/lib/python3.12/site-packages/airflow/models/dagbag.py", line 383, in parse
    loader.exec_module(new_module)
  File "<frozen importlib._bootstrap_external>", line 995, in exec_module
  File "<frozen importlib._bootstrap>", line 488, in _call_with_frames_removed
  File "/opt/airflow/dags/pipeline_scrape_and_extract.py", line 4, in <module>
    from data_load.scrape_data import scrape_data
  File "/opt/airflow/dags/data_load/scrape_data.py", line 2, in <module>
    from selenium import webdriver
ModuleNotFoundError: No module named 'selenium'
[2024-10-27T23:11:58.274+0000] {processor.py:927} WARNING - No viable dags retrieved from /opt/airflow/dags/pipeline_scrape_and_extract.py
[2024-10-27T23:11:58.301+0000] {processor.py:208} INFO - Processing /opt/airflow/dags/pipeline_scrape_and_extract.py took 0.060 seconds
[2024-10-27T23:12:29.205+0000] {processor.py:186} INFO - Started process (PID=168) to work on /opt/airflow/dags/pipeline_scrape_and_extract.py
[2024-10-27T23:12:29.207+0000] {processor.py:914} INFO - Processing file /opt/airflow/dags/pipeline_scrape_and_extract.py for tasks to queue
[2024-10-27T23:12:29.210+0000] {logging_mixin.py:190} INFO - [2024-10-27T23:12:29.210+0000] {dagbag.py:588} INFO - Filling up the DagBag from /opt/airflow/dags/pipeline_scrape_and_extract.py
[2024-10-27T23:12:29.217+0000] {logging_mixin.py:190} INFO - [2024-10-27T23:12:29.215+0000] {dagbag.py:387} ERROR - Failed to import: /opt/airflow/dags/pipeline_scrape_and_extract.py
Traceback (most recent call last):
  File "/home/airflow/.local/lib/python3.12/site-packages/airflow/models/dagbag.py", line 383, in parse
    loader.exec_module(new_module)
  File "<frozen importlib._bootstrap_external>", line 995, in exec_module
  File "<frozen importlib._bootstrap>", line 488, in _call_with_frames_removed
  File "/opt/airflow/dags/pipeline_scrape_and_extract.py", line 4, in <module>
    from data_load.scrape_data import scrape_data
  File "/opt/airflow/dags/data_load/scrape_data.py", line 2, in <module>
    from selenium import webdriver
ModuleNotFoundError: No module named 'selenium'
[2024-10-27T23:12:29.217+0000] {processor.py:927} WARNING - No viable dags retrieved from /opt/airflow/dags/pipeline_scrape_and_extract.py
[2024-10-27T23:12:29.233+0000] {processor.py:208} INFO - Processing /opt/airflow/dags/pipeline_scrape_and_extract.py took 0.036 seconds
[2024-10-27T23:13:00.004+0000] {processor.py:186} INFO - Started process (PID=231) to work on /opt/airflow/dags/pipeline_scrape_and_extract.py
[2024-10-27T23:13:00.005+0000] {processor.py:914} INFO - Processing file /opt/airflow/dags/pipeline_scrape_and_extract.py for tasks to queue
[2024-10-27T23:13:00.008+0000] {logging_mixin.py:190} INFO - [2024-10-27T23:13:00.007+0000] {dagbag.py:588} INFO - Filling up the DagBag from /opt/airflow/dags/pipeline_scrape_and_extract.py
[2024-10-27T23:13:00.022+0000] {logging_mixin.py:190} INFO - [2024-10-27T23:13:00.020+0000] {dagbag.py:387} ERROR - Failed to import: /opt/airflow/dags/pipeline_scrape_and_extract.py
Traceback (most recent call last):
  File "/home/airflow/.local/lib/python3.12/site-packages/airflow/models/dagbag.py", line 383, in parse
    loader.exec_module(new_module)
  File "<frozen importlib._bootstrap_external>", line 995, in exec_module
  File "<frozen importlib._bootstrap>", line 488, in _call_with_frames_removed
  File "/opt/airflow/dags/pipeline_scrape_and_extract.py", line 4, in <module>
    from data_load.scrape_data import scrape_data
  File "/opt/airflow/dags/data_load/scrape_data.py", line 2, in <module>
    from selenium import webdriver
ModuleNotFoundError: No module named 'selenium'
[2024-10-27T23:13:00.023+0000] {processor.py:927} WARNING - No viable dags retrieved from /opt/airflow/dags/pipeline_scrape_and_extract.py
[2024-10-27T23:13:00.088+0000] {processor.py:208} INFO - Processing /opt/airflow/dags/pipeline_scrape_and_extract.py took 0.090 seconds
[2024-10-27T23:13:30.924+0000] {processor.py:186} INFO - Started process (PID=294) to work on /opt/airflow/dags/pipeline_scrape_and_extract.py
[2024-10-27T23:13:30.925+0000] {processor.py:914} INFO - Processing file /opt/airflow/dags/pipeline_scrape_and_extract.py for tasks to queue
[2024-10-27T23:13:30.926+0000] {logging_mixin.py:190} INFO - [2024-10-27T23:13:30.926+0000] {dagbag.py:588} INFO - Filling up the DagBag from /opt/airflow/dags/pipeline_scrape_and_extract.py
[2024-10-27T23:13:30.936+0000] {logging_mixin.py:190} INFO - [2024-10-27T23:13:30.932+0000] {dagbag.py:387} ERROR - Failed to import: /opt/airflow/dags/pipeline_scrape_and_extract.py
Traceback (most recent call last):
  File "/home/airflow/.local/lib/python3.12/site-packages/airflow/models/dagbag.py", line 383, in parse
    loader.exec_module(new_module)
  File "<frozen importlib._bootstrap_external>", line 995, in exec_module
  File "<frozen importlib._bootstrap>", line 488, in _call_with_frames_removed
  File "/opt/airflow/dags/pipeline_scrape_and_extract.py", line 4, in <module>
    from data_load.scrape_data import scrape_data
  File "/opt/airflow/dags/data_load/scrape_data.py", line 2, in <module>
    from selenium import webdriver
ModuleNotFoundError: No module named 'selenium'
[2024-10-27T23:13:30.936+0000] {processor.py:927} WARNING - No viable dags retrieved from /opt/airflow/dags/pipeline_scrape_and_extract.py
[2024-10-27T23:13:30.948+0000] {processor.py:208} INFO - Processing /opt/airflow/dags/pipeline_scrape_and_extract.py took 0.027 seconds
[2024-10-27T23:14:01.778+0000] {processor.py:186} INFO - Started process (PID=363) to work on /opt/airflow/dags/pipeline_scrape_and_extract.py
[2024-10-27T23:14:01.779+0000] {processor.py:914} INFO - Processing file /opt/airflow/dags/pipeline_scrape_and_extract.py for tasks to queue
[2024-10-27T23:14:01.782+0000] {logging_mixin.py:190} INFO - [2024-10-27T23:14:01.782+0000] {dagbag.py:588} INFO - Filling up the DagBag from /opt/airflow/dags/pipeline_scrape_and_extract.py
[2024-10-27T23:14:01.791+0000] {logging_mixin.py:190} INFO - [2024-10-27T23:14:01.790+0000] {dagbag.py:387} ERROR - Failed to import: /opt/airflow/dags/pipeline_scrape_and_extract.py
Traceback (most recent call last):
  File "/home/airflow/.local/lib/python3.12/site-packages/airflow/models/dagbag.py", line 383, in parse
    loader.exec_module(new_module)
  File "<frozen importlib._bootstrap_external>", line 995, in exec_module
  File "<frozen importlib._bootstrap>", line 488, in _call_with_frames_removed
  File "/opt/airflow/dags/pipeline_scrape_and_extract.py", line 4, in <module>
    from data_load.scrape_data import scrape_data
  File "/opt/airflow/dags/data_load/scrape_data.py", line 2, in <module>
    from selenium import webdriver
ModuleNotFoundError: No module named 'selenium'
[2024-10-27T23:14:01.792+0000] {processor.py:927} WARNING - No viable dags retrieved from /opt/airflow/dags/pipeline_scrape_and_extract.py
[2024-10-27T23:14:01.803+0000] {processor.py:208} INFO - Processing /opt/airflow/dags/pipeline_scrape_and_extract.py took 0.031 seconds
[2024-10-27T23:14:32.512+0000] {processor.py:186} INFO - Started process (PID=426) to work on /opt/airflow/dags/pipeline_scrape_and_extract.py
[2024-10-27T23:14:32.513+0000] {processor.py:914} INFO - Processing file /opt/airflow/dags/pipeline_scrape_and_extract.py for tasks to queue
[2024-10-27T23:14:32.515+0000] {logging_mixin.py:190} INFO - [2024-10-27T23:14:32.514+0000] {dagbag.py:588} INFO - Filling up the DagBag from /opt/airflow/dags/pipeline_scrape_and_extract.py
[2024-10-27T23:14:32.524+0000] {logging_mixin.py:190} INFO - [2024-10-27T23:14:32.520+0000] {dagbag.py:387} ERROR - Failed to import: /opt/airflow/dags/pipeline_scrape_and_extract.py
Traceback (most recent call last):
  File "/home/airflow/.local/lib/python3.12/site-packages/airflow/models/dagbag.py", line 383, in parse
    loader.exec_module(new_module)
  File "<frozen importlib._bootstrap_external>", line 995, in exec_module
  File "<frozen importlib._bootstrap>", line 488, in _call_with_frames_removed
  File "/opt/airflow/dags/pipeline_scrape_and_extract.py", line 4, in <module>
    from data_load.scrape_data import scrape_data
  File "/opt/airflow/dags/data_load/scrape_data.py", line 2, in <module>
    from selenium import webdriver
ModuleNotFoundError: No module named 'selenium'
[2024-10-27T23:14:32.524+0000] {processor.py:927} WARNING - No viable dags retrieved from /opt/airflow/dags/pipeline_scrape_and_extract.py
[2024-10-27T23:14:32.537+0000] {processor.py:208} INFO - Processing /opt/airflow/dags/pipeline_scrape_and_extract.py took 0.029 seconds
[2024-10-27T23:15:34.317+0000] {processor.py:186} INFO - Started process (PID=43) to work on /opt/airflow/dags/pipeline_scrape_and_extract.py
[2024-10-27T23:15:34.322+0000] {processor.py:914} INFO - Processing file /opt/airflow/dags/pipeline_scrape_and_extract.py for tasks to queue
[2024-10-27T23:15:34.329+0000] {logging_mixin.py:190} INFO - [2024-10-27T23:15:34.328+0000] {dagbag.py:588} INFO - Filling up the DagBag from /opt/airflow/dags/pipeline_scrape_and_extract.py
[2024-10-27T23:15:34.340+0000] {logging_mixin.py:190} INFO - [2024-10-27T23:15:34.338+0000] {dagbag.py:387} ERROR - Failed to import: /opt/airflow/dags/pipeline_scrape_and_extract.py
Traceback (most recent call last):
  File "/home/airflow/.local/lib/python3.12/site-packages/airflow/models/dagbag.py", line 383, in parse
    loader.exec_module(new_module)
  File "<frozen importlib._bootstrap_external>", line 995, in exec_module
  File "<frozen importlib._bootstrap>", line 488, in _call_with_frames_removed
  File "/opt/airflow/dags/pipeline_scrape_and_extract.py", line 4, in <module>
    from data_load.scrape_data import scrape_data
  File "/opt/airflow/dags/data_load/scrape_data.py", line 2, in <module>
    from selenium import webdriver
ModuleNotFoundError: No module named 'selenium'
[2024-10-27T23:15:34.341+0000] {processor.py:927} WARNING - No viable dags retrieved from /opt/airflow/dags/pipeline_scrape_and_extract.py
[2024-10-27T23:15:34.360+0000] {processor.py:208} INFO - Processing /opt/airflow/dags/pipeline_scrape_and_extract.py took 0.048 seconds
[2024-10-27T23:16:04.892+0000] {processor.py:186} INFO - Started process (PID=106) to work on /opt/airflow/dags/pipeline_scrape_and_extract.py
[2024-10-27T23:16:04.893+0000] {processor.py:914} INFO - Processing file /opt/airflow/dags/pipeline_scrape_and_extract.py for tasks to queue
[2024-10-27T23:16:04.897+0000] {logging_mixin.py:190} INFO - [2024-10-27T23:16:04.896+0000] {dagbag.py:588} INFO - Filling up the DagBag from /opt/airflow/dags/pipeline_scrape_and_extract.py
[2024-10-27T23:16:04.904+0000] {logging_mixin.py:190} INFO - [2024-10-27T23:16:04.902+0000] {dagbag.py:387} ERROR - Failed to import: /opt/airflow/dags/pipeline_scrape_and_extract.py
Traceback (most recent call last):
  File "/home/airflow/.local/lib/python3.12/site-packages/airflow/models/dagbag.py", line 383, in parse
    loader.exec_module(new_module)
  File "<frozen importlib._bootstrap_external>", line 995, in exec_module
  File "<frozen importlib._bootstrap>", line 488, in _call_with_frames_removed
  File "/opt/airflow/dags/pipeline_scrape_and_extract.py", line 4, in <module>
    from data_load.scrape_data import scrape_data
  File "/opt/airflow/dags/data_load/scrape_data.py", line 2, in <module>
    from selenium import webdriver
ModuleNotFoundError: No module named 'selenium'
[2024-10-27T23:16:04.904+0000] {processor.py:927} WARNING - No viable dags retrieved from /opt/airflow/dags/pipeline_scrape_and_extract.py
[2024-10-27T23:16:04.918+0000] {processor.py:208} INFO - Processing /opt/airflow/dags/pipeline_scrape_and_extract.py took 0.033 seconds
[2024-10-27T23:16:35.723+0000] {processor.py:186} INFO - Started process (PID=169) to work on /opt/airflow/dags/pipeline_scrape_and_extract.py
[2024-10-27T23:16:35.725+0000] {processor.py:914} INFO - Processing file /opt/airflow/dags/pipeline_scrape_and_extract.py for tasks to queue
[2024-10-27T23:16:35.728+0000] {logging_mixin.py:190} INFO - [2024-10-27T23:16:35.727+0000] {dagbag.py:588} INFO - Filling up the DagBag from /opt/airflow/dags/pipeline_scrape_and_extract.py
[2024-10-27T23:16:35.735+0000] {logging_mixin.py:190} INFO - [2024-10-27T23:16:35.734+0000] {dagbag.py:387} ERROR - Failed to import: /opt/airflow/dags/pipeline_scrape_and_extract.py
Traceback (most recent call last):
  File "/home/airflow/.local/lib/python3.12/site-packages/airflow/models/dagbag.py", line 383, in parse
    loader.exec_module(new_module)
  File "<frozen importlib._bootstrap_external>", line 995, in exec_module
  File "<frozen importlib._bootstrap>", line 488, in _call_with_frames_removed
  File "/opt/airflow/dags/pipeline_scrape_and_extract.py", line 4, in <module>
    from data_load.scrape_data import scrape_data
  File "/opt/airflow/dags/data_load/scrape_data.py", line 2, in <module>
    from selenium import webdriver
ModuleNotFoundError: No module named 'selenium'
[2024-10-27T23:16:35.735+0000] {processor.py:927} WARNING - No viable dags retrieved from /opt/airflow/dags/pipeline_scrape_and_extract.py
[2024-10-27T23:16:35.745+0000] {processor.py:208} INFO - Processing /opt/airflow/dags/pipeline_scrape_and_extract.py took 0.028 seconds
[2024-10-27T23:17:06.439+0000] {processor.py:186} INFO - Started process (PID=232) to work on /opt/airflow/dags/pipeline_scrape_and_extract.py
[2024-10-27T23:17:06.440+0000] {processor.py:914} INFO - Processing file /opt/airflow/dags/pipeline_scrape_and_extract.py for tasks to queue
[2024-10-27T23:17:06.442+0000] {logging_mixin.py:190} INFO - [2024-10-27T23:17:06.442+0000] {dagbag.py:588} INFO - Filling up the DagBag from /opt/airflow/dags/pipeline_scrape_and_extract.py
[2024-10-27T23:17:06.446+0000] {logging_mixin.py:190} INFO - [2024-10-27T23:17:06.445+0000] {dagbag.py:387} ERROR - Failed to import: /opt/airflow/dags/pipeline_scrape_and_extract.py
Traceback (most recent call last):
  File "/home/airflow/.local/lib/python3.12/site-packages/airflow/models/dagbag.py", line 383, in parse
    loader.exec_module(new_module)
  File "<frozen importlib._bootstrap_external>", line 995, in exec_module
  File "<frozen importlib._bootstrap>", line 488, in _call_with_frames_removed
  File "/opt/airflow/dags/pipeline_scrape_and_extract.py", line 4, in <module>
    from data_load.scrape_data import scrape_data
  File "/opt/airflow/dags/data_load/scrape_data.py", line 2, in <module>
    from selenium import webdriver
ModuleNotFoundError: No module named 'selenium'
[2024-10-27T23:17:06.446+0000] {processor.py:927} WARNING - No viable dags retrieved from /opt/airflow/dags/pipeline_scrape_and_extract.py
[2024-10-27T23:17:06.457+0000] {processor.py:208} INFO - Processing /opt/airflow/dags/pipeline_scrape_and_extract.py took 0.022 seconds
[2024-10-27T23:17:37.190+0000] {processor.py:186} INFO - Started process (PID=295) to work on /opt/airflow/dags/pipeline_scrape_and_extract.py
[2024-10-27T23:17:37.192+0000] {processor.py:914} INFO - Processing file /opt/airflow/dags/pipeline_scrape_and_extract.py for tasks to queue
[2024-10-27T23:17:37.195+0000] {logging_mixin.py:190} INFO - [2024-10-27T23:17:37.194+0000] {dagbag.py:588} INFO - Filling up the DagBag from /opt/airflow/dags/pipeline_scrape_and_extract.py
[2024-10-27T23:17:37.212+0000] {logging_mixin.py:190} INFO - [2024-10-27T23:17:37.210+0000] {dagbag.py:387} ERROR - Failed to import: /opt/airflow/dags/pipeline_scrape_and_extract.py
Traceback (most recent call last):
  File "/home/airflow/.local/lib/python3.12/site-packages/airflow/models/dagbag.py", line 383, in parse
    loader.exec_module(new_module)
  File "<frozen importlib._bootstrap_external>", line 995, in exec_module
  File "<frozen importlib._bootstrap>", line 488, in _call_with_frames_removed
  File "/opt/airflow/dags/pipeline_scrape_and_extract.py", line 4, in <module>
    from data_load.scrape_data import scrape_data
  File "/opt/airflow/dags/data_load/scrape_data.py", line 2, in <module>
    from selenium import webdriver
ModuleNotFoundError: No module named 'selenium'
[2024-10-27T23:17:37.213+0000] {processor.py:927} WARNING - No viable dags retrieved from /opt/airflow/dags/pipeline_scrape_and_extract.py
[2024-10-27T23:17:37.232+0000] {processor.py:208} INFO - Processing /opt/airflow/dags/pipeline_scrape_and_extract.py took 0.050 seconds
[2024-10-27T23:18:07.995+0000] {processor.py:186} INFO - Started process (PID=358) to work on /opt/airflow/dags/pipeline_scrape_and_extract.py
[2024-10-27T23:18:07.996+0000] {processor.py:914} INFO - Processing file /opt/airflow/dags/pipeline_scrape_and_extract.py for tasks to queue
[2024-10-27T23:18:07.999+0000] {logging_mixin.py:190} INFO - [2024-10-27T23:18:07.999+0000] {dagbag.py:588} INFO - Filling up the DagBag from /opt/airflow/dags/pipeline_scrape_and_extract.py
[2024-10-27T23:18:08.014+0000] {logging_mixin.py:190} INFO - [2024-10-27T23:18:08.008+0000] {dagbag.py:387} ERROR - Failed to import: /opt/airflow/dags/pipeline_scrape_and_extract.py
Traceback (most recent call last):
  File "/home/airflow/.local/lib/python3.12/site-packages/airflow/models/dagbag.py", line 383, in parse
    loader.exec_module(new_module)
  File "<frozen importlib._bootstrap_external>", line 995, in exec_module
  File "<frozen importlib._bootstrap>", line 488, in _call_with_frames_removed
  File "/opt/airflow/dags/pipeline_scrape_and_extract.py", line 4, in <module>
    from data_load.scrape_data import scrape_data
  File "/opt/airflow/dags/data_load/scrape_data.py", line 2, in <module>
    from selenium import webdriver
ModuleNotFoundError: No module named 'selenium'
[2024-10-27T23:18:08.015+0000] {processor.py:927} WARNING - No viable dags retrieved from /opt/airflow/dags/pipeline_scrape_and_extract.py
[2024-10-27T23:18:08.029+0000] {processor.py:208} INFO - Processing /opt/airflow/dags/pipeline_scrape_and_extract.py took 0.041 seconds
[2024-10-27T23:18:38.761+0000] {processor.py:186} INFO - Started process (PID=421) to work on /opt/airflow/dags/pipeline_scrape_and_extract.py
[2024-10-27T23:18:38.762+0000] {processor.py:914} INFO - Processing file /opt/airflow/dags/pipeline_scrape_and_extract.py for tasks to queue
[2024-10-27T23:18:38.766+0000] {logging_mixin.py:190} INFO - [2024-10-27T23:18:38.765+0000] {dagbag.py:588} INFO - Filling up the DagBag from /opt/airflow/dags/pipeline_scrape_and_extract.py
[2024-10-27T23:18:38.770+0000] {logging_mixin.py:190} INFO - [2024-10-27T23:18:38.769+0000] {dagbag.py:387} ERROR - Failed to import: /opt/airflow/dags/pipeline_scrape_and_extract.py
Traceback (most recent call last):
  File "/home/airflow/.local/lib/python3.12/site-packages/airflow/models/dagbag.py", line 383, in parse
    loader.exec_module(new_module)
  File "<frozen importlib._bootstrap_external>", line 995, in exec_module
  File "<frozen importlib._bootstrap>", line 488, in _call_with_frames_removed
  File "/opt/airflow/dags/pipeline_scrape_and_extract.py", line 4, in <module>
    from data_load.scrape_data import scrape_data
  File "/opt/airflow/dags/data_load/scrape_data.py", line 2, in <module>
    from selenium import webdriver
ModuleNotFoundError: No module named 'selenium'
[2024-10-27T23:18:38.770+0000] {processor.py:927} WARNING - No viable dags retrieved from /opt/airflow/dags/pipeline_scrape_and_extract.py
[2024-10-27T23:18:38.783+0000] {processor.py:208} INFO - Processing /opt/airflow/dags/pipeline_scrape_and_extract.py took 0.028 seconds
[2024-10-27T23:19:09.782+0000] {processor.py:186} INFO - Started process (PID=490) to work on /opt/airflow/dags/pipeline_scrape_and_extract.py
[2024-10-27T23:19:09.783+0000] {processor.py:914} INFO - Processing file /opt/airflow/dags/pipeline_scrape_and_extract.py for tasks to queue
[2024-10-27T23:19:09.787+0000] {logging_mixin.py:190} INFO - [2024-10-27T23:19:09.786+0000] {dagbag.py:588} INFO - Filling up the DagBag from /opt/airflow/dags/pipeline_scrape_and_extract.py
[2024-10-27T23:19:09.804+0000] {logging_mixin.py:190} INFO - [2024-10-27T23:19:09.803+0000] {dagbag.py:387} ERROR - Failed to import: /opt/airflow/dags/pipeline_scrape_and_extract.py
Traceback (most recent call last):
  File "/home/airflow/.local/lib/python3.12/site-packages/airflow/models/dagbag.py", line 383, in parse
    loader.exec_module(new_module)
  File "<frozen importlib._bootstrap_external>", line 995, in exec_module
  File "<frozen importlib._bootstrap>", line 488, in _call_with_frames_removed
  File "/opt/airflow/dags/pipeline_scrape_and_extract.py", line 4, in <module>
    from data_load.scrape_data import scrape_data
  File "/opt/airflow/dags/data_load/scrape_data.py", line 2, in <module>
    from selenium import webdriver
ModuleNotFoundError: No module named 'selenium'
[2024-10-27T23:19:09.805+0000] {processor.py:927} WARNING - No viable dags retrieved from /opt/airflow/dags/pipeline_scrape_and_extract.py
[2024-10-27T23:19:09.817+0000] {processor.py:208} INFO - Processing /opt/airflow/dags/pipeline_scrape_and_extract.py took 0.046 seconds
